Files already downloaded and verified
Writing logs to logs/CNN_bs=128_lr=0.01_run_13
epoch: [0], step: [9/391], batch loss: 2.26600, batch accuracy: 13.28, data load time: 0.00029, step time: 0.02469
epoch: [0], step: [19/391], batch loss: 2.15184, batch accuracy: 22.66, data load time: 0.00030, step time: 0.02286
epoch: [0], step: [29/391], batch loss: 2.12420, batch accuracy: 18.75, data load time: 0.00028, step time: 0.02286
epoch: [0], step: [39/391], batch loss: 2.02816, batch accuracy: 26.56, data load time: 0.00028, step time: 0.02259
epoch: [0], step: [49/391], batch loss: 2.03815, batch accuracy: 30.47, data load time: 0.00027, step time: 0.02273
epoch: [0], step: [59/391], batch loss: 2.18468, batch accuracy: 22.66, data load time: 0.00029, step time: 0.02274
epoch: [0], step: [69/391], batch loss: 1.95075, batch accuracy: 25.00, data load time: 0.00029, step time: 0.02261
epoch: [0], step: [79/391], batch loss: 1.98875, batch accuracy: 25.78, data load time: 0.00030, step time: 0.02278
epoch: [0], step: [89/391], batch loss: 1.92638, batch accuracy: 32.03, data load time: 0.00029, step time: 0.02398
epoch: [0], step: [99/391], batch loss: 1.92490, batch accuracy: 28.91, data load time: 0.00030, step time: 0.02252
epoch: [0], step: [109/391], batch loss: 1.89977, batch accuracy: 37.50, data load time: 0.00029, step time: 0.02273
epoch: [0], step: [119/391], batch loss: 1.82251, batch accuracy: 44.53, data load time: 0.00029, step time: 0.02303
epoch: [0], step: [129/391], batch loss: 1.99942, batch accuracy: 25.00, data load time: 0.00029, step time: 0.02288
epoch: [0], step: [139/391], batch loss: 1.86170, batch accuracy: 31.25, data load time: 0.00029, step time: 0.02285
epoch: [0], step: [149/391], batch loss: 1.84361, batch accuracy: 39.84, data load time: 0.00030, step time: 0.02276
epoch: [0], step: [159/391], batch loss: 1.73162, batch accuracy: 35.16, data load time: 0.00029, step time: 0.02136
epoch: [0], step: [169/391], batch loss: 1.80309, batch accuracy: 37.50, data load time: 0.00029, step time: 0.02268
epoch: [0], step: [179/391], batch loss: 1.93629, batch accuracy: 30.47, data load time: 0.00029, step time: 0.02260
epoch: [0], step: [189/391], batch loss: 1.83722, batch accuracy: 31.25, data load time: 0.00029, step time: 0.02249
epoch: [0], step: [199/391], batch loss: 1.90575, batch accuracy: 34.38, data load time: 0.00029, step time: 0.02100
epoch: [0], step: [209/391], batch loss: 1.87031, batch accuracy: 32.03, data load time: 0.00029, step time: 0.02123
epoch: [0], step: [219/391], batch loss: 1.70519, batch accuracy: 42.19, data load time: 0.00029, step time: 0.02260
epoch: [0], step: [229/391], batch loss: 1.74581, batch accuracy: 36.72, data load time: 0.00029, step time: 0.02286
epoch: [0], step: [239/391], batch loss: 1.59911, batch accuracy: 43.75, data load time: 0.00030, step time: 0.02253
epoch: [0], step: [249/391], batch loss: 1.78705, batch accuracy: 38.28, data load time: 0.00029, step time: 0.02222
epoch: [0], step: [259/391], batch loss: 1.84949, batch accuracy: 34.38, data load time: 0.00029, step time: 0.02133
epoch: [0], step: [269/391], batch loss: 1.74971, batch accuracy: 39.06, data load time: 0.00029, step time: 0.02265
epoch: [0], step: [279/391], batch loss: 1.64731, batch accuracy: 40.62, data load time: 0.00029, step time: 0.02258
epoch: [0], step: [289/391], batch loss: 1.81242, batch accuracy: 36.72, data load time: 0.00030, step time: 0.02254
epoch: [0], step: [299/391], batch loss: 1.72617, batch accuracy: 42.19, data load time: 0.00029, step time: 0.02089
epoch: [0], step: [309/391], batch loss: 1.70358, batch accuracy: 44.53, data load time: 0.00029, step time: 0.02138
epoch: [0], step: [319/391], batch loss: 1.60126, batch accuracy: 39.84, data load time: 0.00029, step time: 0.02256
epoch: [0], step: [329/391], batch loss: 1.68802, batch accuracy: 38.28, data load time: 0.00029, step time: 0.02271
epoch: [0], step: [339/391], batch loss: 1.66756, batch accuracy: 39.84, data load time: 0.00025, step time: 0.00422
epoch: [0], step: [349/391], batch loss: 1.79023, batch accuracy: 43.75, data load time: 0.00025, step time: 0.00714
epoch: [0], step: [359/391], batch loss: 1.59910, batch accuracy: 45.31, data load time: 0.00025, step time: 0.00421
epoch: [0], step: [369/391], batch loss: 1.55356, batch accuracy: 46.09, data load time: 0.00025, step time: 0.00392
epoch: [0], step: [379/391], batch loss: 1.70910, batch accuracy: 41.41, data load time: 0.00025, step time: 0.00392
epoch: [0], step: [389/391], batch loss: 1.55687, batch accuracy: 49.22, data load time: 0.00024, step time: 0.00392
epoch: [1], step: [8/391], batch loss: 1.55072, batch accuracy: 48.44, data load time: 0.00030, step time: 0.02522
epoch: [1], step: [18/391], batch loss: 1.56297, batch accuracy: 42.97, data load time: 0.00029, step time: 0.02287
epoch: [1], step: [28/391], batch loss: 1.68570, batch accuracy: 35.16, data load time: 0.00028, step time: 0.02297
epoch: [1], step: [38/391], batch loss: 1.68714, batch accuracy: 38.28, data load time: 0.00028, step time: 0.02305
epoch: [1], step: [48/391], batch loss: 1.60750, batch accuracy: 45.31, data load time: 0.00028, step time: 0.02298
epoch: [1], step: [58/391], batch loss: 1.61634, batch accuracy: 43.75, data load time: 0.00028, step time: 0.02310
epoch: [1], step: [68/391], batch loss: 1.60021, batch accuracy: 49.22, data load time: 0.00028, step time: 0.02305
epoch: [1], step: [78/391], batch loss: 1.52889, batch accuracy: 45.31, data load time: 0.00028, step time: 0.02270
epoch: [1], step: [88/391], batch loss: 1.52441, batch accuracy: 43.75, data load time: 0.00027, step time: 0.02257
epoch: [1], step: [98/391], batch loss: 1.56563, batch accuracy: 40.62, data load time: 0.00027, step time: 0.02284
epoch: [1], step: [108/391], batch loss: 1.51570, batch accuracy: 40.62, data load time: 0.00029, step time: 0.02248
epoch: [1], step: [118/391], batch loss: 1.62953, batch accuracy: 42.97, data load time: 0.00029, step time: 0.02263
epoch: [1], step: [128/391], batch loss: 1.49651, batch accuracy: 44.53, data load time: 0.00029, step time: 0.02275
epoch: [1], step: [138/391], batch loss: 1.64193, batch accuracy: 41.41, data load time: 0.00029, step time: 0.02247
epoch: [1], step: [148/391], batch loss: 1.53085, batch accuracy: 42.19, data load time: 0.00029, step time: 0.02266
epoch: [1], step: [158/391], batch loss: 1.53403, batch accuracy: 42.19, data load time: 0.00029, step time: 0.02273
epoch: [1], step: [168/391], batch loss: 1.43340, batch accuracy: 52.34, data load time: 0.00029, step time: 0.02244
epoch: [1], step: [178/391], batch loss: 1.66391, batch accuracy: 42.97, data load time: 0.00029, step time: 0.02253
epoch: [1], step: [188/391], batch loss: 1.68211, batch accuracy: 38.28, data load time: 0.00030, step time: 0.02237
epoch: [1], step: [198/391], batch loss: 1.48128, batch accuracy: 52.34, data load time: 0.00029, step time: 0.02257
epoch: [1], step: [208/391], batch loss: 1.52128, batch accuracy: 39.06, data load time: 0.00029, step time: 0.02249
epoch: [1], step: [218/391], batch loss: 1.58931, batch accuracy: 45.31, data load time: 0.00029, step time: 0.02241
epoch: [1], step: [228/391], batch loss: 1.55588, batch accuracy: 50.78, data load time: 0.00029, step time: 0.02254
epoch: [1], step: [238/391], batch loss: 1.55317, batch accuracy: 46.88, data load time: 0.00029, step time: 0.02229
epoch: [1], step: [248/391], batch loss: 1.56390, batch accuracy: 44.53, data load time: 0.00029, step time: 0.02242
epoch: [1], step: [258/391], batch loss: 1.49307, batch accuracy: 42.19, data load time: 0.00030, step time: 0.02245
epoch: [1], step: [268/391], batch loss: 1.55036, batch accuracy: 46.88, data load time: 0.00029, step time: 0.02239
epoch: [1], step: [278/391], batch loss: 1.53531, batch accuracy: 44.53, data load time: 0.00029, step time: 0.02234
epoch: [1], step: [288/391], batch loss: 1.54587, batch accuracy: 46.09, data load time: 0.00029, step time: 0.02257
epoch: [1], step: [298/391], batch loss: 1.49453, batch accuracy: 47.66, data load time: 0.00029, step time: 0.02259
epoch: [1], step: [308/391], batch loss: 1.44358, batch accuracy: 49.22, data load time: 0.00029, step time: 0.02238
epoch: [1], step: [318/391], batch loss: 1.60320, batch accuracy: 42.97, data load time: 0.00029, step time: 0.02253
epoch: [1], step: [328/391], batch loss: 1.54893, batch accuracy: 42.97, data load time: 0.00029, step time: 0.02245
epoch: [1], step: [338/391], batch loss: 1.38566, batch accuracy: 57.81, data load time: 0.00025, step time: 0.00422
epoch: [1], step: [348/391], batch loss: 1.32253, batch accuracy: 50.78, data load time: 0.00025, step time: 0.00422
epoch: [1], step: [358/391], batch loss: 1.49417, batch accuracy: 42.19, data load time: 0.00025, step time: 0.00421
epoch: [1], step: [368/391], batch loss: 1.55737, batch accuracy: 41.41, data load time: 0.00025, step time: 0.00420
epoch: [1], step: [378/391], batch loss: 1.54093, batch accuracy: 46.09, data load time: 0.00025, step time: 0.00420
epoch: [1], step: [388/391], batch loss: 1.51001, batch accuracy: 46.09, data load time: 0.00025, step time: 0.00392
validation loss: 1.46646, accuracy: 48.34
epoch: [2], step: [7/391], batch loss: 1.40502, batch accuracy: 49.22, data load time: 0.00029, step time: 0.00496
epoch: [2], step: [17/391], batch loss: 1.46103, batch accuracy: 45.31, data load time: 0.00030, step time: 0.02148
epoch: [2], step: [27/391], batch loss: 1.52115, batch accuracy: 46.88, data load time: 0.00688, step time: 0.02058
epoch: [2], step: [37/391], batch loss: 1.49747, batch accuracy: 46.09, data load time: 0.00028, step time: 0.02289
epoch: [2], step: [47/391], batch loss: 1.54107, batch accuracy: 46.09, data load time: 0.00028, step time: 0.02289
epoch: [2], step: [57/391], batch loss: 1.48153, batch accuracy: 45.31, data load time: 0.00028, step time: 0.02125
epoch: [2], step: [67/391], batch loss: 1.39098, batch accuracy: 57.03, data load time: 0.00029, step time: 0.02287
epoch: [2], step: [77/391], batch loss: 1.39755, batch accuracy: 50.00, data load time: 0.00028, step time: 0.02277
epoch: [2], step: [87/391], batch loss: 1.56172, batch accuracy: 42.97, data load time: 0.00028, step time: 0.02283
epoch: [2], step: [97/391], batch loss: 1.51615, batch accuracy: 49.22, data load time: 0.00027, step time: 0.02273
epoch: [2], step: [107/391], batch loss: 1.41662, batch accuracy: 47.66, data load time: 0.00029, step time: 0.02376
epoch: [2], step: [117/391], batch loss: 1.40502, batch accuracy: 49.22, data load time: 0.00029, step time: 0.02282
epoch: [2], step: [127/391], batch loss: 1.45283, batch accuracy: 48.44, data load time: 0.00029, step time: 0.02264
epoch: [2], step: [137/391], batch loss: 1.38723, batch accuracy: 50.00, data load time: 0.00029, step time: 0.02262
epoch: [2], step: [147/391], batch loss: 1.44194, batch accuracy: 53.91, data load time: 0.00030, step time: 0.02268
epoch: [2], step: [157/391], batch loss: 1.29629, batch accuracy: 53.12, data load time: 0.00029, step time: 0.02267
epoch: [2], step: [167/391], batch loss: 1.38794, batch accuracy: 53.91, data load time: 0.00030, step time: 0.02265
epoch: [2], step: [177/391], batch loss: 1.33606, batch accuracy: 53.91, data load time: 0.00029, step time: 0.02252
epoch: [2], step: [187/391], batch loss: 1.39785, batch accuracy: 49.22, data load time: 0.00029, step time: 0.02254
epoch: [2], step: [197/391], batch loss: 1.41057, batch accuracy: 50.78, data load time: 0.00029, step time: 0.02244
epoch: [2], step: [207/391], batch loss: 1.35342, batch accuracy: 48.44, data load time: 0.00029, step time: 0.02251
epoch: [2], step: [217/391], batch loss: 1.58606, batch accuracy: 42.97, data load time: 0.00029, step time: 0.02260
epoch: [2], step: [227/391], batch loss: 1.41377, batch accuracy: 46.88, data load time: 0.00029, step time: 0.02252
epoch: [2], step: [237/391], batch loss: 1.33339, batch accuracy: 50.78, data load time: 0.00029, step time: 0.02258
epoch: [2], step: [247/391], batch loss: 1.35758, batch accuracy: 54.69, data load time: 0.00029, step time: 0.02253
epoch: [2], step: [257/391], batch loss: 1.40426, batch accuracy: 52.34, data load time: 0.00029, step time: 0.02257
epoch: [2], step: [267/391], batch loss: 1.43082, batch accuracy: 50.78, data load time: 0.00029, step time: 0.02247
epoch: [2], step: [277/391], batch loss: 1.58390, batch accuracy: 46.09, data load time: 0.00030, step time: 0.02253
epoch: [2], step: [287/391], batch loss: 1.34868, batch accuracy: 53.12, data load time: 0.00030, step time: 0.02248
epoch: [2], step: [297/391], batch loss: 1.55165, batch accuracy: 43.75, data load time: 0.00029, step time: 0.02253
epoch: [2], step: [307/391], batch loss: 1.32924, batch accuracy: 58.59, data load time: 0.00029, step time: 0.02249
epoch: [2], step: [317/391], batch loss: 1.38323, batch accuracy: 57.03, data load time: 0.00029, step time: 0.02242
epoch: [2], step: [327/391], batch loss: 1.55197, batch accuracy: 41.41, data load time: 0.00030, step time: 0.02248
epoch: [2], step: [337/391], batch loss: 1.39193, batch accuracy: 57.03, data load time: 0.00025, step time: 0.00389
epoch: [2], step: [347/391], batch loss: 1.36634, batch accuracy: 43.75, data load time: 0.00025, step time: 0.00388
epoch: [2], step: [357/391], batch loss: 1.48117, batch accuracy: 45.31, data load time: 0.00025, step time: 0.00388
epoch: [2], step: [367/391], batch loss: 1.31813, batch accuracy: 53.12, data load time: 0.00025, step time: 0.00390
epoch: [2], step: [377/391], batch loss: 1.32922, batch accuracy: 49.22, data load time: 0.00025, step time: 0.00388
epoch: [2], step: [387/391], batch loss: 1.53141, batch accuracy: 49.22, data load time: 0.00025, step time: 0.00389
epoch: [3], step: [6/391], batch loss: 1.29365, batch accuracy: 53.12, data load time: 0.00029, step time: 0.00387
epoch: [3], step: [16/391], batch loss: 1.36695, batch accuracy: 46.88, data load time: 0.00029, step time: 0.02244
epoch: [3], step: [26/391], batch loss: 1.35217, batch accuracy: 53.12, data load time: 0.02797, step time: 0.02055
epoch: [3], step: [36/391], batch loss: 1.43165, batch accuracy: 52.34, data load time: 0.00028, step time: 0.02292
epoch: [3], step: [46/391], batch loss: 1.34907, batch accuracy: 52.34, data load time: 0.00028, step time: 0.02295
epoch: [3], step: [56/391], batch loss: 1.29596, batch accuracy: 51.56, data load time: 0.00028, step time: 0.02117
epoch: [3], step: [66/391], batch loss: 1.54211, batch accuracy: 46.88, data load time: 0.00028, step time: 0.02301
epoch: [3], step: [76/391], batch loss: 1.41447, batch accuracy: 57.03, data load time: 0.00028, step time: 0.02270
epoch: [3], step: [86/391], batch loss: 1.48371, batch accuracy: 46.09, data load time: 0.00029, step time: 0.02265
epoch: [3], step: [96/391], batch loss: 1.24323, batch accuracy: 52.34, data load time: 0.00028, step time: 0.02276
epoch: [3], step: [106/391], batch loss: 1.30647, batch accuracy: 57.03, data load time: 0.00029, step time: 0.02264
epoch: [3], step: [116/391], batch loss: 1.49768, batch accuracy: 48.44, data load time: 0.00029, step time: 0.02266
epoch: [3], step: [126/391], batch loss: 1.27034, batch accuracy: 53.91, data load time: 0.00029, step time: 0.02262
epoch: [3], step: [136/391], batch loss: 1.40206, batch accuracy: 53.12, data load time: 0.00029, step time: 0.02280
epoch: [3], step: [146/391], batch loss: 1.36873, batch accuracy: 56.25, data load time: 0.00030, step time: 0.02278
epoch: [3], step: [156/391], batch loss: 1.15601, batch accuracy: 61.72, data load time: 0.00030, step time: 0.02273
epoch: [3], step: [166/391], batch loss: 1.21739, batch accuracy: 56.25, data load time: 0.00029, step time: 0.02291
epoch: [3], step: [176/391], batch loss: 1.60523, batch accuracy: 42.97, data load time: 0.00030, step time: 0.02255
epoch: [3], step: [186/391], batch loss: 1.35374, batch accuracy: 57.81, data load time: 0.00029, step time: 0.02254
epoch: [3], step: [196/391], batch loss: 1.27678, batch accuracy: 57.03, data load time: 0.00030, step time: 0.02243
epoch: [3], step: [206/391], batch loss: 1.20914, batch accuracy: 58.59, data load time: 0.00029, step time: 0.02272
epoch: [3], step: [216/391], batch loss: 1.53833, batch accuracy: 47.66, data load time: 0.00029, step time: 0.02257
epoch: [3], step: [226/391], batch loss: 1.08803, batch accuracy: 66.41, data load time: 0.00029, step time: 0.02261
epoch: [3], step: [236/391], batch loss: 1.34966, batch accuracy: 44.53, data load time: 0.00029, step time: 0.02277
epoch: [3], step: [246/391], batch loss: 1.36505, batch accuracy: 53.91, data load time: 0.00030, step time: 0.02256
epoch: [3], step: [256/391], batch loss: 1.26588, batch accuracy: 57.81, data load time: 0.00029, step time: 0.02245
epoch: [3], step: [266/391], batch loss: 1.34500, batch accuracy: 50.00, data load time: 0.00029, step time: 0.02244
epoch: [3], step: [276/391], batch loss: 1.60926, batch accuracy: 45.31, data load time: 0.00029, step time: 0.02250
epoch: [3], step: [286/391], batch loss: 1.38532, batch accuracy: 52.34, data load time: 0.00029, step time: 0.02258
epoch: [3], step: [296/391], batch loss: 1.31360, batch accuracy: 53.12, data load time: 0.00029, step time: 0.02265
epoch: [3], step: [306/391], batch loss: 1.19567, batch accuracy: 56.25, data load time: 0.00029, step time: 0.02261
epoch: [3], step: [316/391], batch loss: 1.47387, batch accuracy: 47.66, data load time: 0.00029, step time: 0.02257
epoch: [3], step: [326/391], batch loss: 1.33557, batch accuracy: 53.12, data load time: 0.00030, step time: 0.02258
epoch: [3], step: [336/391], batch loss: 1.27573, batch accuracy: 47.66, data load time: 0.00025, step time: 0.00389
epoch: [3], step: [346/391], batch loss: 1.36966, batch accuracy: 50.78, data load time: 0.00025, step time: 0.00389
epoch: [3], step: [356/391], batch loss: 1.14288, batch accuracy: 60.94, data load time: 0.00025, step time: 0.00389
epoch: [3], step: [366/391], batch loss: 1.43371, batch accuracy: 50.78, data load time: 0.00025, step time: 0.00389
epoch: [3], step: [376/391], batch loss: 1.25899, batch accuracy: 49.22, data load time: 0.00025, step time: 0.00389
epoch: [3], step: [386/391], batch loss: 1.23607, batch accuracy: 58.59, data load time: 0.00025, step time: 0.00388
validation loss: 1.30715, accuracy: 53.26
epoch: [4], step: [5/391], batch loss: 1.09550, batch accuracy: 60.16, data load time: 0.00029, step time: 0.00389
epoch: [4], step: [15/391], batch loss: 1.39078, batch accuracy: 52.34, data load time: 0.00029, step time: 0.02286
epoch: [4], step: [25/391], batch loss: 1.26205, batch accuracy: 54.69, data load time: 0.07524, step time: 0.02146
epoch: [4], step: [35/391], batch loss: 1.37460, batch accuracy: 54.69, data load time: 0.00028, step time: 0.02298
epoch: [4], step: [45/391], batch loss: 1.34979, batch accuracy: 50.78, data load time: 0.00028, step time: 0.02294
epoch: [4], step: [55/391], batch loss: 1.16946, batch accuracy: 57.81, data load time: 0.03063, step time: 0.02285
epoch: [4], step: [65/391], batch loss: 1.31394, batch accuracy: 52.34, data load time: 0.00027, step time: 0.02278
epoch: [4], step: [75/391], batch loss: 1.26586, batch accuracy: 53.91, data load time: 0.00027, step time: 0.02264
epoch: [4], step: [85/391], batch loss: 1.15496, batch accuracy: 64.06, data load time: 0.00027, step time: 0.02272
epoch: [4], step: [95/391], batch loss: 1.30485, batch accuracy: 53.12, data load time: 0.00028, step time: 0.02267
epoch: [4], step: [105/391], batch loss: 1.20328, batch accuracy: 57.81, data load time: 0.00029, step time: 0.02267
epoch: [4], step: [115/391], batch loss: 1.31273, batch accuracy: 50.78, data load time: 0.00030, step time: 0.02373
epoch: [4], step: [125/391], batch loss: 1.39347, batch accuracy: 55.47, data load time: 0.00029, step time: 0.02383
epoch: [4], step: [135/391], batch loss: 1.26469, batch accuracy: 59.38, data load time: 0.00029, step time: 0.02389
epoch: [4], step: [145/391], batch loss: 1.27734, batch accuracy: 57.03, data load time: 0.00030, step time: 0.02281
epoch: [4], step: [155/391], batch loss: 1.31846, batch accuracy: 52.34, data load time: 0.00028, step time: 0.02276
epoch: [4], step: [165/391], batch loss: 1.36778, batch accuracy: 49.22, data load time: 0.00029, step time: 0.02285
epoch: [4], step: [175/391], batch loss: 1.31217, batch accuracy: 57.81, data load time: 0.00029, step time: 0.02247
epoch: [4], step: [185/391], batch loss: 1.22690, batch accuracy: 57.03, data load time: 0.00028, step time: 0.02253
epoch: [4], step: [195/391], batch loss: 1.20796, batch accuracy: 62.50, data load time: 0.00029, step time: 0.02283
epoch: [4], step: [205/391], batch loss: 1.52071, batch accuracy: 52.34, data load time: 0.00029, step time: 0.02258
epoch: [4], step: [215/391], batch loss: 1.31690, batch accuracy: 54.69, data load time: 0.00029, step time: 0.02253
epoch: [4], step: [225/391], batch loss: 1.45114, batch accuracy: 52.34, data load time: 0.00029, step time: 0.02264
epoch: [4], step: [235/391], batch loss: 1.18238, batch accuracy: 55.47, data load time: 0.00029, step time: 0.02241
epoch: [4], step: [245/391], batch loss: 1.11760, batch accuracy: 62.50, data load time: 0.00029, step time: 0.02251
epoch: [4], step: [255/391], batch loss: 1.25264, batch accuracy: 53.12, data load time: 0.00029, step time: 0.02242
epoch: [4], step: [265/391], batch loss: 1.22451, batch accuracy: 57.03, data load time: 0.00029, step time: 0.02258
epoch: [4], step: [275/391], batch loss: 1.29398, batch accuracy: 58.59, data load time: 0.00029, step time: 0.02266
epoch: [4], step: [285/391], batch loss: 1.23177, batch accuracy: 56.25, data load time: 0.00030, step time: 0.02254
epoch: [4], step: [295/391], batch loss: 1.28510, batch accuracy: 57.03, data load time: 0.00030, step time: 0.02274
epoch: [4], step: [305/391], batch loss: 1.17305, batch accuracy: 56.25, data load time: 0.00029, step time: 0.02259
epoch: [4], step: [315/391], batch loss: 1.26322, batch accuracy: 54.69, data load time: 0.00029, step time: 0.02259
epoch: [4], step: [325/391], batch loss: 1.26067, batch accuracy: 55.47, data load time: 0.00030, step time: 0.02286
epoch: [4], step: [335/391], batch loss: 1.35080, batch accuracy: 53.91, data load time: 0.00025, step time: 0.00387
epoch: [4], step: [345/391], batch loss: 1.25659, batch accuracy: 58.59, data load time: 0.00025, step time: 0.00388
epoch: [4], step: [355/391], batch loss: 1.24302, batch accuracy: 55.47, data load time: 0.00025, step time: 0.00389
epoch: [4], step: [365/391], batch loss: 1.16390, batch accuracy: 55.47, data load time: 0.00025, step time: 0.00388
epoch: [4], step: [375/391], batch loss: 1.14630, batch accuracy: 63.28, data load time: 0.00025, step time: 0.00389
epoch: [4], step: [385/391], batch loss: 1.29049, batch accuracy: 50.78, data load time: 0.00028, step time: 0.00388
epoch: [5], step: [4/391], batch loss: 1.16029, batch accuracy: 57.03, data load time: 0.00029, step time: 0.00387
epoch: [5], step: [14/391], batch loss: 1.26620, batch accuracy: 52.34, data load time: 0.00029, step time: 0.02278
epoch: [5], step: [24/391], batch loss: 1.27831, batch accuracy: 51.56, data load time: 0.00029, step time: 0.02287
epoch: [5], step: [34/391], batch loss: 1.34027, batch accuracy: 51.56, data load time: 0.00028, step time: 0.02309
epoch: [5], step: [44/391], batch loss: 1.30488, batch accuracy: 50.78, data load time: 0.00028, step time: 0.02305
epoch: [5], step: [54/391], batch loss: 1.10835, batch accuracy: 58.59, data load time: 0.00028, step time: 0.02313
epoch: [5], step: [64/391], batch loss: 1.55357, batch accuracy: 42.19, data load time: 0.00028, step time: 0.02309
epoch: [5], step: [74/391], batch loss: 1.30335, batch accuracy: 52.34, data load time: 0.00027, step time: 0.02275
epoch: [5], step: [84/391], batch loss: 1.36389, batch accuracy: 53.91, data load time: 0.00027, step time: 0.02252
epoch: [5], step: [94/391], batch loss: 1.20737, batch accuracy: 57.03, data load time: 0.00028, step time: 0.02288
epoch: [5], step: [104/391], batch loss: 1.20115, batch accuracy: 60.94, data load time: 0.00029, step time: 0.02266
epoch: [5], step: [114/391], batch loss: 1.17955, batch accuracy: 60.16, data load time: 0.00029, step time: 0.02266
epoch: [5], step: [124/391], batch loss: 1.19836, batch accuracy: 60.16, data load time: 0.00029, step time: 0.02289
epoch: [5], step: [134/391], batch loss: 1.12534, batch accuracy: 59.38, data load time: 0.00029, step time: 0.02276
epoch: [5], step: [144/391], batch loss: 1.23581, batch accuracy: 57.03, data load time: 0.00029, step time: 0.02271
epoch: [5], step: [154/391], batch loss: 1.30531, batch accuracy: 56.25, data load time: 0.00030, step time: 0.02270
epoch: [5], step: [164/391], batch loss: 1.25082, batch accuracy: 57.81, data load time: 0.00030, step time: 0.02280
epoch: [5], step: [174/391], batch loss: 1.37189, batch accuracy: 54.69, data load time: 0.00030, step time: 0.02242
epoch: [5], step: [184/391], batch loss: 1.17995, batch accuracy: 60.16, data load time: 0.00029, step time: 0.02250
epoch: [5], step: [194/391], batch loss: 1.34742, batch accuracy: 51.56, data load time: 0.00029, step time: 0.02273
epoch: [5], step: [204/391], batch loss: 1.33508, batch accuracy: 50.00, data load time: 0.00029, step time: 0.02258
epoch: [5], step: [214/391], batch loss: 1.38913, batch accuracy: 51.56, data load time: 0.00029, step time: 0.02247
epoch: [5], step: [224/391], batch loss: 1.20244, batch accuracy: 58.59, data load time: 0.00029, step time: 0.02255
epoch: [5], step: [234/391], batch loss: 1.20376, batch accuracy: 59.38, data load time: 0.00029, step time: 0.02266
epoch: [5], step: [244/391], batch loss: 1.06438, batch accuracy: 66.41, data load time: 0.00029, step time: 0.02260
epoch: [5], step: [254/391], batch loss: 1.22962, batch accuracy: 57.81, data load time: 0.00029, step time: 0.02253
epoch: [5], step: [264/391], batch loss: 1.22676, batch accuracy: 53.91, data load time: 0.00029, step time: 0.02281
epoch: [5], step: [274/391], batch loss: 1.18054, batch accuracy: 60.94, data load time: 0.00029, step time: 0.02255
epoch: [5], step: [284/391], batch loss: 1.27952, batch accuracy: 58.59, data load time: 0.00029, step time: 0.02240
epoch: [5], step: [294/391], batch loss: 1.17270, batch accuracy: 55.47, data load time: 0.00030, step time: 0.02255
epoch: [5], step: [304/391], batch loss: 1.18207, batch accuracy: 62.50, data load time: 0.00030, step time: 0.02252
epoch: [5], step: [314/391], batch loss: 1.25518, batch accuracy: 60.16, data load time: 0.00029, step time: 0.02260
epoch: [5], step: [324/391], batch loss: 1.09675, batch accuracy: 64.06, data load time: 0.00029, step time: 0.02254
epoch: [5], step: [334/391], batch loss: 1.14517, batch accuracy: 61.72, data load time: 0.00290, step time: 0.01536
epoch: [5], step: [344/391], batch loss: 1.12093, batch accuracy: 59.38, data load time: 0.00025, step time: 0.00421
epoch: [5], step: [354/391], batch loss: 1.28024, batch accuracy: 51.56, data load time: 0.00025, step time: 0.00421
epoch: [5], step: [364/391], batch loss: 0.93171, batch accuracy: 71.88, data load time: 0.00025, step time: 0.00420
epoch: [5], step: [374/391], batch loss: 1.28832, batch accuracy: 49.22, data load time: 0.00025, step time: 0.00419
epoch: [5], step: [384/391], batch loss: 1.06093, batch accuracy: 60.94, data load time: 0.00025, step time: 0.00394
validation loss: 1.18683, accuracy: 59.12
epoch: [6], step: [3/391], batch loss: 1.11234, batch accuracy: 61.72, data load time: 0.00029, step time: 0.00389
epoch: [6], step: [13/391], batch loss: 1.21922, batch accuracy: 57.03, data load time: 0.00029, step time: 0.03828
epoch: [6], step: [23/391], batch loss: 1.05550, batch accuracy: 60.16, data load time: 0.00029, step time: 0.02101
epoch: [6], step: [33/391], batch loss: 1.18290, batch accuracy: 57.03, data load time: 0.00028, step time: 0.02297
epoch: [6], step: [43/391], batch loss: 1.02360, batch accuracy: 64.84, data load time: 0.00028, step time: 0.02287
epoch: [6], step: [53/391], batch loss: 1.10160, batch accuracy: 57.03, data load time: 0.00029, step time: 0.02276
epoch: [6], step: [63/391], batch loss: 1.07279, batch accuracy: 65.62, data load time: 0.00028, step time: 0.02293
epoch: [6], step: [73/391], batch loss: 1.03973, batch accuracy: 64.84, data load time: 0.00028, step time: 0.02276
epoch: [6], step: [83/391], batch loss: 1.34711, batch accuracy: 56.25, data load time: 0.00037, step time: 0.02270
epoch: [6], step: [93/391], batch loss: 1.22589, batch accuracy: 51.56, data load time: 0.00028, step time: 0.02265
epoch: [6], step: [103/391], batch loss: 1.13239, batch accuracy: 64.06, data load time: 0.00029, step time: 0.02273
epoch: [6], step: [113/391], batch loss: 1.16417, batch accuracy: 57.03, data load time: 0.00029, step time: 0.02374
epoch: [6], step: [123/391], batch loss: 0.95198, batch accuracy: 67.97, data load time: 0.00029, step time: 0.02276
epoch: [6], step: [133/391], batch loss: 1.03009, batch accuracy: 64.84, data load time: 0.00029, step time: 0.02257
epoch: [6], step: [143/391], batch loss: 1.12218, batch accuracy: 64.06, data load time: 0.00029, step time: 0.02270
epoch: [6], step: [153/391], batch loss: 1.09137, batch accuracy: 56.25, data load time: 0.00030, step time: 0.02267
epoch: [6], step: [163/391], batch loss: 1.07634, batch accuracy: 60.16, data load time: 0.00029, step time: 0.02263
epoch: [6], step: [173/391], batch loss: 1.10562, batch accuracy: 55.47, data load time: 0.00030, step time: 0.02247
epoch: [6], step: [183/391], batch loss: 1.11893, batch accuracy: 59.38, data load time: 0.00029, step time: 0.02249
epoch: [6], step: [193/391], batch loss: 1.27742, batch accuracy: 57.03, data load time: 0.00029, step time: 0.02245
epoch: [6], step: [203/391], batch loss: 1.20344, batch accuracy: 59.38, data load time: 0.00029, step time: 0.02285
epoch: [6], step: [213/391], batch loss: 1.17661, batch accuracy: 61.72, data load time: 0.00029, step time: 0.02251
epoch: [6], step: [223/391], batch loss: 1.13321, batch accuracy: 64.06, data load time: 0.00030, step time: 0.02260
epoch: [6], step: [233/391], batch loss: 1.02539, batch accuracy: 64.06, data load time: 0.00029, step time: 0.02251
epoch: [6], step: [243/391], batch loss: 1.33756, batch accuracy: 53.91, data load time: 0.00029, step time: 0.02258
epoch: [6], step: [253/391], batch loss: 1.24294, batch accuracy: 57.81, data load time: 0.00029, step time: 0.02263
epoch: [6], step: [263/391], batch loss: 1.11067, batch accuracy: 58.59, data load time: 0.00029, step time: 0.02256
epoch: [6], step: [273/391], batch loss: 1.14813, batch accuracy: 69.53, data load time: 0.00030, step time: 0.02247
epoch: [6], step: [283/391], batch loss: 1.27478, batch accuracy: 51.56, data load time: 0.00030, step time: 0.02245
epoch: [6], step: [293/391], batch loss: 0.98539, batch accuracy: 63.28, data load time: 0.00029, step time: 0.02261
epoch: [6], step: [303/391], batch loss: 1.07772, batch accuracy: 65.62, data load time: 0.00029, step time: 0.02251
epoch: [6], step: [313/391], batch loss: 1.18930, batch accuracy: 57.81, data load time: 0.00029, step time: 0.02254
epoch: [6], step: [323/391], batch loss: 1.01074, batch accuracy: 64.84, data load time: 0.00029, step time: 0.02257
epoch: [6], step: [333/391], batch loss: 1.16843, batch accuracy: 52.34, data load time: 0.00029, step time: 0.02251
epoch: [6], step: [343/391], batch loss: 1.22934, batch accuracy: 57.81, data load time: 0.00025, step time: 0.00389
epoch: [6], step: [353/391], batch loss: 1.04504, batch accuracy: 61.72, data load time: 0.00025, step time: 0.00389
epoch: [6], step: [363/391], batch loss: 1.09441, batch accuracy: 60.94, data load time: 0.00026, step time: 0.00388
epoch: [6], step: [373/391], batch loss: 1.07097, batch accuracy: 64.06, data load time: 0.00025, step time: 0.00389
epoch: [6], step: [383/391], batch loss: 1.11550, batch accuracy: 60.94, data load time: 0.00025, step time: 0.00388
epoch: [7], step: [2/391], batch loss: 1.10207, batch accuracy: 58.59, data load time: 0.00029, step time: 0.00389
epoch: [7], step: [12/391], batch loss: 1.20428, batch accuracy: 57.81, data load time: 0.00029, step time: 0.02271
epoch: [7], step: [22/391], batch loss: 1.07771, batch accuracy: 60.16, data load time: 0.00030, step time: 0.02260
epoch: [7], step: [32/391], batch loss: 1.02027, batch accuracy: 66.41, data load time: 0.00027, step time: 0.02299
epoch: [7], step: [42/391], batch loss: 1.03531, batch accuracy: 63.28, data load time: 0.00028, step time: 0.02293
epoch: [7], step: [52/391], batch loss: 1.16496, batch accuracy: 59.38, data load time: 0.00028, step time: 0.02274
epoch: [7], step: [62/391], batch loss: 0.92203, batch accuracy: 66.41, data load time: 0.00028, step time: 0.02283
epoch: [7], step: [72/391], batch loss: 1.12366, batch accuracy: 64.06, data load time: 0.00027, step time: 0.05691
epoch: [7], step: [82/391], batch loss: 1.18377, batch accuracy: 60.94, data load time: 0.00027, step time: 0.02268
epoch: [7], step: [92/391], batch loss: 1.05145, batch accuracy: 60.16, data load time: 0.00027, step time: 0.02262
epoch: [7], step: [102/391], batch loss: 1.04125, batch accuracy: 60.94, data load time: 0.00027, step time: 0.02272
epoch: [7], step: [112/391], batch loss: 1.19609, batch accuracy: 63.28, data load time: 0.00028, step time: 0.02283
epoch: [7], step: [122/391], batch loss: 1.11302, batch accuracy: 65.62, data load time: 0.00029, step time: 0.02260
epoch: [7], step: [132/391], batch loss: 1.17214, batch accuracy: 60.94, data load time: 0.00029, step time: 0.02267
epoch: [7], step: [142/391], batch loss: 1.08078, batch accuracy: 66.41, data load time: 0.00029, step time: 0.02266
epoch: [7], step: [152/391], batch loss: 1.11553, batch accuracy: 58.59, data load time: 0.00029, step time: 0.02266
epoch: [7], step: [162/391], batch loss: 1.06992, batch accuracy: 62.50, data load time: 0.00029, step time: 0.02280
epoch: [7], step: [172/391], batch loss: 1.14565, batch accuracy: 63.28, data load time: 0.00029, step time: 0.02262
epoch: [7], step: [182/391], batch loss: 1.15005, batch accuracy: 62.50, data load time: 0.00030, step time: 0.02255
epoch: [7], step: [192/391], batch loss: 1.02142, batch accuracy: 63.28, data load time: 0.00030, step time: 0.02260
epoch: [7], step: [202/391], batch loss: 1.19975, batch accuracy: 60.16, data load time: 0.00029, step time: 0.02250
epoch: [7], step: [212/391], batch loss: 1.20615, batch accuracy: 57.03, data load time: 0.00029, step time: 0.02248
epoch: [7], step: [222/391], batch loss: 1.13405, batch accuracy: 67.97, data load time: 0.00029, step time: 0.02248
epoch: [7], step: [232/391], batch loss: 1.19289, batch accuracy: 64.06, data load time: 0.00029, step time: 0.02250
epoch: [7], step: [242/391], batch loss: 0.93883, batch accuracy: 67.19, data load time: 0.00029, step time: 0.02251
epoch: [7], step: [252/391], batch loss: 1.25816, batch accuracy: 54.69, data load time: 0.00030, step time: 0.02254
epoch: [7], step: [262/391], batch loss: 1.11055, batch accuracy: 60.94, data load time: 0.00029, step time: 0.02252
epoch: [7], step: [272/391], batch loss: 1.19463, batch accuracy: 60.94, data load time: 0.00030, step time: 0.02266
epoch: [7], step: [282/391], batch loss: 1.15070, batch accuracy: 62.50, data load time: 0.00029, step time: 0.02250
epoch: [7], step: [292/391], batch loss: 1.06596, batch accuracy: 63.28, data load time: 0.00029, step time: 0.02255
epoch: [7], step: [302/391], batch loss: 1.15148, batch accuracy: 56.25, data load time: 0.00029, step time: 0.02247
epoch: [7], step: [312/391], batch loss: 1.19117, batch accuracy: 57.81, data load time: 0.00029, step time: 0.02240
epoch: [7], step: [322/391], batch loss: 1.02280, batch accuracy: 57.81, data load time: 0.00029, step time: 0.02266
epoch: [7], step: [332/391], batch loss: 1.05952, batch accuracy: 62.50, data load time: 0.00029, step time: 0.02252
epoch: [7], step: [342/391], batch loss: 1.10350, batch accuracy: 63.28, data load time: 0.00025, step time: 0.00387
epoch: [7], step: [352/391], batch loss: 1.05225, batch accuracy: 57.81, data load time: 0.00025, step time: 0.00390
epoch: [7], step: [362/391], batch loss: 1.06556, batch accuracy: 60.16, data load time: 0.00025, step time: 0.00389
epoch: [7], step: [372/391], batch loss: 1.27431, batch accuracy: 53.12, data load time: 0.00025, step time: 0.00389
epoch: [7], step: [382/391], batch loss: 1.17023, batch accuracy: 62.50, data load time: 0.00025, step time: 0.00389
validation loss: 1.16436, accuracy: 59.56
epoch: [8], step: [1/391], batch loss: 1.18108, batch accuracy: 58.59, data load time: 0.00033, step time: 0.00393
epoch: [8], step: [11/391], batch loss: 1.04770, batch accuracy: 59.38, data load time: 0.00032, step time: 0.04306
epoch: [8], step: [21/391], batch loss: 1.11503, batch accuracy: 67.19, data load time: 0.00029, step time: 0.02127
epoch: [8], step: [31/391], batch loss: 1.10743, batch accuracy: 59.38, data load time: 0.00027, step time: 0.02286
epoch: [8], step: [41/391], batch loss: 1.01704, batch accuracy: 64.84, data load time: 0.00029, step time: 0.02294
epoch: [8], step: [51/391], batch loss: 1.19961, batch accuracy: 57.81, data load time: 0.00028, step time: 0.02299
epoch: [8], step: [61/391], batch loss: 1.08324, batch accuracy: 63.28, data load time: 0.00028, step time: 0.02281
epoch: [8], step: [71/391], batch loss: 1.17419, batch accuracy: 58.59, data load time: 0.00031, step time: 0.02324
epoch: [8], step: [81/391], batch loss: 1.16364, batch accuracy: 49.22, data load time: 0.00027, step time: 0.02277
epoch: [8], step: [91/391], batch loss: 0.99273, batch accuracy: 64.06, data load time: 0.00027, step time: 0.02261
epoch: [8], step: [101/391], batch loss: 1.21980, batch accuracy: 62.50, data load time: 0.00029, step time: 0.02276
epoch: [8], step: [111/391], batch loss: 1.01031, batch accuracy: 67.97, data load time: 0.00029, step time: 0.02279
epoch: [8], step: [121/391], batch loss: 1.10417, batch accuracy: 57.81, data load time: 0.00029, step time: 0.02277
epoch: [8], step: [131/391], batch loss: 1.11641, batch accuracy: 60.94, data load time: 0.00029, step time: 0.02271
epoch: [8], step: [141/391], batch loss: 1.13421, batch accuracy: 61.72, data load time: 0.00030, step time: 0.02270
epoch: [8], step: [151/391], batch loss: 1.16958, batch accuracy: 60.16, data load time: 0.00030, step time: 0.02274
epoch: [8], step: [161/391], batch loss: 1.16871, batch accuracy: 55.47, data load time: 0.00029, step time: 0.02284
epoch: [8], step: [171/391], batch loss: 1.12127, batch accuracy: 60.94, data load time: 0.00029, step time: 0.02249
epoch: [8], step: [181/391], batch loss: 1.06219, batch accuracy: 61.72, data load time: 0.00029, step time: 0.02259
epoch: [8], step: [191/391], batch loss: 0.96780, batch accuracy: 68.75, data load time: 0.00029, step time: 0.02261
epoch: [8], step: [201/391], batch loss: 1.29126, batch accuracy: 56.25, data load time: 0.00029, step time: 0.02244
epoch: [8], step: [211/391], batch loss: 1.03474, batch accuracy: 68.75, data load time: 0.00030, step time: 0.02261
epoch: [8], step: [221/391], batch loss: 1.09433, batch accuracy: 63.28, data load time: 0.00030, step time: 0.02261
epoch: [8], step: [231/391], batch loss: 1.04910, batch accuracy: 65.62, data load time: 0.00029, step time: 0.02262
epoch: [8], step: [241/391], batch loss: 0.97480, batch accuracy: 68.75, data load time: 0.00029, step time: 0.02253
epoch: [8], step: [251/391], batch loss: 0.96340, batch accuracy: 66.41, data load time: 0.00029, step time: 0.02257
epoch: [8], step: [261/391], batch loss: 1.04515, batch accuracy: 57.81, data load time: 0.00029, step time: 0.02255
epoch: [8], step: [271/391], batch loss: 1.09903, batch accuracy: 61.72, data load time: 0.00028, step time: 0.02258
epoch: [8], step: [281/391], batch loss: 1.05504, batch accuracy: 65.62, data load time: 0.00029, step time: 0.02356
epoch: [8], step: [291/391], batch loss: 1.03551, batch accuracy: 67.97, data load time: 0.00029, step time: 0.02375
epoch: [8], step: [301/391], batch loss: 1.10819, batch accuracy: 64.06, data load time: 0.00029, step time: 0.02358
epoch: [8], step: [311/391], batch loss: 1.01614, batch accuracy: 64.06, data load time: 0.00029, step time: 0.02249
epoch: [8], step: [321/391], batch loss: 0.98779, batch accuracy: 64.84, data load time: 0.00030, step time: 0.02249
epoch: [8], step: [331/391], batch loss: 0.96086, batch accuracy: 70.31, data load time: 0.00029, step time: 0.02251
epoch: [8], step: [341/391], batch loss: 1.05703, batch accuracy: 62.50, data load time: 0.00025, step time: 0.00388
epoch: [8], step: [351/391], batch loss: 1.19035, batch accuracy: 60.16, data load time: 0.00025, step time: 0.00387
epoch: [8], step: [361/391], batch loss: 0.96090, batch accuracy: 70.31, data load time: 0.00025, step time: 0.00388
epoch: [8], step: [371/391], batch loss: 1.07498, batch accuracy: 63.28, data load time: 0.00025, step time: 0.00388
epoch: [8], step: [381/391], batch loss: 1.19879, batch accuracy: 58.59, data load time: 0.00025, step time: 0.00389
epoch: [9], step: [0/391], batch loss: 1.03625, batch accuracy: 64.06, data load time: 1.53483, step time: 0.53487
epoch: [9], step: [10/391], batch loss: 0.93152, batch accuracy: 67.19, data load time: 0.00030, step time: 0.12091
epoch: [9], step: [20/391], batch loss: 0.83073, batch accuracy: 73.44, data load time: 0.00029, step time: 0.02176
epoch: [9], step: [30/391], batch loss: 0.92575, batch accuracy: 66.41, data load time: 0.00028, step time: 0.02310
epoch: [9], step: [40/391], batch loss: 1.13688, batch accuracy: 60.94, data load time: 0.00028, step time: 0.02316
epoch: [9], step: [50/391], batch loss: 0.89022, batch accuracy: 71.09, data load time: 0.00027, step time: 0.02306
epoch: [9], step: [60/391], batch loss: 0.95435, batch accuracy: 73.44, data load time: 0.00028, step time: 0.02308
epoch: [9], step: [70/391], batch loss: 1.03248, batch accuracy: 60.16, data load time: 0.00032, step time: 0.02333
epoch: [9], step: [80/391], batch loss: 1.09043, batch accuracy: 63.28, data load time: 0.00028, step time: 0.02283
epoch: [9], step: [90/391], batch loss: 0.90445, batch accuracy: 67.97, data load time: 0.00028, step time: 0.02409
epoch: [9], step: [100/391], batch loss: 1.03365, batch accuracy: 67.19, data load time: 0.00029, step time: 0.02386
epoch: [9], step: [110/391], batch loss: 0.91471, batch accuracy: 72.66, data load time: 0.00029, step time: 0.02370
epoch: [9], step: [120/391], batch loss: 1.21774, batch accuracy: 57.03, data load time: 0.00029, step time: 0.02278
epoch: [9], step: [130/391], batch loss: 0.96485, batch accuracy: 64.84, data load time: 0.00029, step time: 0.02262
epoch: [9], step: [140/391], batch loss: 1.15259, batch accuracy: 64.06, data load time: 0.00029, step time: 0.02284
epoch: [9], step: [150/391], batch loss: 0.95617, batch accuracy: 67.19, data load time: 0.00029, step time: 0.02273
epoch: [9], step: [160/391], batch loss: 1.10991, batch accuracy: 62.50, data load time: 0.00029, step time: 0.02285
epoch: [9], step: [170/391], batch loss: 1.02516, batch accuracy: 64.84, data load time: 0.00030, step time: 0.02265
epoch: [9], step: [180/391], batch loss: 1.00158, batch accuracy: 66.41, data load time: 0.00029, step time: 0.02257
epoch: [9], step: [190/391], batch loss: 1.11494, batch accuracy: 57.81, data load time: 0.00029, step time: 0.02250
epoch: [9], step: [200/391], batch loss: 1.18091, batch accuracy: 55.47, data load time: 0.00029, step time: 0.02260
epoch: [9], step: [210/391], batch loss: 1.20911, batch accuracy: 60.94, data load time: 0.00029, step time: 0.02254
epoch: [9], step: [220/391], batch loss: 1.17336, batch accuracy: 61.72, data load time: 0.00029, step time: 0.02247
epoch: [9], step: [230/391], batch loss: 0.94237, batch accuracy: 67.19, data load time: 0.00029, step time: 0.02273
epoch: [9], step: [240/391], batch loss: 0.96215, batch accuracy: 67.19, data load time: 0.00029, step time: 0.02250
epoch: [9], step: [250/391], batch loss: 1.15807, batch accuracy: 60.16, data load time: 0.00029, step time: 0.02262
epoch: [9], step: [260/391], batch loss: 0.99879, batch accuracy: 63.28, data load time: 0.00029, step time: 0.02256
epoch: [9], step: [270/391], batch loss: 1.11131, batch accuracy: 58.59, data load time: 0.00029, step time: 0.02249
epoch: [9], step: [280/391], batch loss: 1.03129, batch accuracy: 68.75, data load time: 0.00030, step time: 0.02261
epoch: [9], step: [290/391], batch loss: 0.93056, batch accuracy: 64.84, data load time: 0.00029, step time: 0.02262
epoch: [9], step: [300/391], batch loss: 1.13798, batch accuracy: 58.59, data load time: 0.00029, step time: 0.02262
epoch: [9], step: [310/391], batch loss: 1.20508, batch accuracy: 59.38, data load time: 0.00029, step time: 0.02260
epoch: [9], step: [320/391], batch loss: 1.08980, batch accuracy: 59.38, data load time: 0.00029, step time: 0.02256
epoch: [9], step: [330/391], batch loss: 1.07399, batch accuracy: 60.94, data load time: 0.00029, step time: 0.02251
epoch: [9], step: [340/391], batch loss: 1.08690, batch accuracy: 60.94, data load time: 0.00025, step time: 0.00420
epoch: [9], step: [350/391], batch loss: 1.13926, batch accuracy: 61.72, data load time: 0.00025, step time: 0.00420
epoch: [9], step: [360/391], batch loss: 1.05887, batch accuracy: 64.84, data load time: 0.00025, step time: 0.00419
epoch: [9], step: [370/391], batch loss: 0.96463, batch accuracy: 64.84, data load time: 0.00025, step time: 0.00419
epoch: [9], step: [380/391], batch loss: 0.97040, batch accuracy: 67.97, data load time: 0.00025, step time: 0.00392
epoch: [9], step: [390/391], batch loss: 1.24093, batch accuracy: 61.25, data load time: 0.00019, step time: 0.00330
validation loss: 1.10293, accuracy: 61.52
epoch: [10], step: [9/391], batch loss: 0.96433, batch accuracy: 67.97, data load time: 0.00029, step time: 0.00389
epoch: [10], step: [19/391], batch loss: 1.02635, batch accuracy: 60.94, data load time: 0.00030, step time: 0.02308
epoch: [10], step: [29/391], batch loss: 1.13236, batch accuracy: 63.28, data load time: 0.00028, step time: 0.02289
epoch: [10], step: [39/391], batch loss: 1.04057, batch accuracy: 62.50, data load time: 0.00028, step time: 0.02300
epoch: [10], step: [49/391], batch loss: 0.98972, batch accuracy: 61.72, data load time: 0.00028, step time: 0.02285
epoch: [10], step: [59/391], batch loss: 1.08388, batch accuracy: 61.72, data load time: 0.00028, step time: 0.02290
epoch: [10], step: [69/391], batch loss: 1.10808, batch accuracy: 58.59, data load time: 0.00028, step time: 0.02298
epoch: [10], step: [79/391], batch loss: 1.01726, batch accuracy: 67.19, data load time: 0.00028, step time: 0.02271
epoch: [10], step: [89/391], batch loss: 1.10861, batch accuracy: 62.50, data load time: 0.00027, step time: 0.02269
epoch: [10], step: [99/391], batch loss: 1.03386, batch accuracy: 67.19, data load time: 0.00031, step time: 0.02282
epoch: [10], step: [109/391], batch loss: 1.01383, batch accuracy: 62.50, data load time: 0.00029, step time: 0.02290
epoch: [10], step: [119/391], batch loss: 1.18335, batch accuracy: 62.50, data load time: 0.00029, step time: 0.02366
epoch: [10], step: [129/391], batch loss: 1.04295, batch accuracy: 66.41, data load time: 0.00029, step time: 0.02262
epoch: [10], step: [139/391], batch loss: 0.84781, batch accuracy: 70.31, data load time: 0.00029, step time: 0.02277
epoch: [10], step: [149/391], batch loss: 1.10117, batch accuracy: 64.06, data load time: 0.00029, step time: 0.02270
epoch: [10], step: [159/391], batch loss: 1.08424, batch accuracy: 63.28, data load time: 0.00029, step time: 0.02279
epoch: [10], step: [169/391], batch loss: 1.00337, batch accuracy: 64.06, data load time: 0.00029, step time: 0.02248
epoch: [10], step: [179/391], batch loss: 0.87360, batch accuracy: 70.31, data load time: 0.00029, step time: 0.02252
epoch: [10], step: [189/391], batch loss: 1.01136, batch accuracy: 67.19, data load time: 0.00029, step time: 0.02253
epoch: [10], step: [199/391], batch loss: 1.05419, batch accuracy: 63.28, data load time: 0.00029, step time: 0.02274
epoch: [10], step: [209/391], batch loss: 1.23764, batch accuracy: 51.56, data load time: 0.00029, step time: 0.02262
epoch: [10], step: [219/391], batch loss: 0.95730, batch accuracy: 67.97, data load time: 0.00029, step time: 0.02255
epoch: [10], step: [229/391], batch loss: 1.04321, batch accuracy: 65.62, data load time: 0.00030, step time: 0.02265
epoch: [10], step: [239/391], batch loss: 1.01360, batch accuracy: 58.59, data load time: 0.00029, step time: 0.02259
epoch: [10], step: [249/391], batch loss: 1.01636, batch accuracy: 65.62, data load time: 0.00029, step time: 0.02272
epoch: [10], step: [259/391], batch loss: 1.02236, batch accuracy: 64.06, data load time: 0.00029, step time: 0.02252
epoch: [10], step: [269/391], batch loss: 1.00762, batch accuracy: 66.41, data load time: 0.00029, step time: 0.02260
epoch: [10], step: [279/391], batch loss: 0.97924, batch accuracy: 62.50, data load time: 0.00029, step time: 0.02272
epoch: [10], step: [289/391], batch loss: 0.85030, batch accuracy: 75.78, data load time: 0.00029, step time: 0.02264
epoch: [10], step: [299/391], batch loss: 1.05060, batch accuracy: 64.06, data load time: 0.00030, step time: 0.02262
epoch: [10], step: [309/391], batch loss: 1.17548, batch accuracy: 57.81, data load time: 0.00029, step time: 0.02267
epoch: [10], step: [319/391], batch loss: 1.03249, batch accuracy: 68.75, data load time: 0.00030, step time: 0.02268
epoch: [10], step: [329/391], batch loss: 1.14323, batch accuracy: 61.72, data load time: 0.00029, step time: 0.02255
epoch: [10], step: [339/391], batch loss: 0.91641, batch accuracy: 70.31, data load time: 0.00026, step time: 0.00389
epoch: [10], step: [349/391], batch loss: 1.17897, batch accuracy: 58.59, data load time: 0.00025, step time: 0.00389
epoch: [10], step: [359/391], batch loss: 0.93461, batch accuracy: 64.06, data load time: 0.00025, step time: 0.00389
epoch: [10], step: [369/391], batch loss: 0.96005, batch accuracy: 67.97, data load time: 0.00025, step time: 0.00388
epoch: [10], step: [379/391], batch loss: 0.93037, batch accuracy: 71.09, data load time: 0.00025, step time: 0.00390
epoch: [10], step: [389/391], batch loss: 1.21574, batch accuracy: 63.28, data load time: 0.00025, step time: 0.00389
epoch: [11], step: [8/391], batch loss: 1.06641, batch accuracy: 60.16, data load time: 0.00029, step time: 0.00389
epoch: [11], step: [18/391], batch loss: 1.01151, batch accuracy: 60.16, data load time: 0.00029, step time: 0.02298
epoch: [11], step: [28/391], batch loss: 0.93902, batch accuracy: 65.62, data load time: 0.00027, step time: 0.02265
epoch: [11], step: [38/391], batch loss: 0.99746, batch accuracy: 64.06, data load time: 0.00027, step time: 0.02289
epoch: [11], step: [48/391], batch loss: 0.84337, batch accuracy: 69.53, data load time: 0.00028, step time: 0.02286
epoch: [11], step: [58/391], batch loss: 0.96547, batch accuracy: 66.41, data load time: 0.00027, step time: 0.02298
epoch: [11], step: [68/391], batch loss: 0.87350, batch accuracy: 70.31, data load time: 0.00028, step time: 0.02282
epoch: [11], step: [78/391], batch loss: 0.97302, batch accuracy: 66.41, data load time: 0.00027, step time: 0.02263
epoch: [11], step: [88/391], batch loss: 0.88895, batch accuracy: 73.44, data load time: 0.00028, step time: 0.02262
epoch: [11], step: [98/391], batch loss: 1.09132, batch accuracy: 67.97, data load time: 0.00027, step time: 0.02269
epoch: [11], step: [108/391], batch loss: 1.01537, batch accuracy: 65.62, data load time: 0.00030, step time: 0.02289
epoch: [11], step: [118/391], batch loss: 0.86929, batch accuracy: 67.97, data load time: 0.00029, step time: 0.02258
epoch: [11], step: [128/391], batch loss: 0.82496, batch accuracy: 71.88, data load time: 0.00029, step time: 0.02262
epoch: [11], step: [138/391], batch loss: 0.99838, batch accuracy: 64.06, data load time: 0.00029, step time: 0.02267
epoch: [11], step: [148/391], batch loss: 0.88927, batch accuracy: 68.75, data load time: 0.00030, step time: 0.02271
epoch: [11], step: [158/391], batch loss: 0.91570, batch accuracy: 67.97, data load time: 0.00029, step time: 0.02267
epoch: [11], step: [168/391], batch loss: 0.91033, batch accuracy: 67.19, data load time: 0.00030, step time: 0.02252
epoch: [11], step: [178/391], batch loss: 1.00528, batch accuracy: 61.72, data load time: 0.00029, step time: 0.02242
epoch: [11], step: [188/391], batch loss: 1.09586, batch accuracy: 66.41, data load time: 0.00029, step time: 0.02263
epoch: [11], step: [198/391], batch loss: 1.04629, batch accuracy: 58.59, data load time: 0.00029, step time: 0.02266
epoch: [11], step: [208/391], batch loss: 1.25455, batch accuracy: 55.47, data load time: 0.00029, step time: 0.02259
epoch: [11], step: [218/391], batch loss: 0.90384, batch accuracy: 65.62, data load time: 0.00029, step time: 0.02246
epoch: [11], step: [228/391], batch loss: 0.89126, batch accuracy: 66.41, data load time: 0.00029, step time: 0.02246
epoch: [11], step: [238/391], batch loss: 1.00143, batch accuracy: 66.41, data load time: 0.00030, step time: 0.02256
epoch: [11], step: [248/391], batch loss: 1.01905, batch accuracy: 64.06, data load time: 0.00029, step time: 0.02253
epoch: [11], step: [258/391], batch loss: 0.97418, batch accuracy: 70.31, data load time: 0.00029, step time: 0.02262
epoch: [11], step: [268/391], batch loss: 0.86946, batch accuracy: 71.09, data load time: 0.00029, step time: 0.02253
epoch: [11], step: [278/391], batch loss: 0.96363, batch accuracy: 65.62, data load time: 0.00029, step time: 0.02258
epoch: [11], step: [288/391], batch loss: 0.92820, batch accuracy: 69.53, data load time: 0.00029, step time: 0.02249
epoch: [11], step: [298/391], batch loss: 1.14985, batch accuracy: 60.94, data load time: 0.00029, step time: 0.02249
epoch: [11], step: [308/391], batch loss: 0.78225, batch accuracy: 74.22, data load time: 0.00030, step time: 0.02256
epoch: [11], step: [318/391], batch loss: 1.01877, batch accuracy: 60.94, data load time: 0.00030, step time: 0.02246
epoch: [11], step: [328/391], batch loss: 1.04639, batch accuracy: 64.06, data load time: 0.00029, step time: 0.02261
epoch: [11], step: [338/391], batch loss: 0.95990, batch accuracy: 68.75, data load time: 0.00025, step time: 0.00389
epoch: [11], step: [348/391], batch loss: 0.93466, batch accuracy: 65.62, data load time: 0.00025, step time: 0.00388
epoch: [11], step: [358/391], batch loss: 0.95535, batch accuracy: 69.53, data load time: 0.00025, step time: 0.00389
epoch: [11], step: [368/391], batch loss: 0.98400, batch accuracy: 67.19, data load time: 0.00025, step time: 0.00388
epoch: [11], step: [378/391], batch loss: 1.11219, batch accuracy: 64.06, data load time: 0.00025, step time: 0.00389
epoch: [11], step: [388/391], batch loss: 0.92993, batch accuracy: 67.97, data load time: 0.00025, step time: 0.00388
validation loss: 1.09717, accuracy: 61.58
epoch: [12], step: [7/391], batch loss: 0.93001, batch accuracy: 69.53, data load time: 0.00029, step time: 0.00388
epoch: [12], step: [17/391], batch loss: 1.01908, batch accuracy: 71.09, data load time: 0.00029, step time: 0.00390
epoch: [12], step: [27/391], batch loss: 0.99880, batch accuracy: 68.75, data load time: 0.00681, step time: 0.02048
epoch: [12], step: [37/391], batch loss: 0.92749, batch accuracy: 68.75, data load time: 0.00028, step time: 0.02293
epoch: [12], step: [47/391], batch loss: 0.88715, batch accuracy: 69.53, data load time: 0.00028, step time: 0.02300
epoch: [12], step: [57/391], batch loss: 1.01808, batch accuracy: 67.19, data load time: 0.00029, step time: 0.02110
epoch: [12], step: [67/391], batch loss: 0.98908, batch accuracy: 69.53, data load time: 0.00028, step time: 0.02290
epoch: [12], step: [77/391], batch loss: 0.94402, batch accuracy: 69.53, data load time: 0.00027, step time: 0.02278
epoch: [12], step: [87/391], batch loss: 0.91307, batch accuracy: 73.44, data load time: 0.00027, step time: 0.02295
epoch: [12], step: [97/391], batch loss: 1.05000, batch accuracy: 64.06, data load time: 0.00027, step time: 0.02283
epoch: [12], step: [107/391], batch loss: 1.01169, batch accuracy: 67.97, data load time: 0.00029, step time: 0.02289
epoch: [12], step: [117/391], batch loss: 0.98051, batch accuracy: 66.41, data load time: 0.00030, step time: 0.02275
epoch: [12], step: [127/391], batch loss: 0.95536, batch accuracy: 69.53, data load time: 0.00029, step time: 0.02291
epoch: [12], step: [137/391], batch loss: 0.85693, batch accuracy: 70.31, data load time: 0.00029, step time: 0.02274
epoch: [12], step: [147/391], batch loss: 0.92186, batch accuracy: 67.97, data load time: 0.00029, step time: 0.02278
epoch: [12], step: [157/391], batch loss: 0.79737, batch accuracy: 69.53, data load time: 0.00029, step time: 0.02280
epoch: [12], step: [167/391], batch loss: 0.95793, batch accuracy: 67.19, data load time: 0.00029, step time: 0.02277
epoch: [12], step: [177/391], batch loss: 1.02879, batch accuracy: 64.06, data load time: 0.00030, step time: 0.02263
epoch: [12], step: [187/391], batch loss: 0.88024, batch accuracy: 69.53, data load time: 0.00030, step time: 0.02274
epoch: [12], step: [197/391], batch loss: 0.86096, batch accuracy: 67.97, data load time: 0.00028, step time: 0.02269
epoch: [12], step: [207/391], batch loss: 1.12631, batch accuracy: 61.72, data load time: 0.00029, step time: 0.02264
epoch: [12], step: [217/391], batch loss: 1.07684, batch accuracy: 58.59, data load time: 0.00029, step time: 0.02262
epoch: [12], step: [227/391], batch loss: 1.07110, batch accuracy: 61.72, data load time: 0.00029, step time: 0.02264
epoch: [12], step: [237/391], batch loss: 0.87275, batch accuracy: 66.41, data load time: 0.00029, step time: 0.02262
epoch: [12], step: [247/391], batch loss: 0.99099, batch accuracy: 67.19, data load time: 0.00029, step time: 0.02262
epoch: [12], step: [257/391], batch loss: 0.99269, batch accuracy: 66.41, data load time: 0.00029, step time: 0.02263
epoch: [12], step: [267/391], batch loss: 0.96674, batch accuracy: 64.06, data load time: 0.00028, step time: 0.02273
epoch: [12], step: [277/391], batch loss: 0.97508, batch accuracy: 63.28, data load time: 0.00029, step time: 0.02265
epoch: [12], step: [287/391], batch loss: 0.88424, batch accuracy: 67.19, data load time: 0.00029, step time: 0.02250
epoch: [12], step: [297/391], batch loss: 0.85012, batch accuracy: 73.44, data load time: 0.00029, step time: 0.02272
epoch: [12], step: [307/391], batch loss: 0.92991, batch accuracy: 71.09, data load time: 0.00029, step time: 0.02270
epoch: [12], step: [317/391], batch loss: 1.05040, batch accuracy: 68.75, data load time: 0.00029, step time: 0.02270
epoch: [12], step: [327/391], batch loss: 0.90473, batch accuracy: 67.19, data load time: 0.00030, step time: 0.02269
epoch: [12], step: [337/391], batch loss: 1.01267, batch accuracy: 64.84, data load time: 0.00025, step time: 0.00420
epoch: [12], step: [347/391], batch loss: 0.97024, batch accuracy: 67.19, data load time: 0.00025, step time: 0.00419
epoch: [12], step: [357/391], batch loss: 1.02384, batch accuracy: 63.28, data load time: 0.00025, step time: 0.00419
epoch: [12], step: [367/391], batch loss: 0.84753, batch accuracy: 70.31, data load time: 0.00025, step time: 0.00409
epoch: [12], step: [377/391], batch loss: 1.07792, batch accuracy: 60.94, data load time: 0.00025, step time: 0.00393
epoch: [12], step: [387/391], batch loss: 0.94729, batch accuracy: 67.97, data load time: 0.00025, step time: 0.00392
epoch: [13], step: [6/391], batch loss: 0.95068, batch accuracy: 67.19, data load time: 0.00029, step time: 0.00389
epoch: [13], step: [16/391], batch loss: 0.67210, batch accuracy: 79.69, data load time: 0.00029, step time: 0.02301
epoch: [13], step: [26/391], batch loss: 1.10742, batch accuracy: 63.28, data load time: 0.02654, step time: 0.02067
epoch: [13], step: [36/391], batch loss: 0.83653, batch accuracy: 71.88, data load time: 0.00028, step time: 0.02287
epoch: [13], step: [46/391], batch loss: 0.82577, batch accuracy: 70.31, data load time: 0.00028, step time: 0.02278
epoch: [13], step: [56/391], batch loss: 0.81997, batch accuracy: 69.53, data load time: 0.00028, step time: 0.02102
epoch: [13], step: [66/391], batch loss: 0.91639, batch accuracy: 71.09, data load time: 0.00028, step time: 0.02293
epoch: [13], step: [76/391], batch loss: 1.10269, batch accuracy: 69.53, data load time: 0.00027, step time: 0.02270
epoch: [13], step: [86/391], batch loss: 0.96978, batch accuracy: 62.50, data load time: 0.00028, step time: 0.02268
epoch: [13], step: [96/391], batch loss: 0.94409, batch accuracy: 65.62, data load time: 0.00028, step time: 0.02280
epoch: [13], step: [106/391], batch loss: 1.09925, batch accuracy: 61.72, data load time: 0.00029, step time: 0.02276
epoch: [13], step: [116/391], batch loss: 0.94948, batch accuracy: 66.41, data load time: 0.00029, step time: 0.02261
epoch: [13], step: [126/391], batch loss: 0.95768, batch accuracy: 60.94, data load time: 0.00029, step time: 0.02277
epoch: [13], step: [136/391], batch loss: 1.00353, batch accuracy: 64.84, data load time: 0.00029, step time: 0.02274
epoch: [13], step: [146/391], batch loss: 0.96507, batch accuracy: 68.75, data load time: 0.00030, step time: 0.02261
epoch: [13], step: [156/391], batch loss: 0.77859, batch accuracy: 71.88, data load time: 0.00030, step time: 0.02264
epoch: [13], step: [166/391], batch loss: 0.88641, batch accuracy: 72.66, data load time: 0.00029, step time: 0.02281
epoch: [13], step: [176/391], batch loss: 0.94150, batch accuracy: 68.75, data load time: 0.00029, step time: 0.02254
epoch: [13], step: [186/391], batch loss: 1.08484, batch accuracy: 63.28, data load time: 0.00029, step time: 0.02240
epoch: [13], step: [196/391], batch loss: 0.90041, batch accuracy: 67.19, data load time: 0.00030, step time: 0.02249
epoch: [13], step: [206/391], batch loss: 0.81603, batch accuracy: 70.31, data load time: 0.00029, step time: 0.02273
epoch: [13], step: [216/391], batch loss: 0.97327, batch accuracy: 62.50, data load time: 0.00029, step time: 0.02255
epoch: [13], step: [226/391], batch loss: 0.80862, batch accuracy: 71.09, data load time: 0.00029, step time: 0.02244
epoch: [13], step: [236/391], batch loss: 0.99443, batch accuracy: 64.06, data load time: 0.00029, step time: 0.02270
epoch: [13], step: [246/391], batch loss: 0.88870, batch accuracy: 69.53, data load time: 0.00030, step time: 0.02246
epoch: [13], step: [256/391], batch loss: 0.99379, batch accuracy: 70.31, data load time: 0.00029, step time: 0.02352
epoch: [13], step: [266/391], batch loss: 0.80742, batch accuracy: 76.56, data load time: 0.00030, step time: 0.02377
epoch: [13], step: [276/391], batch loss: 1.06719, batch accuracy: 61.72, data load time: 0.00029, step time: 0.02369
epoch: [13], step: [286/391], batch loss: 1.04193, batch accuracy: 65.62, data load time: 0.00029, step time: 0.02260
epoch: [13], step: [296/391], batch loss: 1.05342, batch accuracy: 63.28, data load time: 0.00029, step time: 0.02266
epoch: [13], step: [306/391], batch loss: 0.86827, batch accuracy: 68.75, data load time: 0.00029, step time: 0.02260
epoch: [13], step: [316/391], batch loss: 1.00035, batch accuracy: 63.28, data load time: 0.00029, step time: 0.02242
epoch: [13], step: [326/391], batch loss: 0.75377, batch accuracy: 71.09, data load time: 0.00029, step time: 0.02257
epoch: [13], step: [336/391], batch loss: 0.96895, batch accuracy: 67.97, data load time: 0.00025, step time: 0.00389
epoch: [13], step: [346/391], batch loss: 0.92212, batch accuracy: 64.84, data load time: 0.00026, step time: 0.00389
epoch: [13], step: [356/391], batch loss: 1.03930, batch accuracy: 65.62, data load time: 0.00025, step time: 0.00388
epoch: [13], step: [366/391], batch loss: 0.80918, batch accuracy: 71.88, data load time: 0.00025, step time: 0.00389
epoch: [13], step: [376/391], batch loss: 1.06699, batch accuracy: 60.16, data load time: 0.00025, step time: 0.00390
epoch: [13], step: [386/391], batch loss: 0.98477, batch accuracy: 64.84, data load time: 0.00025, step time: 0.00389
validation loss: 1.05600, accuracy: 63.35
epoch: [14], step: [5/391], batch loss: 0.81159, batch accuracy: 69.53, data load time: 0.00028, step time: 0.00388
epoch: [14], step: [15/391], batch loss: 0.83353, batch accuracy: 69.53, data load time: 0.00029, step time: 0.02283
epoch: [14], step: [25/391], batch loss: 0.93250, batch accuracy: 62.50, data load time: 0.05365, step time: 0.02119
epoch: [14], step: [35/391], batch loss: 0.93279, batch accuracy: 68.75, data load time: 0.00028, step time: 0.02293
epoch: [14], step: [45/391], batch loss: 0.96738, batch accuracy: 64.84, data load time: 0.00028, step time: 0.02282
epoch: [14], step: [55/391], batch loss: 0.93505, batch accuracy: 65.62, data load time: 0.03060, step time: 0.02149
epoch: [14], step: [65/391], batch loss: 0.97795, batch accuracy: 63.28, data load time: 0.00028, step time: 0.02291
epoch: [14], step: [75/391], batch loss: 0.91869, batch accuracy: 64.84, data load time: 0.00028, step time: 0.02277
epoch: [14], step: [85/391], batch loss: 0.78553, batch accuracy: 67.97, data load time: 0.00028, step time: 0.02262
epoch: [14], step: [95/391], batch loss: 0.82409, batch accuracy: 69.53, data load time: 0.00028, step time: 0.02271
epoch: [14], step: [105/391], batch loss: 1.00419, batch accuracy: 65.62, data load time: 0.00030, step time: 0.02277
epoch: [14], step: [115/391], batch loss: 0.97281, batch accuracy: 67.19, data load time: 0.00029, step time: 0.02267
epoch: [14], step: [125/391], batch loss: 0.87254, batch accuracy: 68.75, data load time: 0.00029, step time: 0.02369
epoch: [14], step: [135/391], batch loss: 0.99629, batch accuracy: 68.75, data load time: 0.00029, step time: 0.02270
epoch: [14], step: [145/391], batch loss: 1.04584, batch accuracy: 65.62, data load time: 0.00029, step time: 0.02271
epoch: [14], step: [155/391], batch loss: 0.80741, batch accuracy: 73.44, data load time: 0.00029, step time: 0.02266
epoch: [14], step: [165/391], batch loss: 1.02102, batch accuracy: 63.28, data load time: 0.00029, step time: 0.02269
epoch: [14], step: [175/391], batch loss: 0.93223, batch accuracy: 71.09, data load time: 0.00029, step time: 0.02254
epoch: [14], step: [185/391], batch loss: 0.85570, batch accuracy: 75.78, data load time: 0.00030, step time: 0.02248
epoch: [14], step: [195/391], batch loss: 0.70682, batch accuracy: 79.69, data load time: 0.00029, step time: 0.02253
epoch: [14], step: [205/391], batch loss: 0.88704, batch accuracy: 64.84, data load time: 0.00030, step time: 0.02284
epoch: [14], step: [215/391], batch loss: 0.88340, batch accuracy: 71.09, data load time: 0.00029, step time: 0.02250
epoch: [14], step: [225/391], batch loss: 0.88101, batch accuracy: 66.41, data load time: 0.00030, step time: 0.02257
epoch: [14], step: [235/391], batch loss: 0.89146, batch accuracy: 69.53, data load time: 0.00029, step time: 0.02264
epoch: [14], step: [245/391], batch loss: 0.84593, batch accuracy: 68.75, data load time: 0.00029, step time: 0.02256
epoch: [14], step: [255/391], batch loss: 0.93642, batch accuracy: 65.62, data load time: 0.00029, step time: 0.02250
epoch: [14], step: [265/391], batch loss: 1.02728, batch accuracy: 67.19, data load time: 0.00029, step time: 0.02256
epoch: [14], step: [275/391], batch loss: 0.93736, batch accuracy: 65.62, data load time: 0.00029, step time: 0.02254
epoch: [14], step: [285/391], batch loss: 0.94718, batch accuracy: 67.19, data load time: 0.00029, step time: 0.02258
epoch: [14], step: [295/391], batch loss: 0.92772, batch accuracy: 66.41, data load time: 0.00029, step time: 0.02249
epoch: [14], step: [305/391], batch loss: 0.94932, batch accuracy: 67.19, data load time: 0.00030, step time: 0.02252
epoch: [14], step: [315/391], batch loss: 0.92846, batch accuracy: 63.28, data load time: 0.00029, step time: 0.02251
epoch: [14], step: [325/391], batch loss: 1.01252, batch accuracy: 62.50, data load time: 0.00029, step time: 0.02249
epoch: [14], step: [335/391], batch loss: 0.93959, batch accuracy: 71.09, data load time: 0.00025, step time: 0.00389
epoch: [14], step: [345/391], batch loss: 0.78878, batch accuracy: 75.78, data load time: 0.00025, step time: 0.00389
epoch: [14], step: [355/391], batch loss: 0.71181, batch accuracy: 75.78, data load time: 0.00025, step time: 0.00390
epoch: [14], step: [365/391], batch loss: 1.02011, batch accuracy: 66.41, data load time: 0.00025, step time: 0.00388
epoch: [14], step: [375/391], batch loss: 0.64497, batch accuracy: 76.56, data load time: 0.00025, step time: 0.00388
epoch: [14], step: [385/391], batch loss: 0.96947, batch accuracy: 65.62, data load time: 0.00025, step time: 0.00389
epoch: [15], step: [4/391], batch loss: 0.96722, batch accuracy: 70.31, data load time: 0.00029, step time: 0.00389
epoch: [15], step: [14/391], batch loss: 0.90872, batch accuracy: 68.75, data load time: 0.00029, step time: 0.02296
epoch: [15], step: [24/391], batch loss: 0.83562, batch accuracy: 67.19, data load time: 0.04298, step time: 0.02122
epoch: [15], step: [34/391], batch loss: 0.90670, batch accuracy: 71.09, data load time: 0.00028, step time: 0.02283
epoch: [15], step: [44/391], batch loss: 0.93514, batch accuracy: 70.31, data load time: 0.00027, step time: 0.02290
epoch: [15], step: [54/391], batch loss: 0.93786, batch accuracy: 68.75, data load time: 0.00028, step time: 0.02291
epoch: [15], step: [64/391], batch loss: 0.85197, batch accuracy: 65.62, data load time: 0.00028, step time: 0.02273
epoch: [15], step: [74/391], batch loss: 0.78371, batch accuracy: 73.44, data load time: 0.00030, step time: 0.02319
epoch: [15], step: [84/391], batch loss: 1.05393, batch accuracy: 67.97, data load time: 0.00027, step time: 0.02267
epoch: [15], step: [94/391], batch loss: 0.80787, batch accuracy: 73.44, data load time: 0.00027, step time: 0.02272
epoch: [15], step: [104/391], batch loss: 1.05659, batch accuracy: 63.28, data load time: 0.00029, step time: 0.02260
epoch: [15], step: [114/391], batch loss: 0.84669, batch accuracy: 69.53, data load time: 0.00030, step time: 0.02258
epoch: [15], step: [124/391], batch loss: 0.90401, batch accuracy: 66.41, data load time: 0.00029, step time: 0.02260
epoch: [15], step: [134/391], batch loss: 0.96250, batch accuracy: 69.53, data load time: 0.00029, step time: 0.02271
epoch: [15], step: [144/391], batch loss: 0.90598, batch accuracy: 67.19, data load time: 0.00029, step time: 0.02258
epoch: [15], step: [154/391], batch loss: 0.91818, batch accuracy: 67.19, data load time: 0.00030, step time: 0.02277
epoch: [15], step: [164/391], batch loss: 0.95093, batch accuracy: 71.09, data load time: 0.00029, step time: 0.02267
epoch: [15], step: [174/391], batch loss: 0.85602, batch accuracy: 72.66, data load time: 0.00029, step time: 0.02238
epoch: [15], step: [184/391], batch loss: 0.95886, batch accuracy: 67.19, data load time: 0.00029, step time: 0.02306
epoch: [15], step: [194/391], batch loss: 1.04749, batch accuracy: 61.72, data load time: 0.00030, step time: 0.02247
epoch: [15], step: [204/391], batch loss: 0.97368, batch accuracy: 67.97, data load time: 0.00029, step time: 0.02246
epoch: [15], step: [214/391], batch loss: 0.95046, batch accuracy: 62.50, data load time: 0.00030, step time: 0.02252
epoch: [15], step: [224/391], batch loss: 0.94662, batch accuracy: 67.97, data load time: 0.00029, step time: 0.02271
epoch: [15], step: [234/391], batch loss: 0.75566, batch accuracy: 73.44, data load time: 0.00029, step time: 0.02263
epoch: [15], step: [244/391], batch loss: 0.87471, batch accuracy: 72.66, data load time: 0.00029, step time: 0.02251
epoch: [15], step: [254/391], batch loss: 1.02980, batch accuracy: 63.28, data load time: 0.00029, step time: 0.02258
epoch: [15], step: [264/391], batch loss: 0.90514, batch accuracy: 67.97, data load time: 0.00029, step time: 0.02267
epoch: [15], step: [274/391], batch loss: 0.92932, batch accuracy: 67.19, data load time: 0.00029, step time: 0.02245
epoch: [15], step: [284/391], batch loss: 0.95156, batch accuracy: 64.84, data load time: 0.00029, step time: 0.02255
epoch: [15], step: [294/391], batch loss: 0.91075, batch accuracy: 67.97, data load time: 0.00029, step time: 0.02251
epoch: [15], step: [304/391], batch loss: 0.93566, batch accuracy: 67.97, data load time: 0.00029, step time: 0.02247
epoch: [15], step: [314/391], batch loss: 0.91506, batch accuracy: 68.75, data load time: 0.00029, step time: 0.02254
epoch: [15], step: [324/391], batch loss: 0.94849, batch accuracy: 67.19, data load time: 0.00029, step time: 0.02147
epoch: [15], step: [334/391], batch loss: 0.86562, batch accuracy: 70.31, data load time: 0.00283, step time: 0.02156
epoch: [15], step: [344/391], batch loss: 1.01109, batch accuracy: 70.31, data load time: 0.00026, step time: 0.00388
epoch: [15], step: [354/391], batch loss: 1.07415, batch accuracy: 61.72, data load time: 0.00025, step time: 0.00387
epoch: [15], step: [364/391], batch loss: 0.91411, batch accuracy: 70.31, data load time: 0.00025, step time: 0.00389
epoch: [15], step: [374/391], batch loss: 0.96587, batch accuracy: 66.41, data load time: 0.00025, step time: 0.00389
epoch: [15], step: [384/391], batch loss: 0.80998, batch accuracy: 73.44, data load time: 0.00025, step time: 0.00389
validation loss: 1.01423, accuracy: 64.64
epoch: [16], step: [3/391], batch loss: 0.87370, batch accuracy: 68.75, data load time: 0.00029, step time: 0.00389
epoch: [16], step: [13/391], batch loss: 0.79540, batch accuracy: 70.31, data load time: 0.00029, step time: 0.02169
epoch: [16], step: [23/391], batch loss: 0.91208, batch accuracy: 66.41, data load time: 0.00029, step time: 0.02285
epoch: [16], step: [33/391], batch loss: 0.78327, batch accuracy: 70.31, data load time: 0.00028, step time: 0.02288
epoch: [16], step: [43/391], batch loss: 1.00556, batch accuracy: 67.19, data load time: 0.00028, step time: 0.02279
epoch: [16], step: [53/391], batch loss: 0.89628, batch accuracy: 69.53, data load time: 0.00029, step time: 0.02299
epoch: [16], step: [63/391], batch loss: 0.90341, batch accuracy: 69.53, data load time: 0.00028, step time: 0.02285
epoch: [16], step: [73/391], batch loss: 0.93013, batch accuracy: 66.41, data load time: 0.00028, step time: 0.02267
epoch: [16], step: [83/391], batch loss: 1.07126, batch accuracy: 62.50, data load time: 0.00037, step time: 0.02277
epoch: [16], step: [93/391], batch loss: 0.96951, batch accuracy: 67.97, data load time: 0.00027, step time: 0.02276
epoch: [16], step: [103/391], batch loss: 0.78036, batch accuracy: 75.78, data load time: 0.00029, step time: 0.02268
epoch: [16], step: [113/391], batch loss: 0.96070, batch accuracy: 71.09, data load time: 0.00028, step time: 0.02269
epoch: [16], step: [123/391], batch loss: 0.83596, batch accuracy: 69.53, data load time: 0.00029, step time: 0.02258
epoch: [16], step: [133/391], batch loss: 0.91652, batch accuracy: 67.19, data load time: 0.00029, step time: 0.02261
epoch: [16], step: [143/391], batch loss: 0.99415, batch accuracy: 67.19, data load time: 0.00029, step time: 0.02266
epoch: [16], step: [153/391], batch loss: 0.94101, batch accuracy: 68.75, data load time: 0.00029, step time: 0.02264
epoch: [16], step: [163/391], batch loss: 0.85824, batch accuracy: 71.09, data load time: 0.00029, step time: 0.02268
epoch: [16], step: [173/391], batch loss: 0.88843, batch accuracy: 69.53, data load time: 0.00029, step time: 0.02257
epoch: [16], step: [183/391], batch loss: 0.71915, batch accuracy: 78.12, data load time: 0.00029, step time: 0.02240
epoch: [16], step: [193/391], batch loss: 0.81663, batch accuracy: 76.56, data load time: 0.00028, step time: 0.02255
epoch: [16], step: [203/391], batch loss: 0.73091, batch accuracy: 76.56, data load time: 0.00029, step time: 0.02253
epoch: [16], step: [213/391], batch loss: 0.90489, batch accuracy: 71.88, data load time: 0.00029, step time: 0.02251
epoch: [16], step: [223/391], batch loss: 0.98334, batch accuracy: 66.41, data load time: 0.00029, step time: 0.02255
epoch: [16], step: [233/391], batch loss: 0.73905, batch accuracy: 77.34, data load time: 0.00029, step time: 0.02255
epoch: [16], step: [243/391], batch loss: 0.93289, batch accuracy: 69.53, data load time: 0.00029, step time: 0.02272
epoch: [16], step: [253/391], batch loss: 1.05429, batch accuracy: 67.97, data load time: 0.00029, step time: 0.02247
epoch: [16], step: [263/391], batch loss: 0.83028, batch accuracy: 71.09, data load time: 0.00029, step time: 0.02257
epoch: [16], step: [273/391], batch loss: 0.80082, batch accuracy: 71.88, data load time: 0.00029, step time: 0.02256
epoch: [16], step: [283/391], batch loss: 0.93163, batch accuracy: 64.06, data load time: 0.00029, step time: 0.02277
epoch: [16], step: [293/391], batch loss: 0.85660, batch accuracy: 70.31, data load time: 0.00029, step time: 0.02267
epoch: [16], step: [303/391], batch loss: 1.01620, batch accuracy: 66.41, data load time: 0.00029, step time: 0.02257
epoch: [16], step: [313/391], batch loss: 1.00575, batch accuracy: 65.62, data load time: 0.00029, step time: 0.02250
epoch: [16], step: [323/391], batch loss: 0.88835, batch accuracy: 65.62, data load time: 0.00029, step time: 0.02255
epoch: [16], step: [333/391], batch loss: 1.13063, batch accuracy: 64.84, data load time: 0.00029, step time: 0.02272
epoch: [16], step: [343/391], batch loss: 0.87892, batch accuracy: 72.66, data load time: 0.00025, step time: 0.00419
epoch: [16], step: [353/391], batch loss: 0.93539, batch accuracy: 71.09, data load time: 0.00025, step time: 0.00419
epoch: [16], step: [363/391], batch loss: 0.84067, batch accuracy: 74.22, data load time: 0.00026, step time: 0.00393
epoch: [16], step: [373/391], batch loss: 0.95838, batch accuracy: 62.50, data load time: 0.00025, step time: 0.00393
epoch: [16], step: [383/391], batch loss: 0.88270, batch accuracy: 70.31, data load time: 0.00025, step time: 0.00392
epoch: [17], step: [2/391], batch loss: 0.77312, batch accuracy: 75.00, data load time: 0.00031, step time: 0.00390
epoch: [17], step: [12/391], batch loss: 0.89544, batch accuracy: 71.09, data load time: 0.00030, step time: 0.02309
epoch: [17], step: [22/391], batch loss: 0.87143, batch accuracy: 72.66, data load time: 0.00029, step time: 0.02304
epoch: [17], step: [32/391], batch loss: 0.86008, batch accuracy: 71.88, data load time: 0.00028, step time: 0.02283
epoch: [17], step: [42/391], batch loss: 0.96607, batch accuracy: 60.16, data load time: 0.00028, step time: 0.02292
epoch: [17], step: [52/391], batch loss: 0.76049, batch accuracy: 76.56, data load time: 0.00028, step time: 0.02286
epoch: [17], step: [62/391], batch loss: 0.84476, batch accuracy: 71.88, data load time: 0.00028, step time: 0.02283
epoch: [17], step: [72/391], batch loss: 0.78968, batch accuracy: 74.22, data load time: 0.00028, step time: 0.07884
epoch: [17], step: [82/391], batch loss: 0.80484, batch accuracy: 77.34, data load time: 0.00028, step time: 0.02269
epoch: [17], step: [92/391], batch loss: 0.82300, batch accuracy: 71.09, data load time: 0.00027, step time: 0.02275
epoch: [17], step: [102/391], batch loss: 0.84705, batch accuracy: 69.53, data load time: 0.00029, step time: 0.02281
epoch: [17], step: [112/391], batch loss: 0.91523, batch accuracy: 67.19, data load time: 0.00029, step time: 0.02262
epoch: [17], step: [122/391], batch loss: 0.90821, batch accuracy: 67.97, data load time: 0.00029, step time: 0.02265
epoch: [17], step: [132/391], batch loss: 0.94584, batch accuracy: 70.31, data load time: 0.00029, step time: 0.02257
epoch: [17], step: [142/391], batch loss: 0.91777, batch accuracy: 71.09, data load time: 0.00029, step time: 0.02253
epoch: [17], step: [152/391], batch loss: 0.84236, batch accuracy: 73.44, data load time: 0.00029, step time: 0.02270
epoch: [17], step: [162/391], batch loss: 0.95709, batch accuracy: 71.09, data load time: 0.00030, step time: 0.02274
epoch: [17], step: [172/391], batch loss: 0.83692, batch accuracy: 71.88, data load time: 0.00029, step time: 0.02236
epoch: [17], step: [182/391], batch loss: 0.82259, batch accuracy: 71.88, data load time: 0.00030, step time: 0.02257
epoch: [17], step: [192/391], batch loss: 0.67517, batch accuracy: 75.00, data load time: 0.00029, step time: 0.02253
epoch: [17], step: [202/391], batch loss: 1.00774, batch accuracy: 60.16, data load time: 0.00030, step time: 0.02257
epoch: [17], step: [212/391], batch loss: 0.62177, batch accuracy: 77.34, data load time: 0.00029, step time: 0.02245
epoch: [17], step: [222/391], batch loss: 0.87137, batch accuracy: 71.09, data load time: 0.00029, step time: 0.02259
epoch: [17], step: [232/391], batch loss: 0.89170, batch accuracy: 67.97, data load time: 0.00029, step time: 0.02256
epoch: [17], step: [242/391], batch loss: 0.95431, batch accuracy: 65.62, data load time: 0.00029, step time: 0.02249
epoch: [17], step: [252/391], batch loss: 0.70162, batch accuracy: 78.91, data load time: 0.00029, step time: 0.02252
epoch: [17], step: [262/391], batch loss: 0.87937, batch accuracy: 72.66, data load time: 0.00030, step time: 0.02253
epoch: [17], step: [272/391], batch loss: 0.73822, batch accuracy: 74.22, data load time: 0.00029, step time: 0.02248
epoch: [17], step: [282/391], batch loss: 0.80570, batch accuracy: 71.09, data load time: 0.00029, step time: 0.02239
epoch: [17], step: [292/391], batch loss: 0.98979, batch accuracy: 65.62, data load time: 0.00029, step time: 0.02260
epoch: [17], step: [302/391], batch loss: 0.89131, batch accuracy: 67.19, data load time: 0.00029, step time: 0.02253
epoch: [17], step: [312/391], batch loss: 0.80622, batch accuracy: 75.00, data load time: 0.00029, step time: 0.02250
epoch: [17], step: [322/391], batch loss: 0.84039, batch accuracy: 70.31, data load time: 0.00029, step time: 0.02253
epoch: [17], step: [332/391], batch loss: 0.84517, batch accuracy: 71.88, data load time: 0.00029, step time: 0.02124
epoch: [17], step: [342/391], batch loss: 0.85456, batch accuracy: 67.97, data load time: 0.00025, step time: 0.00388
epoch: [17], step: [352/391], batch loss: 0.84248, batch accuracy: 67.97, data load time: 0.00025, step time: 0.00388
epoch: [17], step: [362/391], batch loss: 0.95907, batch accuracy: 63.28, data load time: 0.00025, step time: 0.00389
epoch: [17], step: [372/391], batch loss: 0.91575, batch accuracy: 67.19, data load time: 0.00025, step time: 0.00389
epoch: [17], step: [382/391], batch loss: 0.67340, batch accuracy: 79.69, data load time: 0.00025, step time: 0.00388
validation loss: 0.96120, accuracy: 67.08
epoch: [18], step: [1/391], batch loss: 0.74500, batch accuracy: 71.09, data load time: 0.00033, step time: 0.00394
epoch: [18], step: [11/391], batch loss: 0.86228, batch accuracy: 68.75, data load time: 0.00032, step time: 0.04315
epoch: [18], step: [21/391], batch loss: 0.89960, batch accuracy: 64.84, data load time: 0.00028, step time: 0.02229
epoch: [18], step: [31/391], batch loss: 0.75506, batch accuracy: 78.12, data load time: 0.00028, step time: 0.02281
epoch: [18], step: [41/391], batch loss: 0.89170, batch accuracy: 71.88, data load time: 0.00028, step time: 0.02289
epoch: [18], step: [51/391], batch loss: 0.89717, batch accuracy: 67.19, data load time: 0.00028, step time: 0.02290
epoch: [18], step: [61/391], batch loss: 0.93894, batch accuracy: 68.75, data load time: 0.00028, step time: 0.02279
epoch: [18], step: [71/391], batch loss: 0.80833, batch accuracy: 72.66, data load time: 0.00030, step time: 0.02327
epoch: [18], step: [81/391], batch loss: 0.70657, batch accuracy: 75.00, data load time: 0.00028, step time: 0.02272
epoch: [18], step: [91/391], batch loss: 0.79315, batch accuracy: 72.66, data load time: 0.00027, step time: 0.02284
epoch: [18], step: [101/391], batch loss: 0.89148, batch accuracy: 67.19, data load time: 0.00029, step time: 0.02273
epoch: [18], step: [111/391], batch loss: 0.93167, batch accuracy: 68.75, data load time: 0.00029, step time: 0.02286
epoch: [18], step: [121/391], batch loss: 0.90982, batch accuracy: 68.75, data load time: 0.00029, step time: 0.02262
epoch: [18], step: [131/391], batch loss: 0.87869, batch accuracy: 71.88, data load time: 0.00029, step time: 0.02374
epoch: [18], step: [141/391], batch loss: 0.72272, batch accuracy: 74.22, data load time: 0.00029, step time: 0.02262
epoch: [18], step: [151/391], batch loss: 0.74850, batch accuracy: 78.12, data load time: 0.00029, step time: 0.02270
epoch: [18], step: [161/391], batch loss: 0.78429, batch accuracy: 74.22, data load time: 0.00029, step time: 0.02269
epoch: [18], step: [171/391], batch loss: 0.81858, batch accuracy: 71.09, data load time: 0.00029, step time: 0.02244
epoch: [18], step: [181/391], batch loss: 0.91640, batch accuracy: 64.06, data load time: 0.00029, step time: 0.02260
epoch: [18], step: [191/391], batch loss: 0.94479, batch accuracy: 69.53, data load time: 0.00029, step time: 0.02261
epoch: [18], step: [201/391], batch loss: 0.92022, batch accuracy: 68.75, data load time: 0.00029, step time: 0.02261
epoch: [18], step: [211/391], batch loss: 1.02647, batch accuracy: 64.06, data load time: 0.00029, step time: 0.02256
epoch: [18], step: [221/391], batch loss: 0.93135, batch accuracy: 68.75, data load time: 0.00030, step time: 0.02259
epoch: [18], step: [231/391], batch loss: 0.83191, batch accuracy: 72.66, data load time: 0.00030, step time: 0.02256
epoch: [18], step: [241/391], batch loss: 0.83446, batch accuracy: 70.31, data load time: 0.00029, step time: 0.02259
epoch: [18], step: [251/391], batch loss: 0.93778, batch accuracy: 73.44, data load time: 0.00029, step time: 0.02259
epoch: [18], step: [261/391], batch loss: 0.96885, batch accuracy: 63.28, data load time: 0.00029, step time: 0.02248
epoch: [18], step: [271/391], batch loss: 0.86984, batch accuracy: 73.44, data load time: 0.00029, step time: 0.02257
epoch: [18], step: [281/391], batch loss: 0.90690, batch accuracy: 71.09, data load time: 0.00030, step time: 0.02246
epoch: [18], step: [291/391], batch loss: 0.81898, batch accuracy: 70.31, data load time: 0.00029, step time: 0.02265
epoch: [18], step: [301/391], batch loss: 0.81451, batch accuracy: 73.44, data load time: 0.00029, step time: 0.02250
epoch: [18], step: [311/391], batch loss: 0.82757, batch accuracy: 74.22, data load time: 0.00030, step time: 0.02255
epoch: [18], step: [321/391], batch loss: 0.86303, batch accuracy: 73.44, data load time: 0.00029, step time: 0.02256
epoch: [18], step: [331/391], batch loss: 0.98873, batch accuracy: 65.62, data load time: 0.00029, step time: 0.02255
epoch: [18], step: [341/391], batch loss: 0.80819, batch accuracy: 68.75, data load time: 0.00025, step time: 0.00388
epoch: [18], step: [351/391], batch loss: 0.81898, batch accuracy: 71.88, data load time: 0.00025, step time: 0.00391
epoch: [18], step: [361/391], batch loss: 0.79977, batch accuracy: 71.88, data load time: 0.00025, step time: 0.00388
epoch: [18], step: [371/391], batch loss: 0.89683, batch accuracy: 68.75, data load time: 0.00026, step time: 0.00387
epoch: [18], step: [381/391], batch loss: 0.90500, batch accuracy: 68.75, data load time: 0.00025, step time: 0.00389
epoch: [19], step: [0/391], batch loss: 0.84730, batch accuracy: 71.09, data load time: 1.54693, step time: 0.52388
epoch: [19], step: [10/391], batch loss: 0.87221, batch accuracy: 67.97, data load time: 0.00032, step time: 0.02327
epoch: [19], step: [20/391], batch loss: 0.88223, batch accuracy: 70.31, data load time: 0.00029, step time: 0.02163
epoch: [19], step: [30/391], batch loss: 0.91948, batch accuracy: 67.97, data load time: 0.00028, step time: 0.02283
epoch: [19], step: [40/391], batch loss: 0.84169, batch accuracy: 68.75, data load time: 0.00028, step time: 0.02288
epoch: [19], step: [50/391], batch loss: 0.81606, batch accuracy: 65.62, data load time: 0.00028, step time: 0.02285
epoch: [19], step: [60/391], batch loss: 0.73423, batch accuracy: 74.22, data load time: 0.00028, step time: 0.02286
epoch: [19], step: [70/391], batch loss: 0.92531, batch accuracy: 68.75, data load time: 0.00028, step time: 0.02294
epoch: [19], step: [80/391], batch loss: 0.76196, batch accuracy: 74.22, data load time: 0.00027, step time: 0.02269
epoch: [19], step: [90/391], batch loss: 0.81251, batch accuracy: 76.56, data load time: 0.00027, step time: 0.02271
epoch: [19], step: [100/391], batch loss: 0.74536, batch accuracy: 79.69, data load time: 0.00029, step time: 0.02274
epoch: [19], step: [110/391], batch loss: 0.77555, batch accuracy: 74.22, data load time: 0.00029, step time: 0.02296
epoch: [19], step: [120/391], batch loss: 0.85341, batch accuracy: 69.53, data load time: 0.00029, step time: 0.02267
epoch: [19], step: [130/391], batch loss: 0.70090, batch accuracy: 75.78, data load time: 0.00028, step time: 0.02271
epoch: [19], step: [140/391], batch loss: 1.03152, batch accuracy: 65.62, data load time: 0.00029, step time: 0.02269
epoch: [19], step: [150/391], batch loss: 0.91166, batch accuracy: 67.19, data load time: 0.00029, step time: 0.02291
epoch: [19], step: [160/391], batch loss: 0.80486, batch accuracy: 70.31, data load time: 0.00029, step time: 0.02269
epoch: [19], step: [170/391], batch loss: 0.90570, batch accuracy: 67.19, data load time: 0.00030, step time: 0.02247
epoch: [19], step: [180/391], batch loss: 0.82827, batch accuracy: 71.88, data load time: 0.00029, step time: 0.02266
epoch: [19], step: [190/391], batch loss: 0.58404, batch accuracy: 78.91, data load time: 0.00029, step time: 0.02261
epoch: [19], step: [200/391], batch loss: 0.86581, batch accuracy: 72.66, data load time: 0.00029, step time: 0.02254
epoch: [19], step: [210/391], batch loss: 0.88300, batch accuracy: 71.88, data load time: 0.00029, step time: 0.02270
epoch: [19], step: [220/391], batch loss: 0.75754, batch accuracy: 72.66, data load time: 0.00029, step time: 0.02255
epoch: [19], step: [230/391], batch loss: 0.95678, batch accuracy: 64.84, data load time: 0.00029, step time: 0.02269
epoch: [19], step: [240/391], batch loss: 0.72410, batch accuracy: 78.91, data load time: 0.00029, step time: 0.02256
epoch: [19], step: [250/391], batch loss: 0.82223, batch accuracy: 71.09, data load time: 0.00029, step time: 0.02263
epoch: [19], step: [260/391], batch loss: 0.86988, batch accuracy: 71.88, data load time: 0.00029, step time: 0.02249
epoch: [19], step: [270/391], batch loss: 0.71007, batch accuracy: 78.12, data load time: 0.00029, step time: 0.02267
epoch: [19], step: [280/391], batch loss: 0.87452, batch accuracy: 69.53, data load time: 0.00029, step time: 0.02265
epoch: [19], step: [290/391], batch loss: 0.80339, batch accuracy: 71.88, data load time: 0.00029, step time: 0.02267
epoch: [19], step: [300/391], batch loss: 0.81867, batch accuracy: 71.88, data load time: 0.00029, step time: 0.02256
epoch: [19], step: [310/391], batch loss: 0.77778, batch accuracy: 78.91, data load time: 0.00030, step time: 0.02268
epoch: [19], step: [320/391], batch loss: 0.78234, batch accuracy: 74.22, data load time: 0.00029, step time: 0.02181
epoch: [19], step: [330/391], batch loss: 0.85227, batch accuracy: 71.88, data load time: 0.00029, step time: 0.02241
epoch: [19], step: [340/391], batch loss: 0.85528, batch accuracy: 71.88, data load time: 0.00026, step time: 0.00390
epoch: [19], step: [350/391], batch loss: 0.76328, batch accuracy: 74.22, data load time: 0.00025, step time: 0.00389
epoch: [19], step: [360/391], batch loss: 0.65203, batch accuracy: 80.47, data load time: 0.00025, step time: 0.00389
epoch: [19], step: [370/391], batch loss: 0.87375, batch accuracy: 67.19, data load time: 0.00026, step time: 0.00387
epoch: [19], step: [380/391], batch loss: 0.84824, batch accuracy: 73.44, data load time: 0.00025, step time: 0.00388
epoch: [19], step: [390/391], batch loss: 0.85275, batch accuracy: 67.50, data load time: 0.00019, step time: 0.00330
validation loss: 1.01607, accuracy: 65.59
