Files already downloaded and verified
Writing logs to logs/CNN_bn_bs=128_lr=0.1_run_6
epoch: [0], step: [9/391], batch loss: 3.51905, batch accuracy: 32.81, data load time: 0.00029, step time: 0.02530
epoch: [0], step: [19/391], batch loss: 2.59071, batch accuracy: 33.59, data load time: 0.00030, step time: 0.02336
epoch: [0], step: [29/391], batch loss: 2.00229, batch accuracy: 42.19, data load time: 0.00028, step time: 0.02333
epoch: [0], step: [39/391], batch loss: 1.77299, batch accuracy: 42.97, data load time: 0.00028, step time: 0.02334
epoch: [0], step: [49/391], batch loss: 2.09561, batch accuracy: 35.16, data load time: 0.00029, step time: 0.02329
epoch: [0], step: [59/391], batch loss: 1.60755, batch accuracy: 50.00, data load time: 0.00029, step time: 0.02342
epoch: [0], step: [69/391], batch loss: 1.58251, batch accuracy: 48.44, data load time: 0.00030, step time: 0.02336
epoch: [0], step: [79/391], batch loss: 1.56502, batch accuracy: 50.78, data load time: 0.00029, step time: 0.02337
epoch: [0], step: [89/391], batch loss: 1.69845, batch accuracy: 44.53, data load time: 0.00029, step time: 0.02328
epoch: [0], step: [99/391], batch loss: 1.84770, batch accuracy: 36.72, data load time: 0.00029, step time: 0.02332
epoch: [0], step: [109/391], batch loss: 1.30534, batch accuracy: 57.03, data load time: 0.00030, step time: 0.02328
epoch: [0], step: [119/391], batch loss: 1.55989, batch accuracy: 50.00, data load time: 0.00030, step time: 0.02274
epoch: [0], step: [129/391], batch loss: 1.51972, batch accuracy: 56.25, data load time: 0.00029, step time: 0.02291
epoch: [0], step: [139/391], batch loss: 1.48663, batch accuracy: 49.22, data load time: 0.00029, step time: 0.02285
epoch: [0], step: [149/391], batch loss: 1.41817, batch accuracy: 55.47, data load time: 0.00029, step time: 0.02305
epoch: [0], step: [159/391], batch loss: 1.25501, batch accuracy: 57.81, data load time: 0.00029, step time: 0.02304
epoch: [0], step: [169/391], batch loss: 1.28456, batch accuracy: 55.47, data load time: 0.00029, step time: 0.02267
epoch: [0], step: [179/391], batch loss: 1.52515, batch accuracy: 53.12, data load time: 0.00029, step time: 0.02269
epoch: [0], step: [189/391], batch loss: 1.31994, batch accuracy: 55.47, data load time: 0.00029, step time: 0.02267
epoch: [0], step: [199/391], batch loss: 1.21765, batch accuracy: 53.12, data load time: 0.00030, step time: 0.02280
epoch: [0], step: [209/391], batch loss: 1.59414, batch accuracy: 53.12, data load time: 0.00029, step time: 0.02293
epoch: [0], step: [219/391], batch loss: 1.20625, batch accuracy: 58.59, data load time: 0.00030, step time: 0.02272
epoch: [0], step: [229/391], batch loss: 1.40975, batch accuracy: 46.88, data load time: 0.00030, step time: 0.02273
epoch: [0], step: [239/391], batch loss: 1.36134, batch accuracy: 54.69, data load time: 0.00029, step time: 0.02268
epoch: [0], step: [249/391], batch loss: 1.37796, batch accuracy: 54.69, data load time: 0.00029, step time: 0.02273
epoch: [0], step: [259/391], batch loss: 1.05497, batch accuracy: 58.59, data load time: 0.00029, step time: 0.02275
epoch: [0], step: [269/391], batch loss: 1.58990, batch accuracy: 52.34, data load time: 0.00029, step time: 0.02282
epoch: [0], step: [279/391], batch loss: 1.18085, batch accuracy: 57.03, data load time: 0.00029, step time: 0.02264
epoch: [0], step: [289/391], batch loss: 1.37663, batch accuracy: 48.44, data load time: 0.00029, step time: 0.02274
epoch: [0], step: [299/391], batch loss: 1.26216, batch accuracy: 49.22, data load time: 0.00029, step time: 0.02278
epoch: [0], step: [309/391], batch loss: 1.22073, batch accuracy: 57.03, data load time: 0.00029, step time: 0.02275
epoch: [0], step: [319/391], batch loss: 1.10371, batch accuracy: 62.50, data load time: 0.00029, step time: 0.02276
epoch: [0], step: [329/391], batch loss: 0.91400, batch accuracy: 66.41, data load time: 0.00030, step time: 0.02276
epoch: [0], step: [339/391], batch loss: 1.28889, batch accuracy: 57.03, data load time: 0.00025, step time: 0.00481
epoch: [0], step: [349/391], batch loss: 1.30403, batch accuracy: 65.62, data load time: 0.00025, step time: 0.00480
epoch: [0], step: [359/391], batch loss: 1.06333, batch accuracy: 60.16, data load time: 0.00025, step time: 0.00451
epoch: [0], step: [369/391], batch loss: 1.05169, batch accuracy: 63.28, data load time: 0.00025, step time: 0.00452
epoch: [0], step: [379/391], batch loss: 1.26711, batch accuracy: 52.34, data load time: 0.00025, step time: 0.00448
epoch: [0], step: [389/391], batch loss: 1.06953, batch accuracy: 56.25, data load time: 0.00025, step time: 0.00449
epoch: [1], step: [8/391], batch loss: 0.72186, batch accuracy: 71.09, data load time: 0.00031, step time: 0.04295
epoch: [1], step: [18/391], batch loss: 1.33482, batch accuracy: 58.59, data load time: 0.00030, step time: 0.02330
epoch: [1], step: [28/391], batch loss: 1.02582, batch accuracy: 63.28, data load time: 0.00028, step time: 0.02353
epoch: [1], step: [38/391], batch loss: 1.30510, batch accuracy: 52.34, data load time: 0.00029, step time: 0.02352
epoch: [1], step: [48/391], batch loss: 1.14622, batch accuracy: 63.28, data load time: 0.00028, step time: 0.02381
epoch: [1], step: [58/391], batch loss: 0.90289, batch accuracy: 64.84, data load time: 0.00029, step time: 0.02358
epoch: [1], step: [68/391], batch loss: 1.37623, batch accuracy: 60.94, data load time: 0.00028, step time: 0.02328
epoch: [1], step: [78/391], batch loss: 1.08255, batch accuracy: 66.41, data load time: 0.00028, step time: 0.02329
epoch: [1], step: [88/391], batch loss: 1.18724, batch accuracy: 56.25, data load time: 0.00029, step time: 0.02302
epoch: [1], step: [98/391], batch loss: 1.14640, batch accuracy: 59.38, data load time: 0.00029, step time: 0.02292
epoch: [1], step: [108/391], batch loss: 0.99361, batch accuracy: 68.75, data load time: 0.00029, step time: 0.02300
epoch: [1], step: [118/391], batch loss: 1.20681, batch accuracy: 56.25, data load time: 0.00029, step time: 0.02293
epoch: [1], step: [128/391], batch loss: 1.17414, batch accuracy: 60.94, data load time: 0.00029, step time: 0.02303
epoch: [1], step: [138/391], batch loss: 0.91614, batch accuracy: 68.75, data load time: 0.00029, step time: 0.02319
epoch: [1], step: [148/391], batch loss: 1.14484, batch accuracy: 62.50, data load time: 0.00029, step time: 0.02288
epoch: [1], step: [158/391], batch loss: 1.12001, batch accuracy: 60.16, data load time: 0.00030, step time: 0.02302
epoch: [1], step: [168/391], batch loss: 0.92200, batch accuracy: 61.72, data load time: 0.00030, step time: 0.02288
epoch: [1], step: [178/391], batch loss: 1.04371, batch accuracy: 63.28, data load time: 0.00030, step time: 0.02278
epoch: [1], step: [188/391], batch loss: 1.15527, batch accuracy: 57.81, data load time: 0.00029, step time: 0.02282
epoch: [1], step: [198/391], batch loss: 0.96406, batch accuracy: 68.75, data load time: 0.00029, step time: 0.02322
epoch: [1], step: [208/391], batch loss: 1.21737, batch accuracy: 57.03, data load time: 0.00029, step time: 0.02273
epoch: [1], step: [218/391], batch loss: 1.11126, batch accuracy: 64.06, data load time: 0.00029, step time: 0.02284
epoch: [1], step: [228/391], batch loss: 0.90717, batch accuracy: 70.31, data load time: 0.00029, step time: 0.02287
epoch: [1], step: [238/391], batch loss: 1.33003, batch accuracy: 54.69, data load time: 0.00029, step time: 0.02283
epoch: [1], step: [248/391], batch loss: 1.04684, batch accuracy: 61.72, data load time: 0.00029, step time: 0.02281
epoch: [1], step: [258/391], batch loss: 1.17294, batch accuracy: 58.59, data load time: 0.00029, step time: 0.02278
epoch: [1], step: [268/391], batch loss: 1.02505, batch accuracy: 64.06, data load time: 0.00029, step time: 0.02288
epoch: [1], step: [278/391], batch loss: 1.11695, batch accuracy: 59.38, data load time: 0.00030, step time: 0.02281
epoch: [1], step: [288/391], batch loss: 0.96158, batch accuracy: 66.41, data load time: 0.00030, step time: 0.02275
epoch: [1], step: [298/391], batch loss: 0.99039, batch accuracy: 67.19, data load time: 0.00029, step time: 0.02288
epoch: [1], step: [308/391], batch loss: 0.89060, batch accuracy: 70.31, data load time: 0.00029, step time: 0.02289
epoch: [1], step: [318/391], batch loss: 0.92264, batch accuracy: 67.19, data load time: 0.00030, step time: 0.02272
epoch: [1], step: [328/391], batch loss: 1.13841, batch accuracy: 61.72, data load time: 0.00029, step time: 0.02279
epoch: [1], step: [338/391], batch loss: 0.87586, batch accuracy: 71.09, data load time: 0.00025, step time: 0.00481
epoch: [1], step: [348/391], batch loss: 0.93560, batch accuracy: 64.06, data load time: 0.00025, step time: 0.00480
epoch: [1], step: [358/391], batch loss: 1.10754, batch accuracy: 65.62, data load time: 0.00025, step time: 0.00481
epoch: [1], step: [368/391], batch loss: 0.94467, batch accuracy: 64.06, data load time: 0.00025, step time: 0.00452
epoch: [1], step: [378/391], batch loss: 1.01097, batch accuracy: 60.16, data load time: 0.00025, step time: 0.00452
epoch: [1], step: [388/391], batch loss: 1.00709, batch accuracy: 67.19, data load time: 0.00025, step time: 0.00449
validation loss: 1.69193, accuracy: 47.98
epoch: [2], step: [7/391], batch loss: 0.92674, batch accuracy: 64.06, data load time: 0.00029, step time: 0.00447
epoch: [2], step: [17/391], batch loss: 0.79791, batch accuracy: 73.44, data load time: 0.00030, step time: 0.02330
epoch: [2], step: [27/391], batch loss: 0.83234, batch accuracy: 67.97, data load time: 0.02647, step time: 0.02112
epoch: [2], step: [37/391], batch loss: 1.08661, batch accuracy: 60.16, data load time: 0.00028, step time: 0.02328
epoch: [2], step: [47/391], batch loss: 0.91843, batch accuracy: 67.19, data load time: 0.00028, step time: 0.02347
epoch: [2], step: [57/391], batch loss: 0.98034, batch accuracy: 67.19, data load time: 0.00028, step time: 0.02338
epoch: [2], step: [67/391], batch loss: 0.99867, batch accuracy: 67.19, data load time: 0.00028, step time: 0.02314
epoch: [2], step: [77/391], batch loss: 0.95700, batch accuracy: 66.41, data load time: 0.00028, step time: 0.02313
epoch: [2], step: [87/391], batch loss: 0.93018, batch accuracy: 67.19, data load time: 0.00030, step time: 0.02318
epoch: [2], step: [97/391], batch loss: 0.80863, batch accuracy: 70.31, data load time: 0.00029, step time: 0.02293
epoch: [2], step: [107/391], batch loss: 0.73577, batch accuracy: 69.53, data load time: 0.00029, step time: 0.02396
epoch: [2], step: [117/391], batch loss: 0.90430, batch accuracy: 71.09, data load time: 0.00030, step time: 0.02322
epoch: [2], step: [127/391], batch loss: 0.70950, batch accuracy: 75.00, data load time: 0.00029, step time: 0.02297
epoch: [2], step: [137/391], batch loss: 1.01531, batch accuracy: 66.41, data load time: 0.00029, step time: 0.02305
epoch: [2], step: [147/391], batch loss: 1.01396, batch accuracy: 64.84, data load time: 0.00029, step time: 0.02297
epoch: [2], step: [157/391], batch loss: 0.76691, batch accuracy: 75.00, data load time: 0.00029, step time: 0.02303
epoch: [2], step: [167/391], batch loss: 0.99130, batch accuracy: 67.19, data load time: 0.00030, step time: 0.02303
epoch: [2], step: [177/391], batch loss: 0.90218, batch accuracy: 73.44, data load time: 0.00029, step time: 0.02293
epoch: [2], step: [187/391], batch loss: 0.88296, batch accuracy: 70.31, data load time: 0.00029, step time: 0.02302
epoch: [2], step: [197/391], batch loss: 1.02191, batch accuracy: 65.62, data load time: 0.00029, step time: 0.02272
epoch: [2], step: [207/391], batch loss: 0.77610, batch accuracy: 67.97, data load time: 0.00029, step time: 0.02285
epoch: [2], step: [217/391], batch loss: 0.95479, batch accuracy: 65.62, data load time: 0.00030, step time: 0.02277
epoch: [2], step: [227/391], batch loss: 1.10801, batch accuracy: 64.84, data load time: 0.00029, step time: 0.02283
epoch: [2], step: [237/391], batch loss: 0.80112, batch accuracy: 70.31, data load time: 0.00029, step time: 0.02275
epoch: [2], step: [247/391], batch loss: 0.74631, batch accuracy: 74.22, data load time: 0.00029, step time: 0.02269
epoch: [2], step: [257/391], batch loss: 1.10556, batch accuracy: 61.72, data load time: 0.00030, step time: 0.02280
epoch: [2], step: [267/391], batch loss: 1.06514, batch accuracy: 65.62, data load time: 0.00029, step time: 0.02277
epoch: [2], step: [277/391], batch loss: 0.96830, batch accuracy: 64.06, data load time: 0.00030, step time: 0.02281
epoch: [2], step: [287/391], batch loss: 0.91089, batch accuracy: 67.97, data load time: 0.00030, step time: 0.02275
epoch: [2], step: [297/391], batch loss: 1.12017, batch accuracy: 62.50, data load time: 0.00029, step time: 0.02285
epoch: [2], step: [307/391], batch loss: 0.82863, batch accuracy: 71.09, data load time: 0.00029, step time: 0.02285
epoch: [2], step: [317/391], batch loss: 0.95466, batch accuracy: 67.97, data load time: 0.00029, step time: 0.02278
epoch: [2], step: [327/391], batch loss: 1.00614, batch accuracy: 68.75, data load time: 0.00029, step time: 0.02304
epoch: [2], step: [337/391], batch loss: 0.95615, batch accuracy: 62.50, data load time: 0.00025, step time: 0.00447
epoch: [2], step: [347/391], batch loss: 1.03637, batch accuracy: 63.28, data load time: 0.00026, step time: 0.00448
epoch: [2], step: [357/391], batch loss: 1.05199, batch accuracy: 64.84, data load time: 0.00025, step time: 0.00448
epoch: [2], step: [367/391], batch loss: 1.00578, batch accuracy: 70.31, data load time: 0.00025, step time: 0.00447
epoch: [2], step: [377/391], batch loss: 0.87247, batch accuracy: 71.88, data load time: 0.00025, step time: 0.00448
epoch: [2], step: [387/391], batch loss: 0.86318, batch accuracy: 68.75, data load time: 0.00025, step time: 0.00447
epoch: [3], step: [6/391], batch loss: 0.74206, batch accuracy: 74.22, data load time: 0.00029, step time: 0.00936
epoch: [3], step: [16/391], batch loss: 0.91077, batch accuracy: 65.62, data load time: 0.00029, step time: 0.02353
epoch: [3], step: [26/391], batch loss: 0.71885, batch accuracy: 71.09, data load time: 0.02628, step time: 0.02086
epoch: [3], step: [36/391], batch loss: 0.80164, batch accuracy: 71.09, data load time: 0.00029, step time: 0.02333
epoch: [3], step: [46/391], batch loss: 0.94359, batch accuracy: 67.19, data load time: 0.00028, step time: 0.02349
epoch: [3], step: [56/391], batch loss: 0.80097, batch accuracy: 71.09, data load time: 0.00028, step time: 0.02341
epoch: [3], step: [66/391], batch loss: 0.67883, batch accuracy: 73.44, data load time: 0.00028, step time: 0.02318
epoch: [3], step: [76/391], batch loss: 0.79115, batch accuracy: 69.53, data load time: 0.00028, step time: 0.02313
epoch: [3], step: [86/391], batch loss: 0.84436, batch accuracy: 64.84, data load time: 0.00028, step time: 0.02314
epoch: [3], step: [96/391], batch loss: 0.74311, batch accuracy: 74.22, data load time: 0.00028, step time: 0.02299
epoch: [3], step: [106/391], batch loss: 0.77098, batch accuracy: 71.88, data load time: 0.00030, step time: 0.02298
epoch: [3], step: [116/391], batch loss: 0.96901, batch accuracy: 72.66, data load time: 0.00029, step time: 0.02307
epoch: [3], step: [126/391], batch loss: 0.77384, batch accuracy: 71.88, data load time: 0.00029, step time: 0.02297
epoch: [3], step: [136/391], batch loss: 0.94492, batch accuracy: 69.53, data load time: 0.00029, step time: 0.02298
epoch: [3], step: [146/391], batch loss: 0.78576, batch accuracy: 73.44, data load time: 0.00029, step time: 0.02305
epoch: [3], step: [156/391], batch loss: 0.79041, batch accuracy: 71.88, data load time: 0.00029, step time: 0.02296
epoch: [3], step: [166/391], batch loss: 0.81045, batch accuracy: 71.88, data load time: 0.00029, step time: 0.02305
epoch: [3], step: [176/391], batch loss: 0.71930, batch accuracy: 71.88, data load time: 0.00029, step time: 0.02280
epoch: [3], step: [186/391], batch loss: 0.85146, batch accuracy: 67.97, data load time: 0.00029, step time: 0.02289
epoch: [3], step: [196/391], batch loss: 0.66237, batch accuracy: 77.34, data load time: 0.00029, step time: 0.02279
epoch: [3], step: [206/391], batch loss: 0.79567, batch accuracy: 69.53, data load time: 0.00030, step time: 0.02285
epoch: [3], step: [216/391], batch loss: 0.75161, batch accuracy: 75.78, data load time: 0.00029, step time: 0.02278
epoch: [3], step: [226/391], batch loss: 0.74240, batch accuracy: 69.53, data load time: 0.00029, step time: 0.02282
epoch: [3], step: [236/391], batch loss: 0.94860, batch accuracy: 70.31, data load time: 0.00029, step time: 0.02292
epoch: [3], step: [246/391], batch loss: 0.72595, batch accuracy: 74.22, data load time: 0.00030, step time: 0.02284
epoch: [3], step: [256/391], batch loss: 0.78287, batch accuracy: 72.66, data load time: 0.00029, step time: 0.02285
epoch: [3], step: [266/391], batch loss: 1.12731, batch accuracy: 64.06, data load time: 0.00029, step time: 0.02288
epoch: [3], step: [276/391], batch loss: 0.95558, batch accuracy: 65.62, data load time: 0.00029, step time: 0.02283
epoch: [3], step: [286/391], batch loss: 0.87146, batch accuracy: 70.31, data load time: 0.00029, step time: 0.02306
epoch: [3], step: [296/391], batch loss: 0.77861, batch accuracy: 76.56, data load time: 0.00029, step time: 0.02281
epoch: [3], step: [306/391], batch loss: 0.86601, batch accuracy: 64.84, data load time: 0.00029, step time: 0.02299
epoch: [3], step: [316/391], batch loss: 0.87580, batch accuracy: 71.09, data load time: 0.00029, step time: 0.02276
epoch: [3], step: [326/391], batch loss: 0.84685, batch accuracy: 70.31, data load time: 0.00029, step time: 0.02319
epoch: [3], step: [336/391], batch loss: 0.61949, batch accuracy: 80.47, data load time: 0.00025, step time: 0.00448
epoch: [3], step: [346/391], batch loss: 0.95149, batch accuracy: 73.44, data load time: 0.00026, step time: 0.00448
epoch: [3], step: [356/391], batch loss: 0.83159, batch accuracy: 73.44, data load time: 0.00025, step time: 0.00445
epoch: [3], step: [366/391], batch loss: 0.95424, batch accuracy: 64.06, data load time: 0.00025, step time: 0.00447
epoch: [3], step: [376/391], batch loss: 0.79010, batch accuracy: 71.88, data load time: 0.00025, step time: 0.00448
epoch: [3], step: [386/391], batch loss: 0.82376, batch accuracy: 71.09, data load time: 0.00025, step time: 0.00447
validation loss: 1.35474, accuracy: 58.57
epoch: [4], step: [5/391], batch loss: 0.71928, batch accuracy: 73.44, data load time: 0.00029, step time: 0.00587
epoch: [4], step: [15/391], batch loss: 0.65902, batch accuracy: 77.34, data load time: 0.00029, step time: 0.02324
epoch: [4], step: [25/391], batch loss: 0.84495, batch accuracy: 73.44, data load time: 0.07636, step time: 0.02352
epoch: [4], step: [35/391], batch loss: 0.59446, batch accuracy: 79.69, data load time: 0.00028, step time: 0.02336
epoch: [4], step: [45/391], batch loss: 0.70090, batch accuracy: 71.88, data load time: 0.00028, step time: 0.02344
epoch: [4], step: [55/391], batch loss: 0.57125, batch accuracy: 79.69, data load time: 0.02696, step time: 0.02326
epoch: [4], step: [65/391], batch loss: 0.78235, batch accuracy: 71.88, data load time: 0.00028, step time: 0.02328
epoch: [4], step: [75/391], batch loss: 0.69144, batch accuracy: 74.22, data load time: 0.00028, step time: 0.02323
epoch: [4], step: [85/391], batch loss: 0.84795, batch accuracy: 71.88, data load time: 0.00028, step time: 0.02314
epoch: [4], step: [95/391], batch loss: 0.84951, batch accuracy: 76.56, data load time: 0.00028, step time: 0.02326
epoch: [4], step: [105/391], batch loss: 0.84090, batch accuracy: 74.22, data load time: 0.00029, step time: 0.02308
epoch: [4], step: [115/391], batch loss: 0.61394, batch accuracy: 78.91, data load time: 0.00029, step time: 0.02413
epoch: [4], step: [125/391], batch loss: 0.57445, batch accuracy: 78.12, data load time: 0.00029, step time: 0.02413
epoch: [4], step: [135/391], batch loss: 0.70551, batch accuracy: 78.91, data load time: 0.00029, step time: 0.02401
epoch: [4], step: [145/391], batch loss: 0.69747, batch accuracy: 78.12, data load time: 0.00029, step time: 0.02307
epoch: [4], step: [155/391], batch loss: 0.71852, batch accuracy: 74.22, data load time: 0.00029, step time: 0.02302
epoch: [4], step: [165/391], batch loss: 0.65868, batch accuracy: 78.12, data load time: 0.00030, step time: 0.02299
epoch: [4], step: [175/391], batch loss: 0.74839, batch accuracy: 74.22, data load time: 0.00029, step time: 0.02281
epoch: [4], step: [185/391], batch loss: 0.76737, batch accuracy: 74.22, data load time: 0.00029, step time: 0.02283
epoch: [4], step: [195/391], batch loss: 0.61564, batch accuracy: 75.00, data load time: 0.00029, step time: 0.02283
epoch: [4], step: [205/391], batch loss: 0.98503, batch accuracy: 67.19, data load time: 0.00030, step time: 0.02288
epoch: [4], step: [215/391], batch loss: 0.81157, batch accuracy: 71.09, data load time: 0.00029, step time: 0.02285
epoch: [4], step: [225/391], batch loss: 0.84748, batch accuracy: 73.44, data load time: 0.00029, step time: 0.02279
epoch: [4], step: [235/391], batch loss: 0.89792, batch accuracy: 67.97, data load time: 0.00029, step time: 0.02291
epoch: [4], step: [245/391], batch loss: 0.87426, batch accuracy: 71.88, data load time: 0.00029, step time: 0.02300
epoch: [4], step: [255/391], batch loss: 0.67696, batch accuracy: 75.00, data load time: 0.00029, step time: 0.02287
epoch: [4], step: [265/391], batch loss: 0.59003, batch accuracy: 82.03, data load time: 0.00029, step time: 0.02295
epoch: [4], step: [275/391], batch loss: 0.76450, batch accuracy: 72.66, data load time: 0.00030, step time: 0.02284
epoch: [4], step: [285/391], batch loss: 0.73932, batch accuracy: 75.00, data load time: 0.00030, step time: 0.02307
epoch: [4], step: [295/391], batch loss: 0.61940, batch accuracy: 78.12, data load time: 0.00029, step time: 0.02281
epoch: [4], step: [305/391], batch loss: 0.78412, batch accuracy: 75.78, data load time: 0.00029, step time: 0.02277
epoch: [4], step: [315/391], batch loss: 0.82576, batch accuracy: 70.31, data load time: 0.00029, step time: 0.02281
epoch: [4], step: [325/391], batch loss: 0.66764, batch accuracy: 77.34, data load time: 0.00029, step time: 0.02286
epoch: [4], step: [335/391], batch loss: 0.84154, batch accuracy: 75.00, data load time: 0.00025, step time: 0.00448
epoch: [4], step: [345/391], batch loss: 0.80150, batch accuracy: 73.44, data load time: 0.00025, step time: 0.00449
epoch: [4], step: [355/391], batch loss: 0.77022, batch accuracy: 72.66, data load time: 0.00026, step time: 0.00449
epoch: [4], step: [365/391], batch loss: 0.68368, batch accuracy: 74.22, data load time: 0.00025, step time: 0.00448
epoch: [4], step: [375/391], batch loss: 0.75600, batch accuracy: 72.66, data load time: 0.00025, step time: 0.00448
epoch: [4], step: [385/391], batch loss: 0.66381, batch accuracy: 76.56, data load time: 0.00025, step time: 0.00448
epoch: [5], step: [4/391], batch loss: 0.76796, batch accuracy: 74.22, data load time: 0.00030, step time: 0.00449
epoch: [5], step: [14/391], batch loss: 0.64781, batch accuracy: 73.44, data load time: 0.00029, step time: 0.02324
epoch: [5], step: [24/391], batch loss: 0.63096, batch accuracy: 78.91, data load time: 0.01398, step time: 0.02356
epoch: [5], step: [34/391], batch loss: 0.56031, batch accuracy: 78.12, data load time: 0.00028, step time: 0.02357
epoch: [5], step: [44/391], batch loss: 0.76433, batch accuracy: 73.44, data load time: 0.00028, step time: 0.02354
epoch: [5], step: [54/391], batch loss: 0.66431, batch accuracy: 70.31, data load time: 0.00028, step time: 0.02361
epoch: [5], step: [64/391], batch loss: 0.74913, batch accuracy: 78.12, data load time: 0.00028, step time: 0.02339
epoch: [5], step: [74/391], batch loss: 0.69059, batch accuracy: 75.78, data load time: 0.00028, step time: 0.02329
epoch: [5], step: [84/391], batch loss: 0.65919, batch accuracy: 79.69, data load time: 0.00028, step time: 0.02330
epoch: [5], step: [94/391], batch loss: 0.64836, batch accuracy: 77.34, data load time: 0.00028, step time: 0.02294
epoch: [5], step: [104/391], batch loss: 0.69392, batch accuracy: 73.44, data load time: 0.00030, step time: 0.02308
epoch: [5], step: [114/391], batch loss: 0.60466, batch accuracy: 79.69, data load time: 0.00030, step time: 0.02287
epoch: [5], step: [124/391], batch loss: 0.72908, batch accuracy: 77.34, data load time: 0.00030, step time: 0.02295
epoch: [5], step: [134/391], batch loss: 0.71563, batch accuracy: 77.34, data load time: 0.00030, step time: 0.02294
epoch: [5], step: [144/391], batch loss: 0.81122, batch accuracy: 72.66, data load time: 0.00029, step time: 0.02306
epoch: [5], step: [154/391], batch loss: 0.73354, batch accuracy: 75.00, data load time: 0.00029, step time: 0.02308
epoch: [5], step: [164/391], batch loss: 0.69864, batch accuracy: 73.44, data load time: 0.00029, step time: 0.02295
epoch: [5], step: [174/391], batch loss: 0.68210, batch accuracy: 75.78, data load time: 0.00029, step time: 0.02279
epoch: [5], step: [184/391], batch loss: 0.86872, batch accuracy: 71.88, data load time: 0.00029, step time: 0.02276
epoch: [5], step: [194/391], batch loss: 0.56192, batch accuracy: 82.03, data load time: 0.00029, step time: 0.02287
epoch: [5], step: [204/391], batch loss: 0.69339, batch accuracy: 75.00, data load time: 0.00029, step time: 0.02285
epoch: [5], step: [214/391], batch loss: 0.60927, batch accuracy: 75.78, data load time: 0.00029, step time: 0.02283
epoch: [5], step: [224/391], batch loss: 0.87792, batch accuracy: 69.53, data load time: 0.00029, step time: 0.02278
epoch: [5], step: [234/391], batch loss: 0.82114, batch accuracy: 67.97, data load time: 0.00029, step time: 0.02281
epoch: [5], step: [244/391], batch loss: 0.62601, batch accuracy: 78.12, data load time: 0.00029, step time: 0.02281
epoch: [5], step: [254/391], batch loss: 0.73578, batch accuracy: 78.91, data load time: 0.00029, step time: 0.02274
epoch: [5], step: [264/391], batch loss: 0.88907, batch accuracy: 67.97, data load time: 0.00029, step time: 0.02289
epoch: [5], step: [274/391], batch loss: 0.52323, batch accuracy: 85.16, data load time: 0.00029, step time: 0.02279
epoch: [5], step: [284/391], batch loss: 0.72908, batch accuracy: 76.56, data load time: 0.00029, step time: 0.02279
epoch: [5], step: [294/391], batch loss: 0.65725, batch accuracy: 78.91, data load time: 0.00029, step time: 0.02279
epoch: [5], step: [304/391], batch loss: 0.75315, batch accuracy: 78.12, data load time: 0.00029, step time: 0.02291
epoch: [5], step: [314/391], batch loss: 0.64265, batch accuracy: 75.78, data load time: 0.00030, step time: 0.02288
epoch: [5], step: [324/391], batch loss: 0.54120, batch accuracy: 81.25, data load time: 0.00029, step time: 0.02278
epoch: [5], step: [334/391], batch loss: 0.71846, batch accuracy: 75.78, data load time: 0.00308, step time: 0.01583
epoch: [5], step: [344/391], batch loss: 0.51480, batch accuracy: 80.47, data load time: 0.00025, step time: 0.00481
epoch: [5], step: [354/391], batch loss: 0.75386, batch accuracy: 72.66, data load time: 0.00025, step time: 0.00481
epoch: [5], step: [364/391], batch loss: 0.65653, batch accuracy: 78.91, data load time: 0.00025, step time: 0.00453
epoch: [5], step: [374/391], batch loss: 0.81017, batch accuracy: 71.09, data load time: 0.00025, step time: 0.00452
epoch: [5], step: [384/391], batch loss: 0.98469, batch accuracy: 68.75, data load time: 0.00025, step time: 0.00449
validation loss: 2.27410, accuracy: 47.78
epoch: [6], step: [3/391], batch loss: 0.68932, batch accuracy: 76.56, data load time: 0.00029, step time: 0.00447
epoch: [6], step: [13/391], batch loss: 0.60584, batch accuracy: 77.34, data load time: 0.00029, step time: 0.02334
epoch: [6], step: [23/391], batch loss: 0.59070, batch accuracy: 78.12, data load time: 0.00029, step time: 0.02330
epoch: [6], step: [33/391], batch loss: 0.46088, batch accuracy: 82.81, data load time: 0.00028, step time: 0.02341
epoch: [6], step: [43/391], batch loss: 0.57271, batch accuracy: 79.69, data load time: 0.00028, step time: 0.02343
epoch: [6], step: [53/391], batch loss: 0.45731, batch accuracy: 85.16, data load time: 0.00028, step time: 0.02353
epoch: [6], step: [63/391], batch loss: 0.75623, batch accuracy: 72.66, data load time: 0.00028, step time: 0.06773
epoch: [6], step: [73/391], batch loss: 0.62105, batch accuracy: 83.59, data load time: 0.00027, step time: 0.02312
epoch: [6], step: [83/391], batch loss: 0.58927, batch accuracy: 78.12, data load time: 0.00036, step time: 0.02323
epoch: [6], step: [93/391], batch loss: 0.72723, batch accuracy: 72.66, data load time: 0.00028, step time: 0.02310
epoch: [6], step: [103/391], batch loss: 0.59418, batch accuracy: 78.91, data load time: 0.00030, step time: 0.02300
epoch: [6], step: [113/391], batch loss: 0.57562, batch accuracy: 82.81, data load time: 0.00029, step time: 0.02404
epoch: [6], step: [123/391], batch loss: 0.62757, batch accuracy: 74.22, data load time: 0.00029, step time: 0.02309
epoch: [6], step: [133/391], batch loss: 0.71673, batch accuracy: 71.88, data load time: 0.00029, step time: 0.02303
epoch: [6], step: [143/391], batch loss: 0.83751, batch accuracy: 71.09, data load time: 0.00029, step time: 0.02314
epoch: [6], step: [153/391], batch loss: 0.62751, batch accuracy: 77.34, data load time: 0.00029, step time: 0.02329
epoch: [6], step: [163/391], batch loss: 0.63623, batch accuracy: 78.91, data load time: 0.00030, step time: 0.02314
epoch: [6], step: [173/391], batch loss: 0.64927, batch accuracy: 76.56, data load time: 0.00029, step time: 0.02297
epoch: [6], step: [183/391], batch loss: 0.70911, batch accuracy: 75.78, data load time: 0.00029, step time: 0.02298
epoch: [6], step: [193/391], batch loss: 0.74477, batch accuracy: 75.78, data load time: 0.00029, step time: 0.02298
epoch: [6], step: [203/391], batch loss: 0.82013, batch accuracy: 69.53, data load time: 0.00029, step time: 0.02289
epoch: [6], step: [213/391], batch loss: 0.65881, batch accuracy: 77.34, data load time: 0.00030, step time: 0.02301
epoch: [6], step: [223/391], batch loss: 0.93477, batch accuracy: 65.62, data load time: 0.00029, step time: 0.02293
epoch: [6], step: [233/391], batch loss: 0.71040, batch accuracy: 75.78, data load time: 0.00029, step time: 0.02284
epoch: [6], step: [243/391], batch loss: 0.65142, batch accuracy: 78.91, data load time: 0.00029, step time: 0.02294
epoch: [6], step: [253/391], batch loss: 0.62797, batch accuracy: 78.12, data load time: 0.00029, step time: 0.02279
epoch: [6], step: [263/391], batch loss: 0.66551, batch accuracy: 73.44, data load time: 0.00029, step time: 0.02290
epoch: [6], step: [273/391], batch loss: 0.73278, batch accuracy: 74.22, data load time: 0.00030, step time: 0.02284
epoch: [6], step: [283/391], batch loss: 0.61747, batch accuracy: 75.00, data load time: 0.00030, step time: 0.02281
epoch: [6], step: [293/391], batch loss: 0.45901, batch accuracy: 81.25, data load time: 0.00029, step time: 0.02277
epoch: [6], step: [303/391], batch loss: 0.65869, batch accuracy: 79.69, data load time: 0.00029, step time: 0.02296
epoch: [6], step: [313/391], batch loss: 0.69515, batch accuracy: 76.56, data load time: 0.00030, step time: 0.02295
epoch: [6], step: [323/391], batch loss: 0.62628, batch accuracy: 78.91, data load time: 0.00029, step time: 0.02287
epoch: [6], step: [333/391], batch loss: 0.58397, batch accuracy: 80.47, data load time: 0.00029, step time: 0.02310
epoch: [6], step: [343/391], batch loss: 0.64871, batch accuracy: 78.12, data load time: 0.00025, step time: 0.00447
epoch: [6], step: [353/391], batch loss: 0.68766, batch accuracy: 75.78, data load time: 0.00025, step time: 0.00448
epoch: [6], step: [363/391], batch loss: 0.66097, batch accuracy: 76.56, data load time: 0.00025, step time: 0.00449
epoch: [6], step: [373/391], batch loss: 0.57692, batch accuracy: 78.12, data load time: 0.00025, step time: 0.00448
epoch: [6], step: [383/391], batch loss: 0.74733, batch accuracy: 71.88, data load time: 0.00025, step time: 0.00448
epoch: [7], step: [2/391], batch loss: 0.56979, batch accuracy: 78.91, data load time: 0.00029, step time: 0.00444
epoch: [7], step: [12/391], batch loss: 0.53556, batch accuracy: 75.00, data load time: 0.00029, step time: 0.02459
epoch: [7], step: [22/391], batch loss: 0.49991, batch accuracy: 82.03, data load time: 0.00029, step time: 0.02333
epoch: [7], step: [32/391], batch loss: 0.65408, batch accuracy: 78.12, data load time: 0.00028, step time: 0.02327
epoch: [7], step: [42/391], batch loss: 0.44440, batch accuracy: 84.38, data load time: 0.00028, step time: 0.02349
epoch: [7], step: [52/391], batch loss: 0.55258, batch accuracy: 82.81, data load time: 0.00028, step time: 0.02344
epoch: [7], step: [62/391], batch loss: 0.66493, batch accuracy: 77.34, data load time: 0.00029, step time: 0.02341
epoch: [7], step: [72/391], batch loss: 0.45155, batch accuracy: 87.50, data load time: 0.00028, step time: 0.02332
epoch: [7], step: [82/391], batch loss: 0.61472, batch accuracy: 78.91, data load time: 0.00029, step time: 0.02323
epoch: [7], step: [92/391], batch loss: 0.62313, batch accuracy: 82.03, data load time: 0.00028, step time: 0.02317
epoch: [7], step: [102/391], batch loss: 0.46527, batch accuracy: 85.94, data load time: 0.00029, step time: 0.02314
epoch: [7], step: [112/391], batch loss: 0.61901, batch accuracy: 80.47, data load time: 0.00029, step time: 0.02306
epoch: [7], step: [122/391], batch loss: 0.57844, batch accuracy: 80.47, data load time: 0.00029, step time: 0.02313
epoch: [7], step: [132/391], batch loss: 0.61424, batch accuracy: 79.69, data load time: 0.00029, step time: 0.02299
epoch: [7], step: [142/391], batch loss: 0.73197, batch accuracy: 76.56, data load time: 0.00029, step time: 0.02307
epoch: [7], step: [152/391], batch loss: 0.56822, batch accuracy: 80.47, data load time: 0.00030, step time: 0.02310
epoch: [7], step: [162/391], batch loss: 0.64219, batch accuracy: 77.34, data load time: 0.00031, step time: 0.02307
epoch: [7], step: [172/391], batch loss: 0.72740, batch accuracy: 75.00, data load time: 0.00029, step time: 0.02286
epoch: [7], step: [182/391], batch loss: 0.54441, batch accuracy: 78.12, data load time: 0.00029, step time: 0.02289
epoch: [7], step: [192/391], batch loss: 0.50405, batch accuracy: 78.91, data load time: 0.00029, step time: 0.02291
epoch: [7], step: [202/391], batch loss: 0.79146, batch accuracy: 73.44, data load time: 0.00030, step time: 0.02293
epoch: [7], step: [212/391], batch loss: 0.64477, batch accuracy: 80.47, data load time: 0.00030, step time: 0.02287
epoch: [7], step: [222/391], batch loss: 0.53853, batch accuracy: 78.12, data load time: 0.00030, step time: 0.02313
epoch: [7], step: [232/391], batch loss: 0.64261, batch accuracy: 79.69, data load time: 0.00029, step time: 0.02297
epoch: [7], step: [242/391], batch loss: 0.58462, batch accuracy: 79.69, data load time: 0.00029, step time: 0.02291
epoch: [7], step: [252/391], batch loss: 0.53408, batch accuracy: 82.03, data load time: 0.00029, step time: 0.02286
epoch: [7], step: [262/391], batch loss: 0.80151, batch accuracy: 76.56, data load time: 0.00029, step time: 0.02308
epoch: [7], step: [272/391], batch loss: 0.69965, batch accuracy: 75.00, data load time: 0.00030, step time: 0.02288
epoch: [7], step: [282/391], batch loss: 0.66650, batch accuracy: 78.91, data load time: 0.00030, step time: 0.02285
epoch: [7], step: [292/391], batch loss: 0.62422, batch accuracy: 78.12, data load time: 0.00029, step time: 0.02536
epoch: [7], step: [302/391], batch loss: 0.45952, batch accuracy: 85.16, data load time: 0.00029, step time: 0.02294
epoch: [7], step: [312/391], batch loss: 0.64279, batch accuracy: 78.12, data load time: 0.00030, step time: 0.02287
epoch: [7], step: [322/391], batch loss: 0.65395, batch accuracy: 75.00, data load time: 0.00029, step time: 0.02293
epoch: [7], step: [332/391], batch loss: 0.82988, batch accuracy: 69.53, data load time: 0.00029, step time: 0.02291
epoch: [7], step: [342/391], batch loss: 0.56859, batch accuracy: 78.12, data load time: 0.00025, step time: 0.00448
epoch: [7], step: [352/391], batch loss: 0.63846, batch accuracy: 77.34, data load time: 0.00025, step time: 0.00448
epoch: [7], step: [362/391], batch loss: 0.69785, batch accuracy: 76.56, data load time: 0.00025, step time: 0.00449
epoch: [7], step: [372/391], batch loss: 0.43287, batch accuracy: 83.59, data load time: 0.00025, step time: 0.00445
epoch: [7], step: [382/391], batch loss: 0.68127, batch accuracy: 75.78, data load time: 0.00025, step time: 0.00448
validation loss: 1.09779, accuracy: 67.62
epoch: [8], step: [1/391], batch loss: 0.42939, batch accuracy: 85.16, data load time: 0.00033, step time: 0.00449
epoch: [8], step: [11/391], batch loss: 0.46490, batch accuracy: 84.38, data load time: 0.00030, step time: 0.02332
epoch: [8], step: [21/391], batch loss: 0.52106, batch accuracy: 81.25, data load time: 0.00029, step time: 0.02344
epoch: [8], step: [31/391], batch loss: 0.43661, batch accuracy: 82.81, data load time: 0.00028, step time: 0.02337
epoch: [8], step: [41/391], batch loss: 0.60040, batch accuracy: 76.56, data load time: 0.00028, step time: 0.02335
epoch: [8], step: [51/391], batch loss: 0.60118, batch accuracy: 80.47, data load time: 0.00028, step time: 0.02346
epoch: [8], step: [61/391], batch loss: 0.59205, batch accuracy: 80.47, data load time: 0.00028, step time: 0.02341
epoch: [8], step: [71/391], batch loss: 0.64796, batch accuracy: 78.12, data load time: 0.00028, step time: 0.02324
epoch: [8], step: [81/391], batch loss: 0.54515, batch accuracy: 76.56, data load time: 0.00028, step time: 0.02334
epoch: [8], step: [91/391], batch loss: 0.44304, batch accuracy: 84.38, data load time: 0.00028, step time: 0.02317
epoch: [8], step: [101/391], batch loss: 0.72331, batch accuracy: 77.34, data load time: 0.00029, step time: 0.02308
epoch: [8], step: [111/391], batch loss: 0.68636, batch accuracy: 75.78, data load time: 0.00029, step time: 0.02303
epoch: [8], step: [121/391], batch loss: 0.46311, batch accuracy: 78.91, data load time: 0.00029, step time: 0.02328
epoch: [8], step: [131/391], batch loss: 0.60205, batch accuracy: 79.69, data load time: 0.00029, step time: 0.02304
epoch: [8], step: [141/391], batch loss: 0.62936, batch accuracy: 78.12, data load time: 0.00030, step time: 0.02297
epoch: [8], step: [151/391], batch loss: 0.53489, batch accuracy: 79.69, data load time: 0.00029, step time: 0.02310
epoch: [8], step: [161/391], batch loss: 0.48346, batch accuracy: 80.47, data load time: 0.00029, step time: 0.02317
epoch: [8], step: [171/391], batch loss: 0.58442, batch accuracy: 78.91, data load time: 0.00029, step time: 0.02294
epoch: [8], step: [181/391], batch loss: 0.50236, batch accuracy: 85.94, data load time: 0.00029, step time: 0.02280
epoch: [8], step: [191/391], batch loss: 0.56901, batch accuracy: 78.12, data load time: 0.00029, step time: 0.02291
epoch: [8], step: [201/391], batch loss: 0.50755, batch accuracy: 82.81, data load time: 0.00029, step time: 0.02363
epoch: [8], step: [211/391], batch loss: 0.46666, batch accuracy: 84.38, data load time: 0.00029, step time: 0.02285
epoch: [8], step: [221/391], batch loss: 0.53791, batch accuracy: 85.94, data load time: 0.00029, step time: 0.02305
epoch: [8], step: [231/391], batch loss: 0.58516, batch accuracy: 79.69, data load time: 0.00030, step time: 0.02310
epoch: [8], step: [241/391], batch loss: 0.62703, batch accuracy: 79.69, data load time: 0.00030, step time: 0.02306
epoch: [8], step: [251/391], batch loss: 0.56858, batch accuracy: 78.12, data load time: 0.00029, step time: 0.02314
epoch: [8], step: [261/391], batch loss: 0.65616, batch accuracy: 79.69, data load time: 0.00029, step time: 0.02315
epoch: [8], step: [271/391], batch loss: 0.46561, batch accuracy: 80.47, data load time: 0.00029, step time: 0.02297
epoch: [8], step: [281/391], batch loss: 0.69336, batch accuracy: 82.03, data load time: 0.00029, step time: 0.02398
epoch: [8], step: [291/391], batch loss: 0.70286, batch accuracy: 74.22, data load time: 0.00030, step time: 0.02398
epoch: [8], step: [301/391], batch loss: 0.49055, batch accuracy: 80.47, data load time: 0.00029, step time: 0.02397
epoch: [8], step: [311/391], batch loss: 0.38321, batch accuracy: 84.38, data load time: 0.00030, step time: 0.02291
epoch: [8], step: [321/391], batch loss: 0.55531, batch accuracy: 81.25, data load time: 0.00029, step time: 0.02294
epoch: [8], step: [331/391], batch loss: 0.62815, batch accuracy: 82.03, data load time: 0.00029, step time: 0.02287
epoch: [8], step: [341/391], batch loss: 0.42912, batch accuracy: 82.81, data load time: 0.00025, step time: 0.00479
epoch: [8], step: [351/391], batch loss: 0.83215, batch accuracy: 74.22, data load time: 0.00025, step time: 0.00480
epoch: [8], step: [361/391], batch loss: 0.59799, batch accuracy: 77.34, data load time: 0.00025, step time: 0.00481
epoch: [8], step: [371/391], batch loss: 0.70123, batch accuracy: 75.78, data load time: 0.00025, step time: 0.00480
epoch: [8], step: [381/391], batch loss: 0.65721, batch accuracy: 75.78, data load time: 0.00025, step time: 0.00451
epoch: [9], step: [0/391], batch loss: 0.44950, batch accuracy: 87.50, data load time: 1.54377, step time: 0.52176
epoch: [9], step: [10/391], batch loss: 0.43538, batch accuracy: 85.16, data load time: 0.00029, step time: 0.02341
epoch: [9], step: [20/391], batch loss: 0.35027, batch accuracy: 85.94, data load time: 0.00030, step time: 0.02333
epoch: [9], step: [30/391], batch loss: 0.39780, batch accuracy: 86.72, data load time: 0.00028, step time: 0.02344
epoch: [9], step: [40/391], batch loss: 0.42603, batch accuracy: 85.16, data load time: 0.00028, step time: 0.02349
epoch: [9], step: [50/391], batch loss: 0.50007, batch accuracy: 80.47, data load time: 0.00028, step time: 0.02344
epoch: [9], step: [60/391], batch loss: 0.47377, batch accuracy: 85.94, data load time: 0.00028, step time: 0.02337
epoch: [9], step: [70/391], batch loss: 0.50750, batch accuracy: 86.72, data load time: 0.00028, step time: 0.02329
epoch: [9], step: [80/391], batch loss: 0.67611, batch accuracy: 76.56, data load time: 0.00029, step time: 0.02333
epoch: [9], step: [90/391], batch loss: 0.63354, batch accuracy: 81.25, data load time: 0.00028, step time: 0.02434
epoch: [9], step: [100/391], batch loss: 0.42318, batch accuracy: 85.16, data load time: 0.00029, step time: 0.02431
epoch: [9], step: [110/391], batch loss: 0.46391, batch accuracy: 84.38, data load time: 0.00028, step time: 0.02443
epoch: [9], step: [120/391], batch loss: 0.46071, batch accuracy: 85.16, data load time: 0.00029, step time: 0.02311
epoch: [9], step: [130/391], batch loss: 0.63611, batch accuracy: 83.59, data load time: 0.00030, step time: 0.02306
epoch: [9], step: [140/391], batch loss: 0.63041, batch accuracy: 77.34, data load time: 0.00029, step time: 0.02308
epoch: [9], step: [150/391], batch loss: 0.46372, batch accuracy: 82.81, data load time: 0.00030, step time: 0.02320
epoch: [9], step: [160/391], batch loss: 0.41271, batch accuracy: 86.72, data load time: 0.00029, step time: 0.02308
epoch: [9], step: [170/391], batch loss: 0.35936, batch accuracy: 87.50, data load time: 0.00030, step time: 0.02286
epoch: [9], step: [180/391], batch loss: 0.63299, batch accuracy: 77.34, data load time: 0.00029, step time: 0.02291
epoch: [9], step: [190/391], batch loss: 0.40496, batch accuracy: 83.59, data load time: 0.00029, step time: 0.02296
epoch: [9], step: [200/391], batch loss: 0.69911, batch accuracy: 74.22, data load time: 0.00030, step time: 0.02291
epoch: [9], step: [210/391], batch loss: 0.63144, batch accuracy: 78.91, data load time: 0.00030, step time: 0.02293
epoch: [9], step: [220/391], batch loss: 0.55711, batch accuracy: 79.69, data load time: 0.00029, step time: 0.02296
epoch: [9], step: [230/391], batch loss: 0.48155, batch accuracy: 86.72, data load time: 0.00029, step time: 0.02296
epoch: [9], step: [240/391], batch loss: 0.41690, batch accuracy: 82.81, data load time: 0.00029, step time: 0.02303
epoch: [9], step: [250/391], batch loss: 0.57299, batch accuracy: 82.81, data load time: 0.00030, step time: 0.02300
epoch: [9], step: [260/391], batch loss: 0.55782, batch accuracy: 83.59, data load time: 0.00029, step time: 0.02294
epoch: [9], step: [270/391], batch loss: 0.52148, batch accuracy: 78.12, data load time: 0.00029, step time: 0.02303
epoch: [9], step: [280/391], batch loss: 0.53205, batch accuracy: 80.47, data load time: 0.00029, step time: 0.02284
epoch: [9], step: [290/391], batch loss: 0.53458, batch accuracy: 80.47, data load time: 0.00030, step time: 0.02287
epoch: [9], step: [300/391], batch loss: 0.61470, batch accuracy: 80.47, data load time: 0.00029, step time: 0.02285
epoch: [9], step: [310/391], batch loss: 0.63756, batch accuracy: 78.12, data load time: 0.00030, step time: 0.02284
epoch: [9], step: [320/391], batch loss: 0.46917, batch accuracy: 82.81, data load time: 0.00029, step time: 0.02307
epoch: [9], step: [330/391], batch loss: 0.41431, batch accuracy: 84.38, data load time: 0.00029, step time: 0.02291
epoch: [9], step: [340/391], batch loss: 0.51102, batch accuracy: 78.91, data load time: 0.00026, step time: 0.00447
epoch: [9], step: [350/391], batch loss: 0.62737, batch accuracy: 78.91, data load time: 0.00025, step time: 0.00447
epoch: [9], step: [360/391], batch loss: 0.51625, batch accuracy: 76.56, data load time: 0.00025, step time: 0.00446
epoch: [9], step: [370/391], batch loss: 0.45013, batch accuracy: 87.50, data load time: 0.00025, step time: 0.00447
epoch: [9], step: [380/391], batch loss: 0.52254, batch accuracy: 80.47, data load time: 0.00025, step time: 0.00449
epoch: [9], step: [390/391], batch loss: 0.64663, batch accuracy: 77.50, data load time: 0.00020, step time: 0.00325
validation loss: 1.89033, accuracy: 55.86
epoch: [10], step: [9/391], batch loss: 0.36257, batch accuracy: 87.50, data load time: 0.00029, step time: 0.18286
epoch: [10], step: [19/391], batch loss: 0.46729, batch accuracy: 83.59, data load time: 0.00029, step time: 0.02333
epoch: [10], step: [29/391], batch loss: 0.38109, batch accuracy: 84.38, data load time: 0.00028, step time: 0.02339
epoch: [10], step: [39/391], batch loss: 0.37716, batch accuracy: 88.28, data load time: 0.00028, step time: 0.02342
epoch: [10], step: [49/391], batch loss: 0.31543, batch accuracy: 89.06, data load time: 0.00029, step time: 0.02351
epoch: [10], step: [59/391], batch loss: 0.36359, batch accuracy: 87.50, data load time: 0.00029, step time: 0.02335
epoch: [10], step: [69/391], batch loss: 0.35640, batch accuracy: 89.06, data load time: 0.00028, step time: 0.02324
epoch: [10], step: [79/391], batch loss: 0.34977, batch accuracy: 89.84, data load time: 0.00028, step time: 0.02324
epoch: [10], step: [89/391], batch loss: 0.46392, batch accuracy: 84.38, data load time: 0.00029, step time: 0.02312
epoch: [10], step: [99/391], batch loss: 0.45418, batch accuracy: 79.69, data load time: 0.00030, step time: 0.02304
epoch: [10], step: [109/391], batch loss: 0.46332, batch accuracy: 85.94, data load time: 0.00029, step time: 0.02318
epoch: [10], step: [119/391], batch loss: 0.48063, batch accuracy: 83.59, data load time: 0.00029, step time: 0.02409
epoch: [10], step: [129/391], batch loss: 0.64218, batch accuracy: 77.34, data load time: 0.00029, step time: 0.02309
epoch: [10], step: [139/391], batch loss: 0.57208, batch accuracy: 76.56, data load time: 0.00029, step time: 0.02302
epoch: [10], step: [149/391], batch loss: 0.45264, batch accuracy: 85.16, data load time: 0.00029, step time: 0.02303
epoch: [10], step: [159/391], batch loss: 0.62369, batch accuracy: 82.03, data load time: 0.00029, step time: 0.02307
epoch: [10], step: [169/391], batch loss: 0.45155, batch accuracy: 85.94, data load time: 0.00030, step time: 0.02281
epoch: [10], step: [179/391], batch loss: 0.51788, batch accuracy: 80.47, data load time: 0.00029, step time: 0.02283
epoch: [10], step: [189/391], batch loss: 0.54862, batch accuracy: 80.47, data load time: 0.00030, step time: 0.02284
epoch: [10], step: [199/391], batch loss: 0.52291, batch accuracy: 78.12, data load time: 0.00029, step time: 0.02287
epoch: [10], step: [209/391], batch loss: 0.59750, batch accuracy: 80.47, data load time: 0.00029, step time: 0.02279
epoch: [10], step: [219/391], batch loss: 0.32460, batch accuracy: 88.28, data load time: 0.00030, step time: 0.02287
epoch: [10], step: [229/391], batch loss: 0.51797, batch accuracy: 84.38, data load time: 0.00029, step time: 0.02285
epoch: [10], step: [239/391], batch loss: 0.49110, batch accuracy: 82.81, data load time: 0.00029, step time: 0.02277
epoch: [10], step: [249/391], batch loss: 0.35996, batch accuracy: 87.50, data load time: 0.00030, step time: 0.02289
epoch: [10], step: [259/391], batch loss: 0.52146, batch accuracy: 82.81, data load time: 0.00030, step time: 0.02285
epoch: [10], step: [269/391], batch loss: 0.36842, batch accuracy: 86.72, data load time: 0.00029, step time: 0.02291
epoch: [10], step: [279/391], batch loss: 0.34842, batch accuracy: 87.50, data load time: 0.00031, step time: 0.02277
epoch: [10], step: [289/391], batch loss: 0.47300, batch accuracy: 82.03, data load time: 0.00029, step time: 0.02286
epoch: [10], step: [299/391], batch loss: 0.40879, batch accuracy: 86.72, data load time: 0.00029, step time: 0.02286
epoch: [10], step: [309/391], batch loss: 0.64149, batch accuracy: 75.00, data load time: 0.00029, step time: 0.02283
epoch: [10], step: [319/391], batch loss: 0.68493, batch accuracy: 76.56, data load time: 0.00029, step time: 0.02285
epoch: [10], step: [329/391], batch loss: 0.52647, batch accuracy: 81.25, data load time: 0.00030, step time: 0.02285
epoch: [10], step: [339/391], batch loss: 0.60395, batch accuracy: 76.56, data load time: 0.00025, step time: 0.00447
epoch: [10], step: [349/391], batch loss: 0.58985, batch accuracy: 76.56, data load time: 0.00025, step time: 0.00447
epoch: [10], step: [359/391], batch loss: 0.45611, batch accuracy: 79.69, data load time: 0.00025, step time: 0.00448
epoch: [10], step: [369/391], batch loss: 0.56182, batch accuracy: 82.03, data load time: 0.00025, step time: 0.00449
epoch: [10], step: [379/391], batch loss: 0.66243, batch accuracy: 75.00, data load time: 0.00025, step time: 0.00448
epoch: [10], step: [389/391], batch loss: 0.33577, batch accuracy: 86.72, data load time: 0.00025, step time: 0.00446
epoch: [11], step: [8/391], batch loss: 0.41000, batch accuracy: 81.25, data load time: 0.00030, step time: 0.00447
epoch: [11], step: [18/391], batch loss: 0.27213, batch accuracy: 88.28, data load time: 0.00029, step time: 0.02334
epoch: [11], step: [28/391], batch loss: 0.32129, batch accuracy: 87.50, data load time: 0.00028, step time: 0.02318
epoch: [11], step: [38/391], batch loss: 0.40063, batch accuracy: 87.50, data load time: 0.00028, step time: 0.02336
epoch: [11], step: [48/391], batch loss: 0.33350, batch accuracy: 84.38, data load time: 0.00028, step time: 0.02337
epoch: [11], step: [58/391], batch loss: 0.42905, batch accuracy: 85.16, data load time: 0.00028, step time: 0.02339
epoch: [11], step: [68/391], batch loss: 0.36041, batch accuracy: 85.94, data load time: 0.00028, step time: 0.02326
epoch: [11], step: [78/391], batch loss: 0.46033, batch accuracy: 84.38, data load time: 0.00027, step time: 0.02316
epoch: [11], step: [88/391], batch loss: 0.45673, batch accuracy: 82.81, data load time: 0.00028, step time: 0.02327
epoch: [11], step: [98/391], batch loss: 0.37441, batch accuracy: 85.16, data load time: 0.00029, step time: 0.02300
epoch: [11], step: [108/391], batch loss: 0.33525, batch accuracy: 89.06, data load time: 0.00029, step time: 0.02315
epoch: [11], step: [118/391], batch loss: 0.41240, batch accuracy: 85.94, data load time: 0.00029, step time: 0.02333
epoch: [11], step: [128/391], batch loss: 0.37320, batch accuracy: 89.06, data load time: 0.00029, step time: 0.02300
epoch: [11], step: [138/391], batch loss: 0.38654, batch accuracy: 87.50, data load time: 0.00029, step time: 0.02305
epoch: [11], step: [148/391], batch loss: 0.32622, batch accuracy: 87.50, data load time: 0.00030, step time: 0.02341
epoch: [11], step: [158/391], batch loss: 0.32232, batch accuracy: 89.06, data load time: 0.00029, step time: 0.02301
epoch: [11], step: [168/391], batch loss: 0.45395, batch accuracy: 82.03, data load time: 0.00029, step time: 0.02298
epoch: [11], step: [178/391], batch loss: 0.55648, batch accuracy: 79.69, data load time: 0.00029, step time: 0.02284
epoch: [11], step: [188/391], batch loss: 0.36005, batch accuracy: 82.81, data load time: 0.00030, step time: 0.02296
epoch: [11], step: [198/391], batch loss: 0.43098, batch accuracy: 85.16, data load time: 0.00029, step time: 0.02291
epoch: [11], step: [208/391], batch loss: 0.51960, batch accuracy: 82.81, data load time: 0.00029, step time: 0.02288
epoch: [11], step: [218/391], batch loss: 0.47844, batch accuracy: 78.91, data load time: 0.00029, step time: 0.02298
epoch: [11], step: [228/391], batch loss: 0.47998, batch accuracy: 82.81, data load time: 0.00029, step time: 0.02298
epoch: [11], step: [238/391], batch loss: 0.49744, batch accuracy: 81.25, data load time: 0.00029, step time: 0.02293
epoch: [11], step: [248/391], batch loss: 0.54910, batch accuracy: 85.16, data load time: 0.00029, step time: 0.02296
epoch: [11], step: [258/391], batch loss: 0.60918, batch accuracy: 78.12, data load time: 0.00029, step time: 0.02289
epoch: [11], step: [268/391], batch loss: 0.42748, batch accuracy: 85.94, data load time: 0.00029, step time: 0.02295
epoch: [11], step: [278/391], batch loss: 0.59276, batch accuracy: 81.25, data load time: 0.00029, step time: 0.02290
epoch: [11], step: [288/391], batch loss: 0.55044, batch accuracy: 83.59, data load time: 0.00029, step time: 0.02303
epoch: [11], step: [298/391], batch loss: 0.53492, batch accuracy: 78.91, data load time: 0.00029, step time: 0.02288
epoch: [11], step: [308/391], batch loss: 0.59329, batch accuracy: 80.47, data load time: 0.00029, step time: 0.02288
epoch: [11], step: [318/391], batch loss: 0.46714, batch accuracy: 84.38, data load time: 0.00029, step time: 0.02285
epoch: [11], step: [328/391], batch loss: 0.43971, batch accuracy: 84.38, data load time: 0.00030, step time: 0.02293
epoch: [11], step: [338/391], batch loss: 0.40032, batch accuracy: 84.38, data load time: 0.00025, step time: 0.00447
epoch: [11], step: [348/391], batch loss: 0.59727, batch accuracy: 77.34, data load time: 0.00025, step time: 0.00447
epoch: [11], step: [358/391], batch loss: 0.48863, batch accuracy: 82.03, data load time: 0.00025, step time: 0.00447
epoch: [11], step: [368/391], batch loss: 0.48008, batch accuracy: 83.59, data load time: 0.00025, step time: 0.00447
epoch: [11], step: [378/391], batch loss: 0.64218, batch accuracy: 78.12, data load time: 0.00025, step time: 0.00447
epoch: [11], step: [388/391], batch loss: 0.49013, batch accuracy: 82.81, data load time: 0.00025, step time: 0.00447
validation loss: 1.59930, accuracy: 60.96
epoch: [12], step: [7/391], batch loss: 0.49466, batch accuracy: 77.34, data load time: 0.00029, step time: 0.00453
epoch: [12], step: [17/391], batch loss: 0.46185, batch accuracy: 85.94, data load time: 0.00029, step time: 0.02393
epoch: [12], step: [27/391], batch loss: 0.32522, batch accuracy: 86.72, data load time: 0.00681, step time: 0.02068
epoch: [12], step: [37/391], batch loss: 0.31588, batch accuracy: 86.72, data load time: 0.00028, step time: 0.02341
epoch: [12], step: [47/391], batch loss: 0.28690, batch accuracy: 87.50, data load time: 0.00028, step time: 0.02338
epoch: [12], step: [57/391], batch loss: 0.39828, batch accuracy: 88.28, data load time: 0.00028, step time: 0.02345
epoch: [12], step: [67/391], batch loss: 0.34886, batch accuracy: 85.16, data load time: 0.00028, step time: 0.02330
epoch: [12], step: [77/391], batch loss: 0.20456, batch accuracy: 92.19, data load time: 0.00027, step time: 0.02322
epoch: [12], step: [87/391], batch loss: 0.43981, batch accuracy: 85.94, data load time: 0.00028, step time: 0.02323
epoch: [12], step: [97/391], batch loss: 0.37664, batch accuracy: 86.72, data load time: 0.00028, step time: 0.02297
epoch: [12], step: [107/391], batch loss: 0.45138, batch accuracy: 85.94, data load time: 0.00028, step time: 0.02317
epoch: [12], step: [117/391], batch loss: 0.36508, batch accuracy: 89.06, data load time: 0.00029, step time: 0.02299
epoch: [12], step: [127/391], batch loss: 0.66121, batch accuracy: 78.12, data load time: 0.00029, step time: 0.02307
epoch: [12], step: [137/391], batch loss: 0.40851, batch accuracy: 85.16, data load time: 0.00030, step time: 0.02311
epoch: [12], step: [147/391], batch loss: 0.33426, batch accuracy: 88.28, data load time: 0.00029, step time: 0.02303
epoch: [12], step: [157/391], batch loss: 0.47590, batch accuracy: 81.25, data load time: 0.00029, step time: 0.02308
epoch: [12], step: [167/391], batch loss: 0.41214, batch accuracy: 83.59, data load time: 0.00029, step time: 0.02303
epoch: [12], step: [177/391], batch loss: 0.35798, batch accuracy: 86.72, data load time: 0.00029, step time: 0.02277
epoch: [12], step: [187/391], batch loss: 0.36544, batch accuracy: 86.72, data load time: 0.00029, step time: 0.02286
epoch: [12], step: [197/391], batch loss: 0.26043, batch accuracy: 90.62, data load time: 0.00029, step time: 0.02298
epoch: [12], step: [207/391], batch loss: 0.35900, batch accuracy: 85.94, data load time: 0.00029, step time: 0.02280
epoch: [12], step: [217/391], batch loss: 0.37063, batch accuracy: 89.84, data load time: 0.00029, step time: 0.02294
epoch: [12], step: [227/391], batch loss: 0.52101, batch accuracy: 83.59, data load time: 0.00030, step time: 0.02288
epoch: [12], step: [237/391], batch loss: 0.34619, batch accuracy: 87.50, data load time: 0.00029, step time: 0.02281
epoch: [12], step: [247/391], batch loss: 0.45596, batch accuracy: 82.03, data load time: 0.00029, step time: 0.02295
epoch: [12], step: [257/391], batch loss: 0.47474, batch accuracy: 85.16, data load time: 0.00029, step time: 0.02289
epoch: [12], step: [267/391], batch loss: 0.55996, batch accuracy: 78.91, data load time: 0.00029, step time: 0.02310
epoch: [12], step: [277/391], batch loss: 0.52862, batch accuracy: 79.69, data load time: 0.00029, step time: 0.02320
epoch: [12], step: [287/391], batch loss: 0.53786, batch accuracy: 82.81, data load time: 0.00029, step time: 0.02291
epoch: [12], step: [297/391], batch loss: 0.59424, batch accuracy: 76.56, data load time: 0.00029, step time: 0.02287
epoch: [12], step: [307/391], batch loss: 0.27015, batch accuracy: 89.84, data load time: 0.00030, step time: 0.02284
epoch: [12], step: [317/391], batch loss: 0.52331, batch accuracy: 82.81, data load time: 0.00029, step time: 0.02282
epoch: [12], step: [327/391], batch loss: 0.45846, batch accuracy: 84.38, data load time: 0.00029, step time: 0.02289
epoch: [12], step: [337/391], batch loss: 0.43018, batch accuracy: 83.59, data load time: 0.00025, step time: 0.00480
epoch: [12], step: [347/391], batch loss: 0.39421, batch accuracy: 88.28, data load time: 0.00026, step time: 0.00481
epoch: [12], step: [357/391], batch loss: 0.31436, batch accuracy: 90.62, data load time: 0.00025, step time: 0.00482
epoch: [12], step: [367/391], batch loss: 0.30740, batch accuracy: 89.84, data load time: 0.00025, step time: 0.00452
epoch: [12], step: [377/391], batch loss: 0.27417, batch accuracy: 89.06, data load time: 0.00025, step time: 0.00452
epoch: [12], step: [387/391], batch loss: 0.53078, batch accuracy: 79.69, data load time: 0.00025, step time: 0.00450
epoch: [13], step: [6/391], batch loss: 0.28813, batch accuracy: 87.50, data load time: 0.00029, step time: 0.00446
epoch: [13], step: [16/391], batch loss: 0.23115, batch accuracy: 91.41, data load time: 0.00029, step time: 0.02333
epoch: [13], step: [26/391], batch loss: 0.44491, batch accuracy: 83.59, data load time: 0.02634, step time: 0.02087
epoch: [13], step: [36/391], batch loss: 0.33654, batch accuracy: 87.50, data load time: 0.00028, step time: 0.02342
epoch: [13], step: [46/391], batch loss: 0.35508, batch accuracy: 89.84, data load time: 0.00028, step time: 0.02369
epoch: [13], step: [56/391], batch loss: 0.26993, batch accuracy: 91.41, data load time: 0.00028, step time: 0.02340
epoch: [13], step: [66/391], batch loss: 0.24138, batch accuracy: 90.62, data load time: 0.00028, step time: 0.02322
epoch: [13], step: [76/391], batch loss: 0.41430, batch accuracy: 85.16, data load time: 0.00028, step time: 0.02320
epoch: [13], step: [86/391], batch loss: 0.33803, batch accuracy: 87.50, data load time: 0.00028, step time: 0.02312
epoch: [13], step: [96/391], batch loss: 0.31983, batch accuracy: 88.28, data load time: 0.00028, step time: 0.02324
epoch: [13], step: [106/391], batch loss: 0.33193, batch accuracy: 83.59, data load time: 0.00029, step time: 0.02307
epoch: [13], step: [116/391], batch loss: 0.43697, batch accuracy: 85.16, data load time: 0.00029, step time: 0.02306
epoch: [13], step: [126/391], batch loss: 0.29955, batch accuracy: 89.84, data load time: 0.00030, step time: 0.02317
epoch: [13], step: [136/391], batch loss: 0.36197, batch accuracy: 87.50, data load time: 0.00029, step time: 0.02307
epoch: [13], step: [146/391], batch loss: 0.43505, batch accuracy: 82.81, data load time: 0.00030, step time: 0.02306
epoch: [13], step: [156/391], batch loss: 0.28398, batch accuracy: 91.41, data load time: 0.00029, step time: 0.02319
epoch: [13], step: [166/391], batch loss: 0.45550, batch accuracy: 85.94, data load time: 0.00029, step time: 0.02309
epoch: [13], step: [176/391], batch loss: 0.33640, batch accuracy: 89.84, data load time: 0.00030, step time: 0.02283
epoch: [13], step: [186/391], batch loss: 0.39471, batch accuracy: 86.72, data load time: 0.00029, step time: 0.02295
epoch: [13], step: [196/391], batch loss: 0.33140, batch accuracy: 85.94, data load time: 0.00029, step time: 0.02297
epoch: [13], step: [206/391], batch loss: 0.48857, batch accuracy: 82.81, data load time: 0.00029, step time: 0.02298
epoch: [13], step: [216/391], batch loss: 0.39302, batch accuracy: 85.94, data load time: 0.00029, step time: 0.02287
epoch: [13], step: [226/391], batch loss: 0.35077, batch accuracy: 86.72, data load time: 0.00029, step time: 0.02283
epoch: [13], step: [236/391], batch loss: 0.31062, batch accuracy: 91.41, data load time: 0.00029, step time: 0.02293
epoch: [13], step: [246/391], batch loss: 0.38898, batch accuracy: 88.28, data load time: 0.00029, step time: 0.02292
epoch: [13], step: [256/391], batch loss: 0.36809, batch accuracy: 85.16, data load time: 0.00029, step time: 0.02403
epoch: [13], step: [266/391], batch loss: 0.25976, batch accuracy: 92.97, data load time: 0.00029, step time: 0.02401
epoch: [13], step: [276/391], batch loss: 0.36328, batch accuracy: 84.38, data load time: 0.00029, step time: 0.02407
epoch: [13], step: [286/391], batch loss: 0.31563, batch accuracy: 89.06, data load time: 0.00029, step time: 0.02291
epoch: [13], step: [296/391], batch loss: 0.30240, batch accuracy: 89.06, data load time: 0.00029, step time: 0.02294
epoch: [13], step: [306/391], batch loss: 0.41000, batch accuracy: 85.94, data load time: 0.00030, step time: 0.02294
epoch: [13], step: [316/391], batch loss: 0.50258, batch accuracy: 82.81, data load time: 0.00029, step time: 0.02294
epoch: [13], step: [326/391], batch loss: 0.50441, batch accuracy: 83.59, data load time: 0.00029, step time: 0.02296
epoch: [13], step: [336/391], batch loss: 0.42632, batch accuracy: 87.50, data load time: 0.00025, step time: 0.00447
epoch: [13], step: [346/391], batch loss: 0.46515, batch accuracy: 81.25, data load time: 0.00025, step time: 0.00449
epoch: [13], step: [356/391], batch loss: 0.39812, batch accuracy: 87.50, data load time: 0.00025, step time: 0.00448
epoch: [13], step: [366/391], batch loss: 0.41517, batch accuracy: 88.28, data load time: 0.00025, step time: 0.00447
epoch: [13], step: [376/391], batch loss: 0.41888, batch accuracy: 82.03, data load time: 0.00026, step time: 0.00447
epoch: [13], step: [386/391], batch loss: 0.37031, batch accuracy: 85.94, data load time: 0.00025, step time: 0.00447
validation loss: 2.66413, accuracy: 50.28
epoch: [14], step: [5/391], batch loss: 0.28501, batch accuracy: 89.84, data load time: 0.00029, step time: 0.00446
epoch: [14], step: [15/391], batch loss: 0.46785, batch accuracy: 79.69, data load time: 0.00029, step time: 0.02338
epoch: [14], step: [25/391], batch loss: 0.39090, batch accuracy: 87.50, data load time: 0.07586, step time: 0.02351
epoch: [14], step: [35/391], batch loss: 0.36484, batch accuracy: 85.94, data load time: 0.00029, step time: 0.02338
epoch: [14], step: [45/391], batch loss: 0.26207, batch accuracy: 92.19, data load time: 0.00028, step time: 0.02337
epoch: [14], step: [55/391], batch loss: 0.33924, batch accuracy: 85.94, data load time: 0.02719, step time: 0.02331
epoch: [14], step: [65/391], batch loss: 0.41449, batch accuracy: 82.03, data load time: 0.00028, step time: 0.02325
epoch: [14], step: [75/391], batch loss: 0.32618, batch accuracy: 90.62, data load time: 0.00028, step time: 0.02317
epoch: [14], step: [85/391], batch loss: 0.32060, batch accuracy: 88.28, data load time: 0.00028, step time: 0.02345
epoch: [14], step: [95/391], batch loss: 0.24165, batch accuracy: 89.06, data load time: 0.00028, step time: 0.02326
epoch: [14], step: [105/391], batch loss: 0.23179, batch accuracy: 92.19, data load time: 0.00029, step time: 0.02308
epoch: [14], step: [115/391], batch loss: 0.42783, batch accuracy: 89.06, data load time: 0.00033, step time: 0.02316
epoch: [14], step: [125/391], batch loss: 0.50144, batch accuracy: 79.69, data load time: 0.00029, step time: 0.02405
epoch: [14], step: [135/391], batch loss: 0.41672, batch accuracy: 82.03, data load time: 0.00029, step time: 0.02297
epoch: [14], step: [145/391], batch loss: 0.29035, batch accuracy: 89.06, data load time: 0.00029, step time: 0.02302
epoch: [14], step: [155/391], batch loss: 0.28627, batch accuracy: 89.84, data load time: 0.00029, step time: 0.02305
epoch: [14], step: [165/391], batch loss: 0.26101, batch accuracy: 88.28, data load time: 0.00029, step time: 0.02300
epoch: [14], step: [175/391], batch loss: 0.42475, batch accuracy: 85.94, data load time: 0.00029, step time: 0.02296
epoch: [14], step: [185/391], batch loss: 0.31452, batch accuracy: 89.06, data load time: 0.00029, step time: 0.02293
epoch: [14], step: [195/391], batch loss: 0.32615, batch accuracy: 87.50, data load time: 0.00030, step time: 0.02294
epoch: [14], step: [205/391], batch loss: 0.38774, batch accuracy: 85.94, data load time: 0.00029, step time: 0.02282
epoch: [14], step: [215/391], batch loss: 0.41957, batch accuracy: 85.94, data load time: 0.00030, step time: 0.02286
epoch: [14], step: [225/391], batch loss: 0.27035, batch accuracy: 89.06, data load time: 0.00029, step time: 0.02288
epoch: [14], step: [235/391], batch loss: 0.28620, batch accuracy: 88.28, data load time: 0.00029, step time: 0.02298
epoch: [14], step: [245/391], batch loss: 0.45870, batch accuracy: 85.16, data load time: 0.00029, step time: 0.02290
epoch: [14], step: [255/391], batch loss: 0.33293, batch accuracy: 88.28, data load time: 0.00029, step time: 0.02294
epoch: [14], step: [265/391], batch loss: 0.61854, batch accuracy: 78.91, data load time: 0.00029, step time: 0.02286
epoch: [14], step: [275/391], batch loss: 0.43622, batch accuracy: 82.81, data load time: 0.00029, step time: 0.02294
epoch: [14], step: [285/391], batch loss: 0.28205, batch accuracy: 89.84, data load time: 0.00029, step time: 0.02291
epoch: [14], step: [295/391], batch loss: 0.49212, batch accuracy: 80.47, data load time: 0.00029, step time: 0.02287
epoch: [14], step: [305/391], batch loss: 0.32905, batch accuracy: 86.72, data load time: 0.00029, step time: 0.02287
epoch: [14], step: [315/391], batch loss: 0.43569, batch accuracy: 84.38, data load time: 0.00029, step time: 0.02297
epoch: [14], step: [325/391], batch loss: 0.52883, batch accuracy: 82.03, data load time: 0.00029, step time: 0.02289
epoch: [14], step: [335/391], batch loss: 0.56359, batch accuracy: 80.47, data load time: 0.00025, step time: 0.00447
epoch: [14], step: [345/391], batch loss: 0.42083, batch accuracy: 85.16, data load time: 0.00025, step time: 0.00447
epoch: [14], step: [355/391], batch loss: 0.59561, batch accuracy: 80.47, data load time: 0.00025, step time: 0.00447
epoch: [14], step: [365/391], batch loss: 0.23680, batch accuracy: 89.84, data load time: 0.00025, step time: 0.00450
epoch: [14], step: [375/391], batch loss: 0.37938, batch accuracy: 84.38, data load time: 0.00026, step time: 0.00447
epoch: [14], step: [385/391], batch loss: 0.42345, batch accuracy: 85.94, data load time: 0.00025, step time: 0.00447
epoch: [15], step: [4/391], batch loss: 0.20981, batch accuracy: 92.97, data load time: 0.00029, step time: 0.00553
epoch: [15], step: [14/391], batch loss: 0.32637, batch accuracy: 89.84, data load time: 0.00029, step time: 0.02406
epoch: [15], step: [24/391], batch loss: 0.26099, batch accuracy: 89.84, data load time: 0.02172, step time: 0.02347
epoch: [15], step: [34/391], batch loss: 0.27850, batch accuracy: 88.28, data load time: 0.00028, step time: 0.02347
epoch: [15], step: [44/391], batch loss: 0.38314, batch accuracy: 86.72, data load time: 0.00028, step time: 0.02345
epoch: [15], step: [54/391], batch loss: 0.27129, batch accuracy: 91.41, data load time: 0.00029, step time: 0.02346
epoch: [15], step: [64/391], batch loss: 0.22398, batch accuracy: 92.97, data load time: 0.00028, step time: 0.02333
epoch: [15], step: [74/391], batch loss: 0.42546, batch accuracy: 87.50, data load time: 0.00029, step time: 0.02327
epoch: [15], step: [84/391], batch loss: 0.25324, batch accuracy: 90.62, data load time: 0.00028, step time: 0.02325
epoch: [15], step: [94/391], batch loss: 0.30759, batch accuracy: 90.62, data load time: 0.00028, step time: 0.02320
epoch: [15], step: [104/391], batch loss: 0.24667, batch accuracy: 91.41, data load time: 0.00029, step time: 0.02317
epoch: [15], step: [114/391], batch loss: 0.35057, batch accuracy: 85.16, data load time: 0.00029, step time: 0.02327
epoch: [15], step: [124/391], batch loss: 0.31451, batch accuracy: 86.72, data load time: 0.00029, step time: 0.02305
epoch: [15], step: [134/391], batch loss: 0.26812, batch accuracy: 89.84, data load time: 0.00029, step time: 0.02312
epoch: [15], step: [144/391], batch loss: 0.34666, batch accuracy: 89.84, data load time: 0.00030, step time: 0.02302
epoch: [15], step: [154/391], batch loss: 0.42925, batch accuracy: 85.94, data load time: 0.00029, step time: 0.02317
epoch: [15], step: [164/391], batch loss: 0.19842, batch accuracy: 94.53, data load time: 0.00029, step time: 0.02308
epoch: [15], step: [174/391], batch loss: 0.30279, batch accuracy: 84.38, data load time: 0.00029, step time: 0.02295
epoch: [15], step: [184/391], batch loss: 0.43926, batch accuracy: 83.59, data load time: 0.00029, step time: 0.02287
epoch: [15], step: [194/391], batch loss: 0.32692, batch accuracy: 88.28, data load time: 0.00029, step time: 0.02292
epoch: [15], step: [204/391], batch loss: 0.24327, batch accuracy: 91.41, data load time: 0.00029, step time: 0.02303
epoch: [15], step: [214/391], batch loss: 0.31140, batch accuracy: 88.28, data load time: 0.00029, step time: 0.02296
epoch: [15], step: [224/391], batch loss: 0.29522, batch accuracy: 87.50, data load time: 0.00030, step time: 0.02291
epoch: [15], step: [234/391], batch loss: 0.36961, batch accuracy: 85.94, data load time: 0.00029, step time: 0.02291
epoch: [15], step: [244/391], batch loss: 0.30901, batch accuracy: 89.06, data load time: 0.00029, step time: 0.02297
epoch: [15], step: [254/391], batch loss: 0.40020, batch accuracy: 84.38, data load time: 0.00029, step time: 0.02291
epoch: [15], step: [264/391], batch loss: 0.33881, batch accuracy: 89.06, data load time: 0.00030, step time: 0.02292
epoch: [15], step: [274/391], batch loss: 0.36199, batch accuracy: 84.38, data load time: 0.00029, step time: 0.02290
epoch: [15], step: [284/391], batch loss: 0.45058, batch accuracy: 87.50, data load time: 0.00029, step time: 0.02292
epoch: [15], step: [294/391], batch loss: 0.44080, batch accuracy: 84.38, data load time: 0.00030, step time: 0.02292
epoch: [15], step: [304/391], batch loss: 0.40252, batch accuracy: 82.81, data load time: 0.00029, step time: 0.02294
epoch: [15], step: [314/391], batch loss: 0.57298, batch accuracy: 83.59, data load time: 0.00029, step time: 0.02287
epoch: [15], step: [324/391], batch loss: 0.41660, batch accuracy: 82.81, data load time: 0.00030, step time: 0.02287
epoch: [15], step: [334/391], batch loss: 0.35484, batch accuracy: 86.72, data load time: 0.00280, step time: 0.01587
epoch: [15], step: [344/391], batch loss: 0.28365, batch accuracy: 89.84, data load time: 0.00026, step time: 0.00448
epoch: [15], step: [354/391], batch loss: 0.39286, batch accuracy: 84.38, data load time: 0.00025, step time: 0.00447
epoch: [15], step: [364/391], batch loss: 0.30985, batch accuracy: 89.06, data load time: 0.00025, step time: 0.00448
epoch: [15], step: [374/391], batch loss: 0.40400, batch accuracy: 84.38, data load time: 0.00025, step time: 0.00446
epoch: [15], step: [384/391], batch loss: 0.30074, batch accuracy: 89.06, data load time: 0.00026, step time: 0.00447
validation loss: 2.68033, accuracy: 52.36
epoch: [16], step: [3/391], batch loss: 0.34770, batch accuracy: 86.72, data load time: 0.00029, step time: 0.00456
epoch: [16], step: [13/391], batch loss: 0.32323, batch accuracy: 88.28, data load time: 0.00029, step time: 0.02344
epoch: [16], step: [23/391], batch loss: 0.26141, batch accuracy: 89.84, data load time: 0.00029, step time: 0.02348
epoch: [16], step: [33/391], batch loss: 0.28353, batch accuracy: 92.19, data load time: 0.00029, step time: 0.02350
epoch: [16], step: [43/391], batch loss: 0.18644, batch accuracy: 93.75, data load time: 0.00028, step time: 0.02362
epoch: [16], step: [53/391], batch loss: 0.20963, batch accuracy: 92.97, data load time: 0.00028, step time: 0.02374
epoch: [16], step: [63/391], batch loss: 0.17498, batch accuracy: 95.31, data load time: 0.00031, step time: 0.02375
epoch: [16], step: [73/391], batch loss: 0.38903, batch accuracy: 83.59, data load time: 0.00028, step time: 0.02330
epoch: [16], step: [83/391], batch loss: 0.23914, batch accuracy: 92.19, data load time: 0.00036, step time: 0.02336
epoch: [16], step: [93/391], batch loss: 0.23265, batch accuracy: 89.06, data load time: 0.00028, step time: 0.02305
epoch: [16], step: [103/391], batch loss: 0.29969, batch accuracy: 88.28, data load time: 0.00029, step time: 0.02316
epoch: [16], step: [113/391], batch loss: 0.19020, batch accuracy: 93.75, data load time: 0.00029, step time: 0.02308
epoch: [16], step: [123/391], batch loss: 0.28028, batch accuracy: 89.84, data load time: 0.00030, step time: 0.02307
epoch: [16], step: [133/391], batch loss: 0.31960, batch accuracy: 89.84, data load time: 0.00029, step time: 0.02313
epoch: [16], step: [143/391], batch loss: 0.28110, batch accuracy: 91.41, data load time: 0.00029, step time: 0.02325
epoch: [16], step: [153/391], batch loss: 0.27267, batch accuracy: 88.28, data load time: 0.00029, step time: 0.02316
epoch: [16], step: [163/391], batch loss: 0.27731, batch accuracy: 89.06, data load time: 0.00029, step time: 0.02322
epoch: [16], step: [173/391], batch loss: 0.35356, batch accuracy: 85.16, data load time: 0.00029, step time: 0.02297
epoch: [16], step: [183/391], batch loss: 0.18207, batch accuracy: 92.97, data load time: 0.00030, step time: 0.02304
epoch: [16], step: [193/391], batch loss: 0.38076, batch accuracy: 85.94, data load time: 0.00029, step time: 0.02303
epoch: [16], step: [203/391], batch loss: 0.30016, batch accuracy: 88.28, data load time: 0.00029, step time: 0.02317
epoch: [16], step: [213/391], batch loss: 0.27315, batch accuracy: 92.19, data load time: 0.00029, step time: 0.02299
epoch: [16], step: [223/391], batch loss: 0.44978, batch accuracy: 82.81, data load time: 0.00029, step time: 0.02301
epoch: [16], step: [233/391], batch loss: 0.23340, batch accuracy: 91.41, data load time: 0.00029, step time: 0.02295
epoch: [16], step: [243/391], batch loss: 0.22793, batch accuracy: 93.75, data load time: 0.00029, step time: 0.02307
epoch: [16], step: [253/391], batch loss: 0.40157, batch accuracy: 83.59, data load time: 0.00029, step time: 0.02290
epoch: [16], step: [263/391], batch loss: 0.29149, batch accuracy: 89.84, data load time: 0.00030, step time: 0.02289
epoch: [16], step: [273/391], batch loss: 0.34849, batch accuracy: 86.72, data load time: 0.00029, step time: 0.02304
epoch: [16], step: [283/391], batch loss: 0.45128, batch accuracy: 84.38, data load time: 0.00030, step time: 0.02297
epoch: [16], step: [293/391], batch loss: 0.43520, batch accuracy: 86.72, data load time: 0.00029, step time: 0.02295
epoch: [16], step: [303/391], batch loss: 0.27430, batch accuracy: 92.19, data load time: 0.00029, step time: 0.02296
epoch: [16], step: [313/391], batch loss: 0.36894, batch accuracy: 87.50, data load time: 0.00029, step time: 0.02296
epoch: [16], step: [323/391], batch loss: 0.37384, batch accuracy: 86.72, data load time: 0.00029, step time: 0.02304
epoch: [16], step: [333/391], batch loss: 0.35358, batch accuracy: 89.06, data load time: 0.00029, step time: 0.02299
epoch: [16], step: [343/391], batch loss: 0.35513, batch accuracy: 90.62, data load time: 0.00025, step time: 0.00457
epoch: [16], step: [353/391], batch loss: 0.42041, batch accuracy: 82.81, data load time: 0.00025, step time: 0.00457
epoch: [16], step: [363/391], batch loss: 0.49062, batch accuracy: 80.47, data load time: 0.00025, step time: 0.00457
epoch: [16], step: [373/391], batch loss: 0.30913, batch accuracy: 89.84, data load time: 0.00025, step time: 0.00450
epoch: [16], step: [383/391], batch loss: 0.40045, batch accuracy: 86.72, data load time: 0.00025, step time: 0.00450
epoch: [17], step: [2/391], batch loss: 0.22626, batch accuracy: 91.41, data load time: 0.00029, step time: 0.00446
epoch: [17], step: [12/391], batch loss: 0.17251, batch accuracy: 93.75, data load time: 0.00030, step time: 0.02333
epoch: [17], step: [22/391], batch loss: 0.24049, batch accuracy: 90.62, data load time: 0.00029, step time: 0.02347
epoch: [17], step: [32/391], batch loss: 0.23041, batch accuracy: 92.19, data load time: 0.00028, step time: 0.02338
epoch: [17], step: [42/391], batch loss: 0.28609, batch accuracy: 88.28, data load time: 0.00028, step time: 0.02355
epoch: [17], step: [52/391], batch loss: 0.34630, batch accuracy: 87.50, data load time: 0.00028, step time: 0.02354
epoch: [17], step: [62/391], batch loss: 0.20803, batch accuracy: 92.19, data load time: 0.00028, step time: 0.02361
epoch: [17], step: [72/391], batch loss: 0.18308, batch accuracy: 91.41, data load time: 0.00027, step time: 0.02439
epoch: [17], step: [82/391], batch loss: 0.22654, batch accuracy: 92.97, data load time: 0.00028, step time: 0.02329
epoch: [17], step: [92/391], batch loss: 0.25884, batch accuracy: 88.28, data load time: 0.00028, step time: 0.02324
epoch: [17], step: [102/391], batch loss: 0.34841, batch accuracy: 88.28, data load time: 0.00029, step time: 0.02318
epoch: [17], step: [112/391], batch loss: 0.16225, batch accuracy: 92.97, data load time: 0.00029, step time: 0.02306
epoch: [17], step: [122/391], batch loss: 0.33633, batch accuracy: 88.28, data load time: 0.00029, step time: 0.02329
epoch: [17], step: [132/391], batch loss: 0.21388, batch accuracy: 89.84, data load time: 0.00029, step time: 0.02317
epoch: [17], step: [142/391], batch loss: 0.23924, batch accuracy: 92.19, data load time: 0.00029, step time: 0.02307
epoch: [17], step: [152/391], batch loss: 0.31530, batch accuracy: 88.28, data load time: 0.00029, step time: 0.02328
epoch: [17], step: [162/391], batch loss: 0.27582, batch accuracy: 91.41, data load time: 0.00029, step time: 0.02325
epoch: [17], step: [172/391], batch loss: 0.48872, batch accuracy: 80.47, data load time: 0.00029, step time: 0.02291
epoch: [17], step: [182/391], batch loss: 0.22213, batch accuracy: 92.19, data load time: 0.00029, step time: 0.02304
epoch: [17], step: [192/391], batch loss: 0.27555, batch accuracy: 88.28, data load time: 0.00029, step time: 0.02297
epoch: [17], step: [202/391], batch loss: 0.32820, batch accuracy: 87.50, data load time: 0.00029, step time: 0.02298
epoch: [17], step: [212/391], batch loss: 0.27803, batch accuracy: 89.06, data load time: 0.00030, step time: 0.02302
epoch: [17], step: [222/391], batch loss: 0.23276, batch accuracy: 91.41, data load time: 0.00029, step time: 0.02301
epoch: [17], step: [232/391], batch loss: 0.37368, batch accuracy: 85.94, data load time: 0.00029, step time: 0.02297
epoch: [17], step: [242/391], batch loss: 0.27776, batch accuracy: 91.41, data load time: 0.00029, step time: 0.02300
epoch: [17], step: [252/391], batch loss: 0.26792, batch accuracy: 88.28, data load time: 0.00030, step time: 0.02293
epoch: [17], step: [262/391], batch loss: 0.13427, batch accuracy: 96.88, data load time: 0.00029, step time: 0.02294
epoch: [17], step: [272/391], batch loss: 0.40979, batch accuracy: 86.72, data load time: 0.00029, step time: 0.02293
epoch: [17], step: [282/391], batch loss: 0.39203, batch accuracy: 85.16, data load time: 0.00029, step time: 0.02287
epoch: [17], step: [292/391], batch loss: 0.22874, batch accuracy: 90.62, data load time: 0.00029, step time: 0.02295
epoch: [17], step: [302/391], batch loss: 0.47065, batch accuracy: 85.16, data load time: 0.00029, step time: 0.02303
epoch: [17], step: [312/391], batch loss: 0.41383, batch accuracy: 87.50, data load time: 0.00029, step time: 0.02286
epoch: [17], step: [322/391], batch loss: 0.24728, batch accuracy: 90.62, data load time: 0.00029, step time: 0.02306
epoch: [17], step: [332/391], batch loss: 0.39626, batch accuracy: 86.72, data load time: 0.00029, step time: 0.02288
epoch: [17], step: [342/391], batch loss: 0.38677, batch accuracy: 85.16, data load time: 0.00025, step time: 0.00449
epoch: [17], step: [352/391], batch loss: 0.30602, batch accuracy: 88.28, data load time: 0.00025, step time: 0.00448
epoch: [17], step: [362/391], batch loss: 0.39409, batch accuracy: 86.72, data load time: 0.00025, step time: 0.00448
epoch: [17], step: [372/391], batch loss: 0.26735, batch accuracy: 89.84, data load time: 0.00025, step time: 0.00450
epoch: [17], step: [382/391], batch loss: 0.51280, batch accuracy: 79.69, data load time: 0.00025, step time: 0.00447
validation loss: 1.52417, accuracy: 66.50
epoch: [18], step: [1/391], batch loss: 0.23534, batch accuracy: 91.41, data load time: 0.00032, step time: 0.00450
epoch: [18], step: [11/391], batch loss: 0.27600, batch accuracy: 91.41, data load time: 0.00029, step time: 0.02345
epoch: [18], step: [21/391], batch loss: 0.16427, batch accuracy: 95.31, data load time: 0.00030, step time: 0.02337
epoch: [18], step: [31/391], batch loss: 0.26088, batch accuracy: 92.19, data load time: 0.00028, step time: 0.02352
epoch: [18], step: [41/391], batch loss: 0.33369, batch accuracy: 89.06, data load time: 0.00029, step time: 0.02349
epoch: [18], step: [51/391], batch loss: 0.23310, batch accuracy: 92.19, data load time: 0.00028, step time: 0.02344
epoch: [18], step: [61/391], batch loss: 0.19113, batch accuracy: 92.97, data load time: 0.00028, step time: 0.02336
epoch: [18], step: [71/391], batch loss: 0.25798, batch accuracy: 92.19, data load time: 0.00028, step time: 0.02319
epoch: [18], step: [81/391], batch loss: 0.16104, batch accuracy: 92.97, data load time: 0.00028, step time: 0.02323
epoch: [18], step: [91/391], batch loss: 0.25435, batch accuracy: 92.19, data load time: 0.00035, step time: 0.02343
epoch: [18], step: [101/391], batch loss: 0.22640, batch accuracy: 89.06, data load time: 0.00030, step time: 0.02309
epoch: [18], step: [111/391], batch loss: 0.18996, batch accuracy: 95.31, data load time: 0.00030, step time: 0.02306
epoch: [18], step: [121/391], batch loss: 0.32958, batch accuracy: 86.72, data load time: 0.00030, step time: 0.02304
epoch: [18], step: [131/391], batch loss: 0.29841, batch accuracy: 89.84, data load time: 0.00030, step time: 0.02413
epoch: [18], step: [141/391], batch loss: 0.18710, batch accuracy: 92.19, data load time: 0.00030, step time: 0.02303
epoch: [18], step: [151/391], batch loss: 0.32413, batch accuracy: 86.72, data load time: 0.00029, step time: 0.02301
epoch: [18], step: [161/391], batch loss: 0.30288, batch accuracy: 89.06, data load time: 0.00029, step time: 0.02307
epoch: [18], step: [171/391], batch loss: 0.18787, batch accuracy: 94.53, data load time: 0.00029, step time: 0.02315
epoch: [18], step: [181/391], batch loss: 0.26254, batch accuracy: 89.06, data load time: 0.00029, step time: 0.02286
epoch: [18], step: [191/391], batch loss: 0.21756, batch accuracy: 92.97, data load time: 0.00029, step time: 0.02287
epoch: [18], step: [201/391], batch loss: 0.27634, batch accuracy: 89.84, data load time: 0.00029, step time: 0.02281
epoch: [18], step: [211/391], batch loss: 0.20862, batch accuracy: 95.31, data load time: 0.00029, step time: 0.02320
epoch: [18], step: [221/391], batch loss: 0.26119, batch accuracy: 89.84, data load time: 0.00030, step time: 0.02295
epoch: [18], step: [231/391], batch loss: 0.42076, batch accuracy: 85.16, data load time: 0.00029, step time: 0.02293
epoch: [18], step: [241/391], batch loss: 0.27713, batch accuracy: 89.06, data load time: 0.00030, step time: 0.02292
epoch: [18], step: [251/391], batch loss: 0.46425, batch accuracy: 86.72, data load time: 0.00029, step time: 0.02290
epoch: [18], step: [261/391], batch loss: 0.37625, batch accuracy: 84.38, data load time: 0.00030, step time: 0.02291
epoch: [18], step: [271/391], batch loss: 0.23954, batch accuracy: 93.75, data load time: 0.00030, step time: 0.02298
epoch: [18], step: [281/391], batch loss: 0.43984, batch accuracy: 82.03, data load time: 0.00029, step time: 0.02292
epoch: [18], step: [291/391], batch loss: 0.22060, batch accuracy: 91.41, data load time: 0.00030, step time: 0.02283
epoch: [18], step: [301/391], batch loss: 0.24611, batch accuracy: 89.06, data load time: 0.00029, step time: 0.02291
epoch: [18], step: [311/391], batch loss: 0.27701, batch accuracy: 89.06, data load time: 0.00030, step time: 0.02292
epoch: [18], step: [321/391], batch loss: 0.23702, batch accuracy: 90.62, data load time: 0.00029, step time: 0.02292
epoch: [18], step: [331/391], batch loss: 0.40659, batch accuracy: 83.59, data load time: 0.00030, step time: 0.02291
epoch: [18], step: [341/391], batch loss: 0.37388, batch accuracy: 85.94, data load time: 0.00025, step time: 0.00449
epoch: [18], step: [351/391], batch loss: 0.32821, batch accuracy: 84.38, data load time: 0.00025, step time: 0.00446
epoch: [18], step: [361/391], batch loss: 0.43117, batch accuracy: 83.59, data load time: 0.00025, step time: 0.00448
epoch: [18], step: [371/391], batch loss: 0.27396, batch accuracy: 89.06, data load time: 0.00025, step time: 0.00447
epoch: [18], step: [381/391], batch loss: 0.47002, batch accuracy: 83.59, data load time: 0.00026, step time: 0.00448
epoch: [19], step: [0/391], batch loss: 0.31694, batch accuracy: 88.28, data load time: 1.54501, step time: 0.49633
epoch: [19], step: [10/391], batch loss: 0.15042, batch accuracy: 96.09, data load time: 0.00029, step time: 0.02333
epoch: [19], step: [20/391], batch loss: 0.22294, batch accuracy: 93.75, data load time: 0.00029, step time: 0.02334
epoch: [19], step: [30/391], batch loss: 0.16527, batch accuracy: 95.31, data load time: 0.00028, step time: 0.02341
epoch: [19], step: [40/391], batch loss: 0.18253, batch accuracy: 92.97, data load time: 0.00028, step time: 0.02343
epoch: [19], step: [50/391], batch loss: 0.37150, batch accuracy: 91.41, data load time: 0.00028, step time: 0.02355
epoch: [19], step: [60/391], batch loss: 0.23964, batch accuracy: 92.19, data load time: 0.00028, step time: 0.02346
epoch: [19], step: [70/391], batch loss: 0.16525, batch accuracy: 92.97, data load time: 0.00029, step time: 0.02321
epoch: [19], step: [80/391], batch loss: 0.18075, batch accuracy: 95.31, data load time: 0.00028, step time: 0.02319
epoch: [19], step: [90/391], batch loss: 0.20723, batch accuracy: 92.97, data load time: 0.00028, step time: 0.02340
epoch: [19], step: [100/391], batch loss: 0.23191, batch accuracy: 89.84, data load time: 0.00029, step time: 0.02322
epoch: [19], step: [110/391], batch loss: 0.26387, batch accuracy: 89.06, data load time: 0.00029, step time: 0.02316
epoch: [19], step: [120/391], batch loss: 0.15199, batch accuracy: 93.75, data load time: 0.00030, step time: 0.02301
epoch: [19], step: [130/391], batch loss: 0.22351, batch accuracy: 92.97, data load time: 0.00029, step time: 0.02303
epoch: [19], step: [140/391], batch loss: 0.28462, batch accuracy: 91.41, data load time: 0.00029, step time: 0.02309
epoch: [19], step: [150/391], batch loss: 0.31596, batch accuracy: 85.94, data load time: 0.00030, step time: 0.02310
epoch: [19], step: [160/391], batch loss: 0.29107, batch accuracy: 90.62, data load time: 0.00029, step time: 0.02307
epoch: [19], step: [170/391], batch loss: 0.39717, batch accuracy: 89.06, data load time: 0.00029, step time: 0.02297
epoch: [19], step: [180/391], batch loss: 0.17437, batch accuracy: 92.97, data load time: 0.00029, step time: 0.02290
epoch: [19], step: [190/391], batch loss: 0.34280, batch accuracy: 88.28, data load time: 0.00029, step time: 0.02293
epoch: [19], step: [200/391], batch loss: 0.30915, batch accuracy: 90.62, data load time: 0.00030, step time: 0.02295
epoch: [19], step: [210/391], batch loss: 0.27218, batch accuracy: 88.28, data load time: 0.00029, step time: 0.02300
epoch: [19], step: [220/391], batch loss: 0.29372, batch accuracy: 89.06, data load time: 0.00030, step time: 0.02286
epoch: [19], step: [230/391], batch loss: 0.21990, batch accuracy: 91.41, data load time: 0.00029, step time: 0.02285
epoch: [19], step: [240/391], batch loss: 0.25756, batch accuracy: 88.28, data load time: 0.00029, step time: 0.02296
epoch: [19], step: [250/391], batch loss: 0.17795, batch accuracy: 93.75, data load time: 0.00029, step time: 0.02293
epoch: [19], step: [260/391], batch loss: 0.29557, batch accuracy: 88.28, data load time: 0.00029, step time: 0.02290
epoch: [19], step: [270/391], batch loss: 0.24495, batch accuracy: 91.41, data load time: 0.00029, step time: 0.02291
epoch: [19], step: [280/391], batch loss: 0.22153, batch accuracy: 90.62, data load time: 0.00029, step time: 0.02304
epoch: [19], step: [290/391], batch loss: 0.28897, batch accuracy: 87.50, data load time: 0.00029, step time: 0.02284
epoch: [19], step: [300/391], batch loss: 0.35143, batch accuracy: 89.06, data load time: 0.00029, step time: 0.02291
epoch: [19], step: [310/391], batch loss: 0.28469, batch accuracy: 88.28, data load time: 0.00030, step time: 0.02295
epoch: [19], step: [320/391], batch loss: 0.34826, batch accuracy: 89.84, data load time: 0.00030, step time: 0.02323
epoch: [19], step: [330/391], batch loss: 0.36019, batch accuracy: 89.84, data load time: 0.00029, step time: 0.02293
epoch: [19], step: [340/391], batch loss: 0.28414, batch accuracy: 91.41, data load time: 0.00025, step time: 0.00447
epoch: [19], step: [350/391], batch loss: 0.18944, batch accuracy: 92.97, data load time: 0.00025, step time: 0.00447
epoch: [19], step: [360/391], batch loss: 0.25291, batch accuracy: 90.62, data load time: 0.00025, step time: 0.00447
epoch: [19], step: [370/391], batch loss: 0.29609, batch accuracy: 90.62, data load time: 0.00026, step time: 0.00447
epoch: [19], step: [380/391], batch loss: 0.23210, batch accuracy: 92.19, data load time: 0.00025, step time: 0.00447
epoch: [19], step: [390/391], batch loss: 0.37623, batch accuracy: 85.00, data load time: 0.00019, step time: 0.00324
validation loss: 1.81155, accuracy: 63.73
