Files already downloaded and verified
Writing logs to logs/CNN_bn_bs=128_lr=0.1_run_5
epoch: [0], step: [9/391], batch loss: 2.41284, batch accuracy: 41.41, data load time: 0.00032, step time: 0.02854
epoch: [0], step: [19/391], batch loss: 2.48249, batch accuracy: 40.62, data load time: 0.00032, step time: 0.02678
epoch: [0], step: [29/391], batch loss: 2.12544, batch accuracy: 42.97, data load time: 0.00031, step time: 0.02674
epoch: [0], step: [39/391], batch loss: 1.76954, batch accuracy: 45.31, data load time: 0.00030, step time: 0.02733
epoch: [0], step: [49/391], batch loss: 1.61719, batch accuracy: 46.88, data load time: 0.00030, step time: 0.02662
epoch: [0], step: [59/391], batch loss: 1.80946, batch accuracy: 44.53, data load time: 0.00032, step time: 0.02660
epoch: [0], step: [69/391], batch loss: 1.83782, batch accuracy: 42.19, data load time: 0.00032, step time: 0.02686
epoch: [0], step: [79/391], batch loss: 1.53006, batch accuracy: 42.97, data load time: 0.00032, step time: 0.02668
epoch: [0], step: [89/391], batch loss: 1.52402, batch accuracy: 42.19, data load time: 0.00032, step time: 0.02666
epoch: [0], step: [99/391], batch loss: 1.41400, batch accuracy: 48.44, data load time: 0.00032, step time: 0.02652
epoch: [0], step: [109/391], batch loss: 1.65248, batch accuracy: 48.44, data load time: 0.00032, step time: 0.02683
epoch: [0], step: [119/391], batch loss: 1.52417, batch accuracy: 50.78, data load time: 0.00032, step time: 0.02666
epoch: [0], step: [129/391], batch loss: 1.25763, batch accuracy: 60.94, data load time: 0.00033, step time: 0.02650
epoch: [0], step: [139/391], batch loss: 1.14426, batch accuracy: 57.81, data load time: 0.00032, step time: 0.02668
epoch: [0], step: [149/391], batch loss: 1.56223, batch accuracy: 50.00, data load time: 0.00032, step time: 0.02662
epoch: [0], step: [159/391], batch loss: 1.50521, batch accuracy: 58.59, data load time: 0.00032, step time: 0.02666
epoch: [0], step: [169/391], batch loss: 1.30006, batch accuracy: 54.69, data load time: 0.00032, step time: 0.02698
epoch: [0], step: [179/391], batch loss: 1.36253, batch accuracy: 53.12, data load time: 0.00032, step time: 0.02646
epoch: [0], step: [189/391], batch loss: 1.31579, batch accuracy: 53.91, data load time: 0.00032, step time: 0.02643
epoch: [0], step: [199/391], batch loss: 1.27923, batch accuracy: 53.91, data load time: 0.00032, step time: 0.02646
epoch: [0], step: [209/391], batch loss: 1.57268, batch accuracy: 46.88, data load time: 0.00032, step time: 0.02636
epoch: [0], step: [219/391], batch loss: 1.43242, batch accuracy: 50.78, data load time: 0.00032, step time: 0.02645
epoch: [0], step: [229/391], batch loss: 1.17224, batch accuracy: 57.03, data load time: 0.00032, step time: 0.02646
epoch: [0], step: [239/391], batch loss: 1.07873, batch accuracy: 58.59, data load time: 0.00032, step time: 0.02632
epoch: [0], step: [249/391], batch loss: 1.50027, batch accuracy: 50.78, data load time: 0.00033, step time: 0.02637
epoch: [0], step: [259/391], batch loss: 1.21391, batch accuracy: 55.47, data load time: 0.00032, step time: 0.02643
epoch: [0], step: [269/391], batch loss: 1.23390, batch accuracy: 57.03, data load time: 0.00032, step time: 0.02639
epoch: [0], step: [279/391], batch loss: 1.39157, batch accuracy: 50.00, data load time: 0.00032, step time: 0.02636
epoch: [0], step: [289/391], batch loss: 1.07614, batch accuracy: 66.41, data load time: 0.00032, step time: 0.02651
epoch: [0], step: [299/391], batch loss: 1.19475, batch accuracy: 58.59, data load time: 0.00032, step time: 0.02640
epoch: [0], step: [309/391], batch loss: 1.41781, batch accuracy: 47.66, data load time: 0.00032, step time: 0.02697
epoch: [0], step: [319/391], batch loss: 1.25197, batch accuracy: 50.78, data load time: 0.00033, step time: 0.02644
epoch: [0], step: [329/391], batch loss: 1.33244, batch accuracy: 55.47, data load time: 0.00032, step time: 0.02649
epoch: [0], step: [339/391], batch loss: 1.21919, batch accuracy: 52.34, data load time: 0.00029, step time: 0.00480
epoch: [0], step: [349/391], batch loss: 1.19272, batch accuracy: 56.25, data load time: 0.00028, step time: 0.00480
epoch: [0], step: [359/391], batch loss: 1.12761, batch accuracy: 60.16, data load time: 0.00028, step time: 0.00453
epoch: [0], step: [369/391], batch loss: 1.44686, batch accuracy: 52.34, data load time: 0.00028, step time: 0.00452
epoch: [0], step: [379/391], batch loss: 1.13934, batch accuracy: 57.03, data load time: 0.00028, step time: 0.00449
epoch: [0], step: [389/391], batch loss: 1.15900, batch accuracy: 61.72, data load time: 0.00027, step time: 0.00448
epoch: [1], step: [8/391], batch loss: 1.03647, batch accuracy: 67.97, data load time: 0.00032, step time: 0.04736
epoch: [1], step: [18/391], batch loss: 1.39439, batch accuracy: 53.12, data load time: 0.00032, step time: 0.02851
epoch: [1], step: [28/391], batch loss: 1.25454, batch accuracy: 53.91, data load time: 0.00031, step time: 0.02682
epoch: [1], step: [38/391], batch loss: 0.94265, batch accuracy: 68.75, data load time: 0.00031, step time: 0.02533
epoch: [1], step: [48/391], batch loss: 1.16133, batch accuracy: 59.38, data load time: 0.00031, step time: 0.02682
epoch: [1], step: [58/391], batch loss: 1.26637, batch accuracy: 59.38, data load time: 0.00031, step time: 0.02682
epoch: [1], step: [68/391], batch loss: 1.09806, batch accuracy: 61.72, data load time: 0.00032, step time: 0.02682
epoch: [1], step: [78/391], batch loss: 1.08102, batch accuracy: 60.94, data load time: 0.00030, step time: 0.02666
epoch: [1], step: [88/391], batch loss: 0.81693, batch accuracy: 71.09, data load time: 0.00030, step time: 0.02671
epoch: [1], step: [98/391], batch loss: 0.93864, batch accuracy: 68.75, data load time: 0.00032, step time: 0.02670
epoch: [1], step: [108/391], batch loss: 1.01349, batch accuracy: 66.41, data load time: 0.00032, step time: 0.02675
epoch: [1], step: [118/391], batch loss: 1.03134, batch accuracy: 67.19, data load time: 0.00032, step time: 0.02674
epoch: [1], step: [128/391], batch loss: 1.05923, batch accuracy: 62.50, data load time: 0.00033, step time: 0.02675
epoch: [1], step: [138/391], batch loss: 1.01946, batch accuracy: 66.41, data load time: 0.00033, step time: 0.02705
epoch: [1], step: [148/391], batch loss: 0.85062, batch accuracy: 74.22, data load time: 0.00033, step time: 0.02677
epoch: [1], step: [158/391], batch loss: 1.12736, batch accuracy: 66.41, data load time: 0.00033, step time: 0.02670
epoch: [1], step: [168/391], batch loss: 1.11949, batch accuracy: 62.50, data load time: 0.00032, step time: 0.02654
epoch: [1], step: [178/391], batch loss: 1.05272, batch accuracy: 54.69, data load time: 0.00032, step time: 0.02660
epoch: [1], step: [188/391], batch loss: 0.83995, batch accuracy: 71.88, data load time: 0.00032, step time: 0.02652
epoch: [1], step: [198/391], batch loss: 1.28188, batch accuracy: 52.34, data load time: 0.00032, step time: 0.02650
epoch: [1], step: [208/391], batch loss: 0.97021, batch accuracy: 66.41, data load time: 0.00032, step time: 0.02659
epoch: [1], step: [218/391], batch loss: 1.28863, batch accuracy: 54.69, data load time: 0.00032, step time: 0.02662
epoch: [1], step: [228/391], batch loss: 1.15462, batch accuracy: 60.16, data load time: 0.00032, step time: 0.02656
epoch: [1], step: [238/391], batch loss: 0.85591, batch accuracy: 70.31, data load time: 0.00032, step time: 0.02657
epoch: [1], step: [248/391], batch loss: 1.12807, batch accuracy: 58.59, data load time: 0.00032, step time: 0.02653
epoch: [1], step: [258/391], batch loss: 0.95452, batch accuracy: 66.41, data load time: 0.00032, step time: 0.02652
epoch: [1], step: [268/391], batch loss: 0.95847, batch accuracy: 66.41, data load time: 0.00032, step time: 0.02651
epoch: [1], step: [278/391], batch loss: 0.79035, batch accuracy: 71.88, data load time: 0.00032, step time: 0.02655
epoch: [1], step: [288/391], batch loss: 1.19078, batch accuracy: 57.03, data load time: 0.00032, step time: 0.02655
epoch: [1], step: [298/391], batch loss: 0.95113, batch accuracy: 65.62, data load time: 0.00032, step time: 0.02645
epoch: [1], step: [308/391], batch loss: 1.00043, batch accuracy: 64.06, data load time: 0.00032, step time: 0.02656
epoch: [1], step: [318/391], batch loss: 1.02248, batch accuracy: 61.72, data load time: 0.00032, step time: 0.02648
epoch: [1], step: [328/391], batch loss: 1.20973, batch accuracy: 57.81, data load time: 0.00032, step time: 0.02645
epoch: [1], step: [338/391], batch loss: 1.09330, batch accuracy: 65.62, data load time: 0.00028, step time: 0.00481
epoch: [1], step: [348/391], batch loss: 1.28723, batch accuracy: 60.94, data load time: 0.00028, step time: 0.00481
epoch: [1], step: [358/391], batch loss: 0.89094, batch accuracy: 67.97, data load time: 0.00028, step time: 0.00453
epoch: [1], step: [368/391], batch loss: 0.94398, batch accuracy: 64.84, data load time: 0.00029, step time: 0.00453
epoch: [1], step: [378/391], batch loss: 1.01475, batch accuracy: 61.72, data load time: 0.00028, step time: 0.00450
epoch: [1], step: [388/391], batch loss: 1.13345, batch accuracy: 60.94, data load time: 0.00028, step time: 0.00449
validation loss: 1.11307, accuracy: 61.59
epoch: [2], step: [7/391], batch loss: 0.89415, batch accuracy: 67.19, data load time: 0.00033, step time: 0.17756
epoch: [2], step: [17/391], batch loss: 1.06775, batch accuracy: 64.84, data load time: 0.00032, step time: 0.02873
epoch: [2], step: [27/391], batch loss: 0.93066, batch accuracy: 67.97, data load time: 0.00713, step time: 0.02462
epoch: [2], step: [37/391], batch loss: 1.06891, batch accuracy: 60.94, data load time: 0.00031, step time: 0.02670
epoch: [2], step: [47/391], batch loss: 0.92351, batch accuracy: 67.19, data load time: 0.00032, step time: 0.02663
epoch: [2], step: [57/391], batch loss: 0.93509, batch accuracy: 70.31, data load time: 0.00031, step time: 0.02666
epoch: [2], step: [67/391], batch loss: 0.69950, batch accuracy: 75.00, data load time: 0.00030, step time: 0.02670
epoch: [2], step: [77/391], batch loss: 1.18628, batch accuracy: 60.94, data load time: 0.00031, step time: 0.02675
epoch: [2], step: [87/391], batch loss: 0.87256, batch accuracy: 71.09, data load time: 0.00031, step time: 0.02683
epoch: [2], step: [97/391], batch loss: 1.21864, batch accuracy: 63.28, data load time: 0.00033, step time: 0.02683
epoch: [2], step: [107/391], batch loss: 0.85800, batch accuracy: 75.00, data load time: 0.00033, step time: 0.02783
epoch: [2], step: [117/391], batch loss: 0.74995, batch accuracy: 72.66, data load time: 0.00032, step time: 0.02677
epoch: [2], step: [127/391], batch loss: 0.97326, batch accuracy: 65.62, data load time: 0.00032, step time: 0.02680
epoch: [2], step: [137/391], batch loss: 0.92650, batch accuracy: 69.53, data load time: 0.00032, step time: 0.02686
epoch: [2], step: [147/391], batch loss: 0.94321, batch accuracy: 71.09, data load time: 0.00032, step time: 0.02681
epoch: [2], step: [157/391], batch loss: 1.15185, batch accuracy: 60.16, data load time: 0.00032, step time: 0.02678
epoch: [2], step: [167/391], batch loss: 0.74512, batch accuracy: 75.78, data load time: 0.00032, step time: 0.02680
epoch: [2], step: [177/391], batch loss: 0.91780, batch accuracy: 65.62, data load time: 0.00032, step time: 0.02662
epoch: [2], step: [187/391], batch loss: 0.92415, batch accuracy: 64.84, data load time: 0.00032, step time: 0.02652
epoch: [2], step: [197/391], batch loss: 1.00884, batch accuracy: 60.94, data load time: 0.00032, step time: 0.02675
epoch: [2], step: [207/391], batch loss: 0.93008, batch accuracy: 64.06, data load time: 0.00032, step time: 0.02655
epoch: [2], step: [217/391], batch loss: 0.89579, batch accuracy: 69.53, data load time: 0.00032, step time: 0.02653
epoch: [2], step: [227/391], batch loss: 0.98786, batch accuracy: 66.41, data load time: 0.00032, step time: 0.02654
epoch: [2], step: [237/391], batch loss: 0.76759, batch accuracy: 71.09, data load time: 0.00032, step time: 0.02666
epoch: [2], step: [247/391], batch loss: 0.77508, batch accuracy: 72.66, data load time: 0.00032, step time: 0.02653
epoch: [2], step: [257/391], batch loss: 0.90702, batch accuracy: 69.53, data load time: 0.00032, step time: 0.02655
epoch: [2], step: [267/391], batch loss: 0.92217, batch accuracy: 71.88, data load time: 0.00032, step time: 0.02657
epoch: [2], step: [277/391], batch loss: 0.72380, batch accuracy: 67.19, data load time: 0.00032, step time: 0.02663
epoch: [2], step: [287/391], batch loss: 0.86458, batch accuracy: 72.66, data load time: 0.00032, step time: 0.02653
epoch: [2], step: [297/391], batch loss: 0.88646, batch accuracy: 67.97, data load time: 0.00032, step time: 0.02654
epoch: [2], step: [307/391], batch loss: 1.16304, batch accuracy: 63.28, data load time: 0.00032, step time: 0.02648
epoch: [2], step: [317/391], batch loss: 0.78734, batch accuracy: 75.78, data load time: 0.00032, step time: 0.02669
epoch: [2], step: [327/391], batch loss: 0.92994, batch accuracy: 71.88, data load time: 0.00032, step time: 0.02655
epoch: [2], step: [337/391], batch loss: 0.76388, batch accuracy: 73.44, data load time: 0.00028, step time: 0.00446
epoch: [2], step: [347/391], batch loss: 0.84827, batch accuracy: 72.66, data load time: 0.00028, step time: 0.00447
epoch: [2], step: [357/391], batch loss: 1.08797, batch accuracy: 63.28, data load time: 0.00028, step time: 0.00447
epoch: [2], step: [367/391], batch loss: 0.68718, batch accuracy: 75.00, data load time: 0.00029, step time: 0.00447
epoch: [2], step: [377/391], batch loss: 0.72986, batch accuracy: 71.88, data load time: 0.00028, step time: 0.00446
epoch: [2], step: [387/391], batch loss: 0.91238, batch accuracy: 67.19, data load time: 0.00027, step time: 0.00447
epoch: [3], step: [6/391], batch loss: 0.95606, batch accuracy: 70.31, data load time: 0.00032, step time: 0.00607
epoch: [3], step: [16/391], batch loss: 0.70235, batch accuracy: 77.34, data load time: 0.00033, step time: 0.02853
epoch: [3], step: [26/391], batch loss: 1.02893, batch accuracy: 67.19, data load time: 0.02973, step time: 0.02450
epoch: [3], step: [36/391], batch loss: 0.88017, batch accuracy: 71.09, data load time: 0.00031, step time: 0.02671
epoch: [3], step: [46/391], batch loss: 1.00059, batch accuracy: 64.06, data load time: 0.00031, step time: 0.02666
epoch: [3], step: [56/391], batch loss: 0.71158, batch accuracy: 78.91, data load time: 0.00031, step time: 0.02663
epoch: [3], step: [66/391], batch loss: 0.73328, batch accuracy: 74.22, data load time: 0.00031, step time: 0.02673
epoch: [3], step: [76/391], batch loss: 0.82769, batch accuracy: 73.44, data load time: 0.00031, step time: 0.02673
epoch: [3], step: [86/391], batch loss: 0.81458, batch accuracy: 68.75, data load time: 0.00031, step time: 0.02676
epoch: [3], step: [96/391], batch loss: 0.77870, batch accuracy: 71.09, data load time: 0.00032, step time: 0.02672
epoch: [3], step: [106/391], batch loss: 0.97969, batch accuracy: 71.88, data load time: 0.00032, step time: 0.02685
epoch: [3], step: [116/391], batch loss: 0.77866, batch accuracy: 72.66, data load time: 0.00033, step time: 0.02688
epoch: [3], step: [126/391], batch loss: 0.87629, batch accuracy: 67.19, data load time: 0.00032, step time: 0.02677
epoch: [3], step: [136/391], batch loss: 0.90077, batch accuracy: 67.97, data load time: 0.00032, step time: 0.02685
epoch: [3], step: [146/391], batch loss: 0.73345, batch accuracy: 71.88, data load time: 0.00032, step time: 0.02687
epoch: [3], step: [156/391], batch loss: 0.81096, batch accuracy: 74.22, data load time: 0.00041, step time: 0.02681
epoch: [3], step: [166/391], batch loss: 0.70216, batch accuracy: 81.25, data load time: 0.00032, step time: 0.02676
epoch: [3], step: [176/391], batch loss: 0.90909, batch accuracy: 66.41, data load time: 0.00032, step time: 0.02687
epoch: [3], step: [186/391], batch loss: 0.96505, batch accuracy: 69.53, data load time: 0.00032, step time: 0.02657
epoch: [3], step: [196/391], batch loss: 0.92252, batch accuracy: 67.97, data load time: 0.00032, step time: 0.02644
epoch: [3], step: [206/391], batch loss: 0.70259, batch accuracy: 74.22, data load time: 0.00032, step time: 0.02653
epoch: [3], step: [216/391], batch loss: 0.73719, batch accuracy: 76.56, data load time: 0.00032, step time: 0.02651
epoch: [3], step: [226/391], batch loss: 0.87585, batch accuracy: 71.09, data load time: 0.00032, step time: 0.02651
epoch: [3], step: [236/391], batch loss: 0.89227, batch accuracy: 67.19, data load time: 0.00032, step time: 0.02808
epoch: [3], step: [246/391], batch loss: 0.75667, batch accuracy: 75.78, data load time: 0.00032, step time: 0.02653
epoch: [3], step: [256/391], batch loss: 0.94392, batch accuracy: 70.31, data load time: 0.00032, step time: 0.02661
epoch: [3], step: [266/391], batch loss: 0.84487, batch accuracy: 67.97, data load time: 0.00032, step time: 0.02669
epoch: [3], step: [276/391], batch loss: 0.93870, batch accuracy: 63.28, data load time: 0.00032, step time: 0.02653
epoch: [3], step: [286/391], batch loss: 0.83651, batch accuracy: 72.66, data load time: 0.00032, step time: 0.02663
epoch: [3], step: [296/391], batch loss: 0.88438, batch accuracy: 71.09, data load time: 0.00032, step time: 0.02657
epoch: [3], step: [306/391], batch loss: 0.95818, batch accuracy: 70.31, data load time: 0.00032, step time: 0.02659
epoch: [3], step: [316/391], batch loss: 0.70653, batch accuracy: 74.22, data load time: 0.00032, step time: 0.02654
epoch: [3], step: [326/391], batch loss: 0.83685, batch accuracy: 69.53, data load time: 0.00034, step time: 0.02655
epoch: [3], step: [336/391], batch loss: 0.61712, batch accuracy: 78.91, data load time: 0.00028, step time: 0.00446
epoch: [3], step: [346/391], batch loss: 0.84502, batch accuracy: 68.75, data load time: 0.00028, step time: 0.00446
epoch: [3], step: [356/391], batch loss: 0.87370, batch accuracy: 71.88, data load time: 0.00028, step time: 0.00445
epoch: [3], step: [366/391], batch loss: 0.82110, batch accuracy: 71.09, data load time: 0.00027, step time: 0.00447
epoch: [3], step: [376/391], batch loss: 0.73084, batch accuracy: 78.91, data load time: 0.00029, step time: 0.00447
epoch: [3], step: [386/391], batch loss: 1.02282, batch accuracy: 67.97, data load time: 0.00028, step time: 0.00447
validation loss: 1.52394, accuracy: 54.98
epoch: [4], step: [5/391], batch loss: 0.68775, batch accuracy: 75.78, data load time: 0.00033, step time: 0.00482
epoch: [4], step: [15/391], batch loss: 0.78058, batch accuracy: 75.78, data load time: 0.00032, step time: 0.02693
epoch: [4], step: [25/391], batch loss: 0.52856, batch accuracy: 78.91, data load time: 0.00031, step time: 0.02669
epoch: [4], step: [35/391], batch loss: 0.57194, batch accuracy: 82.03, data load time: 0.00031, step time: 0.02683
epoch: [4], step: [45/391], batch loss: 0.77347, batch accuracy: 73.44, data load time: 0.00031, step time: 0.02672
epoch: [4], step: [55/391], batch loss: 0.80114, batch accuracy: 71.88, data load time: 0.01633, step time: 0.02665
epoch: [4], step: [65/391], batch loss: 0.55397, batch accuracy: 83.59, data load time: 0.00031, step time: 0.02699
epoch: [4], step: [75/391], batch loss: 0.83338, batch accuracy: 70.31, data load time: 0.00030, step time: 0.02699
epoch: [4], step: [85/391], batch loss: 0.84667, batch accuracy: 76.56, data load time: 0.00031, step time: 0.02677
epoch: [4], step: [95/391], batch loss: 0.78312, batch accuracy: 77.34, data load time: 0.00032, step time: 0.02682
epoch: [4], step: [105/391], batch loss: 0.82029, batch accuracy: 72.66, data load time: 0.00033, step time: 0.02681
epoch: [4], step: [115/391], batch loss: 0.64945, batch accuracy: 77.34, data load time: 0.00032, step time: 0.02804
epoch: [4], step: [125/391], batch loss: 0.69644, batch accuracy: 75.00, data load time: 0.00032, step time: 0.02810
epoch: [4], step: [135/391], batch loss: 0.59349, batch accuracy: 80.47, data load time: 0.00032, step time: 0.02799
epoch: [4], step: [145/391], batch loss: 0.78716, batch accuracy: 75.78, data load time: 0.00032, step time: 0.02685
epoch: [4], step: [155/391], batch loss: 0.61756, batch accuracy: 77.34, data load time: 0.00032, step time: 0.02679
epoch: [4], step: [165/391], batch loss: 0.61981, batch accuracy: 80.47, data load time: 0.00032, step time: 0.02675
epoch: [4], step: [175/391], batch loss: 0.86751, batch accuracy: 69.53, data load time: 0.00032, step time: 0.02672
epoch: [4], step: [185/391], batch loss: 0.63037, batch accuracy: 78.12, data load time: 0.00032, step time: 0.02663
epoch: [4], step: [195/391], batch loss: 0.93315, batch accuracy: 70.31, data load time: 0.00033, step time: 0.02663
epoch: [4], step: [205/391], batch loss: 0.82467, batch accuracy: 70.31, data load time: 0.00032, step time: 0.02667
epoch: [4], step: [215/391], batch loss: 0.66538, batch accuracy: 76.56, data load time: 0.00032, step time: 0.02842
epoch: [4], step: [225/391], batch loss: 0.72173, batch accuracy: 68.75, data load time: 0.00032, step time: 0.02658
epoch: [4], step: [235/391], batch loss: 0.81014, batch accuracy: 71.09, data load time: 0.00033, step time: 0.02659
epoch: [4], step: [245/391], batch loss: 0.86510, batch accuracy: 68.75, data load time: 0.00033, step time: 0.02655
epoch: [4], step: [255/391], batch loss: 0.54894, batch accuracy: 75.78, data load time: 0.00032, step time: 0.02652
epoch: [4], step: [265/391], batch loss: 0.83029, batch accuracy: 72.66, data load time: 0.00032, step time: 0.02660
epoch: [4], step: [275/391], batch loss: 0.73210, batch accuracy: 75.00, data load time: 0.00033, step time: 0.02651
epoch: [4], step: [285/391], batch loss: 0.96048, batch accuracy: 64.06, data load time: 0.00032, step time: 0.02662
epoch: [4], step: [295/391], batch loss: 0.73767, batch accuracy: 79.69, data load time: 0.00032, step time: 0.02653
epoch: [4], step: [305/391], batch loss: 0.64055, batch accuracy: 76.56, data load time: 0.00032, step time: 0.02659
epoch: [4], step: [315/391], batch loss: 0.78580, batch accuracy: 71.09, data load time: 0.00032, step time: 0.02658
epoch: [4], step: [325/391], batch loss: 0.92429, batch accuracy: 64.84, data load time: 0.00032, step time: 0.02669
epoch: [4], step: [335/391], batch loss: 0.59482, batch accuracy: 78.12, data load time: 0.00028, step time: 0.00482
epoch: [4], step: [345/391], batch loss: 0.92472, batch accuracy: 73.44, data load time: 0.00028, step time: 0.00481
epoch: [4], step: [355/391], batch loss: 0.82229, batch accuracy: 71.09, data load time: 0.00028, step time: 0.00481
epoch: [4], step: [365/391], batch loss: 0.76190, batch accuracy: 78.91, data load time: 0.00028, step time: 0.00453
epoch: [4], step: [375/391], batch loss: 0.84710, batch accuracy: 67.19, data load time: 0.00028, step time: 0.00453
epoch: [4], step: [385/391], batch loss: 0.61806, batch accuracy: 78.12, data load time: 0.00028, step time: 0.00449
epoch: [5], step: [4/391], batch loss: 0.53697, batch accuracy: 82.81, data load time: 0.00033, step time: 0.00479
epoch: [5], step: [14/391], batch loss: 0.65353, batch accuracy: 75.78, data load time: 0.00032, step time: 0.02692
epoch: [5], step: [24/391], batch loss: 0.51439, batch accuracy: 85.16, data load time: 0.00045, step time: 0.02832
epoch: [5], step: [34/391], batch loss: 0.64004, batch accuracy: 78.91, data load time: 0.00031, step time: 0.02665
epoch: [5], step: [44/391], batch loss: 0.64940, batch accuracy: 76.56, data load time: 0.00031, step time: 0.02668
epoch: [5], step: [54/391], batch loss: 0.70406, batch accuracy: 71.09, data load time: 0.00031, step time: 0.02670
epoch: [5], step: [64/391], batch loss: 0.73503, batch accuracy: 74.22, data load time: 0.00034, step time: 0.02762
epoch: [5], step: [74/391], batch loss: 0.62052, batch accuracy: 78.91, data load time: 0.00031, step time: 0.02687
epoch: [5], step: [84/391], batch loss: 0.55808, batch accuracy: 76.56, data load time: 0.00030, step time: 0.02683
epoch: [5], step: [94/391], batch loss: 0.64114, batch accuracy: 76.56, data load time: 0.00031, step time: 0.02675
epoch: [5], step: [104/391], batch loss: 0.74529, batch accuracy: 76.56, data load time: 0.00032, step time: 0.02681
epoch: [5], step: [114/391], batch loss: 0.55954, batch accuracy: 78.91, data load time: 0.00033, step time: 0.02669
epoch: [5], step: [124/391], batch loss: 0.67698, batch accuracy: 72.66, data load time: 0.00033, step time: 0.02680
epoch: [5], step: [134/391], batch loss: 0.75723, batch accuracy: 70.31, data load time: 0.00032, step time: 0.02666
epoch: [5], step: [144/391], batch loss: 0.75488, batch accuracy: 76.56, data load time: 0.00033, step time: 0.02669
epoch: [5], step: [154/391], batch loss: 0.89356, batch accuracy: 73.44, data load time: 0.00032, step time: 0.02674
epoch: [5], step: [164/391], batch loss: 0.66004, batch accuracy: 73.44, data load time: 0.00033, step time: 0.02675
epoch: [5], step: [174/391], batch loss: 0.65029, batch accuracy: 75.00, data load time: 0.00032, step time: 0.02662
epoch: [5], step: [184/391], batch loss: 0.72382, batch accuracy: 76.56, data load time: 0.00033, step time: 0.02658
epoch: [5], step: [194/391], batch loss: 0.86174, batch accuracy: 69.53, data load time: 0.00032, step time: 0.02667
epoch: [5], step: [204/391], batch loss: 0.67500, batch accuracy: 78.12, data load time: 0.00032, step time: 0.02663
epoch: [5], step: [214/391], batch loss: 0.71822, batch accuracy: 76.56, data load time: 0.00032, step time: 0.02669
epoch: [5], step: [224/391], batch loss: 0.65774, batch accuracy: 76.56, data load time: 0.00032, step time: 0.02655
epoch: [5], step: [234/391], batch loss: 0.62155, batch accuracy: 75.78, data load time: 0.00032, step time: 0.02660
epoch: [5], step: [244/391], batch loss: 0.48171, batch accuracy: 85.94, data load time: 0.00032, step time: 0.02648
epoch: [5], step: [254/391], batch loss: 0.54623, batch accuracy: 81.25, data load time: 0.00032, step time: 0.02657
epoch: [5], step: [264/391], batch loss: 0.62053, batch accuracy: 75.78, data load time: 0.00032, step time: 0.02658
epoch: [5], step: [274/391], batch loss: 0.86144, batch accuracy: 71.09, data load time: 0.00032, step time: 0.02646
epoch: [5], step: [284/391], batch loss: 0.81516, batch accuracy: 68.75, data load time: 0.00032, step time: 0.02656
epoch: [5], step: [294/391], batch loss: 0.74240, batch accuracy: 78.91, data load time: 0.00032, step time: 0.02653
epoch: [5], step: [304/391], batch loss: 0.63711, batch accuracy: 75.00, data load time: 0.00032, step time: 0.02659
epoch: [5], step: [314/391], batch loss: 0.73148, batch accuracy: 75.78, data load time: 0.00032, step time: 0.02649
epoch: [5], step: [324/391], batch loss: 0.51449, batch accuracy: 82.81, data load time: 0.00032, step time: 0.02654
epoch: [5], step: [334/391], batch loss: 0.74857, batch accuracy: 75.78, data load time: 0.00280, step time: 0.01840
epoch: [5], step: [344/391], batch loss: 0.77654, batch accuracy: 74.22, data load time: 0.00028, step time: 0.00448
epoch: [5], step: [354/391], batch loss: 0.63740, batch accuracy: 75.78, data load time: 0.00028, step time: 0.00449
epoch: [5], step: [364/391], batch loss: 0.72017, batch accuracy: 71.09, data load time: 0.00028, step time: 0.00447
epoch: [5], step: [374/391], batch loss: 0.64503, batch accuracy: 73.44, data load time: 0.00028, step time: 0.00447
epoch: [5], step: [384/391], batch loss: 0.72694, batch accuracy: 74.22, data load time: 0.00028, step time: 0.00448
validation loss: 1.62550, accuracy: 53.34
epoch: [6], step: [3/391], batch loss: 0.61660, batch accuracy: 81.25, data load time: 0.00032, step time: 0.00482
epoch: [6], step: [13/391], batch loss: 0.50651, batch accuracy: 82.81, data load time: 0.00033, step time: 0.02699
epoch: [6], step: [23/391], batch loss: 0.57709, batch accuracy: 82.03, data load time: 0.00032, step time: 0.02900
epoch: [6], step: [33/391], batch loss: 0.76145, batch accuracy: 75.78, data load time: 0.00031, step time: 0.02672
epoch: [6], step: [43/391], batch loss: 0.53903, batch accuracy: 81.25, data load time: 0.00031, step time: 0.02681
epoch: [6], step: [53/391], batch loss: 0.64944, batch accuracy: 79.69, data load time: 0.00032, step time: 0.02674
epoch: [6], step: [63/391], batch loss: 0.51926, batch accuracy: 82.81, data load time: 0.00035, step time: 0.02734
epoch: [6], step: [73/391], batch loss: 0.43556, batch accuracy: 82.81, data load time: 0.00031, step time: 0.02674
epoch: [6], step: [83/391], batch loss: 0.41909, batch accuracy: 88.28, data load time: 0.00039, step time: 0.02695
epoch: [6], step: [93/391], batch loss: 0.52138, batch accuracy: 85.16, data load time: 0.00031, step time: 0.02679
epoch: [6], step: [103/391], batch loss: 0.53140, batch accuracy: 82.81, data load time: 0.00032, step time: 0.02677
epoch: [6], step: [113/391], batch loss: 0.62315, batch accuracy: 78.91, data load time: 0.00032, step time: 0.02811
epoch: [6], step: [123/391], batch loss: 0.53156, batch accuracy: 82.03, data load time: 0.00033, step time: 0.02671
epoch: [6], step: [133/391], batch loss: 0.92518, batch accuracy: 67.97, data load time: 0.00032, step time: 0.02674
epoch: [6], step: [143/391], batch loss: 0.44715, batch accuracy: 86.72, data load time: 0.00033, step time: 0.02689
epoch: [6], step: [153/391], batch loss: 0.66680, batch accuracy: 79.69, data load time: 0.00032, step time: 0.02684
epoch: [6], step: [163/391], batch loss: 0.44914, batch accuracy: 82.81, data load time: 0.00033, step time: 0.02676
epoch: [6], step: [173/391], batch loss: 0.64955, batch accuracy: 78.91, data load time: 0.00032, step time: 0.02666
epoch: [6], step: [183/391], batch loss: 0.69732, batch accuracy: 75.00, data load time: 0.00032, step time: 0.02660
epoch: [6], step: [193/391], batch loss: 0.48021, batch accuracy: 84.38, data load time: 0.00032, step time: 0.02680
epoch: [6], step: [203/391], batch loss: 0.61296, batch accuracy: 78.91, data load time: 0.00033, step time: 0.02654
epoch: [6], step: [213/391], batch loss: 0.67836, batch accuracy: 74.22, data load time: 0.00033, step time: 0.02659
epoch: [6], step: [223/391], batch loss: 0.69011, batch accuracy: 78.12, data load time: 0.00033, step time: 0.02656
epoch: [6], step: [233/391], batch loss: 0.56644, batch accuracy: 79.69, data load time: 0.00033, step time: 0.02663
epoch: [6], step: [243/391], batch loss: 0.80883, batch accuracy: 71.09, data load time: 0.00032, step time: 0.02655
epoch: [6], step: [253/391], batch loss: 0.67434, batch accuracy: 78.91, data load time: 0.00032, step time: 0.02665
epoch: [6], step: [263/391], batch loss: 0.55354, batch accuracy: 82.81, data load time: 0.00032, step time: 0.02655
epoch: [6], step: [273/391], batch loss: 0.72469, batch accuracy: 70.31, data load time: 0.00032, step time: 0.02665
epoch: [6], step: [283/391], batch loss: 0.73826, batch accuracy: 74.22, data load time: 0.00032, step time: 0.02664
epoch: [6], step: [293/391], batch loss: 0.49219, batch accuracy: 82.81, data load time: 0.00032, step time: 0.02658
epoch: [6], step: [303/391], batch loss: 0.80806, batch accuracy: 74.22, data load time: 0.00032, step time: 0.02659
epoch: [6], step: [313/391], batch loss: 0.58798, batch accuracy: 77.34, data load time: 0.00032, step time: 0.02667
epoch: [6], step: [323/391], batch loss: 0.68338, batch accuracy: 77.34, data load time: 0.00033, step time: 0.02656
epoch: [6], step: [333/391], batch loss: 0.68079, batch accuracy: 81.25, data load time: 0.00033, step time: 0.02659
epoch: [6], step: [343/391], batch loss: 0.70741, batch accuracy: 78.12, data load time: 0.00028, step time: 0.00447
epoch: [6], step: [353/391], batch loss: 0.68443, batch accuracy: 74.22, data load time: 0.00028, step time: 0.00447
epoch: [6], step: [363/391], batch loss: 0.64341, batch accuracy: 75.00, data load time: 0.00028, step time: 0.00447
epoch: [6], step: [373/391], batch loss: 0.72467, batch accuracy: 76.56, data load time: 0.00028, step time: 0.00447
epoch: [6], step: [383/391], batch loss: 0.82603, batch accuracy: 71.88, data load time: 0.00029, step time: 0.00446
epoch: [7], step: [2/391], batch loss: 0.51675, batch accuracy: 81.25, data load time: 0.00033, step time: 0.00678
epoch: [7], step: [12/391], batch loss: 0.54979, batch accuracy: 83.59, data load time: 0.00032, step time: 0.02846
epoch: [7], step: [22/391], batch loss: 0.44675, batch accuracy: 85.94, data load time: 0.00033, step time: 0.02761
epoch: [7], step: [32/391], batch loss: 0.44148, batch accuracy: 85.94, data load time: 0.00031, step time: 0.02671
epoch: [7], step: [42/391], batch loss: 0.57829, batch accuracy: 78.12, data load time: 0.00031, step time: 0.02674
epoch: [7], step: [52/391], batch loss: 0.68042, batch accuracy: 75.00, data load time: 0.00031, step time: 0.02672
epoch: [7], step: [62/391], batch loss: 0.51015, batch accuracy: 85.16, data load time: 0.00031, step time: 0.07369
epoch: [7], step: [72/391], batch loss: 0.48091, batch accuracy: 80.47, data load time: 0.00031, step time: 0.02689
epoch: [7], step: [82/391], batch loss: 0.48471, batch accuracy: 84.38, data load time: 0.00030, step time: 0.02692
epoch: [7], step: [92/391], batch loss: 0.41110, batch accuracy: 87.50, data load time: 0.00032, step time: 0.02676
epoch: [7], step: [102/391], batch loss: 0.43801, batch accuracy: 83.59, data load time: 0.00032, step time: 0.02680
epoch: [7], step: [112/391], batch loss: 0.60172, batch accuracy: 78.12, data load time: 0.00032, step time: 0.02671
epoch: [7], step: [122/391], batch loss: 0.62297, batch accuracy: 79.69, data load time: 0.00032, step time: 0.02679
epoch: [7], step: [132/391], batch loss: 0.70741, batch accuracy: 77.34, data load time: 0.00033, step time: 0.02689
epoch: [7], step: [142/391], batch loss: 0.53615, batch accuracy: 82.81, data load time: 0.00032, step time: 0.02675
epoch: [7], step: [152/391], batch loss: 0.58251, batch accuracy: 75.78, data load time: 0.00032, step time: 0.02682
epoch: [7], step: [162/391], batch loss: 0.48293, batch accuracy: 85.16, data load time: 0.00032, step time: 0.02687
epoch: [7], step: [172/391], batch loss: 0.50087, batch accuracy: 84.38, data load time: 0.00032, step time: 0.02653
epoch: [7], step: [182/391], batch loss: 0.51098, batch accuracy: 79.69, data load time: 0.00032, step time: 0.02664
epoch: [7], step: [192/391], batch loss: 0.59729, batch accuracy: 78.12, data load time: 0.00033, step time: 0.02665
epoch: [7], step: [202/391], batch loss: 0.55831, batch accuracy: 82.81, data load time: 0.00033, step time: 0.02654
epoch: [7], step: [212/391], batch loss: 0.50116, batch accuracy: 81.25, data load time: 0.00032, step time: 0.02672
epoch: [7], step: [222/391], batch loss: 0.55066, batch accuracy: 79.69, data load time: 0.00032, step time: 0.02669
epoch: [7], step: [232/391], batch loss: 0.56730, batch accuracy: 77.34, data load time: 0.00032, step time: 0.02656
epoch: [7], step: [242/391], batch loss: 0.67562, batch accuracy: 76.56, data load time: 0.00033, step time: 0.02666
epoch: [7], step: [252/391], batch loss: 0.74994, batch accuracy: 75.78, data load time: 0.00032, step time: 0.02655
epoch: [7], step: [262/391], batch loss: 0.47151, batch accuracy: 78.91, data load time: 0.00032, step time: 0.02673
epoch: [7], step: [272/391], batch loss: 0.56694, batch accuracy: 83.59, data load time: 0.00032, step time: 0.02665
epoch: [7], step: [282/391], batch loss: 0.60053, batch accuracy: 77.34, data load time: 0.00032, step time: 0.02664
epoch: [7], step: [292/391], batch loss: 0.78472, batch accuracy: 71.09, data load time: 0.00032, step time: 0.02671
epoch: [7], step: [302/391], batch loss: 0.51083, batch accuracy: 78.12, data load time: 0.00033, step time: 0.02666
epoch: [7], step: [312/391], batch loss: 0.73660, batch accuracy: 71.88, data load time: 0.00032, step time: 0.02656
epoch: [7], step: [322/391], batch loss: 0.62183, batch accuracy: 78.91, data load time: 0.00033, step time: 0.02669
epoch: [7], step: [332/391], batch loss: 0.61144, batch accuracy: 75.78, data load time: 0.00032, step time: 0.02654
epoch: [7], step: [342/391], batch loss: 0.56962, batch accuracy: 78.91, data load time: 0.00028, step time: 0.00482
epoch: [7], step: [352/391], batch loss: 0.49403, batch accuracy: 82.03, data load time: 0.00028, step time: 0.00480
epoch: [7], step: [362/391], batch loss: 0.77371, batch accuracy: 75.00, data load time: 0.00028, step time: 0.00453
epoch: [7], step: [372/391], batch loss: 0.64830, batch accuracy: 75.78, data load time: 0.00028, step time: 0.00454
epoch: [7], step: [382/391], batch loss: 0.51912, batch accuracy: 80.47, data load time: 0.00028, step time: 0.00449
validation loss: 1.21585, accuracy: 65.11
epoch: [8], step: [1/391], batch loss: 0.46788, batch accuracy: 81.25, data load time: 0.00037, step time: 0.02261
epoch: [8], step: [11/391], batch loss: 0.28666, batch accuracy: 89.84, data load time: 0.00032, step time: 0.02688
epoch: [8], step: [21/391], batch loss: 0.52871, batch accuracy: 81.25, data load time: 0.00032, step time: 0.02699
epoch: [8], step: [31/391], batch loss: 0.55780, batch accuracy: 79.69, data load time: 0.00031, step time: 0.02534
epoch: [8], step: [41/391], batch loss: 0.48987, batch accuracy: 81.25, data load time: 0.00030, step time: 0.02659
epoch: [8], step: [51/391], batch loss: 0.48335, batch accuracy: 78.91, data load time: 0.00032, step time: 0.02659
epoch: [8], step: [61/391], batch loss: 0.47542, batch accuracy: 79.69, data load time: 0.00031, step time: 0.02675
epoch: [8], step: [71/391], batch loss: 0.44980, batch accuracy: 84.38, data load time: 0.00031, step time: 0.02682
epoch: [8], step: [81/391], batch loss: 0.62054, batch accuracy: 75.78, data load time: 0.00031, step time: 0.02680
epoch: [8], step: [91/391], batch loss: 0.46027, batch accuracy: 82.03, data load time: 0.00031, step time: 0.02684
epoch: [8], step: [101/391], batch loss: 0.41340, batch accuracy: 85.94, data load time: 0.00032, step time: 0.02674
epoch: [8], step: [111/391], batch loss: 0.50149, batch accuracy: 82.81, data load time: 0.00032, step time: 0.02689
epoch: [8], step: [121/391], batch loss: 0.49704, batch accuracy: 83.59, data load time: 0.00032, step time: 0.02672
epoch: [8], step: [131/391], batch loss: 0.55453, batch accuracy: 83.59, data load time: 0.00033, step time: 0.02678
epoch: [8], step: [141/391], batch loss: 0.49797, batch accuracy: 85.94, data load time: 0.00032, step time: 0.02680
epoch: [8], step: [151/391], batch loss: 0.54359, batch accuracy: 81.25, data load time: 0.00032, step time: 0.02689
epoch: [8], step: [161/391], batch loss: 0.56460, batch accuracy: 78.91, data load time: 0.00032, step time: 0.02677
epoch: [8], step: [171/391], batch loss: 0.51956, batch accuracy: 81.25, data load time: 0.00032, step time: 0.02661
epoch: [8], step: [181/391], batch loss: 0.67328, batch accuracy: 77.34, data load time: 0.00032, step time: 0.02659
epoch: [8], step: [191/391], batch loss: 0.60302, batch accuracy: 77.34, data load time: 0.00032, step time: 0.02658
epoch: [8], step: [201/391], batch loss: 0.52571, batch accuracy: 83.59, data load time: 0.00032, step time: 0.02654
epoch: [8], step: [211/391], batch loss: 0.81717, batch accuracy: 69.53, data load time: 0.00032, step time: 0.02660
epoch: [8], step: [221/391], batch loss: 0.45133, batch accuracy: 79.69, data load time: 0.00032, step time: 0.02653
epoch: [8], step: [231/391], batch loss: 0.60497, batch accuracy: 78.91, data load time: 0.00032, step time: 0.02662
epoch: [8], step: [241/391], batch loss: 0.73732, batch accuracy: 78.91, data load time: 0.00032, step time: 0.02662
epoch: [8], step: [251/391], batch loss: 0.58408, batch accuracy: 80.47, data load time: 0.00032, step time: 0.02654
epoch: [8], step: [261/391], batch loss: 0.52307, batch accuracy: 82.03, data load time: 0.00032, step time: 0.02642
epoch: [8], step: [271/391], batch loss: 0.61120, batch accuracy: 76.56, data load time: 0.00032, step time: 0.02653
epoch: [8], step: [281/391], batch loss: 0.64009, batch accuracy: 77.34, data load time: 0.00032, step time: 0.02784
epoch: [8], step: [291/391], batch loss: 0.62273, batch accuracy: 80.47, data load time: 0.00032, step time: 0.02783
epoch: [8], step: [301/391], batch loss: 0.54699, batch accuracy: 78.91, data load time: 0.00032, step time: 0.02777
epoch: [8], step: [311/391], batch loss: 0.68770, batch accuracy: 80.47, data load time: 0.00032, step time: 0.02658
epoch: [8], step: [321/391], batch loss: 0.73394, batch accuracy: 72.66, data load time: 0.00032, step time: 0.02652
epoch: [8], step: [331/391], batch loss: 0.42382, batch accuracy: 80.47, data load time: 0.00032, step time: 0.02663
epoch: [8], step: [341/391], batch loss: 0.57482, batch accuracy: 82.81, data load time: 0.00028, step time: 0.00448
epoch: [8], step: [351/391], batch loss: 0.50141, batch accuracy: 82.81, data load time: 0.00028, step time: 0.00448
epoch: [8], step: [361/391], batch loss: 0.82686, batch accuracy: 73.44, data load time: 0.00028, step time: 0.00448
epoch: [8], step: [371/391], batch loss: 0.57716, batch accuracy: 77.34, data load time: 0.00028, step time: 0.00448
epoch: [8], step: [381/391], batch loss: 0.52825, batch accuracy: 82.03, data load time: 0.00028, step time: 0.00448
epoch: [9], step: [0/391], batch loss: 0.71668, batch accuracy: 73.44, data load time: 1.52091, step time: 0.60091
epoch: [9], step: [10/391], batch loss: 0.38846, batch accuracy: 89.84, data load time: 0.00032, step time: 0.02846
epoch: [9], step: [20/391], batch loss: 0.40747, batch accuracy: 81.25, data load time: 0.00032, step time: 0.02737
epoch: [9], step: [30/391], batch loss: 0.42241, batch accuracy: 84.38, data load time: 0.00031, step time: 0.02657
epoch: [9], step: [40/391], batch loss: 0.58022, batch accuracy: 81.25, data load time: 0.00031, step time: 0.02668
epoch: [9], step: [50/391], batch loss: 0.39249, batch accuracy: 85.16, data load time: 0.00031, step time: 0.02671
epoch: [9], step: [60/391], batch loss: 0.51787, batch accuracy: 84.38, data load time: 0.00031, step time: 0.02672
epoch: [9], step: [70/391], batch loss: 0.57005, batch accuracy: 82.81, data load time: 0.00031, step time: 0.02663
epoch: [9], step: [80/391], batch loss: 0.58219, batch accuracy: 78.91, data load time: 0.00031, step time: 0.02681
epoch: [9], step: [90/391], batch loss: 0.43134, batch accuracy: 82.81, data load time: 0.00031, step time: 0.02804
epoch: [9], step: [100/391], batch loss: 0.40964, batch accuracy: 87.50, data load time: 0.00032, step time: 0.02813
epoch: [9], step: [110/391], batch loss: 0.51751, batch accuracy: 79.69, data load time: 0.00033, step time: 0.02804
epoch: [9], step: [120/391], batch loss: 0.50286, batch accuracy: 78.91, data load time: 0.00033, step time: 0.02669
epoch: [9], step: [130/391], batch loss: 0.46188, batch accuracy: 83.59, data load time: 0.00033, step time: 0.02682
epoch: [9], step: [140/391], batch loss: 0.45997, batch accuracy: 84.38, data load time: 0.00032, step time: 0.02681
epoch: [9], step: [150/391], batch loss: 0.69219, batch accuracy: 75.00, data load time: 0.00032, step time: 0.02672
epoch: [9], step: [160/391], batch loss: 0.53709, batch accuracy: 81.25, data load time: 0.00032, step time: 0.02680
epoch: [9], step: [170/391], batch loss: 0.46297, batch accuracy: 82.03, data load time: 0.00033, step time: 0.02665
epoch: [9], step: [180/391], batch loss: 0.39773, batch accuracy: 83.59, data load time: 0.00032, step time: 0.02659
epoch: [9], step: [190/391], batch loss: 0.52821, batch accuracy: 78.12, data load time: 0.00032, step time: 0.02674
epoch: [9], step: [200/391], batch loss: 0.58508, batch accuracy: 75.78, data load time: 0.00032, step time: 0.02654
epoch: [9], step: [210/391], batch loss: 0.26187, batch accuracy: 91.41, data load time: 0.00032, step time: 0.02663
epoch: [9], step: [220/391], batch loss: 0.29424, batch accuracy: 89.06, data load time: 0.00032, step time: 0.02658
epoch: [9], step: [230/391], batch loss: 0.52131, batch accuracy: 81.25, data load time: 0.00033, step time: 0.02662
epoch: [9], step: [240/391], batch loss: 0.47164, batch accuracy: 85.94, data load time: 0.00032, step time: 0.02661
epoch: [9], step: [250/391], batch loss: 0.48261, batch accuracy: 81.25, data load time: 0.00032, step time: 0.02662
epoch: [9], step: [260/391], batch loss: 0.50735, batch accuracy: 82.81, data load time: 0.00033, step time: 0.02668
epoch: [9], step: [270/391], batch loss: 0.58933, batch accuracy: 79.69, data load time: 0.00032, step time: 0.02667
epoch: [9], step: [280/391], batch loss: 0.56604, batch accuracy: 79.69, data load time: 0.00033, step time: 0.02652
epoch: [9], step: [290/391], batch loss: 0.66856, batch accuracy: 76.56, data load time: 0.00032, step time: 0.02658
epoch: [9], step: [300/391], batch loss: 0.42937, batch accuracy: 82.81, data load time: 0.00032, step time: 0.02659
epoch: [9], step: [310/391], batch loss: 0.57493, batch accuracy: 80.47, data load time: 0.00032, step time: 0.02652
epoch: [9], step: [320/391], batch loss: 0.60269, batch accuracy: 80.47, data load time: 0.00032, step time: 0.02667
epoch: [9], step: [330/391], batch loss: 0.57033, batch accuracy: 78.91, data load time: 0.00032, step time: 0.02660
epoch: [9], step: [340/391], batch loss: 0.68717, batch accuracy: 73.44, data load time: 0.00028, step time: 0.00447
epoch: [9], step: [350/391], batch loss: 0.65859, batch accuracy: 78.91, data load time: 0.00028, step time: 0.00446
epoch: [9], step: [360/391], batch loss: 0.50063, batch accuracy: 80.47, data load time: 0.00028, step time: 0.00446
epoch: [9], step: [370/391], batch loss: 0.54617, batch accuracy: 79.69, data load time: 0.00028, step time: 0.00446
epoch: [9], step: [380/391], batch loss: 0.77778, batch accuracy: 75.78, data load time: 0.00028, step time: 0.00448
epoch: [9], step: [390/391], batch loss: 0.48223, batch accuracy: 80.00, data load time: 0.00022, step time: 0.00349
validation loss: 2.19113, accuracy: 49.83
epoch: [10], step: [9/391], batch loss: 0.39920, batch accuracy: 83.59, data load time: 0.00032, step time: 0.13924
epoch: [10], step: [19/391], batch loss: 0.33935, batch accuracy: 87.50, data load time: 0.00033, step time: 0.02742
epoch: [10], step: [29/391], batch loss: 0.41381, batch accuracy: 87.50, data load time: 0.00032, step time: 0.02664
epoch: [10], step: [39/391], batch loss: 0.47572, batch accuracy: 80.47, data load time: 0.00031, step time: 0.02669
epoch: [10], step: [49/391], batch loss: 0.45584, batch accuracy: 83.59, data load time: 0.00031, step time: 0.02675
epoch: [10], step: [59/391], batch loss: 0.41606, batch accuracy: 88.28, data load time: 0.00031, step time: 0.02665
epoch: [10], step: [69/391], batch loss: 0.41488, batch accuracy: 83.59, data load time: 0.00031, step time: 0.02679
epoch: [10], step: [79/391], batch loss: 0.48197, batch accuracy: 78.91, data load time: 0.00031, step time: 0.02673
epoch: [10], step: [89/391], batch loss: 0.32358, batch accuracy: 90.62, data load time: 0.00032, step time: 0.02688
epoch: [10], step: [99/391], batch loss: 0.39233, batch accuracy: 89.84, data load time: 0.00032, step time: 0.02678
epoch: [10], step: [109/391], batch loss: 0.50169, batch accuracy: 85.16, data load time: 0.00032, step time: 0.02676
epoch: [10], step: [119/391], batch loss: 0.35071, batch accuracy: 85.94, data load time: 0.00033, step time: 0.02802
epoch: [10], step: [129/391], batch loss: 0.39660, batch accuracy: 89.06, data load time: 0.00032, step time: 0.02686
epoch: [10], step: [139/391], batch loss: 0.57624, batch accuracy: 75.00, data load time: 0.00032, step time: 0.02678
epoch: [10], step: [149/391], batch loss: 0.36362, batch accuracy: 86.72, data load time: 0.00032, step time: 0.02692
epoch: [10], step: [159/391], batch loss: 0.31376, batch accuracy: 86.72, data load time: 0.00032, step time: 0.02673
epoch: [10], step: [169/391], batch loss: 0.66498, batch accuracy: 79.69, data load time: 0.00032, step time: 0.02657
epoch: [10], step: [179/391], batch loss: 0.62793, batch accuracy: 74.22, data load time: 0.00032, step time: 0.02654
epoch: [10], step: [189/391], batch loss: 0.43595, batch accuracy: 88.28, data load time: 0.00032, step time: 0.02667
epoch: [10], step: [199/391], batch loss: 0.48579, batch accuracy: 85.16, data load time: 0.00032, step time: 0.02655
epoch: [10], step: [209/391], batch loss: 0.50842, batch accuracy: 81.25, data load time: 0.00033, step time: 0.02652
epoch: [10], step: [219/391], batch loss: 0.59349, batch accuracy: 77.34, data load time: 0.00032, step time: 0.02653
epoch: [10], step: [229/391], batch loss: 0.49223, batch accuracy: 80.47, data load time: 0.00032, step time: 0.02662
epoch: [10], step: [239/391], batch loss: 0.56386, batch accuracy: 84.38, data load time: 0.00032, step time: 0.02673
epoch: [10], step: [249/391], batch loss: 0.48160, batch accuracy: 82.03, data load time: 0.00032, step time: 0.02674
epoch: [10], step: [259/391], batch loss: 0.43854, batch accuracy: 84.38, data load time: 0.00032, step time: 0.02667
epoch: [10], step: [269/391], batch loss: 0.48248, batch accuracy: 81.25, data load time: 0.00032, step time: 0.02662
epoch: [10], step: [279/391], batch loss: 0.48414, batch accuracy: 82.03, data load time: 0.00033, step time: 0.02668
epoch: [10], step: [289/391], batch loss: 0.59706, batch accuracy: 76.56, data load time: 0.00032, step time: 0.02666
epoch: [10], step: [299/391], batch loss: 0.57334, batch accuracy: 79.69, data load time: 0.00032, step time: 0.02667
epoch: [10], step: [309/391], batch loss: 0.30354, batch accuracy: 87.50, data load time: 0.00033, step time: 0.02668
epoch: [10], step: [319/391], batch loss: 0.55668, batch accuracy: 81.25, data load time: 0.00032, step time: 0.02657
epoch: [10], step: [329/391], batch loss: 0.44797, batch accuracy: 83.59, data load time: 0.00032, step time: 0.02663
epoch: [10], step: [339/391], batch loss: 0.50749, batch accuracy: 83.59, data load time: 0.00028, step time: 0.00447
epoch: [10], step: [349/391], batch loss: 0.40605, batch accuracy: 85.16, data load time: 0.00028, step time: 0.00448
epoch: [10], step: [359/391], batch loss: 0.40078, batch accuracy: 85.94, data load time: 0.00028, step time: 0.00448
epoch: [10], step: [369/391], batch loss: 0.52589, batch accuracy: 82.81, data load time: 0.00028, step time: 0.00446
epoch: [10], step: [379/391], batch loss: 0.60988, batch accuracy: 84.38, data load time: 0.00028, step time: 0.00448
epoch: [10], step: [389/391], batch loss: 0.54656, batch accuracy: 81.25, data load time: 0.00027, step time: 0.00448
epoch: [11], step: [8/391], batch loss: 0.49404, batch accuracy: 84.38, data load time: 0.00032, step time: 0.07168
epoch: [11], step: [18/391], batch loss: 0.40248, batch accuracy: 82.03, data load time: 0.00033, step time: 0.02678
epoch: [11], step: [28/391], batch loss: 0.32068, batch accuracy: 88.28, data load time: 0.00031, step time: 0.02662
epoch: [11], step: [38/391], batch loss: 0.30902, batch accuracy: 89.84, data load time: 0.00031, step time: 0.02676
epoch: [11], step: [48/391], batch loss: 0.33652, batch accuracy: 87.50, data load time: 0.00031, step time: 0.02691
epoch: [11], step: [58/391], batch loss: 0.34267, batch accuracy: 86.72, data load time: 0.00031, step time: 0.02691
epoch: [11], step: [68/391], batch loss: 0.43494, batch accuracy: 83.59, data load time: 0.00031, step time: 0.02669
epoch: [11], step: [78/391], batch loss: 0.41571, batch accuracy: 81.25, data load time: 0.00031, step time: 0.02671
epoch: [11], step: [88/391], batch loss: 0.37286, batch accuracy: 85.16, data load time: 0.00031, step time: 0.02674
epoch: [11], step: [98/391], batch loss: 0.42532, batch accuracy: 82.81, data load time: 0.00032, step time: 0.02672
epoch: [11], step: [108/391], batch loss: 0.45520, batch accuracy: 81.25, data load time: 0.00032, step time: 0.02674
epoch: [11], step: [118/391], batch loss: 0.52589, batch accuracy: 82.03, data load time: 0.00032, step time: 0.02677
epoch: [11], step: [128/391], batch loss: 0.29309, batch accuracy: 88.28, data load time: 0.00032, step time: 0.02670
epoch: [11], step: [138/391], batch loss: 0.37747, batch accuracy: 85.94, data load time: 0.00032, step time: 0.02679
epoch: [11], step: [148/391], batch loss: 0.57289, batch accuracy: 78.12, data load time: 0.00032, step time: 0.02673
epoch: [11], step: [158/391], batch loss: 0.36800, batch accuracy: 85.16, data load time: 0.00032, step time: 0.02672
epoch: [11], step: [168/391], batch loss: 0.39585, batch accuracy: 85.94, data load time: 0.00032, step time: 0.02646
epoch: [11], step: [178/391], batch loss: 0.34432, batch accuracy: 85.94, data load time: 0.00033, step time: 0.02645
epoch: [11], step: [188/391], batch loss: 0.46971, batch accuracy: 85.16, data load time: 0.00032, step time: 0.02657
epoch: [11], step: [198/391], batch loss: 0.43932, batch accuracy: 82.03, data load time: 0.00032, step time: 0.02656
epoch: [11], step: [208/391], batch loss: 0.41259, batch accuracy: 85.16, data load time: 0.00032, step time: 0.02652
epoch: [11], step: [218/391], batch loss: 0.44252, batch accuracy: 84.38, data load time: 0.00032, step time: 0.02650
epoch: [11], step: [228/391], batch loss: 0.57710, batch accuracy: 78.91, data load time: 0.00032, step time: 0.02654
epoch: [11], step: [238/391], batch loss: 0.37585, batch accuracy: 82.81, data load time: 0.00032, step time: 0.02647
epoch: [11], step: [248/391], batch loss: 0.42355, batch accuracy: 82.81, data load time: 0.00033, step time: 0.02652
epoch: [11], step: [258/391], batch loss: 0.53193, batch accuracy: 79.69, data load time: 0.00032, step time: 0.02665
epoch: [11], step: [268/391], batch loss: 0.34970, batch accuracy: 88.28, data load time: 0.00032, step time: 0.02654
epoch: [11], step: [278/391], batch loss: 0.27110, batch accuracy: 90.62, data load time: 0.00032, step time: 0.02654
epoch: [11], step: [288/391], batch loss: 0.45262, batch accuracy: 84.38, data load time: 0.00032, step time: 0.02649
epoch: [11], step: [298/391], batch loss: 0.50818, batch accuracy: 85.94, data load time: 0.00032, step time: 0.02657
epoch: [11], step: [308/391], batch loss: 0.48553, batch accuracy: 84.38, data load time: 0.00032, step time: 0.02648
epoch: [11], step: [318/391], batch loss: 0.49262, batch accuracy: 82.03, data load time: 0.00032, step time: 0.02640
epoch: [11], step: [328/391], batch loss: 0.45257, batch accuracy: 87.50, data load time: 0.00032, step time: 0.02661
epoch: [11], step: [338/391], batch loss: 0.55035, batch accuracy: 81.25, data load time: 0.00028, step time: 0.00479
epoch: [11], step: [348/391], batch loss: 0.55114, batch accuracy: 82.81, data load time: 0.00028, step time: 0.00481
epoch: [11], step: [358/391], batch loss: 0.35809, batch accuracy: 86.72, data load time: 0.00028, step time: 0.00481
epoch: [11], step: [368/391], batch loss: 0.39209, batch accuracy: 87.50, data load time: 0.00028, step time: 0.00480
epoch: [11], step: [378/391], batch loss: 0.62615, batch accuracy: 81.25, data load time: 0.00028, step time: 0.00480
epoch: [11], step: [388/391], batch loss: 0.41387, batch accuracy: 85.94, data load time: 0.00027, step time: 0.00453
validation loss: 1.21972, accuracy: 67.00
epoch: [12], step: [7/391], batch loss: 0.32543, batch accuracy: 87.50, data load time: 0.00032, step time: 0.00637
epoch: [12], step: [17/391], batch loss: 0.34213, batch accuracy: 86.72, data load time: 0.00032, step time: 0.02701
epoch: [12], step: [27/391], batch loss: 0.37983, batch accuracy: 83.59, data load time: 0.00727, step time: 0.01215
epoch: [12], step: [37/391], batch loss: 0.33645, batch accuracy: 87.50, data load time: 0.00031, step time: 0.02676
epoch: [12], step: [47/391], batch loss: 0.35660, batch accuracy: 84.38, data load time: 0.00031, step time: 0.02675
epoch: [12], step: [57/391], batch loss: 0.43550, batch accuracy: 85.94, data load time: 0.00032, step time: 0.02675
epoch: [12], step: [67/391], batch loss: 0.44929, batch accuracy: 82.81, data load time: 0.00031, step time: 0.02680
epoch: [12], step: [77/391], batch loss: 0.26865, batch accuracy: 89.84, data load time: 0.00032, step time: 0.02684
epoch: [12], step: [87/391], batch loss: 0.24755, batch accuracy: 89.84, data load time: 0.00031, step time: 0.02686
epoch: [12], step: [97/391], batch loss: 0.36745, batch accuracy: 85.16, data load time: 0.00033, step time: 0.02688
epoch: [12], step: [107/391], batch loss: 0.37865, batch accuracy: 86.72, data load time: 0.00032, step time: 0.02675
epoch: [12], step: [117/391], batch loss: 0.29570, batch accuracy: 92.19, data load time: 0.00032, step time: 0.02683
epoch: [12], step: [127/391], batch loss: 0.39760, batch accuracy: 83.59, data load time: 0.00032, step time: 0.02683
epoch: [12], step: [137/391], batch loss: 0.32700, batch accuracy: 88.28, data load time: 0.00033, step time: 0.02683
epoch: [12], step: [147/391], batch loss: 0.49173, batch accuracy: 79.69, data load time: 0.00033, step time: 0.02694
epoch: [12], step: [157/391], batch loss: 0.30511, batch accuracy: 92.19, data load time: 0.00032, step time: 0.02685
epoch: [12], step: [167/391], batch loss: 0.40822, batch accuracy: 85.94, data load time: 0.00032, step time: 0.02698
epoch: [12], step: [177/391], batch loss: 0.58000, batch accuracy: 83.59, data load time: 0.00033, step time: 0.02657
epoch: [12], step: [187/391], batch loss: 0.45553, batch accuracy: 82.03, data load time: 0.00032, step time: 0.02671
epoch: [12], step: [197/391], batch loss: 0.42263, batch accuracy: 83.59, data load time: 0.00032, step time: 0.02664
epoch: [12], step: [207/391], batch loss: 0.40551, batch accuracy: 86.72, data load time: 0.00033, step time: 0.02663
epoch: [12], step: [217/391], batch loss: 0.50791, batch accuracy: 79.69, data load time: 0.00032, step time: 0.02664
epoch: [12], step: [227/391], batch loss: 0.32404, batch accuracy: 87.50, data load time: 0.00032, step time: 0.02671
epoch: [12], step: [237/391], batch loss: 0.45022, batch accuracy: 84.38, data load time: 0.00032, step time: 0.02663
epoch: [12], step: [247/391], batch loss: 0.36627, batch accuracy: 87.50, data load time: 0.00033, step time: 0.02660
epoch: [12], step: [257/391], batch loss: 0.39046, batch accuracy: 86.72, data load time: 0.00032, step time: 0.02655
epoch: [12], step: [267/391], batch loss: 0.46478, batch accuracy: 84.38, data load time: 0.00032, step time: 0.02665
epoch: [12], step: [277/391], batch loss: 0.42618, batch accuracy: 81.25, data load time: 0.00032, step time: 0.02661
epoch: [12], step: [287/391], batch loss: 0.45599, batch accuracy: 83.59, data load time: 0.00032, step time: 0.02669
epoch: [12], step: [297/391], batch loss: 0.42364, batch accuracy: 83.59, data load time: 0.00032, step time: 0.02654
epoch: [12], step: [307/391], batch loss: 0.52222, batch accuracy: 80.47, data load time: 0.00032, step time: 0.02672
epoch: [12], step: [317/391], batch loss: 0.46080, batch accuracy: 88.28, data load time: 0.00032, step time: 0.02662
epoch: [12], step: [327/391], batch loss: 0.39489, batch accuracy: 83.59, data load time: 0.00032, step time: 0.02674
epoch: [12], step: [337/391], batch loss: 0.49962, batch accuracy: 84.38, data load time: 0.00027, step time: 0.00447
epoch: [12], step: [347/391], batch loss: 0.44955, batch accuracy: 85.94, data load time: 0.00027, step time: 0.00447
epoch: [12], step: [357/391], batch loss: 0.52221, batch accuracy: 82.81, data load time: 0.00028, step time: 0.00448
epoch: [12], step: [367/391], batch loss: 0.44334, batch accuracy: 84.38, data load time: 0.00028, step time: 0.00445
epoch: [12], step: [377/391], batch loss: 0.58646, batch accuracy: 78.91, data load time: 0.00028, step time: 0.00448
epoch: [12], step: [387/391], batch loss: 0.29752, batch accuracy: 89.84, data load time: 0.00027, step time: 0.00446
epoch: [13], step: [6/391], batch loss: 0.31094, batch accuracy: 89.84, data load time: 0.00032, step time: 0.01110
epoch: [13], step: [16/391], batch loss: 0.22774, batch accuracy: 91.41, data load time: 0.00033, step time: 0.02835
epoch: [13], step: [26/391], batch loss: 0.27308, batch accuracy: 90.62, data load time: 0.12912, step time: 0.02489
epoch: [13], step: [36/391], batch loss: 0.23169, batch accuracy: 93.75, data load time: 0.00031, step time: 0.02668
epoch: [13], step: [46/391], batch loss: 0.29311, batch accuracy: 86.72, data load time: 0.00031, step time: 0.02667
epoch: [13], step: [56/391], batch loss: 0.24399, batch accuracy: 92.19, data load time: 0.00031, step time: 0.02675
epoch: [13], step: [66/391], batch loss: 0.37948, batch accuracy: 83.59, data load time: 0.00032, step time: 0.02676
epoch: [13], step: [76/391], batch loss: 0.43144, batch accuracy: 83.59, data load time: 0.00031, step time: 0.02677
epoch: [13], step: [86/391], batch loss: 0.34562, batch accuracy: 88.28, data load time: 0.00031, step time: 0.02680
epoch: [13], step: [96/391], batch loss: 0.42580, batch accuracy: 87.50, data load time: 0.00033, step time: 0.02679
epoch: [13], step: [106/391], batch loss: 0.31958, batch accuracy: 87.50, data load time: 0.00032, step time: 0.02679
epoch: [13], step: [116/391], batch loss: 0.49650, batch accuracy: 79.69, data load time: 0.00032, step time: 0.02673
epoch: [13], step: [126/391], batch loss: 0.25362, batch accuracy: 89.06, data load time: 0.00032, step time: 0.02690
epoch: [13], step: [136/391], batch loss: 0.32204, batch accuracy: 89.84, data load time: 0.00034, step time: 0.02681
epoch: [13], step: [146/391], batch loss: 0.31453, batch accuracy: 88.28, data load time: 0.00032, step time: 0.02678
epoch: [13], step: [156/391], batch loss: 0.35463, batch accuracy: 89.84, data load time: 0.00032, step time: 0.02677
epoch: [13], step: [166/391], batch loss: 0.39691, batch accuracy: 83.59, data load time: 0.00032, step time: 0.02683
epoch: [13], step: [176/391], batch loss: 0.31728, batch accuracy: 86.72, data load time: 0.00032, step time: 0.02655
epoch: [13], step: [186/391], batch loss: 0.42520, batch accuracy: 85.94, data load time: 0.00032, step time: 0.02658
epoch: [13], step: [196/391], batch loss: 0.47308, batch accuracy: 83.59, data load time: 0.00032, step time: 0.02658
epoch: [13], step: [206/391], batch loss: 0.46917, batch accuracy: 84.38, data load time: 0.00033, step time: 0.02666
epoch: [13], step: [216/391], batch loss: 0.48443, batch accuracy: 80.47, data load time: 0.00032, step time: 0.02661
epoch: [13], step: [226/391], batch loss: 0.48646, batch accuracy: 85.16, data load time: 0.00032, step time: 0.02658
epoch: [13], step: [236/391], batch loss: 0.31700, batch accuracy: 85.94, data load time: 0.00033, step time: 0.02655
epoch: [13], step: [246/391], batch loss: 0.30496, batch accuracy: 88.28, data load time: 0.00032, step time: 0.02663
epoch: [13], step: [256/391], batch loss: 0.45402, batch accuracy: 84.38, data load time: 0.00032, step time: 0.02781
epoch: [13], step: [266/391], batch loss: 0.35130, batch accuracy: 86.72, data load time: 0.00032, step time: 0.02801
epoch: [13], step: [276/391], batch loss: 0.37457, batch accuracy: 88.28, data load time: 0.00033, step time: 0.02782
epoch: [13], step: [286/391], batch loss: 0.52635, batch accuracy: 77.34, data load time: 0.00032, step time: 0.02659
epoch: [13], step: [296/391], batch loss: 0.39725, batch accuracy: 85.16, data load time: 0.00032, step time: 0.02654
epoch: [13], step: [306/391], batch loss: 0.46058, batch accuracy: 81.25, data load time: 0.00033, step time: 0.02661
epoch: [13], step: [316/391], batch loss: 0.49033, batch accuracy: 83.59, data load time: 0.00032, step time: 0.02696
epoch: [13], step: [326/391], batch loss: 0.27820, batch accuracy: 92.19, data load time: 0.00032, step time: 0.02654
epoch: [13], step: [336/391], batch loss: 0.41553, batch accuracy: 83.59, data load time: 0.00028, step time: 0.00448
epoch: [13], step: [346/391], batch loss: 0.57595, batch accuracy: 78.91, data load time: 0.00028, step time: 0.00446
epoch: [13], step: [356/391], batch loss: 0.30351, batch accuracy: 89.84, data load time: 0.00028, step time: 0.00446
epoch: [13], step: [366/391], batch loss: 0.43826, batch accuracy: 83.59, data load time: 0.00028, step time: 0.00447
epoch: [13], step: [376/391], batch loss: 0.39094, batch accuracy: 88.28, data load time: 0.00028, step time: 0.00447
epoch: [13], step: [386/391], batch loss: 0.46068, batch accuracy: 84.38, data load time: 0.00028, step time: 0.00447
validation loss: 1.63821, accuracy: 62.41
epoch: [14], step: [5/391], batch loss: 0.41311, batch accuracy: 86.72, data load time: 0.00032, step time: 0.00479
epoch: [14], step: [15/391], batch loss: 0.36182, batch accuracy: 88.28, data load time: 0.00032, step time: 0.02746
epoch: [14], step: [25/391], batch loss: 0.33224, batch accuracy: 89.06, data load time: 0.08776, step time: 0.02694
epoch: [14], step: [35/391], batch loss: 0.26033, batch accuracy: 92.97, data load time: 0.00031, step time: 0.02668
epoch: [14], step: [45/391], batch loss: 0.30029, batch accuracy: 86.72, data load time: 0.00031, step time: 0.02679
epoch: [14], step: [55/391], batch loss: 0.31917, batch accuracy: 86.72, data load time: 0.02623, step time: 0.02673
epoch: [14], step: [65/391], batch loss: 0.38501, batch accuracy: 86.72, data load time: 0.00031, step time: 0.02691
epoch: [14], step: [75/391], batch loss: 0.29344, batch accuracy: 87.50, data load time: 0.00031, step time: 0.02689
epoch: [14], step: [85/391], batch loss: 0.37340, batch accuracy: 85.94, data load time: 0.00031, step time: 0.02689
epoch: [14], step: [95/391], batch loss: 0.29724, batch accuracy: 91.41, data load time: 0.00032, step time: 0.02689
epoch: [14], step: [105/391], batch loss: 0.35980, batch accuracy: 90.62, data load time: 0.00032, step time: 0.02684
epoch: [14], step: [115/391], batch loss: 0.23685, batch accuracy: 91.41, data load time: 0.00032, step time: 0.02694
epoch: [14], step: [125/391], batch loss: 0.30597, batch accuracy: 88.28, data load time: 0.00032, step time: 0.02807
epoch: [14], step: [135/391], batch loss: 0.28306, batch accuracy: 90.62, data load time: 0.00032, step time: 0.02692
epoch: [14], step: [145/391], batch loss: 0.36137, batch accuracy: 84.38, data load time: 0.00033, step time: 0.02688
epoch: [14], step: [155/391], batch loss: 0.42714, batch accuracy: 87.50, data load time: 0.00032, step time: 0.02694
epoch: [14], step: [165/391], batch loss: 0.53939, batch accuracy: 81.25, data load time: 0.00032, step time: 0.02687
epoch: [14], step: [175/391], batch loss: 0.28190, batch accuracy: 90.62, data load time: 0.00032, step time: 0.02667
epoch: [14], step: [185/391], batch loss: 0.34188, batch accuracy: 87.50, data load time: 0.00032, step time: 0.02666
epoch: [14], step: [195/391], batch loss: 0.34547, batch accuracy: 89.06, data load time: 0.00032, step time: 0.02670
epoch: [14], step: [205/391], batch loss: 0.49199, batch accuracy: 85.16, data load time: 0.00032, step time: 0.02666
epoch: [14], step: [215/391], batch loss: 0.28809, batch accuracy: 90.62, data load time: 0.00032, step time: 0.02669
epoch: [14], step: [225/391], batch loss: 0.42564, batch accuracy: 85.16, data load time: 0.00032, step time: 0.02677
epoch: [14], step: [235/391], batch loss: 0.28913, batch accuracy: 86.72, data load time: 0.00032, step time: 0.02675
epoch: [14], step: [245/391], batch loss: 0.24686, batch accuracy: 92.97, data load time: 0.00032, step time: 0.02673
epoch: [14], step: [255/391], batch loss: 0.22866, batch accuracy: 93.75, data load time: 0.00032, step time: 0.02659
epoch: [14], step: [265/391], batch loss: 0.26471, batch accuracy: 92.19, data load time: 0.00032, step time: 0.02680
epoch: [14], step: [275/391], batch loss: 0.31871, batch accuracy: 88.28, data load time: 0.00032, step time: 0.02668
epoch: [14], step: [285/391], batch loss: 0.34623, batch accuracy: 89.06, data load time: 0.00032, step time: 0.02661
epoch: [14], step: [295/391], batch loss: 0.43134, batch accuracy: 85.94, data load time: 0.00033, step time: 0.02683
epoch: [14], step: [305/391], batch loss: 0.51876, batch accuracy: 79.69, data load time: 0.00032, step time: 0.02673
epoch: [14], step: [315/391], batch loss: 0.54782, batch accuracy: 82.03, data load time: 0.00032, step time: 0.02665
epoch: [14], step: [325/391], batch loss: 0.52201, batch accuracy: 84.38, data load time: 0.00032, step time: 0.02663
epoch: [14], step: [335/391], batch loss: 0.40473, batch accuracy: 89.06, data load time: 0.00028, step time: 0.00481
epoch: [14], step: [345/391], batch loss: 0.24634, batch accuracy: 92.19, data load time: 0.00028, step time: 0.00480
epoch: [14], step: [355/391], batch loss: 0.43004, batch accuracy: 87.50, data load time: 0.00028, step time: 0.00483
epoch: [14], step: [365/391], batch loss: 0.42355, batch accuracy: 87.50, data load time: 0.00028, step time: 0.00452
epoch: [14], step: [375/391], batch loss: 0.25202, batch accuracy: 91.41, data load time: 0.00028, step time: 0.00452
epoch: [14], step: [385/391], batch loss: 0.35493, batch accuracy: 85.16, data load time: 0.00028, step time: 0.00451
epoch: [15], step: [4/391], batch loss: 0.33692, batch accuracy: 88.28, data load time: 0.00032, step time: 0.00479
epoch: [15], step: [14/391], batch loss: 0.20647, batch accuracy: 90.62, data load time: 0.00032, step time: 0.02680
epoch: [15], step: [24/391], batch loss: 0.20489, batch accuracy: 92.97, data load time: 0.08547, step time: 0.02707
epoch: [15], step: [34/391], batch loss: 0.32060, batch accuracy: 87.50, data load time: 0.00031, step time: 0.02552
epoch: [15], step: [44/391], batch loss: 0.33779, batch accuracy: 90.62, data load time: 0.00031, step time: 0.02678
epoch: [15], step: [54/391], batch loss: 0.22287, batch accuracy: 90.62, data load time: 0.00031, step time: 0.02686
epoch: [15], step: [64/391], batch loss: 0.23651, batch accuracy: 93.75, data load time: 0.00036, step time: 0.02740
epoch: [15], step: [74/391], batch loss: 0.26264, batch accuracy: 89.84, data load time: 0.00032, step time: 0.02686
epoch: [15], step: [84/391], batch loss: 0.32436, batch accuracy: 86.72, data load time: 0.00031, step time: 0.02673
epoch: [15], step: [94/391], batch loss: 0.37257, batch accuracy: 89.06, data load time: 0.00031, step time: 0.02695
epoch: [15], step: [104/391], batch loss: 0.37857, batch accuracy: 86.72, data load time: 0.00032, step time: 0.02683
epoch: [15], step: [114/391], batch loss: 0.24200, batch accuracy: 88.28, data load time: 0.00032, step time: 0.02675
epoch: [15], step: [124/391], batch loss: 0.29260, batch accuracy: 87.50, data load time: 0.00033, step time: 0.02681
epoch: [15], step: [134/391], batch loss: 0.28846, batch accuracy: 88.28, data load time: 0.00032, step time: 0.02687
epoch: [15], step: [144/391], batch loss: 0.24546, batch accuracy: 91.41, data load time: 0.00032, step time: 0.02685
epoch: [15], step: [154/391], batch loss: 0.34464, batch accuracy: 87.50, data load time: 0.00033, step time: 0.02685
epoch: [15], step: [164/391], batch loss: 0.28857, batch accuracy: 92.97, data load time: 0.00034, step time: 0.02694
epoch: [15], step: [174/391], batch loss: 0.40560, batch accuracy: 86.72, data load time: 0.00032, step time: 0.02662
epoch: [15], step: [184/391], batch loss: 0.53931, batch accuracy: 78.12, data load time: 0.00032, step time: 0.02663
epoch: [15], step: [194/391], batch loss: 0.32584, batch accuracy: 89.84, data load time: 0.00032, step time: 0.02663
epoch: [15], step: [204/391], batch loss: 0.38680, batch accuracy: 84.38, data load time: 0.00032, step time: 0.02657
epoch: [15], step: [214/391], batch loss: 0.43560, batch accuracy: 86.72, data load time: 0.00032, step time: 0.02665
epoch: [15], step: [224/391], batch loss: 0.30037, batch accuracy: 90.62, data load time: 0.00032, step time: 0.02652
epoch: [15], step: [234/391], batch loss: 0.26757, batch accuracy: 89.06, data load time: 0.00032, step time: 0.02680
epoch: [15], step: [244/391], batch loss: 0.27103, batch accuracy: 90.62, data load time: 0.00032, step time: 0.02666
epoch: [15], step: [254/391], batch loss: 0.36689, batch accuracy: 88.28, data load time: 0.00033, step time: 0.02656
epoch: [15], step: [264/391], batch loss: 0.30673, batch accuracy: 89.84, data load time: 0.00032, step time: 0.02670
epoch: [15], step: [274/391], batch loss: 0.42789, batch accuracy: 82.03, data load time: 0.00032, step time: 0.02667
epoch: [15], step: [284/391], batch loss: 0.30272, batch accuracy: 89.84, data load time: 0.00032, step time: 0.02658
epoch: [15], step: [294/391], batch loss: 0.28618, batch accuracy: 91.41, data load time: 0.00032, step time: 0.02666
epoch: [15], step: [304/391], batch loss: 0.46439, batch accuracy: 79.69, data load time: 0.00032, step time: 0.02670
epoch: [15], step: [314/391], batch loss: 0.36502, batch accuracy: 85.16, data load time: 0.00032, step time: 0.02667
epoch: [15], step: [324/391], batch loss: 0.50922, batch accuracy: 85.16, data load time: 0.00032, step time: 0.02657
epoch: [15], step: [334/391], batch loss: 0.41198, batch accuracy: 85.94, data load time: 0.00285, step time: 0.01845
epoch: [15], step: [344/391], batch loss: 0.38951, batch accuracy: 85.16, data load time: 0.00028, step time: 0.00447
epoch: [15], step: [354/391], batch loss: 0.31790, batch accuracy: 86.72, data load time: 0.00028, step time: 0.00447
epoch: [15], step: [364/391], batch loss: 0.35010, batch accuracy: 85.16, data load time: 0.00028, step time: 0.00447
epoch: [15], step: [374/391], batch loss: 0.52539, batch accuracy: 78.91, data load time: 0.00028, step time: 0.00446
epoch: [15], step: [384/391], batch loss: 0.38169, batch accuracy: 86.72, data load time: 0.00028, step time: 0.00448
validation loss: 3.12143, accuracy: 54.63
epoch: [16], step: [3/391], batch loss: 0.16333, batch accuracy: 91.41, data load time: 0.00033, step time: 0.00481
epoch: [16], step: [13/391], batch loss: 0.21540, batch accuracy: 92.19, data load time: 0.00032, step time: 0.02749
epoch: [16], step: [23/391], batch loss: 0.39222, batch accuracy: 83.59, data load time: 0.00032, step time: 0.02874
epoch: [16], step: [33/391], batch loss: 0.27830, batch accuracy: 90.62, data load time: 0.00031, step time: 0.02665
epoch: [16], step: [43/391], batch loss: 0.15460, batch accuracy: 96.09, data load time: 0.00032, step time: 0.02665
epoch: [16], step: [53/391], batch loss: 0.19404, batch accuracy: 92.19, data load time: 0.00031, step time: 0.02676
epoch: [16], step: [63/391], batch loss: 0.29671, batch accuracy: 90.62, data load time: 0.00034, step time: 0.02748
epoch: [16], step: [73/391], batch loss: 0.18935, batch accuracy: 92.97, data load time: 0.00032, step time: 0.02688
epoch: [16], step: [83/391], batch loss: 0.14699, batch accuracy: 95.31, data load time: 0.00039, step time: 0.02690
epoch: [16], step: [93/391], batch loss: 0.26585, batch accuracy: 89.84, data load time: 0.00031, step time: 0.02694
epoch: [16], step: [103/391], batch loss: 0.21294, batch accuracy: 92.19, data load time: 0.00032, step time: 0.02681
epoch: [16], step: [113/391], batch loss: 0.28102, batch accuracy: 87.50, data load time: 0.00032, step time: 0.02677
epoch: [16], step: [123/391], batch loss: 0.32855, batch accuracy: 87.50, data load time: 0.00032, step time: 0.02684
epoch: [16], step: [133/391], batch loss: 0.30498, batch accuracy: 90.62, data load time: 0.00032, step time: 0.02677
epoch: [16], step: [143/391], batch loss: 0.38213, batch accuracy: 85.94, data load time: 0.00032, step time: 0.02682
epoch: [16], step: [153/391], batch loss: 0.31891, batch accuracy: 89.06, data load time: 0.00033, step time: 0.02688
epoch: [16], step: [163/391], batch loss: 0.24265, batch accuracy: 92.19, data load time: 0.00032, step time: 0.02683
epoch: [16], step: [173/391], batch loss: 0.33943, batch accuracy: 88.28, data load time: 0.00032, step time: 0.02674
epoch: [16], step: [183/391], batch loss: 0.31834, batch accuracy: 88.28, data load time: 0.00032, step time: 0.02662
epoch: [16], step: [193/391], batch loss: 0.26134, batch accuracy: 89.84, data load time: 0.00032, step time: 0.02678
epoch: [16], step: [203/391], batch loss: 0.26528, batch accuracy: 89.06, data load time: 0.00032, step time: 0.02663
epoch: [16], step: [213/391], batch loss: 0.37742, batch accuracy: 83.59, data load time: 0.00032, step time: 0.02665
epoch: [16], step: [223/391], batch loss: 0.24424, batch accuracy: 89.06, data load time: 0.00032, step time: 0.02663
epoch: [16], step: [233/391], batch loss: 0.29117, batch accuracy: 85.94, data load time: 0.00032, step time: 0.02673
epoch: [16], step: [243/391], batch loss: 0.30795, batch accuracy: 87.50, data load time: 0.00032, step time: 0.02665
epoch: [16], step: [253/391], batch loss: 0.32609, batch accuracy: 87.50, data load time: 0.00032, step time: 0.02662
epoch: [16], step: [263/391], batch loss: 0.37254, batch accuracy: 86.72, data load time: 0.00032, step time: 0.02668
epoch: [16], step: [273/391], batch loss: 0.23358, batch accuracy: 91.41, data load time: 0.00032, step time: 0.02685
epoch: [16], step: [283/391], batch loss: 0.36352, batch accuracy: 88.28, data load time: 0.00032, step time: 0.02653
epoch: [16], step: [293/391], batch loss: 0.30658, batch accuracy: 90.62, data load time: 0.00032, step time: 0.02672
epoch: [16], step: [303/391], batch loss: 0.19846, batch accuracy: 92.19, data load time: 0.00032, step time: 0.02661
epoch: [16], step: [313/391], batch loss: 0.43193, batch accuracy: 85.16, data load time: 0.00032, step time: 0.02684
epoch: [16], step: [323/391], batch loss: 0.31210, batch accuracy: 89.84, data load time: 0.00032, step time: 0.02662
epoch: [16], step: [333/391], batch loss: 0.32373, batch accuracy: 87.50, data load time: 0.00032, step time: 0.02668
epoch: [16], step: [343/391], batch loss: 0.28411, batch accuracy: 89.06, data load time: 0.00028, step time: 0.00447
epoch: [16], step: [353/391], batch loss: 0.25504, batch accuracy: 90.62, data load time: 0.00028, step time: 0.00446
epoch: [16], step: [363/391], batch loss: 0.37233, batch accuracy: 83.59, data load time: 0.00028, step time: 0.00447
epoch: [16], step: [373/391], batch loss: 0.42803, batch accuracy: 84.38, data load time: 0.00028, step time: 0.00446
epoch: [16], step: [383/391], batch loss: 0.36887, batch accuracy: 86.72, data load time: 0.00028, step time: 0.00449
epoch: [17], step: [2/391], batch loss: 0.20007, batch accuracy: 92.19, data load time: 0.00032, step time: 0.00555
epoch: [17], step: [12/391], batch loss: 0.26203, batch accuracy: 92.97, data load time: 0.00032, step time: 0.02831
epoch: [17], step: [22/391], batch loss: 0.24639, batch accuracy: 91.41, data load time: 0.00032, step time: 0.02781
epoch: [17], step: [32/391], batch loss: 0.22511, batch accuracy: 91.41, data load time: 0.00031, step time: 0.02674
epoch: [17], step: [42/391], batch loss: 0.22861, batch accuracy: 89.06, data load time: 0.00031, step time: 0.02686
epoch: [17], step: [52/391], batch loss: 0.28533, batch accuracy: 90.62, data load time: 0.00030, step time: 0.02671
epoch: [17], step: [62/391], batch loss: 0.26468, batch accuracy: 89.06, data load time: 0.00031, step time: 0.08466
epoch: [17], step: [72/391], batch loss: 0.27597, batch accuracy: 87.50, data load time: 0.00031, step time: 0.02708
epoch: [17], step: [82/391], batch loss: 0.22868, batch accuracy: 90.62, data load time: 0.00031, step time: 0.02682
epoch: [17], step: [92/391], batch loss: 0.13516, batch accuracy: 94.53, data load time: 0.00032, step time: 0.02689
epoch: [17], step: [102/391], batch loss: 0.26145, batch accuracy: 90.62, data load time: 0.00032, step time: 0.02682
epoch: [17], step: [112/391], batch loss: 0.29522, batch accuracy: 88.28, data load time: 0.00032, step time: 0.02685
epoch: [17], step: [122/391], batch loss: 0.18956, batch accuracy: 92.97, data load time: 0.00032, step time: 0.02685
epoch: [17], step: [132/391], batch loss: 0.25295, batch accuracy: 88.28, data load time: 0.00032, step time: 0.02680
epoch: [17], step: [142/391], batch loss: 0.11003, batch accuracy: 96.88, data load time: 0.00032, step time: 0.02687
epoch: [17], step: [152/391], batch loss: 0.21673, batch accuracy: 91.41, data load time: 0.00032, step time: 0.02685
epoch: [17], step: [162/391], batch loss: 0.25973, batch accuracy: 90.62, data load time: 0.00032, step time: 0.02682
epoch: [17], step: [172/391], batch loss: 0.35069, batch accuracy: 87.50, data load time: 0.00032, step time: 0.02669
epoch: [17], step: [182/391], batch loss: 0.20149, batch accuracy: 92.97, data load time: 0.00033, step time: 0.02666
epoch: [17], step: [192/391], batch loss: 0.19547, batch accuracy: 92.19, data load time: 0.00032, step time: 0.02661
epoch: [17], step: [202/391], batch loss: 0.16819, batch accuracy: 93.75, data load time: 0.00032, step time: 0.02672
epoch: [17], step: [212/391], batch loss: 0.18835, batch accuracy: 93.75, data load time: 0.00032, step time: 0.02669
epoch: [17], step: [222/391], batch loss: 0.49121, batch accuracy: 84.38, data load time: 0.00032, step time: 0.02663
epoch: [17], step: [232/391], batch loss: 0.30259, batch accuracy: 90.62, data load time: 0.00032, step time: 0.02667
epoch: [17], step: [242/391], batch loss: 0.36176, batch accuracy: 89.84, data load time: 0.00033, step time: 0.02667
epoch: [17], step: [252/391], batch loss: 0.17575, batch accuracy: 92.97, data load time: 0.00032, step time: 0.02660
epoch: [17], step: [262/391], batch loss: 0.33013, batch accuracy: 89.06, data load time: 0.00032, step time: 0.02667
epoch: [17], step: [272/391], batch loss: 0.30322, batch accuracy: 88.28, data load time: 0.00033, step time: 0.02673
epoch: [17], step: [282/391], batch loss: 0.34387, batch accuracy: 88.28, data load time: 0.00032, step time: 0.02661
epoch: [17], step: [292/391], batch loss: 0.46039, batch accuracy: 82.81, data load time: 0.00032, step time: 0.02666
epoch: [17], step: [302/391], batch loss: 0.22490, batch accuracy: 89.06, data load time: 0.00032, step time: 0.02667
epoch: [17], step: [312/391], batch loss: 0.37482, batch accuracy: 87.50, data load time: 0.00032, step time: 0.02673
epoch: [17], step: [322/391], batch loss: 0.26623, batch accuracy: 88.28, data load time: 0.00032, step time: 0.02668
epoch: [17], step: [332/391], batch loss: 0.28153, batch accuracy: 87.50, data load time: 0.00032, step time: 0.02659
epoch: [17], step: [342/391], batch loss: 0.39969, batch accuracy: 86.72, data load time: 0.00028, step time: 0.00481
epoch: [17], step: [352/391], batch loss: 0.27356, batch accuracy: 90.62, data load time: 0.00028, step time: 0.00448
epoch: [17], step: [362/391], batch loss: 0.32461, batch accuracy: 89.06, data load time: 0.00028, step time: 0.00449
epoch: [17], step: [372/391], batch loss: 0.38654, batch accuracy: 85.16, data load time: 0.00028, step time: 0.00447
epoch: [17], step: [382/391], batch loss: 0.34860, batch accuracy: 85.16, data load time: 0.00028, step time: 0.00448
validation loss: 1.93803, accuracy: 62.46
epoch: [18], step: [1/391], batch loss: 0.13221, batch accuracy: 95.31, data load time: 0.00037, step time: 0.00719
epoch: [18], step: [11/391], batch loss: 0.22218, batch accuracy: 93.75, data load time: 0.00033, step time: 0.04326
epoch: [18], step: [21/391], batch loss: 0.24298, batch accuracy: 89.84, data load time: 0.00033, step time: 0.02669
epoch: [18], step: [31/391], batch loss: 0.23841, batch accuracy: 90.62, data load time: 0.00032, step time: 0.02675
epoch: [18], step: [41/391], batch loss: 0.15829, batch accuracy: 95.31, data load time: 0.00031, step time: 0.02677
epoch: [18], step: [51/391], batch loss: 0.20798, batch accuracy: 93.75, data load time: 0.00031, step time: 0.02682
epoch: [18], step: [61/391], batch loss: 0.23738, batch accuracy: 92.97, data load time: 0.00031, step time: 0.02676
epoch: [18], step: [71/391], batch loss: 0.20944, batch accuracy: 89.84, data load time: 0.00032, step time: 0.02691
epoch: [18], step: [81/391], batch loss: 0.17266, batch accuracy: 93.75, data load time: 0.00031, step time: 0.02681
epoch: [18], step: [91/391], batch loss: 0.28738, batch accuracy: 90.62, data load time: 0.00030, step time: 0.02685
epoch: [18], step: [101/391], batch loss: 0.22864, batch accuracy: 92.97, data load time: 0.00032, step time: 0.02678
epoch: [18], step: [111/391], batch loss: 0.18780, batch accuracy: 92.19, data load time: 0.00032, step time: 0.02680
epoch: [18], step: [121/391], batch loss: 0.10129, batch accuracy: 96.09, data load time: 0.00032, step time: 0.02674
epoch: [18], step: [131/391], batch loss: 0.15238, batch accuracy: 95.31, data load time: 0.00032, step time: 0.02802
epoch: [18], step: [141/391], batch loss: 0.25845, batch accuracy: 89.06, data load time: 0.00032, step time: 0.02679
epoch: [18], step: [151/391], batch loss: 0.19648, batch accuracy: 91.41, data load time: 0.00033, step time: 0.02687
epoch: [18], step: [161/391], batch loss: 0.30286, batch accuracy: 89.06, data load time: 0.00032, step time: 0.02678
epoch: [18], step: [171/391], batch loss: 0.23823, batch accuracy: 90.62, data load time: 0.00033, step time: 0.02661
epoch: [18], step: [181/391], batch loss: 0.21531, batch accuracy: 92.19, data load time: 0.00033, step time: 0.02659
epoch: [18], step: [191/391], batch loss: 0.28237, batch accuracy: 87.50, data load time: 0.00031, step time: 0.02668
epoch: [18], step: [201/391], batch loss: 0.19377, batch accuracy: 93.75, data load time: 0.00033, step time: 0.02659
epoch: [18], step: [211/391], batch loss: 0.21227, batch accuracy: 93.75, data load time: 0.00033, step time: 0.02676
epoch: [18], step: [221/391], batch loss: 0.23646, batch accuracy: 89.84, data load time: 0.00032, step time: 0.02659
epoch: [18], step: [231/391], batch loss: 0.30663, batch accuracy: 90.62, data load time: 0.00032, step time: 0.02660
epoch: [18], step: [241/391], batch loss: 0.45164, batch accuracy: 85.16, data load time: 0.00032, step time: 0.02655
epoch: [18], step: [251/391], batch loss: 0.36921, batch accuracy: 87.50, data load time: 0.00032, step time: 0.02672
epoch: [18], step: [261/391], batch loss: 0.20439, batch accuracy: 91.41, data load time: 0.00032, step time: 0.02659
epoch: [18], step: [271/391], batch loss: 0.30371, batch accuracy: 89.06, data load time: 0.00032, step time: 0.02663
epoch: [18], step: [281/391], batch loss: 0.38071, batch accuracy: 85.94, data load time: 0.00032, step time: 0.02655
epoch: [18], step: [291/391], batch loss: 0.28357, batch accuracy: 90.62, data load time: 0.00032, step time: 0.02679
epoch: [18], step: [301/391], batch loss: 0.50186, batch accuracy: 82.03, data load time: 0.00032, step time: 0.02659
epoch: [18], step: [311/391], batch loss: 0.29328, batch accuracy: 87.50, data load time: 0.00032, step time: 0.02652
epoch: [18], step: [321/391], batch loss: 0.21216, batch accuracy: 92.97, data load time: 0.00032, step time: 0.02655
epoch: [18], step: [331/391], batch loss: 0.33741, batch accuracy: 89.84, data load time: 0.00032, step time: 0.02666
epoch: [18], step: [341/391], batch loss: 0.20502, batch accuracy: 92.19, data load time: 0.00028, step time: 0.00447
epoch: [18], step: [351/391], batch loss: 0.42485, batch accuracy: 88.28, data load time: 0.00028, step time: 0.00447
epoch: [18], step: [361/391], batch loss: 0.32993, batch accuracy: 89.06, data load time: 0.00027, step time: 0.00446
epoch: [18], step: [371/391], batch loss: 0.35826, batch accuracy: 86.72, data load time: 0.00028, step time: 0.00446
epoch: [18], step: [381/391], batch loss: 0.32239, batch accuracy: 89.06, data load time: 0.00028, step time: 0.00447
epoch: [19], step: [0/391], batch loss: 0.22856, batch accuracy: 92.97, data load time: 1.50301, step time: 0.60849
epoch: [19], step: [10/391], batch loss: 0.14952, batch accuracy: 93.75, data load time: 0.00032, step time: 0.02727
epoch: [19], step: [20/391], batch loss: 0.31032, batch accuracy: 90.62, data load time: 0.00033, step time: 0.02709
epoch: [19], step: [30/391], batch loss: 0.14097, batch accuracy: 94.53, data load time: 0.00031, step time: 0.03854
epoch: [19], step: [40/391], batch loss: 0.31919, batch accuracy: 87.50, data load time: 0.00031, step time: 0.02670
epoch: [19], step: [50/391], batch loss: 0.21013, batch accuracy: 90.62, data load time: 0.00031, step time: 0.02671
epoch: [19], step: [60/391], batch loss: 0.21375, batch accuracy: 90.62, data load time: 0.00031, step time: 0.02671
epoch: [19], step: [70/391], batch loss: 0.21111, batch accuracy: 89.84, data load time: 0.00030, step time: 0.02680
epoch: [19], step: [80/391], batch loss: 0.29943, batch accuracy: 88.28, data load time: 0.00030, step time: 0.02676
epoch: [19], step: [90/391], batch loss: 0.12592, batch accuracy: 96.88, data load time: 0.00032, step time: 0.02682
epoch: [19], step: [100/391], batch loss: 0.21754, batch accuracy: 89.84, data load time: 0.00032, step time: 0.02703
epoch: [19], step: [110/391], batch loss: 0.19020, batch accuracy: 92.97, data load time: 0.00032, step time: 0.02680
epoch: [19], step: [120/391], batch loss: 0.17249, batch accuracy: 94.53, data load time: 0.00032, step time: 0.02677
epoch: [19], step: [130/391], batch loss: 0.18009, batch accuracy: 93.75, data load time: 0.00032, step time: 0.02684
epoch: [19], step: [140/391], batch loss: 0.23203, batch accuracy: 92.97, data load time: 0.00033, step time: 0.02681
epoch: [19], step: [150/391], batch loss: 0.27318, batch accuracy: 92.19, data load time: 0.00033, step time: 0.02681
epoch: [19], step: [160/391], batch loss: 0.35414, batch accuracy: 85.94, data load time: 0.00032, step time: 0.02686
epoch: [19], step: [170/391], batch loss: 0.25002, batch accuracy: 90.62, data load time: 0.00032, step time: 0.02659
epoch: [19], step: [180/391], batch loss: 0.26442, batch accuracy: 89.84, data load time: 0.00032, step time: 0.02662
epoch: [19], step: [190/391], batch loss: 0.26991, batch accuracy: 91.41, data load time: 0.00033, step time: 0.02661
epoch: [19], step: [200/391], batch loss: 0.32736, batch accuracy: 87.50, data load time: 0.00032, step time: 0.02670
epoch: [19], step: [210/391], batch loss: 0.30323, batch accuracy: 92.97, data load time: 0.00033, step time: 0.02675
epoch: [19], step: [220/391], batch loss: 0.19436, batch accuracy: 92.19, data load time: 0.00032, step time: 0.02656
epoch: [19], step: [230/391], batch loss: 0.20966, batch accuracy: 92.97, data load time: 0.00033, step time: 0.02661
epoch: [19], step: [240/391], batch loss: 0.26037, batch accuracy: 89.84, data load time: 0.00032, step time: 0.02669
epoch: [19], step: [250/391], batch loss: 0.16858, batch accuracy: 94.53, data load time: 0.00032, step time: 0.02664
epoch: [19], step: [260/391], batch loss: 0.23487, batch accuracy: 91.41, data load time: 0.00032, step time: 0.02655
epoch: [19], step: [270/391], batch loss: 0.20083, batch accuracy: 92.19, data load time: 0.00032, step time: 0.02665
epoch: [19], step: [280/391], batch loss: 0.24897, batch accuracy: 94.53, data load time: 0.00032, step time: 0.02653
epoch: [19], step: [290/391], batch loss: 0.17403, batch accuracy: 94.53, data load time: 0.00033, step time: 0.02660
epoch: [19], step: [300/391], batch loss: 0.32556, batch accuracy: 85.94, data load time: 0.00032, step time: 0.02657
epoch: [19], step: [310/391], batch loss: 0.30287, batch accuracy: 87.50, data load time: 0.00032, step time: 0.02661
epoch: [19], step: [320/391], batch loss: 0.18677, batch accuracy: 93.75, data load time: 0.00033, step time: 0.02674
epoch: [19], step: [330/391], batch loss: 0.31095, batch accuracy: 89.84, data load time: 0.00033, step time: 0.02668
epoch: [19], step: [340/391], batch loss: 0.22241, batch accuracy: 91.41, data load time: 0.00029, step time: 0.00447
epoch: [19], step: [350/391], batch loss: 0.32144, batch accuracy: 89.84, data load time: 0.00027, step time: 0.00447
epoch: [19], step: [360/391], batch loss: 0.32274, batch accuracy: 86.72, data load time: 0.00027, step time: 0.00447
epoch: [19], step: [370/391], batch loss: 0.31694, batch accuracy: 87.50, data load time: 0.00028, step time: 0.00447
epoch: [19], step: [380/391], batch loss: 0.29712, batch accuracy: 89.84, data load time: 0.00028, step time: 0.00447
epoch: [19], step: [390/391], batch loss: 0.38714, batch accuracy: 87.50, data load time: 0.00022, step time: 0.00349
validation loss: 2.65707, accuracy: 56.37
