Files already downloaded and verified
Writing logs to logs/CNN_bn_bs=128_lr=0.1_run_8
epoch: [0], step: [9/391], batch loss: 2.14805, batch accuracy: 28.91, data load time: 0.00029, step time: 0.02541
epoch: [0], step: [19/391], batch loss: 1.70669, batch accuracy: 46.09, data load time: 0.00030, step time: 0.02344
epoch: [0], step: [29/391], batch loss: 2.02872, batch accuracy: 36.72, data load time: 0.00028, step time: 0.02363
epoch: [0], step: [39/391], batch loss: 2.13089, batch accuracy: 40.62, data load time: 0.00028, step time: 0.02363
epoch: [0], step: [49/391], batch loss: 1.63924, batch accuracy: 45.31, data load time: 0.00029, step time: 0.02360
epoch: [0], step: [59/391], batch loss: 1.81955, batch accuracy: 38.28, data load time: 0.00030, step time: 0.02353
epoch: [0], step: [69/391], batch loss: 1.71045, batch accuracy: 42.97, data load time: 0.00029, step time: 0.02362
epoch: [0], step: [79/391], batch loss: 1.64392, batch accuracy: 44.53, data load time: 0.00030, step time: 0.02364
epoch: [0], step: [89/391], batch loss: 1.51699, batch accuracy: 43.75, data load time: 0.00029, step time: 0.02358
epoch: [0], step: [99/391], batch loss: 1.18475, batch accuracy: 55.47, data load time: 0.00029, step time: 0.02361
epoch: [0], step: [109/391], batch loss: 1.41961, batch accuracy: 52.34, data load time: 0.00029, step time: 0.02371
epoch: [0], step: [119/391], batch loss: 1.68706, batch accuracy: 35.94, data load time: 0.00029, step time: 0.02330
epoch: [0], step: [129/391], batch loss: 1.27544, batch accuracy: 54.69, data load time: 0.00029, step time: 0.02331
epoch: [0], step: [139/391], batch loss: 1.32499, batch accuracy: 51.56, data load time: 0.00029, step time: 0.02377
epoch: [0], step: [149/391], batch loss: 1.30790, batch accuracy: 49.22, data load time: 0.00029, step time: 0.02320
epoch: [0], step: [159/391], batch loss: 1.27597, batch accuracy: 55.47, data load time: 0.00029, step time: 0.02331
epoch: [0], step: [169/391], batch loss: 1.28989, batch accuracy: 51.56, data load time: 0.00029, step time: 0.02369
epoch: [0], step: [179/391], batch loss: 1.21854, batch accuracy: 56.25, data load time: 0.00029, step time: 0.02308
epoch: [0], step: [189/391], batch loss: 1.32583, batch accuracy: 52.34, data load time: 0.00030, step time: 0.02316
epoch: [0], step: [199/391], batch loss: 1.43736, batch accuracy: 46.88, data load time: 0.00029, step time: 0.02303
epoch: [0], step: [209/391], batch loss: 1.16589, batch accuracy: 56.25, data load time: 0.00029, step time: 0.02321
epoch: [0], step: [219/391], batch loss: 1.47920, batch accuracy: 42.97, data load time: 0.00030, step time: 0.02313
epoch: [0], step: [229/391], batch loss: 1.23244, batch accuracy: 58.59, data load time: 0.00029, step time: 0.02320
epoch: [0], step: [239/391], batch loss: 1.24377, batch accuracy: 61.72, data load time: 0.00029, step time: 0.02315
epoch: [0], step: [249/391], batch loss: 1.21613, batch accuracy: 52.34, data load time: 0.00029, step time: 0.02321
epoch: [0], step: [259/391], batch loss: 1.07290, batch accuracy: 60.16, data load time: 0.00030, step time: 0.02308
epoch: [0], step: [269/391], batch loss: 1.29707, batch accuracy: 56.25, data load time: 0.00029, step time: 0.02324
epoch: [0], step: [279/391], batch loss: 1.13050, batch accuracy: 57.81, data load time: 0.00029, step time: 0.02318
epoch: [0], step: [289/391], batch loss: 1.17914, batch accuracy: 58.59, data load time: 0.00030, step time: 0.02304
epoch: [0], step: [299/391], batch loss: 1.23251, batch accuracy: 51.56, data load time: 0.00029, step time: 0.02309
epoch: [0], step: [309/391], batch loss: 1.27277, batch accuracy: 55.47, data load time: 0.00030, step time: 0.02315
epoch: [0], step: [319/391], batch loss: 1.06949, batch accuracy: 61.72, data load time: 0.00029, step time: 0.02315
epoch: [0], step: [329/391], batch loss: 1.24247, batch accuracy: 57.03, data load time: 0.00029, step time: 0.02320
epoch: [0], step: [339/391], batch loss: 1.08050, batch accuracy: 61.72, data load time: 0.00025, step time: 0.00489
epoch: [0], step: [349/391], batch loss: 1.17147, batch accuracy: 60.94, data load time: 0.00025, step time: 0.00491
epoch: [0], step: [359/391], batch loss: 1.13989, batch accuracy: 58.59, data load time: 0.00025, step time: 0.00490
epoch: [0], step: [369/391], batch loss: 1.06445, batch accuracy: 60.94, data load time: 0.00025, step time: 0.00460
epoch: [0], step: [379/391], batch loss: 0.99466, batch accuracy: 58.59, data load time: 0.00026, step time: 0.00460
epoch: [0], step: [389/391], batch loss: 1.15864, batch accuracy: 60.94, data load time: 0.00025, step time: 0.00457
epoch: [1], step: [8/391], batch loss: 0.83100, batch accuracy: 68.75, data load time: 0.00029, step time: 0.02353
epoch: [1], step: [18/391], batch loss: 0.95679, batch accuracy: 64.84, data load time: 0.00030, step time: 0.02481
epoch: [1], step: [28/391], batch loss: 0.99588, batch accuracy: 65.62, data load time: 0.00028, step time: 0.02367
epoch: [1], step: [38/391], batch loss: 0.85585, batch accuracy: 72.66, data load time: 0.00028, step time: 0.02390
epoch: [1], step: [48/391], batch loss: 0.96986, batch accuracy: 63.28, data load time: 0.00028, step time: 0.02313
epoch: [1], step: [58/391], batch loss: 0.96054, batch accuracy: 66.41, data load time: 0.00028, step time: 0.02391
epoch: [1], step: [68/391], batch loss: 0.88067, batch accuracy: 68.75, data load time: 0.00028, step time: 0.02365
epoch: [1], step: [78/391], batch loss: 1.00884, batch accuracy: 61.72, data load time: 0.00028, step time: 0.02378
epoch: [1], step: [88/391], batch loss: 1.05528, batch accuracy: 60.94, data load time: 0.00028, step time: 0.02330
epoch: [1], step: [98/391], batch loss: 0.71419, batch accuracy: 69.53, data load time: 0.00029, step time: 0.02335
epoch: [1], step: [108/391], batch loss: 0.94411, batch accuracy: 70.31, data load time: 0.00029, step time: 0.02361
epoch: [1], step: [118/391], batch loss: 0.80335, batch accuracy: 71.88, data load time: 0.00029, step time: 0.02333
epoch: [1], step: [128/391], batch loss: 1.04898, batch accuracy: 60.94, data load time: 0.00029, step time: 0.02332
epoch: [1], step: [138/391], batch loss: 1.02719, batch accuracy: 60.94, data load time: 0.00029, step time: 0.02358
epoch: [1], step: [148/391], batch loss: 0.93503, batch accuracy: 64.84, data load time: 0.00029, step time: 0.02327
epoch: [1], step: [158/391], batch loss: 0.76126, batch accuracy: 73.44, data load time: 0.00029, step time: 0.02343
epoch: [1], step: [168/391], batch loss: 0.81253, batch accuracy: 72.66, data load time: 0.00030, step time: 0.02317
epoch: [1], step: [178/391], batch loss: 0.96221, batch accuracy: 62.50, data load time: 0.00030, step time: 0.02312
epoch: [1], step: [188/391], batch loss: 0.93240, batch accuracy: 68.75, data load time: 0.00030, step time: 0.02312
epoch: [1], step: [198/391], batch loss: 0.84472, batch accuracy: 70.31, data load time: 0.00029, step time: 0.02318
epoch: [1], step: [208/391], batch loss: 0.76245, batch accuracy: 78.91, data load time: 0.00029, step time: 0.02312
epoch: [1], step: [218/391], batch loss: 0.85465, batch accuracy: 73.44, data load time: 0.00029, step time: 0.02322
epoch: [1], step: [228/391], batch loss: 0.90873, batch accuracy: 66.41, data load time: 0.00029, step time: 0.02322
epoch: [1], step: [238/391], batch loss: 0.84716, batch accuracy: 71.09, data load time: 0.00029, step time: 0.02323
epoch: [1], step: [248/391], batch loss: 0.78148, batch accuracy: 71.09, data load time: 0.00029, step time: 0.02311
epoch: [1], step: [258/391], batch loss: 1.22223, batch accuracy: 53.91, data load time: 0.00029, step time: 0.02318
epoch: [1], step: [268/391], batch loss: 0.82671, batch accuracy: 75.00, data load time: 0.00029, step time: 0.02318
epoch: [1], step: [278/391], batch loss: 0.97869, batch accuracy: 61.72, data load time: 0.00030, step time: 0.02322
epoch: [1], step: [288/391], batch loss: 0.72065, batch accuracy: 76.56, data load time: 0.00029, step time: 0.02322
epoch: [1], step: [298/391], batch loss: 1.01788, batch accuracy: 65.62, data load time: 0.00029, step time: 0.02347
epoch: [1], step: [308/391], batch loss: 0.86749, batch accuracy: 67.97, data load time: 0.00030, step time: 0.02314
epoch: [1], step: [318/391], batch loss: 0.79140, batch accuracy: 68.75, data load time: 0.00030, step time: 0.02313
epoch: [1], step: [328/391], batch loss: 0.80725, batch accuracy: 70.31, data load time: 0.00029, step time: 0.02315
epoch: [1], step: [338/391], batch loss: 0.90672, batch accuracy: 68.75, data load time: 0.00025, step time: 0.00491
epoch: [1], step: [348/391], batch loss: 0.97544, batch accuracy: 69.53, data load time: 0.00025, step time: 0.00489
epoch: [1], step: [358/391], batch loss: 0.91481, batch accuracy: 68.75, data load time: 0.00026, step time: 0.00492
epoch: [1], step: [368/391], batch loss: 0.85082, batch accuracy: 71.88, data load time: 0.00025, step time: 0.00461
epoch: [1], step: [378/391], batch loss: 1.01858, batch accuracy: 64.84, data load time: 0.00025, step time: 0.00461
epoch: [1], step: [388/391], batch loss: 0.83834, batch accuracy: 70.31, data load time: 0.00025, step time: 0.00457
validation loss: 1.17217, accuracy: 60.26
epoch: [2], step: [7/391], batch loss: 0.64315, batch accuracy: 78.91, data load time: 0.00029, step time: 0.10629
epoch: [2], step: [17/391], batch loss: 0.62745, batch accuracy: 75.78, data load time: 0.00029, step time: 0.02378
epoch: [2], step: [27/391], batch loss: 0.56951, batch accuracy: 78.91, data load time: 0.00691, step time: 0.02128
epoch: [2], step: [37/391], batch loss: 0.72240, batch accuracy: 73.44, data load time: 0.00028, step time: 0.02377
epoch: [2], step: [47/391], batch loss: 0.67467, batch accuracy: 76.56, data load time: 0.00029, step time: 0.02356
epoch: [2], step: [57/391], batch loss: 0.61167, batch accuracy: 78.91, data load time: 0.00028, step time: 0.02365
epoch: [2], step: [67/391], batch loss: 0.51254, batch accuracy: 86.72, data load time: 0.00028, step time: 0.02338
epoch: [2], step: [77/391], batch loss: 0.54491, batch accuracy: 82.81, data load time: 0.00028, step time: 0.02349
epoch: [2], step: [87/391], batch loss: 0.72071, batch accuracy: 75.00, data load time: 0.00028, step time: 0.02346
epoch: [2], step: [97/391], batch loss: 0.68348, batch accuracy: 74.22, data load time: 0.00029, step time: 0.02331
epoch: [2], step: [107/391], batch loss: 0.71097, batch accuracy: 72.66, data load time: 0.00029, step time: 0.02437
epoch: [2], step: [117/391], batch loss: 0.69624, batch accuracy: 75.78, data load time: 0.00029, step time: 0.02334
epoch: [2], step: [127/391], batch loss: 0.70257, batch accuracy: 71.09, data load time: 0.00029, step time: 0.02335
epoch: [2], step: [137/391], batch loss: 0.82029, batch accuracy: 72.66, data load time: 0.00029, step time: 0.02332
epoch: [2], step: [147/391], batch loss: 0.72109, batch accuracy: 75.78, data load time: 0.00029, step time: 0.02341
epoch: [2], step: [157/391], batch loss: 0.63475, batch accuracy: 79.69, data load time: 0.00029, step time: 0.02338
epoch: [2], step: [167/391], batch loss: 0.57354, batch accuracy: 77.34, data load time: 0.02141, step time: 0.00457
epoch: [2], step: [177/391], batch loss: 0.79047, batch accuracy: 71.88, data load time: 0.00029, step time: 0.02316
epoch: [2], step: [187/391], batch loss: 0.70829, batch accuracy: 74.22, data load time: 0.00029, step time: 0.02310
epoch: [2], step: [197/391], batch loss: 0.73552, batch accuracy: 71.88, data load time: 0.00030, step time: 0.02314
epoch: [2], step: [207/391], batch loss: 0.56380, batch accuracy: 82.03, data load time: 0.00030, step time: 0.02318
epoch: [2], step: [217/391], batch loss: 0.73328, batch accuracy: 76.56, data load time: 0.00029, step time: 0.02326
epoch: [2], step: [227/391], batch loss: 0.66469, batch accuracy: 75.00, data load time: 0.00029, step time: 0.02332
epoch: [2], step: [237/391], batch loss: 0.54147, batch accuracy: 80.47, data load time: 0.00029, step time: 0.02317
epoch: [2], step: [247/391], batch loss: 0.57889, batch accuracy: 79.69, data load time: 0.00029, step time: 0.02314
epoch: [2], step: [257/391], batch loss: 0.61830, batch accuracy: 74.22, data load time: 0.00029, step time: 0.02317
epoch: [2], step: [267/391], batch loss: 0.56857, batch accuracy: 77.34, data load time: 0.00030, step time: 0.02324
epoch: [2], step: [277/391], batch loss: 0.68295, batch accuracy: 74.22, data load time: 0.00029, step time: 0.02323
epoch: [2], step: [287/391], batch loss: 0.89395, batch accuracy: 71.09, data load time: 0.00029, step time: 0.02313
epoch: [2], step: [297/391], batch loss: 0.77221, batch accuracy: 68.75, data load time: 0.00029, step time: 0.02325
epoch: [2], step: [307/391], batch loss: 0.85418, batch accuracy: 75.78, data load time: 0.00029, step time: 0.02325
epoch: [2], step: [317/391], batch loss: 0.61337, batch accuracy: 79.69, data load time: 0.00030, step time: 0.02321
epoch: [2], step: [327/391], batch loss: 0.68187, batch accuracy: 75.00, data load time: 0.00030, step time: 0.02310
epoch: [2], step: [337/391], batch loss: 0.79302, batch accuracy: 71.09, data load time: 0.00025, step time: 0.00457
epoch: [2], step: [347/391], batch loss: 0.81390, batch accuracy: 71.88, data load time: 0.00025, step time: 0.00457
epoch: [2], step: [357/391], batch loss: 0.86209, batch accuracy: 65.62, data load time: 0.00025, step time: 0.00456
epoch: [2], step: [367/391], batch loss: 0.65270, batch accuracy: 80.47, data load time: 0.00025, step time: 0.00457
epoch: [2], step: [377/391], batch loss: 0.57719, batch accuracy: 76.56, data load time: 0.00025, step time: 0.00457
epoch: [2], step: [387/391], batch loss: 0.59999, batch accuracy: 75.00, data load time: 0.00025, step time: 0.00457
epoch: [3], step: [6/391], batch loss: 0.52487, batch accuracy: 80.47, data load time: 0.00030, step time: 0.00471
epoch: [3], step: [16/391], batch loss: 0.38554, batch accuracy: 87.50, data load time: 0.00029, step time: 0.02371
epoch: [3], step: [26/391], batch loss: 0.46668, batch accuracy: 82.03, data load time: 0.02667, step time: 0.02097
epoch: [3], step: [36/391], batch loss: 0.43909, batch accuracy: 85.94, data load time: 0.00028, step time: 0.02363
epoch: [3], step: [46/391], batch loss: 0.63656, batch accuracy: 74.22, data load time: 0.00028, step time: 0.02368
epoch: [3], step: [56/391], batch loss: 0.66399, batch accuracy: 80.47, data load time: 0.00028, step time: 0.02361
epoch: [3], step: [66/391], batch loss: 0.54428, batch accuracy: 81.25, data load time: 0.00028, step time: 0.02343
epoch: [3], step: [76/391], batch loss: 0.61666, batch accuracy: 82.03, data load time: 0.00028, step time: 0.02343
epoch: [3], step: [86/391], batch loss: 0.46728, batch accuracy: 85.16, data load time: 0.00029, step time: 0.02348
epoch: [3], step: [96/391], batch loss: 0.45929, batch accuracy: 88.28, data load time: 0.00030, step time: 0.02327
epoch: [3], step: [106/391], batch loss: 0.56493, batch accuracy: 85.94, data load time: 0.00029, step time: 0.02341
epoch: [3], step: [116/391], batch loss: 0.40744, batch accuracy: 87.50, data load time: 0.00029, step time: 0.02331
epoch: [3], step: [126/391], batch loss: 0.54142, batch accuracy: 82.81, data load time: 0.00029, step time: 0.02339
epoch: [3], step: [136/391], batch loss: 0.46885, batch accuracy: 82.03, data load time: 0.00029, step time: 0.02336
epoch: [3], step: [146/391], batch loss: 0.55620, batch accuracy: 78.91, data load time: 0.00029, step time: 0.02337
epoch: [3], step: [156/391], batch loss: 0.55987, batch accuracy: 76.56, data load time: 0.00029, step time: 0.02342
epoch: [3], step: [166/391], batch loss: 0.42552, batch accuracy: 85.94, data load time: 0.00029, step time: 0.02492
epoch: [3], step: [176/391], batch loss: 0.56666, batch accuracy: 82.81, data load time: 0.00029, step time: 0.02320
epoch: [3], step: [186/391], batch loss: 0.57964, batch accuracy: 79.69, data load time: 0.00030, step time: 0.02327
epoch: [3], step: [196/391], batch loss: 0.40188, batch accuracy: 89.06, data load time: 0.00029, step time: 0.02323
epoch: [3], step: [206/391], batch loss: 0.44938, batch accuracy: 84.38, data load time: 0.00029, step time: 0.02320
epoch: [3], step: [216/391], batch loss: 0.58542, batch accuracy: 79.69, data load time: 0.00029, step time: 0.02317
epoch: [3], step: [226/391], batch loss: 0.48766, batch accuracy: 82.81, data load time: 0.00029, step time: 0.02321
epoch: [3], step: [236/391], batch loss: 0.53047, batch accuracy: 84.38, data load time: 0.00029, step time: 0.02327
epoch: [3], step: [246/391], batch loss: 0.42788, batch accuracy: 85.94, data load time: 0.00029, step time: 0.02321
epoch: [3], step: [256/391], batch loss: 0.46871, batch accuracy: 82.81, data load time: 0.00029, step time: 0.02324
epoch: [3], step: [266/391], batch loss: 0.46490, batch accuracy: 80.47, data load time: 0.00029, step time: 0.02326
epoch: [3], step: [276/391], batch loss: 0.48734, batch accuracy: 82.03, data load time: 0.00029, step time: 0.02325
epoch: [3], step: [286/391], batch loss: 0.49144, batch accuracy: 83.59, data load time: 0.00029, step time: 0.02322
epoch: [3], step: [296/391], batch loss: 0.47721, batch accuracy: 84.38, data load time: 0.00029, step time: 0.02322
epoch: [3], step: [306/391], batch loss: 0.68663, batch accuracy: 76.56, data load time: 0.00029, step time: 0.02323
epoch: [3], step: [316/391], batch loss: 0.48018, batch accuracy: 85.16, data load time: 0.00029, step time: 0.02366
epoch: [3], step: [326/391], batch loss: 0.51178, batch accuracy: 84.38, data load time: 0.00029, step time: 0.02341
epoch: [3], step: [336/391], batch loss: 0.52831, batch accuracy: 80.47, data load time: 0.00025, step time: 0.00455
epoch: [3], step: [346/391], batch loss: 0.54343, batch accuracy: 85.16, data load time: 0.00025, step time: 0.00457
epoch: [3], step: [356/391], batch loss: 0.51538, batch accuracy: 85.94, data load time: 0.00025, step time: 0.00456
epoch: [3], step: [366/391], batch loss: 0.62647, batch accuracy: 82.03, data load time: 0.00025, step time: 0.00456
epoch: [3], step: [376/391], batch loss: 0.51038, batch accuracy: 79.69, data load time: 0.00025, step time: 0.00455
epoch: [3], step: [386/391], batch loss: 0.46741, batch accuracy: 85.94, data load time: 0.00025, step time: 0.00458
validation loss: 1.31010, accuracy: 62.14
epoch: [4], step: [5/391], batch loss: 0.34861, batch accuracy: 87.50, data load time: 0.00029, step time: 0.00552
epoch: [4], step: [15/391], batch loss: 0.32059, batch accuracy: 89.06, data load time: 0.00029, step time: 0.02361
epoch: [4], step: [25/391], batch loss: 0.32917, batch accuracy: 89.06, data load time: 0.07965, step time: 0.02375
epoch: [4], step: [35/391], batch loss: 0.30582, batch accuracy: 89.84, data load time: 0.00028, step time: 0.02366
epoch: [4], step: [45/391], batch loss: 0.28334, batch accuracy: 92.97, data load time: 0.00029, step time: 0.02380
epoch: [4], step: [55/391], batch loss: 0.37053, batch accuracy: 89.06, data load time: 0.05354, step time: 0.02380
epoch: [4], step: [65/391], batch loss: 0.23234, batch accuracy: 95.31, data load time: 0.00028, step time: 0.02352
epoch: [4], step: [75/391], batch loss: 0.29620, batch accuracy: 90.62, data load time: 0.00028, step time: 0.02356
epoch: [4], step: [85/391], batch loss: 0.44313, batch accuracy: 88.28, data load time: 0.00028, step time: 0.02349
epoch: [4], step: [95/391], batch loss: 0.40594, batch accuracy: 87.50, data load time: 0.00028, step time: 0.02327
epoch: [4], step: [105/391], batch loss: 0.35884, batch accuracy: 87.50, data load time: 0.00028, step time: 0.02330
epoch: [4], step: [115/391], batch loss: 0.33724, batch accuracy: 89.06, data load time: 0.00029, step time: 0.02447
epoch: [4], step: [125/391], batch loss: 0.31736, batch accuracy: 89.84, data load time: 0.00029, step time: 0.02457
epoch: [4], step: [135/391], batch loss: 0.26159, batch accuracy: 90.62, data load time: 0.00029, step time: 0.02446
epoch: [4], step: [145/391], batch loss: 0.44648, batch accuracy: 88.28, data load time: 0.00029, step time: 0.02358
epoch: [4], step: [155/391], batch loss: 0.33068, batch accuracy: 89.84, data load time: 0.00029, step time: 0.02344
epoch: [4], step: [165/391], batch loss: 0.28289, batch accuracy: 91.41, data load time: 0.00029, step time: 0.02348
epoch: [4], step: [175/391], batch loss: 0.34325, batch accuracy: 89.84, data load time: 0.00030, step time: 0.02331
epoch: [4], step: [185/391], batch loss: 0.37989, batch accuracy: 87.50, data load time: 0.00030, step time: 0.02328
epoch: [4], step: [195/391], batch loss: 0.31821, batch accuracy: 91.41, data load time: 0.00030, step time: 0.02336
epoch: [4], step: [205/391], batch loss: 0.43868, batch accuracy: 83.59, data load time: 0.00029, step time: 0.02329
epoch: [4], step: [215/391], batch loss: 0.36904, batch accuracy: 87.50, data load time: 0.00029, step time: 0.02336
epoch: [4], step: [225/391], batch loss: 0.33551, batch accuracy: 88.28, data load time: 0.00029, step time: 0.02343
epoch: [4], step: [235/391], batch loss: 0.37688, batch accuracy: 88.28, data load time: 0.00029, step time: 0.02330
epoch: [4], step: [245/391], batch loss: 0.39972, batch accuracy: 86.72, data load time: 0.00030, step time: 0.02325
epoch: [4], step: [255/391], batch loss: 0.30813, batch accuracy: 87.50, data load time: 0.00029, step time: 0.02321
epoch: [4], step: [265/391], batch loss: 0.32332, batch accuracy: 88.28, data load time: 0.00030, step time: 0.02325
epoch: [4], step: [275/391], batch loss: 0.35648, batch accuracy: 87.50, data load time: 0.00029, step time: 0.02309
epoch: [4], step: [285/391], batch loss: 0.51649, batch accuracy: 83.59, data load time: 0.00029, step time: 0.02352
epoch: [4], step: [295/391], batch loss: 0.28923, batch accuracy: 90.62, data load time: 0.00030, step time: 0.02326
epoch: [4], step: [305/391], batch loss: 0.35812, batch accuracy: 84.38, data load time: 0.00029, step time: 0.02324
epoch: [4], step: [315/391], batch loss: 0.42542, batch accuracy: 86.72, data load time: 0.00029, step time: 0.02320
epoch: [4], step: [325/391], batch loss: 0.32948, batch accuracy: 87.50, data load time: 0.00029, step time: 0.02325
epoch: [4], step: [335/391], batch loss: 0.52229, batch accuracy: 82.03, data load time: 0.00026, step time: 0.00491
epoch: [4], step: [345/391], batch loss: 0.38321, batch accuracy: 91.41, data load time: 0.00025, step time: 0.00489
epoch: [4], step: [355/391], batch loss: 0.57068, batch accuracy: 77.34, data load time: 0.00026, step time: 0.00461
epoch: [4], step: [365/391], batch loss: 0.38797, batch accuracy: 84.38, data load time: 0.00026, step time: 0.00460
epoch: [4], step: [375/391], batch loss: 0.44874, batch accuracy: 78.91, data load time: 0.00025, step time: 0.00458
epoch: [4], step: [385/391], batch loss: 0.31929, batch accuracy: 91.41, data load time: 0.00025, step time: 0.00458
epoch: [5], step: [4/391], batch loss: 0.20718, batch accuracy: 95.31, data load time: 0.00029, step time: 0.00457
epoch: [5], step: [14/391], batch loss: 0.30515, batch accuracy: 88.28, data load time: 0.00029, step time: 0.02359
epoch: [5], step: [24/391], batch loss: 0.26631, batch accuracy: 91.41, data load time: 0.00042, step time: 0.02359
epoch: [5], step: [34/391], batch loss: 0.19594, batch accuracy: 95.31, data load time: 0.00028, step time: 0.02371
epoch: [5], step: [44/391], batch loss: 0.23074, batch accuracy: 92.97, data load time: 0.00028, step time: 0.02367
epoch: [5], step: [54/391], batch loss: 0.27691, batch accuracy: 92.97, data load time: 0.00028, step time: 0.02366
epoch: [5], step: [64/391], batch loss: 0.26097, batch accuracy: 92.19, data load time: 0.00028, step time: 0.02356
epoch: [5], step: [74/391], batch loss: 0.28574, batch accuracy: 91.41, data load time: 0.00028, step time: 0.02345
epoch: [5], step: [84/391], batch loss: 0.19014, batch accuracy: 95.31, data load time: 0.00029, step time: 0.02342
epoch: [5], step: [94/391], batch loss: 0.35010, batch accuracy: 89.06, data load time: 0.00028, step time: 0.02331
epoch: [5], step: [104/391], batch loss: 0.15913, batch accuracy: 96.88, data load time: 0.00029, step time: 0.02329
epoch: [5], step: [114/391], batch loss: 0.26158, batch accuracy: 91.41, data load time: 0.00029, step time: 0.02331
epoch: [5], step: [124/391], batch loss: 0.22319, batch accuracy: 92.97, data load time: 0.00029, step time: 0.02335
epoch: [5], step: [134/391], batch loss: 0.21970, batch accuracy: 92.19, data load time: 0.00029, step time: 0.02335
epoch: [5], step: [144/391], batch loss: 0.37264, batch accuracy: 89.84, data load time: 0.00029, step time: 0.02329
epoch: [5], step: [154/391], batch loss: 0.19076, batch accuracy: 94.53, data load time: 0.00030, step time: 0.02326
epoch: [5], step: [164/391], batch loss: 0.14207, batch accuracy: 96.09, data load time: 0.00029, step time: 0.02341
epoch: [5], step: [174/391], batch loss: 0.24783, batch accuracy: 91.41, data load time: 0.00029, step time: 0.02319
epoch: [5], step: [184/391], batch loss: 0.25201, batch accuracy: 94.53, data load time: 0.00029, step time: 0.02330
epoch: [5], step: [194/391], batch loss: 0.25270, batch accuracy: 90.62, data load time: 0.00029, step time: 0.02339
epoch: [5], step: [204/391], batch loss: 0.25867, batch accuracy: 89.84, data load time: 0.00029, step time: 0.02334
epoch: [5], step: [214/391], batch loss: 0.25910, batch accuracy: 89.84, data load time: 0.00030, step time: 0.02324
epoch: [5], step: [224/391], batch loss: 0.25031, batch accuracy: 92.97, data load time: 0.00029, step time: 0.02330
epoch: [5], step: [234/391], batch loss: 0.28586, batch accuracy: 92.19, data load time: 0.00029, step time: 0.02330
epoch: [5], step: [244/391], batch loss: 0.17757, batch accuracy: 96.09, data load time: 0.00029, step time: 0.02328
epoch: [5], step: [254/391], batch loss: 0.21748, batch accuracy: 92.97, data load time: 0.00029, step time: 0.02320
epoch: [5], step: [264/391], batch loss: 0.25031, batch accuracy: 92.19, data load time: 0.00029, step time: 0.02320
epoch: [5], step: [274/391], batch loss: 0.35223, batch accuracy: 87.50, data load time: 0.00029, step time: 0.02325
epoch: [5], step: [284/391], batch loss: 0.27365, batch accuracy: 92.19, data load time: 0.00029, step time: 0.02329
epoch: [5], step: [294/391], batch loss: 0.29630, batch accuracy: 90.62, data load time: 0.00029, step time: 0.02336
epoch: [5], step: [304/391], batch loss: 0.21622, batch accuracy: 94.53, data load time: 0.00030, step time: 0.02323
epoch: [5], step: [314/391], batch loss: 0.25001, batch accuracy: 92.97, data load time: 0.00029, step time: 0.02349
epoch: [5], step: [324/391], batch loss: 0.21470, batch accuracy: 94.53, data load time: 0.00030, step time: 0.02335
epoch: [5], step: [334/391], batch loss: 0.29684, batch accuracy: 89.06, data load time: 0.00274, step time: 0.01600
epoch: [5], step: [344/391], batch loss: 0.23164, batch accuracy: 92.97, data load time: 0.00025, step time: 0.00457
epoch: [5], step: [354/391], batch loss: 0.26287, batch accuracy: 92.19, data load time: 0.00025, step time: 0.00457
epoch: [5], step: [364/391], batch loss: 0.23670, batch accuracy: 91.41, data load time: 0.00025, step time: 0.00457
epoch: [5], step: [374/391], batch loss: 0.32263, batch accuracy: 89.06, data load time: 0.00025, step time: 0.00456
epoch: [5], step: [384/391], batch loss: 0.17503, batch accuracy: 95.31, data load time: 0.00025, step time: 0.00457
validation loss: 1.35341, accuracy: 62.09
epoch: [6], step: [3/391], batch loss: 0.15157, batch accuracy: 96.88, data load time: 0.00029, step time: 0.00460
epoch: [6], step: [13/391], batch loss: 0.13995, batch accuracy: 97.66, data load time: 0.00029, step time: 0.02337
epoch: [6], step: [23/391], batch loss: 0.14072, batch accuracy: 99.22, data load time: 0.00029, step time: 0.02371
epoch: [6], step: [33/391], batch loss: 0.10605, batch accuracy: 97.66, data load time: 0.00029, step time: 0.02371
epoch: [6], step: [43/391], batch loss: 0.19976, batch accuracy: 93.75, data load time: 0.00028, step time: 0.02372
epoch: [6], step: [53/391], batch loss: 0.14592, batch accuracy: 100.00, data load time: 0.00029, step time: 0.02375
epoch: [6], step: [63/391], batch loss: 0.13327, batch accuracy: 96.88, data load time: 0.00028, step time: 0.07053
epoch: [6], step: [73/391], batch loss: 0.12736, batch accuracy: 97.66, data load time: 0.00029, step time: 0.02351
epoch: [6], step: [83/391], batch loss: 0.14973, batch accuracy: 96.88, data load time: 0.00036, step time: 0.02371
epoch: [6], step: [93/391], batch loss: 0.13537, batch accuracy: 96.09, data load time: 0.00028, step time: 0.02357
epoch: [6], step: [103/391], batch loss: 0.17604, batch accuracy: 96.09, data load time: 0.00029, step time: 0.02336
epoch: [6], step: [113/391], batch loss: 0.14235, batch accuracy: 98.44, data load time: 0.00029, step time: 0.02440
epoch: [6], step: [123/391], batch loss: 0.17225, batch accuracy: 94.53, data load time: 0.00029, step time: 0.02338
epoch: [6], step: [133/391], batch loss: 0.20111, batch accuracy: 94.53, data load time: 0.00030, step time: 0.02336
epoch: [6], step: [143/391], batch loss: 0.16527, batch accuracy: 96.09, data load time: 0.00029, step time: 0.02344
epoch: [6], step: [153/391], batch loss: 0.16241, batch accuracy: 96.09, data load time: 0.00029, step time: 0.02341
epoch: [6], step: [163/391], batch loss: 0.13901, batch accuracy: 96.09, data load time: 0.00029, step time: 0.02349
epoch: [6], step: [173/391], batch loss: 0.14222, batch accuracy: 96.09, data load time: 0.00029, step time: 0.02317
epoch: [6], step: [183/391], batch loss: 0.14071, batch accuracy: 96.88, data load time: 0.00029, step time: 0.02335
epoch: [6], step: [193/391], batch loss: 0.12529, batch accuracy: 96.88, data load time: 0.00030, step time: 0.02327
epoch: [6], step: [203/391], batch loss: 0.19099, batch accuracy: 96.09, data load time: 0.00029, step time: 0.02332
epoch: [6], step: [213/391], batch loss: 0.20335, batch accuracy: 93.75, data load time: 0.00030, step time: 0.02323
epoch: [6], step: [223/391], batch loss: 0.14415, batch accuracy: 96.09, data load time: 0.00030, step time: 0.02325
epoch: [6], step: [233/391], batch loss: 0.14740, batch accuracy: 96.88, data load time: 0.00029, step time: 0.02338
epoch: [6], step: [243/391], batch loss: 0.18282, batch accuracy: 92.97, data load time: 0.00029, step time: 0.02332
epoch: [6], step: [253/391], batch loss: 0.16772, batch accuracy: 96.09, data load time: 0.00029, step time: 0.02331
epoch: [6], step: [263/391], batch loss: 0.14073, batch accuracy: 94.53, data load time: 0.00029, step time: 0.02328
epoch: [6], step: [273/391], batch loss: 0.17347, batch accuracy: 95.31, data load time: 0.00029, step time: 0.02339
epoch: [6], step: [283/391], batch loss: 0.20279, batch accuracy: 92.19, data load time: 0.00029, step time: 0.02327
epoch: [6], step: [293/391], batch loss: 0.12181, batch accuracy: 96.88, data load time: 0.00029, step time: 0.02333
epoch: [6], step: [303/391], batch loss: 0.21913, batch accuracy: 95.31, data load time: 0.00029, step time: 0.02328
epoch: [6], step: [313/391], batch loss: 0.17655, batch accuracy: 96.09, data load time: 0.00029, step time: 0.02326
epoch: [6], step: [323/391], batch loss: 0.18291, batch accuracy: 94.53, data load time: 0.00029, step time: 0.02333
epoch: [6], step: [333/391], batch loss: 0.15520, batch accuracy: 96.09, data load time: 0.00029, step time: 0.02326
epoch: [6], step: [343/391], batch loss: 0.17687, batch accuracy: 93.75, data load time: 0.00025, step time: 0.00457
epoch: [6], step: [353/391], batch loss: 0.17709, batch accuracy: 94.53, data load time: 0.00025, step time: 0.00457
epoch: [6], step: [363/391], batch loss: 0.13655, batch accuracy: 96.09, data load time: 0.00025, step time: 0.00455
epoch: [6], step: [373/391], batch loss: 0.10051, batch accuracy: 97.66, data load time: 0.00026, step time: 0.00456
epoch: [6], step: [383/391], batch loss: 0.13238, batch accuracy: 96.88, data load time: 0.00025, step time: 0.00457
epoch: [7], step: [2/391], batch loss: 0.10295, batch accuracy: 97.66, data load time: 0.00029, step time: 0.00456
epoch: [7], step: [12/391], batch loss: 0.07233, batch accuracy: 100.00, data load time: 0.00029, step time: 0.02375
epoch: [7], step: [22/391], batch loss: 0.10024, batch accuracy: 97.66, data load time: 0.00029, step time: 0.02352
epoch: [7], step: [32/391], batch loss: 0.08313, batch accuracy: 99.22, data load time: 0.00029, step time: 0.02375
epoch: [7], step: [42/391], batch loss: 0.06620, batch accuracy: 99.22, data load time: 0.00029, step time: 0.02372
epoch: [7], step: [52/391], batch loss: 0.07196, batch accuracy: 99.22, data load time: 0.00028, step time: 0.02377
epoch: [7], step: [62/391], batch loss: 0.08519, batch accuracy: 99.22, data load time: 0.00028, step time: 0.02373
epoch: [7], step: [72/391], batch loss: 0.08601, batch accuracy: 99.22, data load time: 0.00028, step time: 0.02361
epoch: [7], step: [82/391], batch loss: 0.06959, batch accuracy: 99.22, data load time: 0.00028, step time: 0.02357
epoch: [7], step: [92/391], batch loss: 0.08089, batch accuracy: 98.44, data load time: 0.00028, step time: 0.02349
epoch: [7], step: [102/391], batch loss: 0.04816, batch accuracy: 100.00, data load time: 0.00030, step time: 0.02330
epoch: [7], step: [112/391], batch loss: 0.06297, batch accuracy: 98.44, data load time: 0.00029, step time: 0.02337
epoch: [7], step: [122/391], batch loss: 0.08949, batch accuracy: 97.66, data load time: 0.00029, step time: 0.02336
epoch: [7], step: [132/391], batch loss: 0.10980, batch accuracy: 96.88, data load time: 0.00029, step time: 0.02344
epoch: [7], step: [142/391], batch loss: 0.08421, batch accuracy: 98.44, data load time: 0.00029, step time: 0.02339
epoch: [7], step: [152/391], batch loss: 0.07772, batch accuracy: 99.22, data load time: 0.00029, step time: 0.02341
epoch: [7], step: [162/391], batch loss: 0.07750, batch accuracy: 99.22, data load time: 0.00029, step time: 0.02340
epoch: [7], step: [172/391], batch loss: 0.06927, batch accuracy: 99.22, data load time: 0.00029, step time: 0.02322
epoch: [7], step: [182/391], batch loss: 0.11793, batch accuracy: 96.88, data load time: 0.00029, step time: 0.02329
epoch: [7], step: [192/391], batch loss: 0.08328, batch accuracy: 99.22, data load time: 0.00030, step time: 0.02326
epoch: [7], step: [202/391], batch loss: 0.13748, batch accuracy: 96.09, data load time: 0.00029, step time: 0.02331
epoch: [7], step: [212/391], batch loss: 0.09454, batch accuracy: 98.44, data load time: 0.00029, step time: 0.02358
epoch: [7], step: [222/391], batch loss: 0.12362, batch accuracy: 97.66, data load time: 0.00030, step time: 0.02326
epoch: [7], step: [232/391], batch loss: 0.06481, batch accuracy: 100.00, data load time: 0.00029, step time: 0.02329
epoch: [7], step: [242/391], batch loss: 0.12211, batch accuracy: 96.88, data load time: 0.00030, step time: 0.02335
epoch: [7], step: [252/391], batch loss: 0.06364, batch accuracy: 99.22, data load time: 0.00029, step time: 0.02319
epoch: [7], step: [262/391], batch loss: 0.08146, batch accuracy: 97.66, data load time: 0.00029, step time: 0.02321
epoch: [7], step: [272/391], batch loss: 0.16546, batch accuracy: 95.31, data load time: 0.00030, step time: 0.02328
epoch: [7], step: [282/391], batch loss: 0.05557, batch accuracy: 99.22, data load time: 0.00029, step time: 0.02331
epoch: [7], step: [292/391], batch loss: 0.12486, batch accuracy: 97.66, data load time: 0.00029, step time: 0.02325
epoch: [7], step: [302/391], batch loss: 0.07495, batch accuracy: 99.22, data load time: 0.00029, step time: 0.02325
epoch: [7], step: [312/391], batch loss: 0.07769, batch accuracy: 98.44, data load time: 0.00029, step time: 0.02325
epoch: [7], step: [322/391], batch loss: 0.15918, batch accuracy: 95.31, data load time: 0.00029, step time: 0.02328
epoch: [7], step: [332/391], batch loss: 0.08702, batch accuracy: 98.44, data load time: 0.00029, step time: 0.02323
epoch: [7], step: [342/391], batch loss: 0.10865, batch accuracy: 97.66, data load time: 0.00025, step time: 0.00457
epoch: [7], step: [352/391], batch loss: 0.11006, batch accuracy: 99.22, data load time: 0.00025, step time: 0.00456
epoch: [7], step: [362/391], batch loss: 0.06558, batch accuracy: 99.22, data load time: 0.00025, step time: 0.00459
epoch: [7], step: [372/391], batch loss: 0.12286, batch accuracy: 96.09, data load time: 0.00025, step time: 0.00455
epoch: [7], step: [382/391], batch loss: 0.12787, batch accuracy: 96.88, data load time: 0.00025, step time: 0.00456
validation loss: 1.00095, accuracy: 71.48
epoch: [8], step: [1/391], batch loss: 0.05992, batch accuracy: 100.00, data load time: 0.00034, step time: 0.01841
epoch: [8], step: [11/391], batch loss: 0.08543, batch accuracy: 98.44, data load time: 0.00029, step time: 0.02356
epoch: [8], step: [21/391], batch loss: 0.04599, batch accuracy: 100.00, data load time: 0.00029, step time: 0.02352
epoch: [8], step: [31/391], batch loss: 0.05742, batch accuracy: 98.44, data load time: 0.00029, step time: 0.02391
epoch: [8], step: [41/391], batch loss: 0.07305, batch accuracy: 97.66, data load time: 0.00028, step time: 0.02392
epoch: [8], step: [51/391], batch loss: 0.04543, batch accuracy: 100.00, data load time: 0.00028, step time: 0.02393
epoch: [8], step: [61/391], batch loss: 0.04197, batch accuracy: 100.00, data load time: 0.00028, step time: 0.06566
epoch: [8], step: [71/391], batch loss: 0.05912, batch accuracy: 98.44, data load time: 0.00028, step time: 0.02394
epoch: [8], step: [81/391], batch loss: 0.06347, batch accuracy: 100.00, data load time: 0.00028, step time: 0.02379
epoch: [8], step: [91/391], batch loss: 0.03476, batch accuracy: 100.00, data load time: 0.00028, step time: 0.02339
epoch: [8], step: [101/391], batch loss: 0.05281, batch accuracy: 98.44, data load time: 0.00030, step time: 0.02342
epoch: [8], step: [111/391], batch loss: 0.04143, batch accuracy: 100.00, data load time: 0.00029, step time: 0.02335
epoch: [8], step: [121/391], batch loss: 0.04044, batch accuracy: 100.00, data load time: 0.00029, step time: 0.02338
epoch: [8], step: [131/391], batch loss: 0.03246, batch accuracy: 100.00, data load time: 0.00029, step time: 0.02337
epoch: [8], step: [141/391], batch loss: 0.05578, batch accuracy: 99.22, data load time: 0.00029, step time: 0.02353
epoch: [8], step: [151/391], batch loss: 0.04273, batch accuracy: 100.00, data load time: 0.00029, step time: 0.02335
epoch: [8], step: [161/391], batch loss: 0.04603, batch accuracy: 99.22, data load time: 0.00029, step time: 0.02332
epoch: [8], step: [171/391], batch loss: 0.03686, batch accuracy: 100.00, data load time: 0.00029, step time: 0.02319
epoch: [8], step: [181/391], batch loss: 0.04036, batch accuracy: 100.00, data load time: 0.00029, step time: 0.02319
epoch: [8], step: [191/391], batch loss: 0.03252, batch accuracy: 100.00, data load time: 0.00029, step time: 0.02316
epoch: [8], step: [201/391], batch loss: 0.04743, batch accuracy: 99.22, data load time: 0.00030, step time: 0.02328
epoch: [8], step: [211/391], batch loss: 0.05844, batch accuracy: 99.22, data load time: 0.00029, step time: 0.02333
epoch: [8], step: [221/391], batch loss: 0.05385, batch accuracy: 100.00, data load time: 0.00029, step time: 0.02323
epoch: [8], step: [231/391], batch loss: 0.06125, batch accuracy: 99.22, data load time: 0.00029, step time: 0.02324
epoch: [8], step: [241/391], batch loss: 0.06947, batch accuracy: 98.44, data load time: 0.00029, step time: 0.02329
epoch: [8], step: [251/391], batch loss: 0.06292, batch accuracy: 99.22, data load time: 0.00029, step time: 0.02322
epoch: [8], step: [261/391], batch loss: 0.06909, batch accuracy: 97.66, data load time: 0.00029, step time: 0.02351
epoch: [8], step: [271/391], batch loss: 0.05808, batch accuracy: 100.00, data load time: 0.00029, step time: 0.02325
epoch: [8], step: [281/391], batch loss: 0.06600, batch accuracy: 96.88, data load time: 0.00029, step time: 0.02432
epoch: [8], step: [291/391], batch loss: 0.04580, batch accuracy: 100.00, data load time: 0.00030, step time: 0.02443
epoch: [8], step: [301/391], batch loss: 0.06274, batch accuracy: 97.66, data load time: 0.00029, step time: 0.02436
epoch: [8], step: [311/391], batch loss: 0.05696, batch accuracy: 100.00, data load time: 0.00029, step time: 0.02324
epoch: [8], step: [321/391], batch loss: 0.06188, batch accuracy: 98.44, data load time: 0.00029, step time: 0.02318
epoch: [8], step: [331/391], batch loss: 0.03615, batch accuracy: 100.00, data load time: 0.00029, step time: 0.02323
epoch: [8], step: [341/391], batch loss: 0.07209, batch accuracy: 98.44, data load time: 0.00025, step time: 0.00491
epoch: [8], step: [351/391], batch loss: 0.06266, batch accuracy: 98.44, data load time: 0.00025, step time: 0.00468
epoch: [8], step: [361/391], batch loss: 0.06798, batch accuracy: 98.44, data load time: 0.00025, step time: 0.00466
epoch: [8], step: [371/391], batch loss: 0.07940, batch accuracy: 98.44, data load time: 0.00025, step time: 0.00465
epoch: [8], step: [381/391], batch loss: 0.06666, batch accuracy: 97.66, data load time: 0.00025, step time: 0.00457
epoch: [9], step: [0/391], batch loss: 0.05117, batch accuracy: 100.00, data load time: 1.60690, step time: 0.54999
epoch: [9], step: [10/391], batch loss: 0.03009, batch accuracy: 100.00, data load time: 0.00029, step time: 0.02376
epoch: [9], step: [20/391], batch loss: 0.02754, batch accuracy: 100.00, data load time: 0.00029, step time: 0.02313
epoch: [9], step: [30/391], batch loss: 0.02625, batch accuracy: 100.00, data load time: 0.00028, step time: 0.05050
epoch: [9], step: [40/391], batch loss: 0.03274, batch accuracy: 100.00, data load time: 0.00028, step time: 0.02368
epoch: [9], step: [50/391], batch loss: 0.03500, batch accuracy: 100.00, data load time: 0.00028, step time: 0.02385
epoch: [9], step: [60/391], batch loss: 0.04075, batch accuracy: 99.22, data load time: 0.00028, step time: 0.02401
epoch: [9], step: [70/391], batch loss: 0.02858, batch accuracy: 99.22, data load time: 0.00028, step time: 0.02347
epoch: [9], step: [80/391], batch loss: 0.03037, batch accuracy: 100.00, data load time: 0.00028, step time: 0.02350
epoch: [9], step: [90/391], batch loss: 0.04363, batch accuracy: 99.22, data load time: 0.00028, step time: 0.02460
epoch: [9], step: [100/391], batch loss: 0.02313, batch accuracy: 100.00, data load time: 0.00029, step time: 0.02458
epoch: [9], step: [110/391], batch loss: 0.05361, batch accuracy: 99.22, data load time: 0.00029, step time: 0.02462
epoch: [9], step: [120/391], batch loss: 0.03011, batch accuracy: 100.00, data load time: 0.00029, step time: 0.02338
epoch: [9], step: [130/391], batch loss: 0.03646, batch accuracy: 99.22, data load time: 0.00029, step time: 0.02334
epoch: [9], step: [140/391], batch loss: 0.03723, batch accuracy: 99.22, data load time: 0.00029, step time: 0.02334
epoch: [9], step: [150/391], batch loss: 0.02411, batch accuracy: 100.00, data load time: 0.00029, step time: 0.02343
epoch: [9], step: [160/391], batch loss: 0.03686, batch accuracy: 100.00, data load time: 0.00029, step time: 0.02347
epoch: [9], step: [170/391], batch loss: 0.02385, batch accuracy: 100.00, data load time: 0.00029, step time: 0.02348
epoch: [9], step: [180/391], batch loss: 0.03403, batch accuracy: 100.00, data load time: 0.00030, step time: 0.02320
epoch: [9], step: [190/391], batch loss: 0.04444, batch accuracy: 100.00, data load time: 0.00029, step time: 0.02333
epoch: [9], step: [200/391], batch loss: 0.02376, batch accuracy: 100.00, data load time: 0.00029, step time: 0.02335
epoch: [9], step: [210/391], batch loss: 0.02455, batch accuracy: 100.00, data load time: 0.00029, step time: 0.02318
epoch: [9], step: [220/391], batch loss: 0.03251, batch accuracy: 100.00, data load time: 0.00029, step time: 0.02330
epoch: [9], step: [230/391], batch loss: 0.03229, batch accuracy: 100.00, data load time: 0.00029, step time: 0.02329
epoch: [9], step: [240/391], batch loss: 0.03845, batch accuracy: 100.00, data load time: 0.00030, step time: 0.02328
epoch: [9], step: [250/391], batch loss: 0.04994, batch accuracy: 98.44, data load time: 0.00029, step time: 0.02332
epoch: [9], step: [260/391], batch loss: 0.02185, batch accuracy: 100.00, data load time: 0.00029, step time: 0.02321
epoch: [9], step: [270/391], batch loss: 0.02849, batch accuracy: 100.00, data load time: 0.00029, step time: 0.02320
epoch: [9], step: [280/391], batch loss: 0.05652, batch accuracy: 97.66, data load time: 0.00029, step time: 0.02325
epoch: [9], step: [290/391], batch loss: 0.03175, batch accuracy: 100.00, data load time: 0.00030, step time: 0.02314
epoch: [9], step: [300/391], batch loss: 0.03806, batch accuracy: 100.00, data load time: 0.00029, step time: 0.02330
epoch: [9], step: [310/391], batch loss: 0.03502, batch accuracy: 100.00, data load time: 0.00029, step time: 0.02338
epoch: [9], step: [320/391], batch loss: 0.04219, batch accuracy: 100.00, data load time: 0.00029, step time: 0.02327
epoch: [9], step: [330/391], batch loss: 0.02276, batch accuracy: 100.00, data load time: 0.00029, step time: 0.02324
epoch: [9], step: [340/391], batch loss: 0.03305, batch accuracy: 100.00, data load time: 0.00025, step time: 0.00457
epoch: [9], step: [350/391], batch loss: 0.06581, batch accuracy: 99.22, data load time: 0.00025, step time: 0.00456
epoch: [9], step: [360/391], batch loss: 0.03676, batch accuracy: 100.00, data load time: 0.00025, step time: 0.00457
epoch: [9], step: [370/391], batch loss: 0.02824, batch accuracy: 100.00, data load time: 0.00025, step time: 0.00456
epoch: [9], step: [380/391], batch loss: 0.03685, batch accuracy: 100.00, data load time: 0.00025, step time: 0.00457
epoch: [9], step: [390/391], batch loss: 0.05369, batch accuracy: 98.75, data load time: 0.00019, step time: 0.00377
validation loss: 1.00325, accuracy: 73.14
epoch: [10], step: [9/391], batch loss: 0.01818, batch accuracy: 100.00, data load time: 0.00033, step time: 0.04530
epoch: [10], step: [19/391], batch loss: 0.02478, batch accuracy: 100.00, data load time: 0.00029, step time: 0.02368
epoch: [10], step: [29/391], batch loss: 0.01470, batch accuracy: 100.00, data load time: 0.00028, step time: 0.02168
epoch: [10], step: [39/391], batch loss: 0.01943, batch accuracy: 100.00, data load time: 0.00028, step time: 0.02384
epoch: [10], step: [49/391], batch loss: 0.01459, batch accuracy: 100.00, data load time: 0.00028, step time: 0.02384
epoch: [10], step: [59/391], batch loss: 0.02740, batch accuracy: 99.22, data load time: 0.00029, step time: 0.02384
epoch: [10], step: [69/391], batch loss: 0.02191, batch accuracy: 100.00, data load time: 0.00028, step time: 0.02364
epoch: [10], step: [79/391], batch loss: 0.01290, batch accuracy: 100.00, data load time: 0.00029, step time: 0.02355
epoch: [10], step: [89/391], batch loss: 0.01829, batch accuracy: 100.00, data load time: 0.00028, step time: 0.02352
epoch: [10], step: [99/391], batch loss: 0.02703, batch accuracy: 100.00, data load time: 0.00029, step time: 0.02336
epoch: [10], step: [109/391], batch loss: 0.01784, batch accuracy: 100.00, data load time: 0.00029, step time: 0.02357
epoch: [10], step: [119/391], batch loss: 0.02017, batch accuracy: 100.00, data load time: 0.00029, step time: 0.02449
epoch: [10], step: [129/391], batch loss: 0.02465, batch accuracy: 100.00, data load time: 0.00030, step time: 0.02341
epoch: [10], step: [139/391], batch loss: 0.02209, batch accuracy: 100.00, data load time: 0.00029, step time: 0.02336
epoch: [10], step: [149/391], batch loss: 0.02010, batch accuracy: 100.00, data load time: 0.00029, step time: 0.02339
epoch: [10], step: [159/391], batch loss: 0.01468, batch accuracy: 100.00, data load time: 0.00029, step time: 0.02345
epoch: [10], step: [169/391], batch loss: 0.01549, batch accuracy: 100.00, data load time: 0.00029, step time: 0.02341
epoch: [10], step: [179/391], batch loss: 0.02289, batch accuracy: 100.00, data load time: 0.00029, step time: 0.02329
epoch: [10], step: [189/391], batch loss: 0.02166, batch accuracy: 100.00, data load time: 0.00029, step time: 0.02325
epoch: [10], step: [199/391], batch loss: 0.01919, batch accuracy: 100.00, data load time: 0.00029, step time: 0.02329
epoch: [10], step: [209/391], batch loss: 0.01542, batch accuracy: 100.00, data load time: 0.00029, step time: 0.02324
epoch: [10], step: [219/391], batch loss: 0.02656, batch accuracy: 100.00, data load time: 0.00029, step time: 0.02319
epoch: [10], step: [229/391], batch loss: 0.02175, batch accuracy: 100.00, data load time: 0.00030, step time: 0.02344
epoch: [10], step: [239/391], batch loss: 0.03374, batch accuracy: 100.00, data load time: 0.00029, step time: 0.02319
epoch: [10], step: [249/391], batch loss: 0.02681, batch accuracy: 100.00, data load time: 0.00029, step time: 0.02319
epoch: [10], step: [259/391], batch loss: 0.02098, batch accuracy: 100.00, data load time: 0.00030, step time: 0.02326
epoch: [10], step: [269/391], batch loss: 0.02587, batch accuracy: 100.00, data load time: 0.00029, step time: 0.02318
epoch: [10], step: [279/391], batch loss: 0.02785, batch accuracy: 100.00, data load time: 0.00029, step time: 0.02323
epoch: [10], step: [289/391], batch loss: 0.01590, batch accuracy: 100.00, data load time: 0.00029, step time: 0.02322
epoch: [10], step: [299/391], batch loss: 0.02054, batch accuracy: 100.00, data load time: 0.00030, step time: 0.02324
epoch: [10], step: [309/391], batch loss: 0.01512, batch accuracy: 100.00, data load time: 0.00029, step time: 0.02318
epoch: [10], step: [319/391], batch loss: 0.02244, batch accuracy: 100.00, data load time: 0.00030, step time: 0.02330
epoch: [10], step: [329/391], batch loss: 0.01922, batch accuracy: 100.00, data load time: 0.00030, step time: 0.02333
epoch: [10], step: [339/391], batch loss: 0.01741, batch accuracy: 100.00, data load time: 0.00025, step time: 0.00456
epoch: [10], step: [349/391], batch loss: 0.01836, batch accuracy: 100.00, data load time: 0.00025, step time: 0.00458
epoch: [10], step: [359/391], batch loss: 0.01594, batch accuracy: 100.00, data load time: 0.00025, step time: 0.00456
epoch: [10], step: [369/391], batch loss: 0.02496, batch accuracy: 100.00, data load time: 0.00025, step time: 0.00458
epoch: [10], step: [379/391], batch loss: 0.01552, batch accuracy: 100.00, data load time: 0.00025, step time: 0.00456
epoch: [10], step: [389/391], batch loss: 0.02107, batch accuracy: 100.00, data load time: 0.00026, step time: 0.00457
epoch: [11], step: [8/391], batch loss: 0.01989, batch accuracy: 100.00, data load time: 0.00029, step time: 0.16150
epoch: [11], step: [18/391], batch loss: 0.02415, batch accuracy: 99.22, data load time: 0.00029, step time: 0.02662
epoch: [11], step: [28/391], batch loss: 0.02330, batch accuracy: 100.00, data load time: 0.00028, step time: 0.02347
epoch: [11], step: [38/391], batch loss: 0.01980, batch accuracy: 100.00, data load time: 0.00028, step time: 0.02372
epoch: [11], step: [48/391], batch loss: 0.02087, batch accuracy: 100.00, data load time: 0.00028, step time: 0.02401
epoch: [11], step: [58/391], batch loss: 0.01398, batch accuracy: 100.00, data load time: 0.00028, step time: 0.02367
epoch: [11], step: [68/391], batch loss: 0.01180, batch accuracy: 100.00, data load time: 0.00028, step time: 0.02354
epoch: [11], step: [78/391], batch loss: 0.01160, batch accuracy: 100.00, data load time: 0.00028, step time: 0.02356
epoch: [11], step: [88/391], batch loss: 0.01559, batch accuracy: 100.00, data load time: 0.00028, step time: 0.02345
epoch: [11], step: [98/391], batch loss: 0.02086, batch accuracy: 100.00, data load time: 0.00029, step time: 0.02358
epoch: [11], step: [108/391], batch loss: 0.01156, batch accuracy: 100.00, data load time: 0.00029, step time: 0.02336
epoch: [11], step: [118/391], batch loss: 0.01499, batch accuracy: 100.00, data load time: 0.00030, step time: 0.02337
epoch: [11], step: [128/391], batch loss: 0.01374, batch accuracy: 100.00, data load time: 0.00029, step time: 0.02350
epoch: [11], step: [138/391], batch loss: 0.01146, batch accuracy: 100.00, data load time: 0.00029, step time: 0.02353
epoch: [11], step: [148/391], batch loss: 0.01508, batch accuracy: 100.00, data load time: 0.00029, step time: 0.02358
epoch: [11], step: [158/391], batch loss: 0.01127, batch accuracy: 100.00, data load time: 0.00030, step time: 0.02349
epoch: [11], step: [168/391], batch loss: 0.01872, batch accuracy: 100.00, data load time: 0.00030, step time: 0.02318
epoch: [11], step: [178/391], batch loss: 0.01576, batch accuracy: 100.00, data load time: 0.00029, step time: 0.02326
epoch: [11], step: [188/391], batch loss: 0.02055, batch accuracy: 100.00, data load time: 0.00029, step time: 0.02324
epoch: [11], step: [198/391], batch loss: 0.01376, batch accuracy: 100.00, data load time: 0.00030, step time: 0.02327
epoch: [11], step: [208/391], batch loss: 0.01813, batch accuracy: 100.00, data load time: 0.00029, step time: 0.02324
epoch: [11], step: [218/391], batch loss: 0.01165, batch accuracy: 100.00, data load time: 0.00029, step time: 0.02325
epoch: [11], step: [228/391], batch loss: 0.01418, batch accuracy: 100.00, data load time: 0.00030, step time: 0.02318
epoch: [11], step: [238/391], batch loss: 0.03684, batch accuracy: 99.22, data load time: 0.00030, step time: 0.02325
epoch: [11], step: [248/391], batch loss: 0.01780, batch accuracy: 100.00, data load time: 0.00029, step time: 0.02328
epoch: [11], step: [258/391], batch loss: 0.01680, batch accuracy: 100.00, data load time: 0.00029, step time: 0.02323
epoch: [11], step: [268/391], batch loss: 0.01367, batch accuracy: 100.00, data load time: 0.00030, step time: 0.02325
epoch: [11], step: [278/391], batch loss: 0.01308, batch accuracy: 100.00, data load time: 0.00031, step time: 0.02321
epoch: [11], step: [288/391], batch loss: 0.01313, batch accuracy: 100.00, data load time: 0.00029, step time: 0.02328
epoch: [11], step: [298/391], batch loss: 0.01486, batch accuracy: 100.00, data load time: 0.00029, step time: 0.02338
epoch: [11], step: [308/391], batch loss: 0.01613, batch accuracy: 100.00, data load time: 0.00030, step time: 0.02321
epoch: [11], step: [318/391], batch loss: 0.01338, batch accuracy: 100.00, data load time: 0.00029, step time: 0.02325
epoch: [11], step: [328/391], batch loss: 0.02141, batch accuracy: 100.00, data load time: 0.00029, step time: 0.02324
epoch: [11], step: [338/391], batch loss: 0.01144, batch accuracy: 100.00, data load time: 0.00026, step time: 0.00494
epoch: [11], step: [348/391], batch loss: 0.02055, batch accuracy: 100.00, data load time: 0.00025, step time: 0.00492
epoch: [11], step: [358/391], batch loss: 0.01177, batch accuracy: 100.00, data load time: 0.00025, step time: 0.00491
epoch: [11], step: [368/391], batch loss: 0.01979, batch accuracy: 100.00, data load time: 0.00025, step time: 0.00461
epoch: [11], step: [378/391], batch loss: 0.02694, batch accuracy: 99.22, data load time: 0.00025, step time: 0.00462
epoch: [11], step: [388/391], batch loss: 0.02428, batch accuracy: 99.22, data load time: 0.00025, step time: 0.00458
validation loss: 1.01280, accuracy: 74.12
epoch: [12], step: [7/391], batch loss: 0.01151, batch accuracy: 100.00, data load time: 0.00029, step time: 0.00456
epoch: [12], step: [17/391], batch loss: 0.01123, batch accuracy: 100.00, data load time: 0.00029, step time: 0.02369
epoch: [12], step: [27/391], batch loss: 0.01414, batch accuracy: 100.00, data load time: 0.02564, step time: 0.02098
epoch: [12], step: [37/391], batch loss: 0.01518, batch accuracy: 100.00, data load time: 0.00029, step time: 0.02379
epoch: [12], step: [47/391], batch loss: 0.01419, batch accuracy: 100.00, data load time: 0.00028, step time: 0.02378
epoch: [12], step: [57/391], batch loss: 0.01217, batch accuracy: 100.00, data load time: 0.00029, step time: 0.02369
epoch: [12], step: [67/391], batch loss: 0.01103, batch accuracy: 100.00, data load time: 0.00028, step time: 0.02351
epoch: [12], step: [77/391], batch loss: 0.01067, batch accuracy: 100.00, data load time: 0.00029, step time: 0.02357
epoch: [12], step: [87/391], batch loss: 0.01157, batch accuracy: 100.00, data load time: 0.00028, step time: 0.02346
epoch: [12], step: [97/391], batch loss: 0.01279, batch accuracy: 100.00, data load time: 0.00030, step time: 0.02347
epoch: [12], step: [107/391], batch loss: 0.01763, batch accuracy: 100.00, data load time: 0.00029, step time: 0.02338
epoch: [12], step: [117/391], batch loss: 0.01059, batch accuracy: 100.00, data load time: 0.00029, step time: 0.02343
epoch: [12], step: [127/391], batch loss: 0.01451, batch accuracy: 100.00, data load time: 0.00029, step time: 0.02348
epoch: [12], step: [137/391], batch loss: 0.01206, batch accuracy: 100.00, data load time: 0.00029, step time: 0.02335
epoch: [12], step: [147/391], batch loss: 0.01488, batch accuracy: 100.00, data load time: 0.00029, step time: 0.02345
epoch: [12], step: [157/391], batch loss: 0.01282, batch accuracy: 100.00, data load time: 0.00030, step time: 0.02347
epoch: [12], step: [167/391], batch loss: 0.01145, batch accuracy: 100.00, data load time: 0.00029, step time: 0.02337
epoch: [12], step: [177/391], batch loss: 0.00959, batch accuracy: 100.00, data load time: 0.00029, step time: 0.02327
epoch: [12], step: [187/391], batch loss: 0.00916, batch accuracy: 100.00, data load time: 0.00029, step time: 0.02331
epoch: [12], step: [197/391], batch loss: 0.01238, batch accuracy: 100.00, data load time: 0.00029, step time: 0.02328
epoch: [12], step: [207/391], batch loss: 0.00773, batch accuracy: 100.00, data load time: 0.00029, step time: 0.02332
epoch: [12], step: [217/391], batch loss: 0.01661, batch accuracy: 100.00, data load time: 0.00029, step time: 0.02323
epoch: [12], step: [227/391], batch loss: 0.01223, batch accuracy: 100.00, data load time: 0.00029, step time: 0.02317
epoch: [12], step: [237/391], batch loss: 0.01017, batch accuracy: 100.00, data load time: 0.00029, step time: 0.02335
epoch: [12], step: [247/391], batch loss: 0.03186, batch accuracy: 99.22, data load time: 0.00029, step time: 0.02329
epoch: [12], step: [257/391], batch loss: 0.01356, batch accuracy: 100.00, data load time: 0.00029, step time: 0.02330
epoch: [12], step: [267/391], batch loss: 0.01127, batch accuracy: 100.00, data load time: 0.00029, step time: 0.02328
epoch: [12], step: [277/391], batch loss: 0.01075, batch accuracy: 100.00, data load time: 0.00030, step time: 0.02321
epoch: [12], step: [287/391], batch loss: 0.01254, batch accuracy: 100.00, data load time: 0.00029, step time: 0.02365
epoch: [12], step: [297/391], batch loss: 0.01432, batch accuracy: 100.00, data load time: 0.00029, step time: 0.02324
epoch: [12], step: [307/391], batch loss: 0.01555, batch accuracy: 100.00, data load time: 0.00029, step time: 0.02327
epoch: [12], step: [317/391], batch loss: 0.01283, batch accuracy: 100.00, data load time: 0.00029, step time: 0.02323
epoch: [12], step: [327/391], batch loss: 0.01140, batch accuracy: 100.00, data load time: 0.00029, step time: 0.02322
epoch: [12], step: [337/391], batch loss: 0.01610, batch accuracy: 100.00, data load time: 0.00025, step time: 0.00457
epoch: [12], step: [347/391], batch loss: 0.01289, batch accuracy: 100.00, data load time: 0.00025, step time: 0.00457
epoch: [12], step: [357/391], batch loss: 0.01274, batch accuracy: 100.00, data load time: 0.00025, step time: 0.00457
epoch: [12], step: [367/391], batch loss: 0.00946, batch accuracy: 100.00, data load time: 0.00025, step time: 0.00456
epoch: [12], step: [377/391], batch loss: 0.00936, batch accuracy: 100.00, data load time: 0.00025, step time: 0.00455
epoch: [12], step: [387/391], batch loss: 0.01120, batch accuracy: 100.00, data load time: 0.00025, step time: 0.00458
epoch: [13], step: [6/391], batch loss: 0.01005, batch accuracy: 100.00, data load time: 0.00030, step time: 0.00455
epoch: [13], step: [16/391], batch loss: 0.01184, batch accuracy: 100.00, data load time: 0.00030, step time: 0.02375
epoch: [13], step: [26/391], batch loss: 0.01194, batch accuracy: 100.00, data load time: 0.02662, step time: 0.02116
epoch: [13], step: [36/391], batch loss: 0.00761, batch accuracy: 100.00, data load time: 0.00028, step time: 0.02376
epoch: [13], step: [46/391], batch loss: 0.00972, batch accuracy: 100.00, data load time: 0.00029, step time: 0.02379
epoch: [13], step: [56/391], batch loss: 0.01137, batch accuracy: 100.00, data load time: 0.00028, step time: 0.02374
epoch: [13], step: [66/391], batch loss: 0.01132, batch accuracy: 100.00, data load time: 0.00028, step time: 0.02357
epoch: [13], step: [76/391], batch loss: 0.00938, batch accuracy: 100.00, data load time: 0.00028, step time: 0.02353
epoch: [13], step: [86/391], batch loss: 0.00900, batch accuracy: 100.00, data load time: 0.00028, step time: 0.02350
epoch: [13], step: [96/391], batch loss: 0.00724, batch accuracy: 100.00, data load time: 0.00028, step time: 0.02340
epoch: [13], step: [106/391], batch loss: 0.01361, batch accuracy: 100.00, data load time: 0.00029, step time: 0.02563
epoch: [13], step: [116/391], batch loss: 0.01337, batch accuracy: 100.00, data load time: 0.00029, step time: 0.02342
epoch: [13], step: [126/391], batch loss: 0.00950, batch accuracy: 100.00, data load time: 0.00029, step time: 0.02341
epoch: [13], step: [136/391], batch loss: 0.01460, batch accuracy: 100.00, data load time: 0.00029, step time: 0.02342
epoch: [13], step: [146/391], batch loss: 0.00718, batch accuracy: 100.00, data load time: 0.00030, step time: 0.02344
epoch: [13], step: [156/391], batch loss: 0.01422, batch accuracy: 100.00, data load time: 0.00030, step time: 0.02347
epoch: [13], step: [166/391], batch loss: 0.00821, batch accuracy: 100.00, data load time: 0.00029, step time: 0.02358
epoch: [13], step: [176/391], batch loss: 0.00890, batch accuracy: 100.00, data load time: 0.00029, step time: 0.02327
epoch: [13], step: [186/391], batch loss: 0.01016, batch accuracy: 100.00, data load time: 0.00029, step time: 0.02330
epoch: [13], step: [196/391], batch loss: 0.01464, batch accuracy: 100.00, data load time: 0.00029, step time: 0.02323
epoch: [13], step: [206/391], batch loss: 0.01048, batch accuracy: 100.00, data load time: 0.00030, step time: 0.02323
epoch: [13], step: [216/391], batch loss: 0.01041, batch accuracy: 100.00, data load time: 0.00029, step time: 0.02329
epoch: [13], step: [226/391], batch loss: 0.00762, batch accuracy: 100.00, data load time: 0.00029, step time: 0.02325
epoch: [13], step: [236/391], batch loss: 0.00892, batch accuracy: 100.00, data load time: 0.00029, step time: 0.02327
epoch: [13], step: [246/391], batch loss: 0.01193, batch accuracy: 100.00, data load time: 0.00029, step time: 0.02332
epoch: [13], step: [256/391], batch loss: 0.00559, batch accuracy: 100.00, data load time: 0.00030, step time: 0.02452
epoch: [13], step: [266/391], batch loss: 0.00739, batch accuracy: 100.00, data load time: 0.00029, step time: 0.02446
epoch: [13], step: [276/391], batch loss: 0.00863, batch accuracy: 100.00, data load time: 0.00029, step time: 0.02445
epoch: [13], step: [286/391], batch loss: 0.01991, batch accuracy: 100.00, data load time: 0.00030, step time: 0.02330
epoch: [13], step: [296/391], batch loss: 0.01104, batch accuracy: 100.00, data load time: 0.00029, step time: 0.02346
epoch: [13], step: [306/391], batch loss: 0.00937, batch accuracy: 100.00, data load time: 0.00029, step time: 0.02339
epoch: [13], step: [316/391], batch loss: 0.00758, batch accuracy: 100.00, data load time: 0.00029, step time: 0.02332
epoch: [13], step: [326/391], batch loss: 0.01359, batch accuracy: 100.00, data load time: 0.00029, step time: 0.02331
epoch: [13], step: [336/391], batch loss: 0.01018, batch accuracy: 100.00, data load time: 0.00025, step time: 0.00456
epoch: [13], step: [346/391], batch loss: 0.01096, batch accuracy: 100.00, data load time: 0.00026, step time: 0.00456
epoch: [13], step: [356/391], batch loss: 0.00974, batch accuracy: 100.00, data load time: 0.00025, step time: 0.00455
epoch: [13], step: [366/391], batch loss: 0.00923, batch accuracy: 100.00, data load time: 0.00025, step time: 0.00456
epoch: [13], step: [376/391], batch loss: 0.01117, batch accuracy: 100.00, data load time: 0.00025, step time: 0.00456
epoch: [13], step: [386/391], batch loss: 0.01114, batch accuracy: 100.00, data load time: 0.00025, step time: 0.00456
validation loss: 0.98008, accuracy: 74.88
epoch: [14], step: [5/391], batch loss: 0.01277, batch accuracy: 100.00, data load time: 0.00030, step time: 0.00594
epoch: [14], step: [15/391], batch loss: 0.00687, batch accuracy: 100.00, data load time: 0.00029, step time: 0.02371
epoch: [14], step: [25/391], batch loss: 0.00743, batch accuracy: 100.00, data load time: 0.00697, step time: 0.02346
epoch: [14], step: [35/391], batch loss: 0.00944, batch accuracy: 100.00, data load time: 0.00028, step time: 0.02369
epoch: [14], step: [45/391], batch loss: 0.00650, batch accuracy: 100.00, data load time: 0.00028, step time: 0.02372
epoch: [14], step: [55/391], batch loss: 0.00870, batch accuracy: 100.00, data load time: 0.02716, step time: 0.02377
epoch: [14], step: [65/391], batch loss: 0.00801, batch accuracy: 100.00, data load time: 0.00028, step time: 0.02350
epoch: [14], step: [75/391], batch loss: 0.00768, batch accuracy: 100.00, data load time: 0.00029, step time: 0.02351
epoch: [14], step: [85/391], batch loss: 0.00692, batch accuracy: 100.00, data load time: 0.00028, step time: 0.02351
epoch: [14], step: [95/391], batch loss: 0.00747, batch accuracy: 100.00, data load time: 0.00028, step time: 0.02335
epoch: [14], step: [105/391], batch loss: 0.01108, batch accuracy: 100.00, data load time: 0.00029, step time: 0.02349
epoch: [14], step: [115/391], batch loss: 0.00985, batch accuracy: 100.00, data load time: 0.00029, step time: 0.02332
epoch: [14], step: [125/391], batch loss: 0.00713, batch accuracy: 100.00, data load time: 0.00029, step time: 0.02451
epoch: [14], step: [135/391], batch loss: 0.00969, batch accuracy: 100.00, data load time: 0.00030, step time: 0.02346
epoch: [14], step: [145/391], batch loss: 0.00721, batch accuracy: 100.00, data load time: 0.00029, step time: 0.02342
epoch: [14], step: [155/391], batch loss: 0.00894, batch accuracy: 100.00, data load time: 0.00029, step time: 0.02344
epoch: [14], step: [165/391], batch loss: 0.00871, batch accuracy: 100.00, data load time: 0.00029, step time: 0.02344
epoch: [14], step: [175/391], batch loss: 0.01007, batch accuracy: 100.00, data load time: 0.00030, step time: 0.02317
epoch: [14], step: [185/391], batch loss: 0.00509, batch accuracy: 100.00, data load time: 0.00029, step time: 0.02339
epoch: [14], step: [195/391], batch loss: 0.01417, batch accuracy: 100.00, data load time: 0.00029, step time: 0.02326
epoch: [14], step: [205/391], batch loss: 0.00772, batch accuracy: 100.00, data load time: 0.00029, step time: 0.02327
epoch: [14], step: [215/391], batch loss: 0.00864, batch accuracy: 100.00, data load time: 0.00029, step time: 0.02321
epoch: [14], step: [225/391], batch loss: 0.00818, batch accuracy: 100.00, data load time: 0.00030, step time: 0.02327
epoch: [14], step: [235/391], batch loss: 0.00890, batch accuracy: 100.00, data load time: 0.00029, step time: 0.02329
epoch: [14], step: [245/391], batch loss: 0.01320, batch accuracy: 100.00, data load time: 0.00029, step time: 0.02329
epoch: [14], step: [255/391], batch loss: 0.00794, batch accuracy: 100.00, data load time: 0.00029, step time: 0.02343
epoch: [14], step: [265/391], batch loss: 0.01174, batch accuracy: 100.00, data load time: 0.00029, step time: 0.02330
epoch: [14], step: [275/391], batch loss: 0.01015, batch accuracy: 100.00, data load time: 0.00029, step time: 0.02320
epoch: [14], step: [285/391], batch loss: 0.00772, batch accuracy: 100.00, data load time: 0.00029, step time: 0.02319
epoch: [14], step: [295/391], batch loss: 0.00981, batch accuracy: 100.00, data load time: 0.00030, step time: 0.02323
epoch: [14], step: [305/391], batch loss: 0.01167, batch accuracy: 100.00, data load time: 0.00029, step time: 0.02325
epoch: [14], step: [315/391], batch loss: 0.00682, batch accuracy: 100.00, data load time: 0.00029, step time: 0.02325
epoch: [14], step: [325/391], batch loss: 0.01202, batch accuracy: 100.00, data load time: 0.00029, step time: 0.02318
epoch: [14], step: [335/391], batch loss: 0.00720, batch accuracy: 100.00, data load time: 0.00025, step time: 0.00456
epoch: [14], step: [345/391], batch loss: 0.01633, batch accuracy: 100.00, data load time: 0.00025, step time: 0.00457
epoch: [14], step: [355/391], batch loss: 0.00766, batch accuracy: 100.00, data load time: 0.00025, step time: 0.00456
epoch: [14], step: [365/391], batch loss: 0.00735, batch accuracy: 100.00, data load time: 0.00025, step time: 0.00457
epoch: [14], step: [375/391], batch loss: 0.00803, batch accuracy: 100.00, data load time: 0.00026, step time: 0.00455
epoch: [14], step: [385/391], batch loss: 0.00699, batch accuracy: 100.00, data load time: 0.00025, step time: 0.00455
epoch: [15], step: [4/391], batch loss: 0.00884, batch accuracy: 100.00, data load time: 0.00029, step time: 0.00458
epoch: [15], step: [14/391], batch loss: 0.00629, batch accuracy: 100.00, data load time: 0.00029, step time: 0.02370
epoch: [15], step: [24/391], batch loss: 0.00567, batch accuracy: 100.00, data load time: 0.00440, step time: 0.02183
epoch: [15], step: [34/391], batch loss: 0.00989, batch accuracy: 100.00, data load time: 0.00028, step time: 0.02389
epoch: [15], step: [44/391], batch loss: 0.00630, batch accuracy: 100.00, data load time: 0.00028, step time: 0.02378
epoch: [15], step: [54/391], batch loss: 0.00735, batch accuracy: 100.00, data load time: 0.00029, step time: 0.02376
epoch: [15], step: [64/391], batch loss: 0.00617, batch accuracy: 100.00, data load time: 0.00030, step time: 0.04039
epoch: [15], step: [74/391], batch loss: 0.00817, batch accuracy: 100.00, data load time: 0.00028, step time: 0.02350
epoch: [15], step: [84/391], batch loss: 0.00820, batch accuracy: 100.00, data load time: 0.00028, step time: 0.02346
epoch: [15], step: [94/391], batch loss: 0.00808, batch accuracy: 100.00, data load time: 0.00028, step time: 0.02350
epoch: [15], step: [104/391], batch loss: 0.00619, batch accuracy: 100.00, data load time: 0.00029, step time: 0.02341
epoch: [15], step: [114/391], batch loss: 0.00642, batch accuracy: 100.00, data load time: 0.00029, step time: 0.02337
epoch: [15], step: [124/391], batch loss: 0.00748, batch accuracy: 100.00, data load time: 0.00029, step time: 0.02349
epoch: [15], step: [134/391], batch loss: 0.00733, batch accuracy: 100.00, data load time: 0.00029, step time: 0.02341
epoch: [15], step: [144/391], batch loss: 0.00746, batch accuracy: 100.00, data load time: 0.00029, step time: 0.02339
epoch: [15], step: [154/391], batch loss: 0.00719, batch accuracy: 100.00, data load time: 0.00029, step time: 0.02349
epoch: [15], step: [164/391], batch loss: 0.00552, batch accuracy: 100.00, data load time: 0.00029, step time: 0.02348
epoch: [15], step: [174/391], batch loss: 0.01388, batch accuracy: 100.00, data load time: 0.00029, step time: 0.02322
epoch: [15], step: [184/391], batch loss: 0.00947, batch accuracy: 100.00, data load time: 0.00030, step time: 0.02336
epoch: [15], step: [194/391], batch loss: 0.00607, batch accuracy: 100.00, data load time: 0.00029, step time: 0.02333
epoch: [15], step: [204/391], batch loss: 0.00906, batch accuracy: 100.00, data load time: 0.00029, step time: 0.02328
epoch: [15], step: [214/391], batch loss: 0.01052, batch accuracy: 100.00, data load time: 0.00030, step time: 0.02326
epoch: [15], step: [224/391], batch loss: 0.00957, batch accuracy: 100.00, data load time: 0.00029, step time: 0.02326
epoch: [15], step: [234/391], batch loss: 0.00448, batch accuracy: 100.00, data load time: 0.00029, step time: 0.02328
epoch: [15], step: [244/391], batch loss: 0.00544, batch accuracy: 100.00, data load time: 0.00029, step time: 0.02364
epoch: [15], step: [254/391], batch loss: 0.00672, batch accuracy: 100.00, data load time: 0.00029, step time: 0.02323
epoch: [15], step: [264/391], batch loss: 0.00938, batch accuracy: 100.00, data load time: 0.00030, step time: 0.02335
epoch: [15], step: [274/391], batch loss: 0.00517, batch accuracy: 100.00, data load time: 0.00030, step time: 0.02325
epoch: [15], step: [284/391], batch loss: 0.00431, batch accuracy: 100.00, data load time: 0.00030, step time: 0.02324
epoch: [15], step: [294/391], batch loss: 0.00746, batch accuracy: 100.00, data load time: 0.00029, step time: 0.02333
epoch: [15], step: [304/391], batch loss: 0.00681, batch accuracy: 100.00, data load time: 0.00030, step time: 0.02332
epoch: [15], step: [314/391], batch loss: 0.01295, batch accuracy: 100.00, data load time: 0.00029, step time: 0.02328
epoch: [15], step: [324/391], batch loss: 0.00666, batch accuracy: 100.00, data load time: 0.00029, step time: 0.02339
epoch: [15], step: [334/391], batch loss: 0.00800, batch accuracy: 100.00, data load time: 0.00288, step time: 0.01614
epoch: [15], step: [344/391], batch loss: 0.00616, batch accuracy: 100.00, data load time: 0.00025, step time: 0.00491
epoch: [15], step: [354/391], batch loss: 0.00743, batch accuracy: 100.00, data load time: 0.00025, step time: 0.00490
epoch: [15], step: [364/391], batch loss: 0.00526, batch accuracy: 100.00, data load time: 0.00025, step time: 0.00490
epoch: [15], step: [374/391], batch loss: 0.00706, batch accuracy: 100.00, data load time: 0.00027, step time: 0.00460
epoch: [15], step: [384/391], batch loss: 0.00791, batch accuracy: 100.00, data load time: 0.00027, step time: 0.00460
validation loss: 1.03135, accuracy: 74.39
epoch: [16], step: [3/391], batch loss: 0.00799, batch accuracy: 100.00, data load time: 0.00029, step time: 0.00602
epoch: [16], step: [13/391], batch loss: 0.00531, batch accuracy: 100.00, data load time: 0.00030, step time: 0.02366
epoch: [16], step: [23/391], batch loss: 0.00590, batch accuracy: 100.00, data load time: 0.00029, step time: 0.02348
epoch: [16], step: [33/391], batch loss: 0.00556, batch accuracy: 100.00, data load time: 0.00028, step time: 0.02376
epoch: [16], step: [43/391], batch loss: 0.01145, batch accuracy: 100.00, data load time: 0.00028, step time: 0.02371
epoch: [16], step: [53/391], batch loss: 0.00542, batch accuracy: 100.00, data load time: 0.00028, step time: 0.02381
epoch: [16], step: [63/391], batch loss: 0.00538, batch accuracy: 100.00, data load time: 0.00028, step time: 0.05118
epoch: [16], step: [73/391], batch loss: 0.00592, batch accuracy: 100.00, data load time: 0.00029, step time: 0.02349
epoch: [16], step: [83/391], batch loss: 0.00677, batch accuracy: 100.00, data load time: 0.00037, step time: 0.02348
epoch: [16], step: [93/391], batch loss: 0.00488, batch accuracy: 100.00, data load time: 0.00028, step time: 0.02344
epoch: [16], step: [103/391], batch loss: 0.00459, batch accuracy: 100.00, data load time: 0.00029, step time: 0.02339
epoch: [16], step: [113/391], batch loss: 0.00483, batch accuracy: 100.00, data load time: 0.00030, step time: 0.02345
epoch: [16], step: [123/391], batch loss: 0.00641, batch accuracy: 100.00, data load time: 0.00029, step time: 0.02332
epoch: [16], step: [133/391], batch loss: 0.00722, batch accuracy: 100.00, data load time: 0.00030, step time: 0.02340
epoch: [16], step: [143/391], batch loss: 0.00826, batch accuracy: 100.00, data load time: 0.00029, step time: 0.02344
epoch: [16], step: [153/391], batch loss: 0.00876, batch accuracy: 100.00, data load time: 0.00030, step time: 0.02343
epoch: [16], step: [163/391], batch loss: 0.00474, batch accuracy: 100.00, data load time: 0.00029, step time: 0.02334
epoch: [16], step: [173/391], batch loss: 0.00554, batch accuracy: 100.00, data load time: 0.00029, step time: 0.02332
epoch: [16], step: [183/391], batch loss: 0.00734, batch accuracy: 100.00, data load time: 0.00029, step time: 0.02326
epoch: [16], step: [193/391], batch loss: 0.00790, batch accuracy: 100.00, data load time: 0.00030, step time: 0.02336
epoch: [16], step: [203/391], batch loss: 0.00649, batch accuracy: 100.00, data load time: 0.00029, step time: 0.02337
epoch: [16], step: [213/391], batch loss: 0.00849, batch accuracy: 100.00, data load time: 0.00030, step time: 0.02321
epoch: [16], step: [223/391], batch loss: 0.00722, batch accuracy: 100.00, data load time: 0.00029, step time: 0.02349
epoch: [16], step: [233/391], batch loss: 0.00679, batch accuracy: 100.00, data load time: 0.00029, step time: 0.02316
epoch: [16], step: [243/391], batch loss: 0.00843, batch accuracy: 100.00, data load time: 0.00029, step time: 0.02323
epoch: [16], step: [253/391], batch loss: 0.00602, batch accuracy: 100.00, data load time: 0.00029, step time: 0.02328
epoch: [16], step: [263/391], batch loss: 0.00722, batch accuracy: 100.00, data load time: 0.00029, step time: 0.02314
epoch: [16], step: [273/391], batch loss: 0.00703, batch accuracy: 100.00, data load time: 0.00029, step time: 0.02331
epoch: [16], step: [283/391], batch loss: 0.00718, batch accuracy: 100.00, data load time: 0.00030, step time: 0.02325
epoch: [16], step: [293/391], batch loss: 0.00478, batch accuracy: 100.00, data load time: 0.00029, step time: 0.02329
epoch: [16], step: [303/391], batch loss: 0.00669, batch accuracy: 100.00, data load time: 0.00029, step time: 0.02318
epoch: [16], step: [313/391], batch loss: 0.00822, batch accuracy: 100.00, data load time: 0.00029, step time: 0.02325
epoch: [16], step: [323/391], batch loss: 0.00569, batch accuracy: 100.00, data load time: 0.00029, step time: 0.02325
epoch: [16], step: [333/391], batch loss: 0.00850, batch accuracy: 100.00, data load time: 0.00029, step time: 0.02332
epoch: [16], step: [343/391], batch loss: 0.00507, batch accuracy: 100.00, data load time: 0.00026, step time: 0.00456
epoch: [16], step: [353/391], batch loss: 0.00592, batch accuracy: 100.00, data load time: 0.00025, step time: 0.00457
epoch: [16], step: [363/391], batch loss: 0.00879, batch accuracy: 100.00, data load time: 0.00025, step time: 0.00456
epoch: [16], step: [373/391], batch loss: 0.00392, batch accuracy: 100.00, data load time: 0.00025, step time: 0.00457
epoch: [16], step: [383/391], batch loss: 0.00697, batch accuracy: 100.00, data load time: 0.00025, step time: 0.00456
epoch: [17], step: [2/391], batch loss: 0.00485, batch accuracy: 100.00, data load time: 0.00030, step time: 0.00456
epoch: [17], step: [12/391], batch loss: 0.00413, batch accuracy: 100.00, data load time: 0.00029, step time: 0.02372
epoch: [17], step: [22/391], batch loss: 0.00469, batch accuracy: 100.00, data load time: 0.00029, step time: 0.02368
epoch: [17], step: [32/391], batch loss: 0.00515, batch accuracy: 100.00, data load time: 0.00030, step time: 0.02369
epoch: [17], step: [42/391], batch loss: 0.00593, batch accuracy: 100.00, data load time: 0.00029, step time: 0.02369
epoch: [17], step: [52/391], batch loss: 0.00603, batch accuracy: 100.00, data load time: 0.00028, step time: 0.02378
epoch: [17], step: [62/391], batch loss: 0.00605, batch accuracy: 100.00, data load time: 0.00028, step time: 0.06755
epoch: [17], step: [72/391], batch loss: 0.00608, batch accuracy: 100.00, data load time: 0.00029, step time: 0.02352
epoch: [17], step: [82/391], batch loss: 0.00584, batch accuracy: 100.00, data load time: 0.00028, step time: 0.02356
epoch: [17], step: [92/391], batch loss: 0.00746, batch accuracy: 100.00, data load time: 0.00028, step time: 0.02340
epoch: [17], step: [102/391], batch loss: 0.00530, batch accuracy: 100.00, data load time: 0.00029, step time: 0.02344
epoch: [17], step: [112/391], batch loss: 0.00368, batch accuracy: 100.00, data load time: 0.00029, step time: 0.02342
epoch: [17], step: [122/391], batch loss: 0.00437, batch accuracy: 100.00, data load time: 0.00029, step time: 0.02338
epoch: [17], step: [132/391], batch loss: 0.00640, batch accuracy: 100.00, data load time: 0.00030, step time: 0.02335
epoch: [17], step: [142/391], batch loss: 0.00738, batch accuracy: 100.00, data load time: 0.00029, step time: 0.02329
epoch: [17], step: [152/391], batch loss: 0.00624, batch accuracy: 100.00, data load time: 0.00029, step time: 0.02335
epoch: [17], step: [162/391], batch loss: 0.00610, batch accuracy: 100.00, data load time: 0.00029, step time: 0.02349
epoch: [17], step: [172/391], batch loss: 0.00772, batch accuracy: 100.00, data load time: 0.00029, step time: 0.02319
epoch: [17], step: [182/391], batch loss: 0.00918, batch accuracy: 100.00, data load time: 0.00030, step time: 0.02339
epoch: [17], step: [192/391], batch loss: 0.00481, batch accuracy: 100.00, data load time: 0.00029, step time: 0.02327
epoch: [17], step: [202/391], batch loss: 0.00629, batch accuracy: 100.00, data load time: 0.00029, step time: 0.02324
epoch: [17], step: [212/391], batch loss: 0.00628, batch accuracy: 100.00, data load time: 0.00029, step time: 0.02325
epoch: [17], step: [222/391], batch loss: 0.00562, batch accuracy: 100.00, data load time: 0.00030, step time: 0.02329
epoch: [17], step: [232/391], batch loss: 0.00474, batch accuracy: 100.00, data load time: 0.00029, step time: 0.02324
epoch: [17], step: [242/391], batch loss: 0.01116, batch accuracy: 100.00, data load time: 0.00029, step time: 0.02347
epoch: [17], step: [252/391], batch loss: 0.00884, batch accuracy: 100.00, data load time: 0.00029, step time: 0.02320
epoch: [17], step: [262/391], batch loss: 0.00622, batch accuracy: 100.00, data load time: 0.00029, step time: 0.02345
epoch: [17], step: [272/391], batch loss: 0.00620, batch accuracy: 100.00, data load time: 0.00029, step time: 0.02325
epoch: [17], step: [282/391], batch loss: 0.00697, batch accuracy: 100.00, data load time: 0.00029, step time: 0.02325
epoch: [17], step: [292/391], batch loss: 0.00671, batch accuracy: 100.00, data load time: 0.00029, step time: 0.02349
epoch: [17], step: [302/391], batch loss: 0.00593, batch accuracy: 100.00, data load time: 0.00029, step time: 0.02337
epoch: [17], step: [312/391], batch loss: 0.00595, batch accuracy: 100.00, data load time: 0.00030, step time: 0.02330
epoch: [17], step: [322/391], batch loss: 0.00574, batch accuracy: 100.00, data load time: 0.00030, step time: 0.02322
epoch: [17], step: [332/391], batch loss: 0.00493, batch accuracy: 100.00, data load time: 0.00030, step time: 0.02321
epoch: [17], step: [342/391], batch loss: 0.00556, batch accuracy: 100.00, data load time: 0.00025, step time: 0.00456
epoch: [17], step: [352/391], batch loss: 0.00640, batch accuracy: 100.00, data load time: 0.00025, step time: 0.00455
epoch: [17], step: [362/391], batch loss: 0.00847, batch accuracy: 100.00, data load time: 0.00025, step time: 0.00457
epoch: [17], step: [372/391], batch loss: 0.00572, batch accuracy: 100.00, data load time: 0.00025, step time: 0.00456
epoch: [17], step: [382/391], batch loss: 0.00367, batch accuracy: 100.00, data load time: 0.00025, step time: 0.00456
validation loss: 1.04137, accuracy: 74.88
epoch: [18], step: [1/391], batch loss: 0.00393, batch accuracy: 100.00, data load time: 0.00033, step time: 0.00458
epoch: [18], step: [11/391], batch loss: 0.00702, batch accuracy: 100.00, data load time: 0.00029, step time: 0.02368
epoch: [18], step: [21/391], batch loss: 0.00417, batch accuracy: 100.00, data load time: 0.00029, step time: 0.02354
epoch: [18], step: [31/391], batch loss: 0.00425, batch accuracy: 100.00, data load time: 0.00028, step time: 0.02375
epoch: [18], step: [41/391], batch loss: 0.00531, batch accuracy: 100.00, data load time: 0.00029, step time: 0.02370
epoch: [18], step: [51/391], batch loss: 0.00379, batch accuracy: 100.00, data load time: 0.00028, step time: 0.02374
epoch: [18], step: [61/391], batch loss: 0.00520, batch accuracy: 100.00, data load time: 0.00028, step time: 0.02359
epoch: [18], step: [71/391], batch loss: 0.00384, batch accuracy: 100.00, data load time: 0.00028, step time: 0.02342
epoch: [18], step: [81/391], batch loss: 0.01095, batch accuracy: 100.00, data load time: 0.00028, step time: 0.02342
epoch: [18], step: [91/391], batch loss: 0.00391, batch accuracy: 100.00, data load time: 0.00029, step time: 0.02347
epoch: [18], step: [101/391], batch loss: 0.00584, batch accuracy: 100.00, data load time: 0.00029, step time: 0.02332
epoch: [18], step: [111/391], batch loss: 0.00899, batch accuracy: 100.00, data load time: 0.00029, step time: 0.02349
epoch: [18], step: [121/391], batch loss: 0.00440, batch accuracy: 100.00, data load time: 0.00029, step time: 0.02339
epoch: [18], step: [131/391], batch loss: 0.00369, batch accuracy: 100.00, data load time: 0.00029, step time: 0.02444
epoch: [18], step: [141/391], batch loss: 0.00829, batch accuracy: 100.00, data load time: 0.00030, step time: 0.02338
epoch: [18], step: [151/391], batch loss: 0.00310, batch accuracy: 100.00, data load time: 0.00029, step time: 0.02337
epoch: [18], step: [161/391], batch loss: 0.00430, batch accuracy: 100.00, data load time: 0.00029, step time: 0.02341
epoch: [18], step: [171/391], batch loss: 0.00542, batch accuracy: 100.00, data load time: 0.00029, step time: 0.02323
epoch: [18], step: [181/391], batch loss: 0.00815, batch accuracy: 100.00, data load time: 0.00029, step time: 0.02323
epoch: [18], step: [191/391], batch loss: 0.00349, batch accuracy: 100.00, data load time: 0.00029, step time: 0.02320
epoch: [18], step: [201/391], batch loss: 0.00535, batch accuracy: 100.00, data load time: 0.00029, step time: 0.02320
epoch: [18], step: [211/391], batch loss: 0.00516, batch accuracy: 100.00, data load time: 0.00030, step time: 0.02316
epoch: [18], step: [221/391], batch loss: 0.00436, batch accuracy: 100.00, data load time: 0.00029, step time: 0.02324
epoch: [18], step: [231/391], batch loss: 0.00580, batch accuracy: 100.00, data load time: 0.00030, step time: 0.02343
epoch: [18], step: [241/391], batch loss: 0.00511, batch accuracy: 100.00, data load time: 0.00029, step time: 0.02321
epoch: [18], step: [251/391], batch loss: 0.00448, batch accuracy: 100.00, data load time: 0.00030, step time: 0.02319
epoch: [18], step: [261/391], batch loss: 0.00608, batch accuracy: 100.00, data load time: 0.00029, step time: 0.02312
epoch: [18], step: [271/391], batch loss: 0.00462, batch accuracy: 100.00, data load time: 0.00029, step time: 0.02322
epoch: [18], step: [281/391], batch loss: 0.00527, batch accuracy: 100.00, data load time: 0.00030, step time: 0.02322
epoch: [18], step: [291/391], batch loss: 0.00445, batch accuracy: 100.00, data load time: 0.00029, step time: 0.02317
epoch: [18], step: [301/391], batch loss: 0.00579, batch accuracy: 100.00, data load time: 0.00030, step time: 0.02322
epoch: [18], step: [311/391], batch loss: 0.00412, batch accuracy: 100.00, data load time: 0.00029, step time: 0.02329
epoch: [18], step: [321/391], batch loss: 0.00531, batch accuracy: 100.00, data load time: 0.00029, step time: 0.02316
epoch: [18], step: [331/391], batch loss: 0.00788, batch accuracy: 100.00, data load time: 0.00029, step time: 0.02326
epoch: [18], step: [341/391], batch loss: 0.00415, batch accuracy: 100.00, data load time: 0.00025, step time: 0.00496
epoch: [18], step: [351/391], batch loss: 0.00392, batch accuracy: 100.00, data load time: 0.00025, step time: 0.00491
epoch: [18], step: [361/391], batch loss: 0.00422, batch accuracy: 100.00, data load time: 0.00025, step time: 0.00461
epoch: [18], step: [371/391], batch loss: 0.00952, batch accuracy: 100.00, data load time: 0.00026, step time: 0.00459
epoch: [18], step: [381/391], batch loss: 0.00585, batch accuracy: 100.00, data load time: 0.00025, step time: 0.00457
epoch: [19], step: [0/391], batch loss: 0.00505, batch accuracy: 100.00, data load time: 1.59703, step time: 0.52431
epoch: [19], step: [10/391], batch loss: 0.00350, batch accuracy: 100.00, data load time: 0.00030, step time: 0.02375
epoch: [19], step: [20/391], batch loss: 0.00486, batch accuracy: 100.00, data load time: 0.00029, step time: 0.02507
epoch: [19], step: [30/391], batch loss: 0.00576, batch accuracy: 100.00, data load time: 0.00028, step time: 0.02363
epoch: [19], step: [40/391], batch loss: 0.00420, batch accuracy: 100.00, data load time: 0.00028, step time: 0.02373
epoch: [19], step: [50/391], batch loss: 0.00428, batch accuracy: 100.00, data load time: 0.00028, step time: 0.02366
epoch: [19], step: [60/391], batch loss: 0.00537, batch accuracy: 100.00, data load time: 0.00028, step time: 0.02376
epoch: [19], step: [70/391], batch loss: 0.00424, batch accuracy: 100.00, data load time: 0.00028, step time: 0.02343
epoch: [19], step: [80/391], batch loss: 0.00517, batch accuracy: 100.00, data load time: 0.00028, step time: 0.02352
epoch: [19], step: [90/391], batch loss: 0.00500, batch accuracy: 100.00, data load time: 0.00028, step time: 0.02353
epoch: [19], step: [100/391], batch loss: 0.00440, batch accuracy: 100.00, data load time: 0.00029, step time: 0.02338
epoch: [19], step: [110/391], batch loss: 0.00464, batch accuracy: 100.00, data load time: 0.00030, step time: 0.02339
epoch: [19], step: [120/391], batch loss: 0.00395, batch accuracy: 100.00, data load time: 0.00029, step time: 0.02347
epoch: [19], step: [130/391], batch loss: 0.00485, batch accuracy: 100.00, data load time: 0.00030, step time: 0.02346
epoch: [19], step: [140/391], batch loss: 0.00421, batch accuracy: 100.00, data load time: 0.00029, step time: 0.02335
epoch: [19], step: [150/391], batch loss: 0.00680, batch accuracy: 100.00, data load time: 0.00030, step time: 0.02335
epoch: [19], step: [160/391], batch loss: 0.00363, batch accuracy: 100.00, data load time: 0.00029, step time: 0.02342
epoch: [19], step: [170/391], batch loss: 0.00546, batch accuracy: 100.00, data load time: 0.00029, step time: 0.02317
epoch: [19], step: [180/391], batch loss: 0.00395, batch accuracy: 100.00, data load time: 0.00029, step time: 0.02323
epoch: [19], step: [190/391], batch loss: 0.00344, batch accuracy: 100.00, data load time: 0.00029, step time: 0.02325
epoch: [19], step: [200/391], batch loss: 0.00695, batch accuracy: 100.00, data load time: 0.00029, step time: 0.02331
epoch: [19], step: [210/391], batch loss: 0.00319, batch accuracy: 100.00, data load time: 0.00031, step time: 0.02320
epoch: [19], step: [220/391], batch loss: 0.00292, batch accuracy: 100.00, data load time: 0.00029, step time: 0.02326
epoch: [19], step: [230/391], batch loss: 0.00439, batch accuracy: 100.00, data load time: 0.00029, step time: 0.02323
epoch: [19], step: [240/391], batch loss: 0.00471, batch accuracy: 100.00, data load time: 0.00030, step time: 0.02323
epoch: [19], step: [250/391], batch loss: 0.00389, batch accuracy: 100.00, data load time: 0.00030, step time: 0.02317
epoch: [19], step: [260/391], batch loss: 0.00592, batch accuracy: 100.00, data load time: 0.00029, step time: 0.02338
epoch: [19], step: [270/391], batch loss: 0.00402, batch accuracy: 100.00, data load time: 0.00030, step time: 0.02335
epoch: [19], step: [280/391], batch loss: 0.00392, batch accuracy: 100.00, data load time: 0.00029, step time: 0.02324
epoch: [19], step: [290/391], batch loss: 0.00418, batch accuracy: 100.00, data load time: 0.00030, step time: 0.02327
epoch: [19], step: [300/391], batch loss: 0.00395, batch accuracy: 100.00, data load time: 0.00029, step time: 0.02327
epoch: [19], step: [310/391], batch loss: 0.00382, batch accuracy: 100.00, data load time: 0.00029, step time: 0.02321
epoch: [19], step: [320/391], batch loss: 0.00561, batch accuracy: 100.00, data load time: 0.00029, step time: 0.02319
epoch: [19], step: [330/391], batch loss: 0.00818, batch accuracy: 100.00, data load time: 0.00029, step time: 0.02331
epoch: [19], step: [340/391], batch loss: 0.00554, batch accuracy: 100.00, data load time: 0.00025, step time: 0.00456
epoch: [19], step: [350/391], batch loss: 0.00364, batch accuracy: 100.00, data load time: 0.00025, step time: 0.00457
epoch: [19], step: [360/391], batch loss: 0.00321, batch accuracy: 100.00, data load time: 0.00025, step time: 0.00455
epoch: [19], step: [370/391], batch loss: 0.00353, batch accuracy: 100.00, data load time: 0.00025, step time: 0.00457
epoch: [19], step: [380/391], batch loss: 0.00347, batch accuracy: 100.00, data load time: 0.00026, step time: 0.00457
epoch: [19], step: [390/391], batch loss: 0.00472, batch accuracy: 100.00, data load time: 0.00019, step time: 0.00378
validation loss: 1.04371, accuracy: 74.61
