Files already downloaded and verified
Writing logs to logs/CNN_bn_bs=128_lr=0.1_run_7
epoch: [0], step: [9/391], batch loss: 3.04566, batch accuracy: 37.50, data load time: 0.00031, step time: 0.02845
epoch: [0], step: [19/391], batch loss: 2.48825, batch accuracy: 36.72, data load time: 0.00031, step time: 0.02646
epoch: [0], step: [29/391], batch loss: 1.93251, batch accuracy: 47.66, data load time: 0.00030, step time: 0.02641
epoch: [0], step: [39/391], batch loss: 2.15825, batch accuracy: 35.16, data load time: 0.00030, step time: 0.02650
epoch: [0], step: [49/391], batch loss: 1.61239, batch accuracy: 42.97, data load time: 0.00030, step time: 0.02647
epoch: [0], step: [59/391], batch loss: 1.63510, batch accuracy: 42.97, data load time: 0.00031, step time: 0.02648
epoch: [0], step: [69/391], batch loss: 1.68333, batch accuracy: 50.78, data load time: 0.00031, step time: 0.02660
epoch: [0], step: [79/391], batch loss: 1.64805, batch accuracy: 42.97, data load time: 0.00031, step time: 0.02658
epoch: [0], step: [89/391], batch loss: 1.63234, batch accuracy: 44.53, data load time: 0.00031, step time: 0.02650
epoch: [0], step: [99/391], batch loss: 1.58220, batch accuracy: 45.31, data load time: 0.00031, step time: 0.02656
epoch: [0], step: [109/391], batch loss: 1.27047, batch accuracy: 58.59, data load time: 0.00031, step time: 0.02644
epoch: [0], step: [119/391], batch loss: 1.78301, batch accuracy: 39.84, data load time: 0.00031, step time: 0.02655
epoch: [0], step: [129/391], batch loss: 1.59613, batch accuracy: 45.31, data load time: 0.00031, step time: 0.02654
epoch: [0], step: [139/391], batch loss: 1.52308, batch accuracy: 51.56, data load time: 0.00031, step time: 0.02663
epoch: [0], step: [149/391], batch loss: 1.13070, batch accuracy: 62.50, data load time: 0.00031, step time: 0.02646
epoch: [0], step: [159/391], batch loss: 1.53773, batch accuracy: 54.69, data load time: 0.00031, step time: 0.02644
epoch: [0], step: [169/391], batch loss: 1.18567, batch accuracy: 53.91, data load time: 0.00031, step time: 0.02626
epoch: [0], step: [179/391], batch loss: 1.30916, batch accuracy: 52.34, data load time: 0.00031, step time: 0.02629
epoch: [0], step: [189/391], batch loss: 1.32624, batch accuracy: 53.91, data load time: 0.00032, step time: 0.02635
epoch: [0], step: [199/391], batch loss: 1.49395, batch accuracy: 46.09, data load time: 0.00031, step time: 0.02630
epoch: [0], step: [209/391], batch loss: 1.24532, batch accuracy: 60.16, data load time: 0.00031, step time: 0.02637
epoch: [0], step: [219/391], batch loss: 1.37184, batch accuracy: 55.47, data load time: 0.00031, step time: 0.02652
epoch: [0], step: [229/391], batch loss: 1.26130, batch accuracy: 55.47, data load time: 0.00032, step time: 0.02633
epoch: [0], step: [239/391], batch loss: 1.14075, batch accuracy: 62.50, data load time: 0.00031, step time: 0.02637
epoch: [0], step: [249/391], batch loss: 1.18540, batch accuracy: 60.16, data load time: 0.00031, step time: 0.02621
epoch: [0], step: [259/391], batch loss: 1.29386, batch accuracy: 61.72, data load time: 0.00031, step time: 0.02636
epoch: [0], step: [269/391], batch loss: 1.17035, batch accuracy: 64.06, data load time: 0.00031, step time: 0.02642
epoch: [0], step: [279/391], batch loss: 1.18982, batch accuracy: 60.94, data load time: 0.00031, step time: 0.02638
epoch: [0], step: [289/391], batch loss: 1.18565, batch accuracy: 57.03, data load time: 0.00031, step time: 0.02633
epoch: [0], step: [299/391], batch loss: 1.06504, batch accuracy: 61.72, data load time: 0.00031, step time: 0.02619
epoch: [0], step: [309/391], batch loss: 1.39726, batch accuracy: 49.22, data load time: 0.00031, step time: 0.02629
epoch: [0], step: [319/391], batch loss: 1.02431, batch accuracy: 65.62, data load time: 0.00031, step time: 0.02641
epoch: [0], step: [329/391], batch loss: 1.23789, batch accuracy: 60.16, data load time: 0.00031, step time: 0.02656
epoch: [0], step: [339/391], batch loss: 1.17682, batch accuracy: 60.94, data load time: 0.00027, step time: 0.00479
epoch: [0], step: [349/391], batch loss: 1.05766, batch accuracy: 66.41, data load time: 0.00027, step time: 0.00479
epoch: [0], step: [359/391], batch loss: 1.13748, batch accuracy: 64.06, data load time: 0.00028, step time: 0.00479
epoch: [0], step: [369/391], batch loss: 1.41862, batch accuracy: 52.34, data load time: 0.00027, step time: 0.00478
epoch: [0], step: [379/391], batch loss: 1.11344, batch accuracy: 59.38, data load time: 0.00027, step time: 0.00453
epoch: [0], step: [389/391], batch loss: 1.10983, batch accuracy: 59.38, data load time: 0.00027, step time: 0.00453
epoch: [1], step: [8/391], batch loss: 1.24600, batch accuracy: 58.59, data load time: 0.00033, step time: 0.01874
epoch: [1], step: [18/391], batch loss: 1.27900, batch accuracy: 58.59, data load time: 0.00031, step time: 0.02701
epoch: [1], step: [28/391], batch loss: 1.20588, batch accuracy: 60.16, data load time: 0.00030, step time: 0.02656
epoch: [1], step: [38/391], batch loss: 1.20365, batch accuracy: 57.81, data load time: 0.00030, step time: 0.02670
epoch: [1], step: [48/391], batch loss: 1.09011, batch accuracy: 57.81, data load time: 0.00030, step time: 0.02673
epoch: [1], step: [58/391], batch loss: 1.08336, batch accuracy: 62.50, data load time: 0.00031, step time: 0.02675
epoch: [1], step: [68/391], batch loss: 1.09868, batch accuracy: 62.50, data load time: 0.00031, step time: 0.02661
epoch: [1], step: [78/391], batch loss: 1.09064, batch accuracy: 63.28, data load time: 0.00030, step time: 0.02660
epoch: [1], step: [88/391], batch loss: 1.18746, batch accuracy: 59.38, data load time: 0.00031, step time: 0.02658
epoch: [1], step: [98/391], batch loss: 1.07526, batch accuracy: 61.72, data load time: 0.00031, step time: 0.02660
epoch: [1], step: [108/391], batch loss: 1.18655, batch accuracy: 59.38, data load time: 0.00031, step time: 0.02669
epoch: [1], step: [118/391], batch loss: 1.11929, batch accuracy: 66.41, data load time: 0.00031, step time: 0.02656
epoch: [1], step: [128/391], batch loss: 1.12992, batch accuracy: 65.62, data load time: 0.00032, step time: 0.02648
epoch: [1], step: [138/391], batch loss: 1.12389, batch accuracy: 66.41, data load time: 0.00031, step time: 0.02670
epoch: [1], step: [148/391], batch loss: 1.12275, batch accuracy: 60.94, data load time: 0.00032, step time: 0.02654
epoch: [1], step: [158/391], batch loss: 1.14637, batch accuracy: 58.59, data load time: 0.00032, step time: 0.02659
epoch: [1], step: [168/391], batch loss: 1.14999, batch accuracy: 57.03, data load time: 0.00031, step time: 0.02641
epoch: [1], step: [178/391], batch loss: 1.25651, batch accuracy: 57.03, data load time: 0.00031, step time: 0.02629
epoch: [1], step: [188/391], batch loss: 0.89665, batch accuracy: 68.75, data load time: 0.00031, step time: 0.02642
epoch: [1], step: [198/391], batch loss: 1.42467, batch accuracy: 53.91, data load time: 0.00031, step time: 0.02651
epoch: [1], step: [208/391], batch loss: 0.90342, batch accuracy: 68.75, data load time: 0.00032, step time: 0.02641
epoch: [1], step: [218/391], batch loss: 1.02319, batch accuracy: 64.06, data load time: 0.00031, step time: 0.02652
epoch: [1], step: [228/391], batch loss: 1.09403, batch accuracy: 67.97, data load time: 0.00032, step time: 0.02644
epoch: [1], step: [238/391], batch loss: 1.22176, batch accuracy: 59.38, data load time: 0.00031, step time: 0.02643
epoch: [1], step: [248/391], batch loss: 0.96903, batch accuracy: 64.84, data load time: 0.00031, step time: 0.02654
epoch: [1], step: [258/391], batch loss: 1.07413, batch accuracy: 61.72, data load time: 0.00032, step time: 0.02634
epoch: [1], step: [268/391], batch loss: 1.27221, batch accuracy: 58.59, data load time: 0.00032, step time: 0.02637
epoch: [1], step: [278/391], batch loss: 0.95580, batch accuracy: 64.84, data load time: 0.00031, step time: 0.02650
epoch: [1], step: [288/391], batch loss: 1.00747, batch accuracy: 63.28, data load time: 0.00032, step time: 0.02630
epoch: [1], step: [298/391], batch loss: 1.04334, batch accuracy: 64.84, data load time: 0.00031, step time: 0.02639
epoch: [1], step: [308/391], batch loss: 0.96901, batch accuracy: 66.41, data load time: 0.00033, step time: 0.02639
epoch: [1], step: [318/391], batch loss: 1.09077, batch accuracy: 61.72, data load time: 0.00031, step time: 0.02632
epoch: [1], step: [328/391], batch loss: 1.07573, batch accuracy: 61.72, data load time: 0.00033, step time: 0.02641
epoch: [1], step: [338/391], batch loss: 0.92304, batch accuracy: 66.41, data load time: 0.00027, step time: 0.00479
epoch: [1], step: [348/391], batch loss: 0.98418, batch accuracy: 62.50, data load time: 0.00027, step time: 0.00472
epoch: [1], step: [358/391], batch loss: 0.86046, batch accuracy: 68.75, data load time: 0.00027, step time: 0.00472
epoch: [1], step: [368/391], batch loss: 1.19359, batch accuracy: 56.25, data load time: 0.00027, step time: 0.00470
epoch: [1], step: [378/391], batch loss: 0.97353, batch accuracy: 67.19, data load time: 0.00027, step time: 0.00471
epoch: [1], step: [388/391], batch loss: 1.15181, batch accuracy: 64.06, data load time: 0.00027, step time: 0.00448
validation loss: 1.55400, accuracy: 51.09
epoch: [2], step: [7/391], batch loss: 0.97331, batch accuracy: 67.97, data load time: 0.00031, step time: 0.16311
epoch: [2], step: [17/391], batch loss: 0.98612, batch accuracy: 65.62, data load time: 0.00032, step time: 0.02666
epoch: [2], step: [27/391], batch loss: 0.80092, batch accuracy: 70.31, data load time: 0.07104, step time: 0.02497
epoch: [2], step: [37/391], batch loss: 1.06832, batch accuracy: 64.06, data load time: 0.00031, step time: 0.02655
epoch: [2], step: [47/391], batch loss: 0.77258, batch accuracy: 70.31, data load time: 0.00030, step time: 0.02650
epoch: [2], step: [57/391], batch loss: 0.95308, batch accuracy: 66.41, data load time: 0.00030, step time: 0.02649
epoch: [2], step: [67/391], batch loss: 0.90740, batch accuracy: 66.41, data load time: 0.00031, step time: 0.02660
epoch: [2], step: [77/391], batch loss: 1.17077, batch accuracy: 64.06, data load time: 0.00031, step time: 0.02659
epoch: [2], step: [87/391], batch loss: 0.86594, batch accuracy: 71.88, data load time: 0.00030, step time: 0.02668
epoch: [2], step: [97/391], batch loss: 0.87408, batch accuracy: 66.41, data load time: 0.00031, step time: 0.02654
epoch: [2], step: [107/391], batch loss: 0.95196, batch accuracy: 65.62, data load time: 0.00031, step time: 0.02766
epoch: [2], step: [117/391], batch loss: 0.92241, batch accuracy: 68.75, data load time: 0.00032, step time: 0.02680
epoch: [2], step: [127/391], batch loss: 0.98142, batch accuracy: 66.41, data load time: 0.00031, step time: 0.02653
epoch: [2], step: [137/391], batch loss: 0.78808, batch accuracy: 67.97, data load time: 0.00031, step time: 0.02656
epoch: [2], step: [147/391], batch loss: 0.94842, batch accuracy: 63.28, data load time: 0.00031, step time: 0.02658
epoch: [2], step: [157/391], batch loss: 1.01075, batch accuracy: 68.75, data load time: 0.00031, step time: 0.02674
epoch: [2], step: [167/391], batch loss: 1.08656, batch accuracy: 60.94, data load time: 0.00032, step time: 0.02651
epoch: [2], step: [177/391], batch loss: 0.83621, batch accuracy: 69.53, data load time: 0.00032, step time: 0.02666
epoch: [2], step: [187/391], batch loss: 0.74619, batch accuracy: 75.00, data load time: 0.00032, step time: 0.02666
epoch: [2], step: [197/391], batch loss: 0.88604, batch accuracy: 68.75, data load time: 0.00031, step time: 0.02646
epoch: [2], step: [207/391], batch loss: 1.01211, batch accuracy: 68.75, data load time: 0.00031, step time: 0.02642
epoch: [2], step: [217/391], batch loss: 0.91226, batch accuracy: 70.31, data load time: 0.00032, step time: 0.02642
epoch: [2], step: [227/391], batch loss: 1.30630, batch accuracy: 57.81, data load time: 0.00032, step time: 0.02642
epoch: [2], step: [237/391], batch loss: 1.09452, batch accuracy: 60.94, data load time: 0.00031, step time: 0.02642
epoch: [2], step: [247/391], batch loss: 0.87531, batch accuracy: 68.75, data load time: 0.00031, step time: 0.02633
epoch: [2], step: [257/391], batch loss: 0.86314, batch accuracy: 74.22, data load time: 0.00031, step time: 0.02658
epoch: [2], step: [267/391], batch loss: 0.73356, batch accuracy: 73.44, data load time: 0.00031, step time: 0.02642
epoch: [2], step: [277/391], batch loss: 0.96366, batch accuracy: 69.53, data load time: 0.00031, step time: 0.02641
epoch: [2], step: [287/391], batch loss: 0.87883, batch accuracy: 68.75, data load time: 0.00031, step time: 0.02663
epoch: [2], step: [297/391], batch loss: 0.87243, batch accuracy: 64.06, data load time: 0.00031, step time: 0.02651
epoch: [2], step: [307/391], batch loss: 0.85342, batch accuracy: 74.22, data load time: 0.00031, step time: 0.02639
epoch: [2], step: [317/391], batch loss: 0.92072, batch accuracy: 66.41, data load time: 0.00032, step time: 0.02654
epoch: [2], step: [327/391], batch loss: 0.72830, batch accuracy: 75.00, data load time: 0.00032, step time: 0.02641
epoch: [2], step: [337/391], batch loss: 0.96457, batch accuracy: 67.19, data load time: 0.00027, step time: 0.00448
epoch: [2], step: [347/391], batch loss: 0.93028, batch accuracy: 68.75, data load time: 0.00028, step time: 0.00446
epoch: [2], step: [357/391], batch loss: 1.13524, batch accuracy: 60.94, data load time: 0.00027, step time: 0.00447
epoch: [2], step: [367/391], batch loss: 1.01846, batch accuracy: 65.62, data load time: 0.00027, step time: 0.00447
epoch: [2], step: [377/391], batch loss: 0.71829, batch accuracy: 74.22, data load time: 0.00027, step time: 0.00445
epoch: [2], step: [387/391], batch loss: 1.11622, batch accuracy: 57.03, data load time: 0.00027, step time: 0.00447
epoch: [3], step: [6/391], batch loss: 0.76613, batch accuracy: 69.53, data load time: 0.00031, step time: 0.00660
epoch: [3], step: [16/391], batch loss: 0.75956, batch accuracy: 69.53, data load time: 0.00032, step time: 0.02684
epoch: [3], step: [26/391], batch loss: 0.89586, batch accuracy: 70.31, data load time: 0.02959, step time: 0.02154
epoch: [3], step: [36/391], batch loss: 1.02775, batch accuracy: 63.28, data load time: 0.00031, step time: 0.02663
epoch: [3], step: [46/391], batch loss: 0.93178, batch accuracy: 68.75, data load time: 0.00030, step time: 0.02649
epoch: [3], step: [56/391], batch loss: 0.72002, batch accuracy: 75.78, data load time: 0.00030, step time: 0.02666
epoch: [3], step: [66/391], batch loss: 0.88888, batch accuracy: 71.09, data load time: 0.00030, step time: 0.02657
epoch: [3], step: [76/391], batch loss: 0.75797, batch accuracy: 77.34, data load time: 0.00030, step time: 0.02659
epoch: [3], step: [86/391], batch loss: 0.77022, batch accuracy: 75.78, data load time: 0.00030, step time: 0.02669
epoch: [3], step: [96/391], batch loss: 0.84836, batch accuracy: 69.53, data load time: 0.00033, step time: 0.02662
epoch: [3], step: [106/391], batch loss: 1.10663, batch accuracy: 60.94, data load time: 0.00031, step time: 0.02659
epoch: [3], step: [116/391], batch loss: 0.81003, batch accuracy: 72.66, data load time: 0.00031, step time: 0.02668
epoch: [3], step: [126/391], batch loss: 1.01701, batch accuracy: 62.50, data load time: 0.00031, step time: 0.02660
epoch: [3], step: [136/391], batch loss: 0.81661, batch accuracy: 67.97, data load time: 0.00031, step time: 0.02661
epoch: [3], step: [146/391], batch loss: 1.01832, batch accuracy: 67.19, data load time: 0.00031, step time: 0.02656
epoch: [3], step: [156/391], batch loss: 0.79474, batch accuracy: 67.97, data load time: 0.00031, step time: 0.02665
epoch: [3], step: [166/391], batch loss: 1.23523, batch accuracy: 60.94, data load time: 0.00031, step time: 0.02666
epoch: [3], step: [176/391], batch loss: 1.00130, batch accuracy: 62.50, data load time: 0.00032, step time: 0.02648
epoch: [3], step: [186/391], batch loss: 1.01493, batch accuracy: 63.28, data load time: 0.00031, step time: 0.02642
epoch: [3], step: [196/391], batch loss: 0.99501, batch accuracy: 67.19, data load time: 0.00032, step time: 0.02653
epoch: [3], step: [206/391], batch loss: 0.73713, batch accuracy: 73.44, data load time: 0.00032, step time: 0.02647
epoch: [3], step: [216/391], batch loss: 0.72312, batch accuracy: 75.78, data load time: 0.00031, step time: 0.02641
epoch: [3], step: [226/391], batch loss: 0.66038, batch accuracy: 81.25, data load time: 0.00032, step time: 0.02649
epoch: [3], step: [236/391], batch loss: 0.86537, batch accuracy: 67.97, data load time: 0.00031, step time: 0.02653
epoch: [3], step: [246/391], batch loss: 0.88930, batch accuracy: 69.53, data load time: 0.00032, step time: 0.02642
epoch: [3], step: [256/391], batch loss: 0.74579, batch accuracy: 71.88, data load time: 0.00031, step time: 0.02646
epoch: [3], step: [266/391], batch loss: 0.96413, batch accuracy: 65.62, data load time: 0.00032, step time: 0.02640
epoch: [3], step: [276/391], batch loss: 0.80919, batch accuracy: 73.44, data load time: 0.00031, step time: 0.02643
epoch: [3], step: [286/391], batch loss: 0.73798, batch accuracy: 72.66, data load time: 0.00032, step time: 0.02645
epoch: [3], step: [296/391], batch loss: 0.82123, batch accuracy: 70.31, data load time: 0.00033, step time: 0.02643
epoch: [3], step: [306/391], batch loss: 0.83469, batch accuracy: 68.75, data load time: 0.00031, step time: 0.02645
epoch: [3], step: [316/391], batch loss: 0.79140, batch accuracy: 73.44, data load time: 0.00031, step time: 0.02654
epoch: [3], step: [326/391], batch loss: 0.69318, batch accuracy: 72.66, data load time: 0.00032, step time: 0.02646
epoch: [3], step: [336/391], batch loss: 0.80804, batch accuracy: 75.00, data load time: 0.00027, step time: 0.00447
epoch: [3], step: [346/391], batch loss: 0.65739, batch accuracy: 76.56, data load time: 0.00027, step time: 0.00446
epoch: [3], step: [356/391], batch loss: 0.82726, batch accuracy: 71.09, data load time: 0.00027, step time: 0.00447
epoch: [3], step: [366/391], batch loss: 0.98076, batch accuracy: 68.75, data load time: 0.00027, step time: 0.00446
epoch: [3], step: [376/391], batch loss: 0.62912, batch accuracy: 78.91, data load time: 0.00027, step time: 0.00446
epoch: [3], step: [386/391], batch loss: 0.83750, batch accuracy: 72.66, data load time: 0.00027, step time: 0.00446
validation loss: 1.33614, accuracy: 58.15
epoch: [4], step: [5/391], batch loss: 0.71095, batch accuracy: 71.09, data load time: 0.00031, step time: 0.01243
epoch: [4], step: [15/391], batch loss: 0.78787, batch accuracy: 69.53, data load time: 0.00031, step time: 0.03747
epoch: [4], step: [25/391], batch loss: 0.73753, batch accuracy: 73.44, data load time: 0.00723, step time: 0.02640
epoch: [4], step: [35/391], batch loss: 0.77407, batch accuracy: 68.75, data load time: 0.00030, step time: 0.02523
epoch: [4], step: [45/391], batch loss: 0.70579, batch accuracy: 75.78, data load time: 0.00030, step time: 0.02648
epoch: [4], step: [55/391], batch loss: 0.91523, batch accuracy: 65.62, data load time: 0.02876, step time: 0.02652
epoch: [4], step: [65/391], batch loss: 0.99180, batch accuracy: 66.41, data load time: 0.00032, step time: 0.02678
epoch: [4], step: [75/391], batch loss: 0.66957, batch accuracy: 77.34, data load time: 0.00031, step time: 0.02665
epoch: [4], step: [85/391], batch loss: 0.56952, batch accuracy: 79.69, data load time: 0.00031, step time: 0.02673
epoch: [4], step: [95/391], batch loss: 1.05725, batch accuracy: 66.41, data load time: 0.00031, step time: 0.02671
epoch: [4], step: [105/391], batch loss: 0.68204, batch accuracy: 74.22, data load time: 0.00031, step time: 0.02660
epoch: [4], step: [115/391], batch loss: 0.65162, batch accuracy: 74.22, data load time: 0.00031, step time: 0.02792
epoch: [4], step: [125/391], batch loss: 0.80284, batch accuracy: 70.31, data load time: 0.00032, step time: 0.02795
epoch: [4], step: [135/391], batch loss: 0.92666, batch accuracy: 70.31, data load time: 0.00032, step time: 0.02795
epoch: [4], step: [145/391], batch loss: 0.79690, batch accuracy: 71.88, data load time: 0.00032, step time: 0.02666
epoch: [4], step: [155/391], batch loss: 0.67426, batch accuracy: 73.44, data load time: 0.00032, step time: 0.02677
epoch: [4], step: [165/391], batch loss: 0.76612, batch accuracy: 71.88, data load time: 0.00032, step time: 0.02672
epoch: [4], step: [175/391], batch loss: 0.68819, batch accuracy: 75.78, data load time: 0.00032, step time: 0.02662
epoch: [4], step: [185/391], batch loss: 0.90995, batch accuracy: 66.41, data load time: 0.00032, step time: 0.02643
epoch: [4], step: [195/391], batch loss: 0.94310, batch accuracy: 73.44, data load time: 0.00032, step time: 0.02647
epoch: [4], step: [205/391], batch loss: 0.66585, batch accuracy: 75.78, data load time: 0.00032, step time: 0.02647
epoch: [4], step: [215/391], batch loss: 0.75204, batch accuracy: 70.31, data load time: 0.00032, step time: 0.02651
epoch: [4], step: [225/391], batch loss: 0.78136, batch accuracy: 72.66, data load time: 0.00032, step time: 0.02646
epoch: [4], step: [235/391], batch loss: 0.76481, batch accuracy: 71.09, data load time: 0.00032, step time: 0.02661
epoch: [4], step: [245/391], batch loss: 0.81433, batch accuracy: 72.66, data load time: 0.00033, step time: 0.02650
epoch: [4], step: [255/391], batch loss: 0.60668, batch accuracy: 78.12, data load time: 0.00033, step time: 0.02658
epoch: [4], step: [265/391], batch loss: 0.81467, batch accuracy: 73.44, data load time: 0.00033, step time: 0.02641
epoch: [4], step: [275/391], batch loss: 0.80821, batch accuracy: 67.19, data load time: 0.00031, step time: 0.02659
epoch: [4], step: [285/391], batch loss: 0.59904, batch accuracy: 75.00, data load time: 0.00032, step time: 0.02648
epoch: [4], step: [295/391], batch loss: 0.85096, batch accuracy: 70.31, data load time: 0.00033, step time: 0.02661
epoch: [4], step: [305/391], batch loss: 0.84296, batch accuracy: 71.09, data load time: 0.00032, step time: 0.02663
epoch: [4], step: [315/391], batch loss: 0.56517, batch accuracy: 79.69, data load time: 0.00032, step time: 0.02657
epoch: [4], step: [325/391], batch loss: 0.88153, batch accuracy: 68.75, data load time: 0.00032, step time: 0.02656
epoch: [4], step: [335/391], batch loss: 0.89078, batch accuracy: 67.19, data load time: 0.00027, step time: 0.00480
epoch: [4], step: [345/391], batch loss: 0.75387, batch accuracy: 78.91, data load time: 0.00027, step time: 0.00479
epoch: [4], step: [355/391], batch loss: 0.67016, batch accuracy: 75.00, data load time: 0.00027, step time: 0.00480
epoch: [4], step: [365/391], batch loss: 0.95529, batch accuracy: 65.62, data load time: 0.00027, step time: 0.00478
epoch: [4], step: [375/391], batch loss: 0.81878, batch accuracy: 77.34, data load time: 0.00027, step time: 0.00480
epoch: [4], step: [385/391], batch loss: 0.72743, batch accuracy: 75.78, data load time: 0.00027, step time: 0.00453
epoch: [5], step: [4/391], batch loss: 0.70319, batch accuracy: 75.78, data load time: 0.00032, step time: 0.00525
epoch: [5], step: [14/391], batch loss: 0.57000, batch accuracy: 78.12, data load time: 0.00032, step time: 0.03897
epoch: [5], step: [24/391], batch loss: 0.67999, batch accuracy: 72.66, data load time: 0.00045, step time: 0.02758
epoch: [5], step: [34/391], batch loss: 0.57770, batch accuracy: 78.91, data load time: 0.00030, step time: 0.02657
epoch: [5], step: [44/391], batch loss: 0.62863, batch accuracy: 75.00, data load time: 0.00031, step time: 0.02656
epoch: [5], step: [54/391], batch loss: 0.49645, batch accuracy: 82.03, data load time: 0.00030, step time: 0.02654
epoch: [5], step: [64/391], batch loss: 0.74437, batch accuracy: 77.34, data load time: 0.00031, step time: 0.02672
epoch: [5], step: [74/391], batch loss: 0.53393, batch accuracy: 82.81, data load time: 0.00030, step time: 0.02665
epoch: [5], step: [84/391], batch loss: 0.62554, batch accuracy: 81.25, data load time: 0.00030, step time: 0.02663
epoch: [5], step: [94/391], batch loss: 0.52183, batch accuracy: 85.16, data load time: 0.00030, step time: 0.02672
epoch: [5], step: [104/391], batch loss: 0.86756, batch accuracy: 68.75, data load time: 0.00031, step time: 0.02672
epoch: [5], step: [114/391], batch loss: 0.79412, batch accuracy: 73.44, data load time: 0.00032, step time: 0.02664
epoch: [5], step: [124/391], batch loss: 0.71337, batch accuracy: 78.91, data load time: 0.00031, step time: 0.02659
epoch: [5], step: [134/391], batch loss: 0.74052, batch accuracy: 72.66, data load time: 0.00031, step time: 0.02676
epoch: [5], step: [144/391], batch loss: 0.74044, batch accuracy: 73.44, data load time: 0.00031, step time: 0.02661
epoch: [5], step: [154/391], batch loss: 0.65803, batch accuracy: 76.56, data load time: 0.00031, step time: 0.02657
epoch: [5], step: [164/391], batch loss: 0.66122, batch accuracy: 78.12, data load time: 0.00032, step time: 0.02666
epoch: [5], step: [174/391], batch loss: 0.69096, batch accuracy: 78.91, data load time: 0.00031, step time: 0.02643
epoch: [5], step: [184/391], batch loss: 0.81920, batch accuracy: 70.31, data load time: 0.00031, step time: 0.02641
epoch: [5], step: [194/391], batch loss: 0.76419, batch accuracy: 69.53, data load time: 0.00031, step time: 0.02667
epoch: [5], step: [204/391], batch loss: 0.64579, batch accuracy: 77.34, data load time: 0.00031, step time: 0.02642
epoch: [5], step: [214/391], batch loss: 0.68226, batch accuracy: 76.56, data load time: 0.00032, step time: 0.02646
epoch: [5], step: [224/391], batch loss: 0.68088, batch accuracy: 78.12, data load time: 0.00032, step time: 0.02646
epoch: [5], step: [234/391], batch loss: 0.55435, batch accuracy: 80.47, data load time: 0.00031, step time: 0.02646
epoch: [5], step: [244/391], batch loss: 0.64387, batch accuracy: 75.78, data load time: 0.00032, step time: 0.02653
epoch: [5], step: [254/391], batch loss: 0.47485, batch accuracy: 83.59, data load time: 0.00032, step time: 0.02641
epoch: [5], step: [264/391], batch loss: 0.77687, batch accuracy: 74.22, data load time: 0.00031, step time: 0.02653
epoch: [5], step: [274/391], batch loss: 0.70402, batch accuracy: 76.56, data load time: 0.00031, step time: 0.02658
epoch: [5], step: [284/391], batch loss: 0.75112, batch accuracy: 70.31, data load time: 0.00031, step time: 0.02652
epoch: [5], step: [294/391], batch loss: 0.78754, batch accuracy: 73.44, data load time: 0.00031, step time: 0.02653
epoch: [5], step: [304/391], batch loss: 0.72974, batch accuracy: 78.12, data load time: 0.00032, step time: 0.02655
epoch: [5], step: [314/391], batch loss: 0.69892, batch accuracy: 75.00, data load time: 0.00031, step time: 0.02651
epoch: [5], step: [324/391], batch loss: 0.73070, batch accuracy: 78.91, data load time: 0.00031, step time: 0.02648
epoch: [5], step: [334/391], batch loss: 0.78942, batch accuracy: 72.66, data load time: 0.00279, step time: 0.01837
epoch: [5], step: [344/391], batch loss: 0.57796, batch accuracy: 76.56, data load time: 0.00027, step time: 0.00446
epoch: [5], step: [354/391], batch loss: 0.92556, batch accuracy: 67.97, data load time: 0.00027, step time: 0.00446
epoch: [5], step: [364/391], batch loss: 0.51642, batch accuracy: 82.81, data load time: 0.00027, step time: 0.00445
epoch: [5], step: [374/391], batch loss: 0.72564, batch accuracy: 75.78, data load time: 0.00027, step time: 0.00445
epoch: [5], step: [384/391], batch loss: 0.58120, batch accuracy: 80.47, data load time: 0.00028, step time: 0.00447
validation loss: 1.11392, accuracy: 64.28
epoch: [6], step: [3/391], batch loss: 0.68562, batch accuracy: 71.09, data load time: 0.00031, step time: 0.00631
epoch: [6], step: [13/391], batch loss: 0.71993, batch accuracy: 77.34, data load time: 0.00031, step time: 0.02736
epoch: [6], step: [23/391], batch loss: 0.66560, batch accuracy: 78.91, data load time: 0.00032, step time: 0.02695
epoch: [6], step: [33/391], batch loss: 0.63384, batch accuracy: 81.25, data load time: 0.00030, step time: 0.02652
epoch: [6], step: [43/391], batch loss: 0.74809, batch accuracy: 67.97, data load time: 0.00030, step time: 0.02659
epoch: [6], step: [53/391], batch loss: 0.60226, batch accuracy: 75.78, data load time: 0.00030, step time: 0.02652
epoch: [6], step: [63/391], batch loss: 0.64801, batch accuracy: 75.00, data load time: 0.00033, step time: 0.02749
epoch: [6], step: [73/391], batch loss: 0.61397, batch accuracy: 77.34, data load time: 0.00030, step time: 0.02829
epoch: [6], step: [83/391], batch loss: 0.73264, batch accuracy: 74.22, data load time: 0.00039, step time: 0.02670
epoch: [6], step: [93/391], batch loss: 0.77901, batch accuracy: 73.44, data load time: 0.00030, step time: 0.02660
epoch: [6], step: [103/391], batch loss: 0.59722, batch accuracy: 80.47, data load time: 0.00032, step time: 0.02664
epoch: [6], step: [113/391], batch loss: 0.60808, batch accuracy: 80.47, data load time: 0.00031, step time: 0.02786
epoch: [6], step: [123/391], batch loss: 0.84221, batch accuracy: 73.44, data load time: 0.00032, step time: 0.02658
epoch: [6], step: [133/391], batch loss: 0.73821, batch accuracy: 76.56, data load time: 0.00031, step time: 0.02670
epoch: [6], step: [143/391], batch loss: 0.67193, batch accuracy: 75.00, data load time: 0.00031, step time: 0.02670
epoch: [6], step: [153/391], batch loss: 0.69374, batch accuracy: 73.44, data load time: 0.00031, step time: 0.02668
epoch: [6], step: [163/391], batch loss: 0.68294, batch accuracy: 79.69, data load time: 0.00032, step time: 0.02666
epoch: [6], step: [173/391], batch loss: 0.75705, batch accuracy: 74.22, data load time: 0.00031, step time: 0.02652
epoch: [6], step: [183/391], batch loss: 0.63068, batch accuracy: 80.47, data load time: 0.00032, step time: 0.02663
epoch: [6], step: [193/391], batch loss: 0.41160, batch accuracy: 85.16, data load time: 0.00031, step time: 0.02644
epoch: [6], step: [203/391], batch loss: 0.65378, batch accuracy: 77.34, data load time: 0.00032, step time: 0.02650
epoch: [6], step: [213/391], batch loss: 0.68633, batch accuracy: 77.34, data load time: 0.00031, step time: 0.02647
epoch: [6], step: [223/391], batch loss: 0.52770, batch accuracy: 81.25, data load time: 0.00031, step time: 0.02651
epoch: [6], step: [233/391], batch loss: 0.62379, batch accuracy: 71.09, data load time: 0.00032, step time: 0.02655
epoch: [6], step: [243/391], batch loss: 0.63926, batch accuracy: 72.66, data load time: 0.00031, step time: 0.02648
epoch: [6], step: [253/391], batch loss: 0.64849, batch accuracy: 78.91, data load time: 0.00031, step time: 0.02650
epoch: [6], step: [263/391], batch loss: 0.60086, batch accuracy: 79.69, data load time: 0.00032, step time: 0.02650
epoch: [6], step: [273/391], batch loss: 0.65950, batch accuracy: 74.22, data load time: 0.00032, step time: 0.02650
epoch: [6], step: [283/391], batch loss: 0.74284, batch accuracy: 73.44, data load time: 0.00032, step time: 0.02655
epoch: [6], step: [293/391], batch loss: 0.82620, batch accuracy: 76.56, data load time: 0.00031, step time: 0.02643
epoch: [6], step: [303/391], batch loss: 0.89891, batch accuracy: 72.66, data load time: 0.00031, step time: 0.02651
epoch: [6], step: [313/391], batch loss: 0.63931, batch accuracy: 79.69, data load time: 0.00031, step time: 0.02653
epoch: [6], step: [323/391], batch loss: 0.72221, batch accuracy: 79.69, data load time: 0.00031, step time: 0.02653
epoch: [6], step: [333/391], batch loss: 0.76831, batch accuracy: 74.22, data load time: 0.00031, step time: 0.02645
epoch: [6], step: [343/391], batch loss: 0.82489, batch accuracy: 70.31, data load time: 0.00027, step time: 0.00445
epoch: [6], step: [353/391], batch loss: 0.72339, batch accuracy: 77.34, data load time: 0.00028, step time: 0.00446
epoch: [6], step: [363/391], batch loss: 0.49651, batch accuracy: 83.59, data load time: 0.00028, step time: 0.00446
epoch: [6], step: [373/391], batch loss: 0.68173, batch accuracy: 79.69, data load time: 0.00027, step time: 0.00446
epoch: [6], step: [383/391], batch loss: 0.71364, batch accuracy: 73.44, data load time: 0.00027, step time: 0.00445
epoch: [7], step: [2/391], batch loss: 0.55382, batch accuracy: 76.56, data load time: 0.00032, step time: 0.00528
epoch: [7], step: [12/391], batch loss: 0.55523, batch accuracy: 77.34, data load time: 0.00032, step time: 0.02729
epoch: [7], step: [22/391], batch loss: 0.48186, batch accuracy: 83.59, data load time: 0.00031, step time: 0.02688
epoch: [7], step: [32/391], batch loss: 0.69469, batch accuracy: 80.47, data load time: 0.00030, step time: 0.02659
epoch: [7], step: [42/391], batch loss: 0.62215, batch accuracy: 80.47, data load time: 0.00030, step time: 0.02657
epoch: [7], step: [52/391], batch loss: 0.47064, batch accuracy: 85.16, data load time: 0.00031, step time: 0.02658
epoch: [7], step: [62/391], batch loss: 0.59158, batch accuracy: 80.47, data load time: 0.00030, step time: 0.02662
epoch: [7], step: [72/391], batch loss: 0.74377, batch accuracy: 72.66, data load time: 0.00030, step time: 0.02668
epoch: [7], step: [82/391], batch loss: 0.74491, batch accuracy: 70.31, data load time: 0.00030, step time: 0.02670
epoch: [7], step: [92/391], batch loss: 0.51731, batch accuracy: 83.59, data load time: 0.00030, step time: 0.02667
epoch: [7], step: [102/391], batch loss: 0.55700, batch accuracy: 79.69, data load time: 0.00032, step time: 0.02670
epoch: [7], step: [112/391], batch loss: 0.62958, batch accuracy: 77.34, data load time: 0.00031, step time: 0.02655
epoch: [7], step: [122/391], batch loss: 0.41022, batch accuracy: 82.81, data load time: 0.00031, step time: 0.02668
epoch: [7], step: [132/391], batch loss: 0.55335, batch accuracy: 82.03, data load time: 0.00031, step time: 0.02666
epoch: [7], step: [142/391], batch loss: 0.69103, batch accuracy: 77.34, data load time: 0.00031, step time: 0.02670
epoch: [7], step: [152/391], batch loss: 0.71011, batch accuracy: 71.88, data load time: 0.00032, step time: 0.02683
epoch: [7], step: [162/391], batch loss: 0.57207, batch accuracy: 78.91, data load time: 0.00031, step time: 0.02670
epoch: [7], step: [172/391], batch loss: 0.57095, batch accuracy: 81.25, data load time: 0.00031, step time: 0.02662
epoch: [7], step: [182/391], batch loss: 0.54633, batch accuracy: 82.03, data load time: 0.00031, step time: 0.02658
epoch: [7], step: [192/391], batch loss: 0.62463, batch accuracy: 74.22, data load time: 0.00031, step time: 0.02651
epoch: [7], step: [202/391], batch loss: 0.60268, batch accuracy: 78.12, data load time: 0.00032, step time: 0.02648
epoch: [7], step: [212/391], batch loss: 0.62962, batch accuracy: 77.34, data load time: 0.00032, step time: 0.02658
epoch: [7], step: [222/391], batch loss: 0.55525, batch accuracy: 82.03, data load time: 0.00032, step time: 0.02651
epoch: [7], step: [232/391], batch loss: 0.69632, batch accuracy: 78.12, data load time: 0.00031, step time: 0.02645
epoch: [7], step: [242/391], batch loss: 0.57815, batch accuracy: 77.34, data load time: 0.00032, step time: 0.02658
epoch: [7], step: [252/391], batch loss: 0.58994, batch accuracy: 78.12, data load time: 0.00031, step time: 0.02642
epoch: [7], step: [262/391], batch loss: 0.58295, batch accuracy: 79.69, data load time: 0.00032, step time: 0.02657
epoch: [7], step: [272/391], batch loss: 0.60305, batch accuracy: 80.47, data load time: 0.00032, step time: 0.02650
epoch: [7], step: [282/391], batch loss: 0.55666, batch accuracy: 78.91, data load time: 0.00032, step time: 0.02655
epoch: [7], step: [292/391], batch loss: 0.65935, batch accuracy: 75.78, data load time: 0.00031, step time: 0.02652
epoch: [7], step: [302/391], batch loss: 0.85987, batch accuracy: 76.56, data load time: 0.00032, step time: 0.02652
epoch: [7], step: [312/391], batch loss: 0.65443, batch accuracy: 76.56, data load time: 0.00032, step time: 0.02656
epoch: [7], step: [322/391], batch loss: 0.66919, batch accuracy: 77.34, data load time: 0.00032, step time: 0.02662
epoch: [7], step: [332/391], batch loss: 0.61827, batch accuracy: 79.69, data load time: 0.00032, step time: 0.02655
epoch: [7], step: [342/391], batch loss: 0.57904, batch accuracy: 78.12, data load time: 0.00027, step time: 0.00478
epoch: [7], step: [352/391], batch loss: 0.75696, batch accuracy: 78.91, data load time: 0.00027, step time: 0.00479
epoch: [7], step: [362/391], batch loss: 0.43023, batch accuracy: 82.81, data load time: 0.00028, step time: 0.00482
epoch: [7], step: [372/391], batch loss: 0.79113, batch accuracy: 73.44, data load time: 0.00027, step time: 0.00452
epoch: [7], step: [382/391], batch loss: 0.53401, batch accuracy: 81.25, data load time: 0.00027, step time: 0.00453
validation loss: 1.36844, accuracy: 62.19
epoch: [8], step: [1/391], batch loss: 0.47282, batch accuracy: 82.03, data load time: 0.00035, step time: 0.00722
epoch: [8], step: [11/391], batch loss: 0.45779, batch accuracy: 84.38, data load time: 0.00031, step time: 0.02688
epoch: [8], step: [21/391], batch loss: 0.48048, batch accuracy: 85.16, data load time: 0.00031, step time: 0.02710
epoch: [8], step: [31/391], batch loss: 0.41475, batch accuracy: 83.59, data load time: 0.00031, step time: 0.02648
epoch: [8], step: [41/391], batch loss: 0.58777, batch accuracy: 78.91, data load time: 0.00031, step time: 0.02657
epoch: [8], step: [51/391], batch loss: 0.47591, batch accuracy: 82.03, data load time: 0.00030, step time: 0.02667
epoch: [8], step: [61/391], batch loss: 0.52944, batch accuracy: 83.59, data load time: 0.00030, step time: 0.02661
epoch: [8], step: [71/391], batch loss: 0.55234, batch accuracy: 83.59, data load time: 0.00031, step time: 0.02665
epoch: [8], step: [81/391], batch loss: 0.55710, batch accuracy: 80.47, data load time: 0.00031, step time: 0.02679
epoch: [8], step: [91/391], batch loss: 0.54524, batch accuracy: 82.81, data load time: 0.00030, step time: 0.02666
epoch: [8], step: [101/391], batch loss: 0.47880, batch accuracy: 83.59, data load time: 0.00031, step time: 0.02671
epoch: [8], step: [111/391], batch loss: 0.51112, batch accuracy: 83.59, data load time: 0.00032, step time: 0.02679
epoch: [8], step: [121/391], batch loss: 0.54790, batch accuracy: 81.25, data load time: 0.00031, step time: 0.02675
epoch: [8], step: [131/391], batch loss: 0.55512, batch accuracy: 82.03, data load time: 0.00031, step time: 0.02662
epoch: [8], step: [141/391], batch loss: 0.41755, batch accuracy: 84.38, data load time: 0.00032, step time: 0.02682
epoch: [8], step: [151/391], batch loss: 0.39455, batch accuracy: 85.94, data load time: 0.00032, step time: 0.02669
epoch: [8], step: [161/391], batch loss: 0.42303, batch accuracy: 82.03, data load time: 0.00033, step time: 0.02683
epoch: [8], step: [171/391], batch loss: 0.31615, batch accuracy: 88.28, data load time: 0.00032, step time: 0.02643
epoch: [8], step: [181/391], batch loss: 0.56425, batch accuracy: 78.12, data load time: 0.00032, step time: 0.02647
epoch: [8], step: [191/391], batch loss: 0.53709, batch accuracy: 84.38, data load time: 0.00032, step time: 0.02675
epoch: [8], step: [201/391], batch loss: 0.47459, batch accuracy: 83.59, data load time: 0.00032, step time: 0.02654
epoch: [8], step: [211/391], batch loss: 0.49230, batch accuracy: 85.94, data load time: 0.00033, step time: 0.02651
epoch: [8], step: [221/391], batch loss: 0.59719, batch accuracy: 74.22, data load time: 0.00032, step time: 0.02657
epoch: [8], step: [231/391], batch loss: 0.65706, batch accuracy: 75.78, data load time: 0.00032, step time: 0.02655
epoch: [8], step: [241/391], batch loss: 0.67143, batch accuracy: 75.00, data load time: 0.00032, step time: 0.02656
epoch: [8], step: [251/391], batch loss: 0.64206, batch accuracy: 78.12, data load time: 0.00033, step time: 0.02652
epoch: [8], step: [261/391], batch loss: 0.53372, batch accuracy: 82.81, data load time: 0.00032, step time: 0.02652
epoch: [8], step: [271/391], batch loss: 0.74056, batch accuracy: 72.66, data load time: 0.00032, step time: 0.02647
epoch: [8], step: [281/391], batch loss: 0.50318, batch accuracy: 77.34, data load time: 0.00033, step time: 0.02784
epoch: [8], step: [291/391], batch loss: 0.62136, batch accuracy: 78.91, data load time: 0.00032, step time: 0.02775
epoch: [8], step: [301/391], batch loss: 0.51522, batch accuracy: 82.81, data load time: 0.00032, step time: 0.02777
epoch: [8], step: [311/391], batch loss: 0.72725, batch accuracy: 75.00, data load time: 0.00032, step time: 0.02697
epoch: [8], step: [321/391], batch loss: 0.65708, batch accuracy: 77.34, data load time: 0.00033, step time: 0.02661
epoch: [8], step: [331/391], batch loss: 0.38511, batch accuracy: 85.16, data load time: 0.00032, step time: 0.02669
epoch: [8], step: [341/391], batch loss: 0.53779, batch accuracy: 78.91, data load time: 0.00027, step time: 0.00447
epoch: [8], step: [351/391], batch loss: 0.54887, batch accuracy: 82.81, data load time: 0.00027, step time: 0.00447
epoch: [8], step: [361/391], batch loss: 0.64409, batch accuracy: 80.47, data load time: 0.00027, step time: 0.00446
epoch: [8], step: [371/391], batch loss: 0.65377, batch accuracy: 77.34, data load time: 0.00027, step time: 0.00446
epoch: [8], step: [381/391], batch loss: 0.73238, batch accuracy: 80.47, data load time: 0.00027, step time: 0.00446
epoch: [9], step: [0/391], batch loss: 0.47809, batch accuracy: 79.69, data load time: 1.61945, step time: 0.57941
epoch: [9], step: [10/391], batch loss: 0.41579, batch accuracy: 85.94, data load time: 0.00032, step time: 0.02867
epoch: [9], step: [20/391], batch loss: 0.46981, batch accuracy: 86.72, data load time: 0.00031, step time: 0.02678
epoch: [9], step: [30/391], batch loss: 0.44925, batch accuracy: 84.38, data load time: 0.00030, step time: 0.02650
epoch: [9], step: [40/391], batch loss: 0.52430, batch accuracy: 80.47, data load time: 0.00031, step time: 0.02681
epoch: [9], step: [50/391], batch loss: 0.32499, batch accuracy: 85.94, data load time: 0.00030, step time: 0.02650
epoch: [9], step: [60/391], batch loss: 0.36108, batch accuracy: 85.16, data load time: 0.00030, step time: 0.02659
epoch: [9], step: [70/391], batch loss: 0.51772, batch accuracy: 82.81, data load time: 0.00031, step time: 0.02666
epoch: [9], step: [80/391], batch loss: 0.39355, batch accuracy: 85.94, data load time: 0.00031, step time: 0.02671
epoch: [9], step: [90/391], batch loss: 0.47911, batch accuracy: 82.03, data load time: 0.00033, step time: 0.02810
epoch: [9], step: [100/391], batch loss: 0.36808, batch accuracy: 85.16, data load time: 0.00154, step time: 0.02805
epoch: [9], step: [110/391], batch loss: 0.45144, batch accuracy: 85.16, data load time: 0.00032, step time: 0.02790
epoch: [9], step: [120/391], batch loss: 0.42043, batch accuracy: 85.94, data load time: 0.00031, step time: 0.02663
epoch: [9], step: [130/391], batch loss: 0.29265, batch accuracy: 89.84, data load time: 0.00031, step time: 0.02670
epoch: [9], step: [140/391], batch loss: 0.66951, batch accuracy: 72.66, data load time: 0.00031, step time: 0.02672
epoch: [9], step: [150/391], batch loss: 0.44638, batch accuracy: 84.38, data load time: 0.00032, step time: 0.02667
epoch: [9], step: [160/391], batch loss: 0.38328, batch accuracy: 89.06, data load time: 0.00032, step time: 0.02663
epoch: [9], step: [170/391], batch loss: 0.54737, batch accuracy: 79.69, data load time: 0.00031, step time: 0.02655
epoch: [9], step: [180/391], batch loss: 0.65716, batch accuracy: 75.00, data load time: 0.00032, step time: 0.02652
epoch: [9], step: [190/391], batch loss: 0.49464, batch accuracy: 80.47, data load time: 0.00032, step time: 0.02654
epoch: [9], step: [200/391], batch loss: 0.40075, batch accuracy: 85.16, data load time: 0.00031, step time: 0.02659
epoch: [9], step: [210/391], batch loss: 0.35311, batch accuracy: 85.16, data load time: 0.00031, step time: 0.02648
epoch: [9], step: [220/391], batch loss: 0.39351, batch accuracy: 83.59, data load time: 0.00031, step time: 0.02648
epoch: [9], step: [230/391], batch loss: 0.72734, batch accuracy: 75.78, data load time: 0.00031, step time: 0.02654
epoch: [9], step: [240/391], batch loss: 0.50159, batch accuracy: 81.25, data load time: 0.00032, step time: 0.02652
epoch: [9], step: [250/391], batch loss: 0.55043, batch accuracy: 79.69, data load time: 0.00031, step time: 0.02644
epoch: [9], step: [260/391], batch loss: 0.71305, batch accuracy: 74.22, data load time: 0.00032, step time: 0.02655
epoch: [9], step: [270/391], batch loss: 0.51052, batch accuracy: 80.47, data load time: 0.00031, step time: 0.02655
epoch: [9], step: [280/391], batch loss: 0.46600, batch accuracy: 82.03, data load time: 0.00031, step time: 0.02648
epoch: [9], step: [290/391], batch loss: 0.57006, batch accuracy: 82.03, data load time: 0.00031, step time: 0.02652
epoch: [9], step: [300/391], batch loss: 0.62249, batch accuracy: 79.69, data load time: 0.00031, step time: 0.02651
epoch: [9], step: [310/391], batch loss: 0.77397, batch accuracy: 75.00, data load time: 0.00031, step time: 0.02657
epoch: [9], step: [320/391], batch loss: 0.56599, batch accuracy: 79.69, data load time: 0.00031, step time: 0.02657
epoch: [9], step: [330/391], batch loss: 0.59347, batch accuracy: 77.34, data load time: 0.00031, step time: 0.02645
epoch: [9], step: [340/391], batch loss: 0.51298, batch accuracy: 82.03, data load time: 0.00027, step time: 0.00446
epoch: [9], step: [350/391], batch loss: 0.50357, batch accuracy: 84.38, data load time: 0.00027, step time: 0.00447
epoch: [9], step: [360/391], batch loss: 0.55342, batch accuracy: 81.25, data load time: 0.00027, step time: 0.00446
epoch: [9], step: [370/391], batch loss: 0.69449, batch accuracy: 80.47, data load time: 0.00027, step time: 0.00447
epoch: [9], step: [380/391], batch loss: 0.57920, batch accuracy: 78.12, data load time: 0.00027, step time: 0.00445
epoch: [9], step: [390/391], batch loss: 0.49271, batch accuracy: 77.50, data load time: 0.00021, step time: 0.00343
validation loss: 1.41233, accuracy: 62.51
epoch: [10], step: [9/391], batch loss: 0.43376, batch accuracy: 85.16, data load time: 0.00031, step time: 0.17995
epoch: [10], step: [19/391], batch loss: 0.43981, batch accuracy: 85.16, data load time: 0.00032, step time: 0.02694
epoch: [10], step: [29/391], batch loss: 0.36129, batch accuracy: 89.84, data load time: 0.00031, step time: 0.02659
epoch: [10], step: [39/391], batch loss: 0.51622, batch accuracy: 80.47, data load time: 0.00030, step time: 0.02663
epoch: [10], step: [49/391], batch loss: 0.32672, batch accuracy: 87.50, data load time: 0.00030, step time: 0.02666
epoch: [10], step: [59/391], batch loss: 0.52596, batch accuracy: 80.47, data load time: 0.00030, step time: 0.02663
epoch: [10], step: [69/391], batch loss: 0.37916, batch accuracy: 85.94, data load time: 0.00030, step time: 0.02663
epoch: [10], step: [79/391], batch loss: 0.49905, batch accuracy: 82.81, data load time: 0.00030, step time: 0.02676
epoch: [10], step: [89/391], batch loss: 0.39132, batch accuracy: 84.38, data load time: 0.00031, step time: 0.02689
epoch: [10], step: [99/391], batch loss: 0.42978, batch accuracy: 85.94, data load time: 0.00031, step time: 0.02668
epoch: [10], step: [109/391], batch loss: 0.41999, batch accuracy: 83.59, data load time: 0.00032, step time: 0.02660
epoch: [10], step: [119/391], batch loss: 0.48828, batch accuracy: 78.12, data load time: 0.00031, step time: 0.02791
epoch: [10], step: [129/391], batch loss: 0.32286, batch accuracy: 87.50, data load time: 0.00031, step time: 0.02665
epoch: [10], step: [139/391], batch loss: 0.42164, batch accuracy: 84.38, data load time: 0.00032, step time: 0.02667
epoch: [10], step: [149/391], batch loss: 0.56125, batch accuracy: 82.03, data load time: 0.00031, step time: 0.02668
epoch: [10], step: [159/391], batch loss: 0.49130, batch accuracy: 86.72, data load time: 0.00031, step time: 0.02673
epoch: [10], step: [169/391], batch loss: 0.57342, batch accuracy: 78.12, data load time: 0.00032, step time: 0.02676
epoch: [10], step: [179/391], batch loss: 0.35993, batch accuracy: 82.81, data load time: 0.00032, step time: 0.02656
epoch: [10], step: [189/391], batch loss: 0.40329, batch accuracy: 85.16, data load time: 0.00031, step time: 0.02658
epoch: [10], step: [199/391], batch loss: 0.54019, batch accuracy: 83.59, data load time: 0.00032, step time: 0.02651
epoch: [10], step: [209/391], batch loss: 0.47998, batch accuracy: 83.59, data load time: 0.00031, step time: 0.02643
epoch: [10], step: [219/391], batch loss: 0.49973, batch accuracy: 85.16, data load time: 0.00031, step time: 0.02668
epoch: [10], step: [229/391], batch loss: 0.45428, batch accuracy: 82.81, data load time: 0.00031, step time: 0.02659
epoch: [10], step: [239/391], batch loss: 0.53761, batch accuracy: 78.12, data load time: 0.00031, step time: 0.02655
epoch: [10], step: [249/391], batch loss: 0.39200, batch accuracy: 82.81, data load time: 0.00031, step time: 0.02652
epoch: [10], step: [259/391], batch loss: 0.54430, batch accuracy: 82.03, data load time: 0.00031, step time: 0.02658
epoch: [10], step: [269/391], batch loss: 0.50870, batch accuracy: 80.47, data load time: 0.00031, step time: 0.02649
epoch: [10], step: [279/391], batch loss: 0.48428, batch accuracy: 83.59, data load time: 0.00032, step time: 0.02652
epoch: [10], step: [289/391], batch loss: 0.42558, batch accuracy: 82.81, data load time: 0.00031, step time: 0.02648
epoch: [10], step: [299/391], batch loss: 0.43880, batch accuracy: 85.16, data load time: 0.00031, step time: 0.02646
epoch: [10], step: [309/391], batch loss: 0.53782, batch accuracy: 82.03, data load time: 0.00031, step time: 0.02647
epoch: [10], step: [319/391], batch loss: 0.52346, batch accuracy: 80.47, data load time: 0.00032, step time: 0.02647
epoch: [10], step: [329/391], batch loss: 0.56067, batch accuracy: 76.56, data load time: 0.00031, step time: 0.02654
epoch: [10], step: [339/391], batch loss: 0.59714, batch accuracy: 78.12, data load time: 0.00027, step time: 0.00446
epoch: [10], step: [349/391], batch loss: 0.61283, batch accuracy: 79.69, data load time: 0.00027, step time: 0.00447
epoch: [10], step: [359/391], batch loss: 0.47983, batch accuracy: 79.69, data load time: 0.00027, step time: 0.00446
epoch: [10], step: [369/391], batch loss: 0.69426, batch accuracy: 77.34, data load time: 0.00027, step time: 0.00445
epoch: [10], step: [379/391], batch loss: 0.56752, batch accuracy: 78.12, data load time: 0.00027, step time: 0.00447
epoch: [10], step: [389/391], batch loss: 0.58750, batch accuracy: 81.25, data load time: 0.00027, step time: 0.00447
epoch: [11], step: [8/391], batch loss: 0.35060, batch accuracy: 84.38, data load time: 0.00033, step time: 0.07336
epoch: [11], step: [18/391], batch loss: 0.30004, batch accuracy: 92.97, data load time: 0.00032, step time: 0.02819
epoch: [11], step: [28/391], batch loss: 0.37801, batch accuracy: 85.94, data load time: 0.00030, step time: 0.03790
epoch: [11], step: [38/391], batch loss: 0.24624, batch accuracy: 92.19, data load time: 0.00031, step time: 0.02530
epoch: [11], step: [48/391], batch loss: 0.30137, batch accuracy: 89.06, data load time: 0.00030, step time: 0.02677
epoch: [11], step: [58/391], batch loss: 0.26035, batch accuracy: 92.19, data load time: 0.00030, step time: 0.02679
epoch: [11], step: [68/391], batch loss: 0.20491, batch accuracy: 92.97, data load time: 0.00030, step time: 0.02671
epoch: [11], step: [78/391], batch loss: 0.44111, batch accuracy: 87.50, data load time: 0.00031, step time: 0.02661
epoch: [11], step: [88/391], batch loss: 0.30159, batch accuracy: 91.41, data load time: 0.00030, step time: 0.02680
epoch: [11], step: [98/391], batch loss: 0.39159, batch accuracy: 83.59, data load time: 0.00032, step time: 0.02664
epoch: [11], step: [108/391], batch loss: 0.36653, batch accuracy: 85.94, data load time: 0.00031, step time: 0.02674
epoch: [11], step: [118/391], batch loss: 0.54803, batch accuracy: 78.12, data load time: 0.00031, step time: 0.02673
epoch: [11], step: [128/391], batch loss: 0.26857, batch accuracy: 91.41, data load time: 0.00031, step time: 0.02668
epoch: [11], step: [138/391], batch loss: 0.45284, batch accuracy: 83.59, data load time: 0.00031, step time: 0.02670
epoch: [11], step: [148/391], batch loss: 0.41924, batch accuracy: 81.25, data load time: 0.00031, step time: 0.02674
epoch: [11], step: [158/391], batch loss: 0.38340, batch accuracy: 85.94, data load time: 0.00031, step time: 0.02657
epoch: [11], step: [168/391], batch loss: 0.39309, batch accuracy: 86.72, data load time: 0.00032, step time: 0.02651
epoch: [11], step: [178/391], batch loss: 0.40831, batch accuracy: 83.59, data load time: 0.00032, step time: 0.02655
epoch: [11], step: [188/391], batch loss: 0.24507, batch accuracy: 88.28, data load time: 0.00031, step time: 0.02652
epoch: [11], step: [198/391], batch loss: 0.49673, batch accuracy: 82.81, data load time: 0.00031, step time: 0.02653
epoch: [11], step: [208/391], batch loss: 0.51686, batch accuracy: 83.59, data load time: 0.00032, step time: 0.02653
epoch: [11], step: [218/391], batch loss: 0.50686, batch accuracy: 82.81, data load time: 0.00032, step time: 0.02665
epoch: [11], step: [228/391], batch loss: 0.44763, batch accuracy: 82.03, data load time: 0.00032, step time: 0.02662
epoch: [11], step: [238/391], batch loss: 0.37518, batch accuracy: 86.72, data load time: 0.00031, step time: 0.02646
epoch: [11], step: [248/391], batch loss: 0.58277, batch accuracy: 78.12, data load time: 0.00031, step time: 0.02659
epoch: [11], step: [258/391], batch loss: 0.38397, batch accuracy: 86.72, data load time: 0.00032, step time: 0.02650
epoch: [11], step: [268/391], batch loss: 0.53399, batch accuracy: 77.34, data load time: 0.00031, step time: 0.02652
epoch: [11], step: [278/391], batch loss: 0.37382, batch accuracy: 85.16, data load time: 0.00032, step time: 0.02657
epoch: [11], step: [288/391], batch loss: 0.46255, batch accuracy: 84.38, data load time: 0.00032, step time: 0.02660
epoch: [11], step: [298/391], batch loss: 0.63872, batch accuracy: 75.00, data load time: 0.00032, step time: 0.02651
epoch: [11], step: [308/391], batch loss: 0.47262, batch accuracy: 82.81, data load time: 0.00031, step time: 0.02649
epoch: [11], step: [318/391], batch loss: 0.44410, batch accuracy: 85.16, data load time: 0.00032, step time: 0.02654
epoch: [11], step: [328/391], batch loss: 0.52157, batch accuracy: 76.56, data load time: 0.00032, step time: 0.02649
epoch: [11], step: [338/391], batch loss: 0.36290, batch accuracy: 84.38, data load time: 0.00027, step time: 0.00479
epoch: [11], step: [348/391], batch loss: 0.48524, batch accuracy: 79.69, data load time: 0.00027, step time: 0.00479
epoch: [11], step: [358/391], batch loss: 0.37356, batch accuracy: 87.50, data load time: 0.00027, step time: 0.00468
epoch: [11], step: [368/391], batch loss: 0.51557, batch accuracy: 81.25, data load time: 0.00027, step time: 0.00453
epoch: [11], step: [378/391], batch loss: 0.44252, batch accuracy: 84.38, data load time: 0.00027, step time: 0.00453
epoch: [11], step: [388/391], batch loss: 0.39613, batch accuracy: 85.94, data load time: 0.00027, step time: 0.00448
validation loss: 1.67669, accuracy: 60.00
epoch: [12], step: [7/391], batch loss: 0.33408, batch accuracy: 87.50, data load time: 0.00031, step time: 0.00535
epoch: [12], step: [17/391], batch loss: 0.43292, batch accuracy: 80.47, data load time: 0.00031, step time: 0.02684
epoch: [12], step: [27/391], batch loss: 0.27479, batch accuracy: 89.84, data load time: 0.00717, step time: 0.02413
epoch: [12], step: [37/391], batch loss: 0.26757, batch accuracy: 91.41, data load time: 0.00030, step time: 0.02517
epoch: [12], step: [47/391], batch loss: 0.28417, batch accuracy: 92.19, data load time: 0.00030, step time: 0.02655
epoch: [12], step: [57/391], batch loss: 0.35043, batch accuracy: 86.72, data load time: 0.00030, step time: 0.02652
epoch: [12], step: [67/391], batch loss: 0.30263, batch accuracy: 89.06, data load time: 0.00030, step time: 0.02673
epoch: [12], step: [77/391], batch loss: 0.41706, batch accuracy: 87.50, data load time: 0.00031, step time: 0.02665
epoch: [12], step: [87/391], batch loss: 0.40349, batch accuracy: 85.16, data load time: 0.00030, step time: 0.02675
epoch: [12], step: [97/391], batch loss: 0.21248, batch accuracy: 92.19, data load time: 0.00033, step time: 0.02673
epoch: [12], step: [107/391], batch loss: 0.28523, batch accuracy: 89.84, data load time: 0.00031, step time: 0.02669
epoch: [12], step: [117/391], batch loss: 0.30289, batch accuracy: 89.06, data load time: 0.00031, step time: 0.02671
epoch: [12], step: [127/391], batch loss: 0.49864, batch accuracy: 80.47, data load time: 0.00031, step time: 0.02674
epoch: [12], step: [137/391], batch loss: 0.36101, batch accuracy: 85.16, data load time: 0.00031, step time: 0.02662
epoch: [12], step: [147/391], batch loss: 0.42021, batch accuracy: 85.94, data load time: 0.00031, step time: 0.02674
epoch: [12], step: [157/391], batch loss: 0.44502, batch accuracy: 80.47, data load time: 0.00031, step time: 0.02670
epoch: [12], step: [167/391], batch loss: 0.37953, batch accuracy: 87.50, data load time: 0.00031, step time: 0.02669
epoch: [12], step: [177/391], batch loss: 0.43832, batch accuracy: 84.38, data load time: 0.00031, step time: 0.02661
epoch: [12], step: [187/391], batch loss: 0.39774, batch accuracy: 85.16, data load time: 0.00031, step time: 0.02653
epoch: [12], step: [197/391], batch loss: 0.47227, batch accuracy: 85.16, data load time: 0.00032, step time: 0.02635
epoch: [12], step: [207/391], batch loss: 0.52625, batch accuracy: 85.16, data load time: 0.00031, step time: 0.02656
epoch: [12], step: [217/391], batch loss: 0.41044, batch accuracy: 84.38, data load time: 0.00032, step time: 0.02648
epoch: [12], step: [227/391], batch loss: 0.40251, batch accuracy: 84.38, data load time: 0.00031, step time: 0.02661
epoch: [12], step: [237/391], batch loss: 0.41851, batch accuracy: 85.16, data load time: 0.00031, step time: 0.02659
epoch: [12], step: [247/391], batch loss: 0.45642, batch accuracy: 82.03, data load time: 0.00031, step time: 0.02648
epoch: [12], step: [257/391], batch loss: 0.51513, batch accuracy: 82.03, data load time: 0.00031, step time: 0.02643
epoch: [12], step: [267/391], batch loss: 0.50581, batch accuracy: 82.81, data load time: 0.00031, step time: 0.02656
epoch: [12], step: [277/391], batch loss: 0.47627, batch accuracy: 82.81, data load time: 0.00031, step time: 0.02646
epoch: [12], step: [287/391], batch loss: 0.41769, batch accuracy: 87.50, data load time: 0.00031, step time: 0.02676
epoch: [12], step: [297/391], batch loss: 0.38048, batch accuracy: 86.72, data load time: 0.00031, step time: 0.02650
epoch: [12], step: [307/391], batch loss: 0.44934, batch accuracy: 82.03, data load time: 0.00031, step time: 0.02658
epoch: [12], step: [317/391], batch loss: 0.48671, batch accuracy: 78.91, data load time: 0.00031, step time: 0.02659
epoch: [12], step: [327/391], batch loss: 0.39881, batch accuracy: 87.50, data load time: 0.00031, step time: 0.02651
epoch: [12], step: [337/391], batch loss: 0.46909, batch accuracy: 82.81, data load time: 0.00027, step time: 0.00447
epoch: [12], step: [347/391], batch loss: 0.49691, batch accuracy: 81.25, data load time: 0.00028, step time: 0.00444
epoch: [12], step: [357/391], batch loss: 0.56863, batch accuracy: 79.69, data load time: 0.00027, step time: 0.00447
epoch: [12], step: [367/391], batch loss: 0.45952, batch accuracy: 82.03, data load time: 0.00027, step time: 0.00446
epoch: [12], step: [377/391], batch loss: 0.67428, batch accuracy: 84.38, data load time: 0.00027, step time: 0.00447
epoch: [12], step: [387/391], batch loss: 0.39330, batch accuracy: 86.72, data load time: 0.00027, step time: 0.00447
epoch: [13], step: [6/391], batch loss: 0.37160, batch accuracy: 84.38, data load time: 0.00031, step time: 0.00483
epoch: [13], step: [16/391], batch loss: 0.32785, batch accuracy: 87.50, data load time: 0.00032, step time: 0.02701
epoch: [13], step: [26/391], batch loss: 0.31635, batch accuracy: 89.84, data load time: 0.02961, step time: 0.02439
epoch: [13], step: [36/391], batch loss: 0.35329, batch accuracy: 89.84, data load time: 0.00030, step time: 0.02652
epoch: [13], step: [46/391], batch loss: 0.31345, batch accuracy: 89.84, data load time: 0.00030, step time: 0.02655
epoch: [13], step: [56/391], batch loss: 0.32653, batch accuracy: 85.16, data load time: 0.00031, step time: 0.02662
epoch: [13], step: [66/391], batch loss: 0.34688, batch accuracy: 88.28, data load time: 0.00030, step time: 0.02696
epoch: [13], step: [76/391], batch loss: 0.19978, batch accuracy: 92.19, data load time: 0.00030, step time: 0.02669
epoch: [13], step: [86/391], batch loss: 0.43630, batch accuracy: 84.38, data load time: 0.00030, step time: 0.02667
epoch: [13], step: [96/391], batch loss: 0.30617, batch accuracy: 88.28, data load time: 0.00032, step time: 0.02660
epoch: [13], step: [106/391], batch loss: 0.30418, batch accuracy: 89.06, data load time: 0.00031, step time: 0.02666
epoch: [13], step: [116/391], batch loss: 0.37109, batch accuracy: 87.50, data load time: 0.00031, step time: 0.02677
epoch: [13], step: [126/391], batch loss: 0.52255, batch accuracy: 82.81, data load time: 0.00032, step time: 0.02669
epoch: [13], step: [136/391], batch loss: 0.34863, batch accuracy: 89.06, data load time: 0.00031, step time: 0.02665
epoch: [13], step: [146/391], batch loss: 0.41314, batch accuracy: 87.50, data load time: 0.00032, step time: 0.02673
epoch: [13], step: [156/391], batch loss: 0.43100, batch accuracy: 87.50, data load time: 0.00031, step time: 0.02678
epoch: [13], step: [166/391], batch loss: 0.37715, batch accuracy: 85.94, data load time: 0.00031, step time: 0.02671
epoch: [13], step: [176/391], batch loss: 0.42734, batch accuracy: 82.81, data load time: 0.00032, step time: 0.02647
epoch: [13], step: [186/391], batch loss: 0.43619, batch accuracy: 84.38, data load time: 0.00031, step time: 0.02641
epoch: [13], step: [196/391], batch loss: 0.28857, batch accuracy: 89.06, data load time: 0.00032, step time: 0.02645
epoch: [13], step: [206/391], batch loss: 0.22986, batch accuracy: 92.97, data load time: 0.00031, step time: 0.02664
epoch: [13], step: [216/391], batch loss: 0.52560, batch accuracy: 82.81, data load time: 0.00032, step time: 0.02650
epoch: [13], step: [226/391], batch loss: 0.20583, batch accuracy: 93.75, data load time: 0.00031, step time: 0.02644
epoch: [13], step: [236/391], batch loss: 0.44388, batch accuracy: 83.59, data load time: 0.00031, step time: 0.02650
epoch: [13], step: [246/391], batch loss: 0.45516, batch accuracy: 84.38, data load time: 0.00031, step time: 0.02646
epoch: [13], step: [256/391], batch loss: 0.35737, batch accuracy: 89.06, data load time: 0.00031, step time: 0.02781
epoch: [13], step: [266/391], batch loss: 0.33512, batch accuracy: 87.50, data load time: 0.00031, step time: 0.02785
epoch: [13], step: [276/391], batch loss: 0.38008, batch accuracy: 88.28, data load time: 0.00031, step time: 0.02774
epoch: [13], step: [286/391], batch loss: 0.33846, batch accuracy: 89.06, data load time: 0.00031, step time: 0.02664
epoch: [13], step: [296/391], batch loss: 0.53365, batch accuracy: 78.12, data load time: 0.00033, step time: 0.02661
epoch: [13], step: [306/391], batch loss: 0.58088, batch accuracy: 79.69, data load time: 0.00033, step time: 0.02652
epoch: [13], step: [316/391], batch loss: 0.43125, batch accuracy: 84.38, data load time: 0.00032, step time: 0.02644
epoch: [13], step: [326/391], batch loss: 0.63609, batch accuracy: 82.03, data load time: 0.00032, step time: 0.02651
epoch: [13], step: [336/391], batch loss: 0.50272, batch accuracy: 85.16, data load time: 0.00027, step time: 0.00446
epoch: [13], step: [346/391], batch loss: 0.48044, batch accuracy: 84.38, data load time: 0.00027, step time: 0.00446
epoch: [13], step: [356/391], batch loss: 0.41992, batch accuracy: 85.94, data load time: 0.00027, step time: 0.00446
epoch: [13], step: [366/391], batch loss: 0.31899, batch accuracy: 88.28, data load time: 0.00027, step time: 0.00446
epoch: [13], step: [376/391], batch loss: 0.45340, batch accuracy: 82.81, data load time: 0.00027, step time: 0.00445
epoch: [13], step: [386/391], batch loss: 0.38291, batch accuracy: 87.50, data load time: 0.00027, step time: 0.00446
validation loss: 1.45567, accuracy: 64.66
epoch: [14], step: [5/391], batch loss: 0.32756, batch accuracy: 86.72, data load time: 0.00033, step time: 0.00475
epoch: [14], step: [15/391], batch loss: 0.29197, batch accuracy: 85.94, data load time: 0.00032, step time: 0.02856
epoch: [14], step: [25/391], batch loss: 0.29804, batch accuracy: 89.84, data load time: 0.08930, step time: 0.02692
epoch: [14], step: [35/391], batch loss: 0.30895, batch accuracy: 86.72, data load time: 0.00031, step time: 0.02653
epoch: [14], step: [45/391], batch loss: 0.20490, batch accuracy: 91.41, data load time: 0.00030, step time: 0.02659
epoch: [14], step: [55/391], batch loss: 0.24311, batch accuracy: 93.75, data load time: 0.02633, step time: 0.02651
epoch: [14], step: [65/391], batch loss: 0.35920, batch accuracy: 89.06, data load time: 0.00032, step time: 0.02663
epoch: [14], step: [75/391], batch loss: 0.30547, batch accuracy: 89.84, data load time: 0.00030, step time: 0.02668
epoch: [14], step: [85/391], batch loss: 0.29745, batch accuracy: 90.62, data load time: 0.00030, step time: 0.02672
epoch: [14], step: [95/391], batch loss: 0.27391, batch accuracy: 91.41, data load time: 0.00030, step time: 0.02666
epoch: [14], step: [105/391], batch loss: 0.28970, batch accuracy: 89.06, data load time: 0.00031, step time: 0.02669
epoch: [14], step: [115/391], batch loss: 0.34042, batch accuracy: 88.28, data load time: 0.00032, step time: 0.02672
epoch: [14], step: [125/391], batch loss: 0.29821, batch accuracy: 90.62, data load time: 0.00031, step time: 0.02794
epoch: [14], step: [135/391], batch loss: 0.26372, batch accuracy: 92.19, data load time: 0.00031, step time: 0.02678
epoch: [14], step: [145/391], batch loss: 0.38003, batch accuracy: 85.94, data load time: 0.00031, step time: 0.02670
epoch: [14], step: [155/391], batch loss: 0.35443, batch accuracy: 87.50, data load time: 0.00032, step time: 0.02667
epoch: [14], step: [165/391], batch loss: 0.33867, batch accuracy: 85.16, data load time: 0.00032, step time: 0.02684
epoch: [14], step: [175/391], batch loss: 0.26093, batch accuracy: 89.06, data load time: 0.00032, step time: 0.02647
epoch: [14], step: [185/391], batch loss: 0.29051, batch accuracy: 89.06, data load time: 0.00032, step time: 0.02646
epoch: [14], step: [195/391], batch loss: 0.27999, batch accuracy: 90.62, data load time: 0.00031, step time: 0.02657
epoch: [14], step: [205/391], batch loss: 0.26779, batch accuracy: 91.41, data load time: 0.00032, step time: 0.02646
epoch: [14], step: [215/391], batch loss: 0.25706, batch accuracy: 88.28, data load time: 0.00032, step time: 0.02647
epoch: [14], step: [225/391], batch loss: 0.49344, batch accuracy: 79.69, data load time: 0.00033, step time: 0.02659
epoch: [14], step: [235/391], batch loss: 0.34677, batch accuracy: 87.50, data load time: 0.00031, step time: 0.02651
epoch: [14], step: [245/391], batch loss: 0.42319, batch accuracy: 84.38, data load time: 0.00032, step time: 0.02658
epoch: [14], step: [255/391], batch loss: 0.20924, batch accuracy: 93.75, data load time: 0.00031, step time: 0.02660
epoch: [14], step: [265/391], batch loss: 0.35497, batch accuracy: 88.28, data load time: 0.00031, step time: 0.02664
epoch: [14], step: [275/391], batch loss: 0.49092, batch accuracy: 84.38, data load time: 0.00031, step time: 0.02654
epoch: [14], step: [285/391], batch loss: 0.43600, batch accuracy: 85.16, data load time: 0.00031, step time: 0.02648
epoch: [14], step: [295/391], batch loss: 0.35179, batch accuracy: 85.94, data load time: 0.00031, step time: 0.02656
epoch: [14], step: [305/391], batch loss: 0.44987, batch accuracy: 84.38, data load time: 0.00032, step time: 0.02666
epoch: [14], step: [315/391], batch loss: 0.35694, batch accuracy: 86.72, data load time: 0.00031, step time: 0.02651
epoch: [14], step: [325/391], batch loss: 0.36462, batch accuracy: 87.50, data load time: 0.00032, step time: 0.02647
epoch: [14], step: [335/391], batch loss: 0.43576, batch accuracy: 86.72, data load time: 0.00028, step time: 0.00480
epoch: [14], step: [345/391], batch loss: 0.47134, batch accuracy: 79.69, data load time: 0.00027, step time: 0.00479
epoch: [14], step: [355/391], batch loss: 0.45727, batch accuracy: 83.59, data load time: 0.00027, step time: 0.00479
epoch: [14], step: [365/391], batch loss: 0.45890, batch accuracy: 83.59, data load time: 0.00027, step time: 0.00454
epoch: [14], step: [375/391], batch loss: 0.41646, batch accuracy: 82.81, data load time: 0.00027, step time: 0.00453
epoch: [14], step: [385/391], batch loss: 0.52642, batch accuracy: 79.69, data load time: 0.00027, step time: 0.00449
epoch: [15], step: [4/391], batch loss: 0.23229, batch accuracy: 92.97, data load time: 0.00032, step time: 0.01382
epoch: [15], step: [14/391], batch loss: 0.29222, batch accuracy: 88.28, data load time: 0.00033, step time: 0.04992
epoch: [15], step: [24/391], batch loss: 0.15856, batch accuracy: 96.09, data load time: 0.08500, step time: 0.02679
epoch: [15], step: [34/391], batch loss: 0.36237, batch accuracy: 85.94, data load time: 0.00030, step time: 0.02671
epoch: [15], step: [44/391], batch loss: 0.35348, batch accuracy: 86.72, data load time: 0.00030, step time: 0.02665
epoch: [15], step: [54/391], batch loss: 0.15179, batch accuracy: 95.31, data load time: 0.00030, step time: 0.02663
epoch: [15], step: [64/391], batch loss: 0.33485, batch accuracy: 88.28, data load time: 0.00032, step time: 0.04514
epoch: [15], step: [74/391], batch loss: 0.27803, batch accuracy: 90.62, data load time: 0.00030, step time: 0.02684
epoch: [15], step: [84/391], batch loss: 0.23273, batch accuracy: 90.62, data load time: 0.00030, step time: 0.02660
epoch: [15], step: [94/391], batch loss: 0.19744, batch accuracy: 93.75, data load time: 0.00030, step time: 0.02667
epoch: [15], step: [104/391], batch loss: 0.21942, batch accuracy: 89.84, data load time: 0.00031, step time: 0.02668
epoch: [15], step: [114/391], batch loss: 0.25879, batch accuracy: 89.06, data load time: 0.00031, step time: 0.02666
epoch: [15], step: [124/391], batch loss: 0.43690, batch accuracy: 85.94, data load time: 0.00031, step time: 0.02672
epoch: [15], step: [134/391], batch loss: 0.38995, batch accuracy: 86.72, data load time: 0.00032, step time: 0.02683
epoch: [15], step: [144/391], batch loss: 0.28869, batch accuracy: 89.84, data load time: 0.00032, step time: 0.02688
epoch: [15], step: [154/391], batch loss: 0.30844, batch accuracy: 89.06, data load time: 0.00031, step time: 0.02681
epoch: [15], step: [164/391], batch loss: 0.25282, batch accuracy: 92.19, data load time: 0.00032, step time: 0.02678
epoch: [15], step: [174/391], batch loss: 0.21131, batch accuracy: 92.19, data load time: 0.00031, step time: 0.02679
epoch: [15], step: [184/391], batch loss: 0.45294, batch accuracy: 84.38, data load time: 0.00031, step time: 0.02660
epoch: [15], step: [194/391], batch loss: 0.44692, batch accuracy: 82.81, data load time: 0.00031, step time: 0.02659
epoch: [15], step: [204/391], batch loss: 0.58166, batch accuracy: 75.00, data load time: 0.00031, step time: 0.02656
epoch: [15], step: [214/391], batch loss: 0.41344, batch accuracy: 87.50, data load time: 0.00031, step time: 0.02661
epoch: [15], step: [224/391], batch loss: 0.23968, batch accuracy: 92.19, data load time: 0.00031, step time: 0.02641
epoch: [15], step: [234/391], batch loss: 0.35730, batch accuracy: 87.50, data load time: 0.00032, step time: 0.02659
epoch: [15], step: [244/391], batch loss: 0.38019, batch accuracy: 86.72, data load time: 0.00032, step time: 0.02652
epoch: [15], step: [254/391], batch loss: 0.37428, batch accuracy: 88.28, data load time: 0.00031, step time: 0.02653
epoch: [15], step: [264/391], batch loss: 0.46146, batch accuracy: 85.16, data load time: 0.00031, step time: 0.02654
epoch: [15], step: [274/391], batch loss: 0.42710, batch accuracy: 82.03, data load time: 0.00031, step time: 0.02660
epoch: [15], step: [284/391], batch loss: 0.20272, batch accuracy: 93.75, data load time: 0.00031, step time: 0.02667
epoch: [15], step: [294/391], batch loss: 0.27876, batch accuracy: 90.62, data load time: 0.00031, step time: 0.02663
epoch: [15], step: [304/391], batch loss: 0.31557, batch accuracy: 86.72, data load time: 0.00031, step time: 0.02662
epoch: [15], step: [314/391], batch loss: 0.34304, batch accuracy: 86.72, data load time: 0.00032, step time: 0.02660
epoch: [15], step: [324/391], batch loss: 0.48393, batch accuracy: 82.03, data load time: 0.00031, step time: 0.02665
epoch: [15], step: [334/391], batch loss: 0.30744, batch accuracy: 85.94, data load time: 0.00284, step time: 0.01836
epoch: [15], step: [344/391], batch loss: 0.35173, batch accuracy: 92.19, data load time: 0.00027, step time: 0.00446
epoch: [15], step: [354/391], batch loss: 0.37159, batch accuracy: 84.38, data load time: 0.00027, step time: 0.00446
epoch: [15], step: [364/391], batch loss: 0.36564, batch accuracy: 88.28, data load time: 0.00027, step time: 0.00446
epoch: [15], step: [374/391], batch loss: 0.40504, batch accuracy: 84.38, data load time: 0.00027, step time: 0.00446
epoch: [15], step: [384/391], batch loss: 0.35843, batch accuracy: 87.50, data load time: 0.00027, step time: 0.00447
validation loss: 2.21023, accuracy: 57.41
epoch: [16], step: [3/391], batch loss: 0.28327, batch accuracy: 88.28, data load time: 0.00032, step time: 0.00474
epoch: [16], step: [13/391], batch loss: 0.27454, batch accuracy: 89.84, data load time: 0.00031, step time: 0.04166
epoch: [16], step: [23/391], batch loss: 0.28166, batch accuracy: 89.84, data load time: 0.00032, step time: 0.02695
epoch: [16], step: [33/391], batch loss: 0.29518, batch accuracy: 88.28, data load time: 0.00032, step time: 0.02664
epoch: [16], step: [43/391], batch loss: 0.24025, batch accuracy: 90.62, data load time: 0.00030, step time: 0.02665
epoch: [16], step: [53/391], batch loss: 0.41836, batch accuracy: 85.16, data load time: 0.00030, step time: 0.02656
epoch: [16], step: [63/391], batch loss: 0.24206, batch accuracy: 91.41, data load time: 0.00033, step time: 0.02750
epoch: [16], step: [73/391], batch loss: 0.24895, batch accuracy: 91.41, data load time: 0.00030, step time: 0.02669
epoch: [16], step: [83/391], batch loss: 0.19404, batch accuracy: 92.19, data load time: 0.00035, step time: 0.02678
epoch: [16], step: [93/391], batch loss: 0.45311, batch accuracy: 84.38, data load time: 0.00032, step time: 0.02687
epoch: [16], step: [103/391], batch loss: 0.21560, batch accuracy: 93.75, data load time: 0.00031, step time: 0.02663
epoch: [16], step: [113/391], batch loss: 0.29011, batch accuracy: 89.84, data load time: 0.00031, step time: 0.02674
epoch: [16], step: [123/391], batch loss: 0.23880, batch accuracy: 92.19, data load time: 0.00031, step time: 0.02670
epoch: [16], step: [133/391], batch loss: 0.23032, batch accuracy: 93.75, data load time: 0.00031, step time: 0.02670
epoch: [16], step: [143/391], batch loss: 0.30227, batch accuracy: 88.28, data load time: 0.00032, step time: 0.02678
epoch: [16], step: [153/391], batch loss: 0.38618, batch accuracy: 88.28, data load time: 0.00032, step time: 0.02673
epoch: [16], step: [163/391], batch loss: 0.35254, batch accuracy: 85.94, data load time: 0.00031, step time: 0.02672
epoch: [16], step: [173/391], batch loss: 0.29291, batch accuracy: 89.06, data load time: 0.00031, step time: 0.02659
epoch: [16], step: [183/391], batch loss: 0.35318, batch accuracy: 86.72, data load time: 0.00038, step time: 0.02652
epoch: [16], step: [193/391], batch loss: 0.44281, batch accuracy: 83.59, data load time: 0.00031, step time: 0.02649
epoch: [16], step: [203/391], batch loss: 0.28921, batch accuracy: 89.06, data load time: 0.00031, step time: 0.02666
epoch: [16], step: [213/391], batch loss: 0.29280, batch accuracy: 89.84, data load time: 0.00031, step time: 0.02652
epoch: [16], step: [223/391], batch loss: 0.35390, batch accuracy: 86.72, data load time: 0.00032, step time: 0.02645
epoch: [16], step: [233/391], batch loss: 0.51116, batch accuracy: 85.94, data load time: 0.00031, step time: 0.02656
epoch: [16], step: [243/391], batch loss: 0.42775, batch accuracy: 84.38, data load time: 0.00031, step time: 0.02644
epoch: [16], step: [253/391], batch loss: 0.38775, batch accuracy: 88.28, data load time: 0.00031, step time: 0.02657
epoch: [16], step: [263/391], batch loss: 0.33375, batch accuracy: 90.62, data load time: 0.00031, step time: 0.02654
epoch: [16], step: [273/391], batch loss: 0.36843, batch accuracy: 83.59, data load time: 0.00031, step time: 0.02653
epoch: [16], step: [283/391], batch loss: 0.26457, batch accuracy: 85.94, data load time: 0.00032, step time: 0.02645
epoch: [16], step: [293/391], batch loss: 0.28875, batch accuracy: 92.97, data load time: 0.00031, step time: 0.02647
epoch: [16], step: [303/391], batch loss: 0.34840, batch accuracy: 87.50, data load time: 0.00031, step time: 0.02653
epoch: [16], step: [313/391], batch loss: 0.40286, batch accuracy: 84.38, data load time: 0.00032, step time: 0.02657
epoch: [16], step: [323/391], batch loss: 0.30238, batch accuracy: 88.28, data load time: 0.00033, step time: 0.02646
epoch: [16], step: [333/391], batch loss: 0.21325, batch accuracy: 92.97, data load time: 0.00031, step time: 0.02644
epoch: [16], step: [343/391], batch loss: 0.21966, batch accuracy: 89.84, data load time: 0.00028, step time: 0.00446
epoch: [16], step: [353/391], batch loss: 0.44516, batch accuracy: 84.38, data load time: 0.00028, step time: 0.00447
epoch: [16], step: [363/391], batch loss: 0.31903, batch accuracy: 85.16, data load time: 0.00027, step time: 0.00447
epoch: [16], step: [373/391], batch loss: 0.43693, batch accuracy: 89.06, data load time: 0.00027, step time: 0.00447
epoch: [16], step: [383/391], batch loss: 0.27413, batch accuracy: 88.28, data load time: 0.00027, step time: 0.00446
epoch: [17], step: [2/391], batch loss: 0.26706, batch accuracy: 90.62, data load time: 0.00032, step time: 0.01718
epoch: [17], step: [12/391], batch loss: 0.29414, batch accuracy: 92.19, data load time: 0.00031, step time: 0.03920
epoch: [17], step: [22/391], batch loss: 0.21575, batch accuracy: 92.97, data load time: 0.00033, step time: 0.02858
epoch: [17], step: [32/391], batch loss: 0.25329, batch accuracy: 90.62, data load time: 0.00030, step time: 0.02666
epoch: [17], step: [42/391], batch loss: 0.30176, batch accuracy: 89.06, data load time: 0.00030, step time: 0.02661
epoch: [17], step: [52/391], batch loss: 0.23505, batch accuracy: 90.62, data load time: 0.00030, step time: 0.02662
epoch: [17], step: [62/391], batch loss: 0.30650, batch accuracy: 87.50, data load time: 0.00031, step time: 0.02689
epoch: [17], step: [72/391], batch loss: 0.30614, batch accuracy: 90.62, data load time: 0.00031, step time: 0.02667
epoch: [17], step: [82/391], batch loss: 0.14966, batch accuracy: 92.97, data load time: 0.00030, step time: 0.02675
epoch: [17], step: [92/391], batch loss: 0.26594, batch accuracy: 88.28, data load time: 0.00030, step time: 0.02673
epoch: [17], step: [102/391], batch loss: 0.30315, batch accuracy: 89.84, data load time: 0.00032, step time: 0.02675
epoch: [17], step: [112/391], batch loss: 0.20549, batch accuracy: 92.19, data load time: 0.00032, step time: 0.02656
epoch: [17], step: [122/391], batch loss: 0.31595, batch accuracy: 89.06, data load time: 0.00031, step time: 0.02676
epoch: [17], step: [132/391], batch loss: 0.32453, batch accuracy: 85.94, data load time: 0.00031, step time: 0.02669
epoch: [17], step: [142/391], batch loss: 0.27152, batch accuracy: 90.62, data load time: 0.00031, step time: 0.02662
epoch: [17], step: [152/391], batch loss: 0.34411, batch accuracy: 88.28, data load time: 0.00031, step time: 0.02678
epoch: [17], step: [162/391], batch loss: 0.22890, batch accuracy: 90.62, data load time: 0.00031, step time: 0.02685
epoch: [17], step: [172/391], batch loss: 0.29154, batch accuracy: 91.41, data load time: 0.00032, step time: 0.02665
epoch: [17], step: [182/391], batch loss: 0.27560, batch accuracy: 86.72, data load time: 0.00031, step time: 0.02653
epoch: [17], step: [192/391], batch loss: 0.31847, batch accuracy: 87.50, data load time: 0.00032, step time: 0.02650
epoch: [17], step: [202/391], batch loss: 0.22493, batch accuracy: 90.62, data load time: 0.00032, step time: 0.02655
epoch: [17], step: [212/391], batch loss: 0.46564, batch accuracy: 85.94, data load time: 0.00031, step time: 0.02656
epoch: [17], step: [222/391], batch loss: 0.23192, batch accuracy: 88.28, data load time: 0.00033, step time: 0.02669
epoch: [17], step: [232/391], batch loss: 0.27291, batch accuracy: 90.62, data load time: 0.00032, step time: 0.02666
epoch: [17], step: [242/391], batch loss: 0.40403, batch accuracy: 84.38, data load time: 0.00032, step time: 0.02654
epoch: [17], step: [252/391], batch loss: 0.37513, batch accuracy: 89.84, data load time: 0.00032, step time: 0.02643
epoch: [17], step: [262/391], batch loss: 0.26675, batch accuracy: 89.84, data load time: 0.00031, step time: 0.02657
epoch: [17], step: [272/391], batch loss: 0.40750, batch accuracy: 83.59, data load time: 0.00031, step time: 0.02654
epoch: [17], step: [282/391], batch loss: 0.30749, batch accuracy: 89.84, data load time: 0.00031, step time: 0.02646
epoch: [17], step: [292/391], batch loss: 0.29273, batch accuracy: 89.84, data load time: 0.00031, step time: 0.02655
epoch: [17], step: [302/391], batch loss: 0.37771, batch accuracy: 88.28, data load time: 0.00032, step time: 0.02657
epoch: [17], step: [312/391], batch loss: 0.36837, batch accuracy: 90.62, data load time: 0.00032, step time: 0.02659
epoch: [17], step: [322/391], batch loss: 0.36442, batch accuracy: 89.06, data load time: 0.00032, step time: 0.02652
epoch: [17], step: [332/391], batch loss: 0.24555, batch accuracy: 91.41, data load time: 0.00031, step time: 0.02658
epoch: [17], step: [342/391], batch loss: 0.30981, batch accuracy: 89.06, data load time: 0.00027, step time: 0.00481
epoch: [17], step: [352/391], batch loss: 0.34983, batch accuracy: 85.16, data load time: 0.00028, step time: 0.00453
epoch: [17], step: [362/391], batch loss: 0.32928, batch accuracy: 90.62, data load time: 0.00028, step time: 0.00453
epoch: [17], step: [372/391], batch loss: 0.26613, batch accuracy: 90.62, data load time: 0.00027, step time: 0.00450
epoch: [17], step: [382/391], batch loss: 0.30084, batch accuracy: 86.72, data load time: 0.00027, step time: 0.00449
validation loss: 1.62479, accuracy: 64.14
epoch: [18], step: [1/391], batch loss: 0.21202, batch accuracy: 91.41, data load time: 0.00035, step time: 0.00729
epoch: [18], step: [11/391], batch loss: 0.37539, batch accuracy: 87.50, data load time: 0.00032, step time: 0.02851
epoch: [18], step: [21/391], batch loss: 0.15717, batch accuracy: 94.53, data load time: 0.00031, step time: 0.02683
epoch: [18], step: [31/391], batch loss: 0.21616, batch accuracy: 92.97, data load time: 0.00030, step time: 0.02664
epoch: [18], step: [41/391], batch loss: 0.23817, batch accuracy: 89.84, data load time: 0.00030, step time: 0.02654
epoch: [18], step: [51/391], batch loss: 0.10646, batch accuracy: 97.66, data load time: 0.00030, step time: 0.02661
epoch: [18], step: [61/391], batch loss: 0.20068, batch accuracy: 92.19, data load time: 0.00030, step time: 0.02662
epoch: [18], step: [71/391], batch loss: 0.20167, batch accuracy: 92.97, data load time: 0.00030, step time: 0.02676
epoch: [18], step: [81/391], batch loss: 0.15283, batch accuracy: 92.19, data load time: 0.00030, step time: 0.02670
epoch: [18], step: [91/391], batch loss: 0.20153, batch accuracy: 92.19, data load time: 0.00031, step time: 0.02681
epoch: [18], step: [101/391], batch loss: 0.26036, batch accuracy: 90.62, data load time: 0.00031, step time: 0.02675
epoch: [18], step: [111/391], batch loss: 0.25395, batch accuracy: 91.41, data load time: 0.00031, step time: 0.02668
epoch: [18], step: [121/391], batch loss: 0.22028, batch accuracy: 92.19, data load time: 0.00031, step time: 0.02677
epoch: [18], step: [131/391], batch loss: 0.24786, batch accuracy: 94.53, data load time: 0.00033, step time: 0.02784
epoch: [18], step: [141/391], batch loss: 0.23496, batch accuracy: 89.06, data load time: 0.00031, step time: 0.02667
epoch: [18], step: [151/391], batch loss: 0.40003, batch accuracy: 85.16, data load time: 0.00032, step time: 0.02678
epoch: [18], step: [161/391], batch loss: 0.15553, batch accuracy: 95.31, data load time: 0.00031, step time: 0.02671
epoch: [18], step: [171/391], batch loss: 0.24996, batch accuracy: 91.41, data load time: 0.00032, step time: 0.02650
epoch: [18], step: [181/391], batch loss: 0.31394, batch accuracy: 90.62, data load time: 0.00032, step time: 0.02654
epoch: [18], step: [191/391], batch loss: 0.23912, batch accuracy: 89.06, data load time: 0.00031, step time: 0.02653
epoch: [18], step: [201/391], batch loss: 0.35147, batch accuracy: 89.06, data load time: 0.00032, step time: 0.02656
epoch: [18], step: [211/391], batch loss: 0.39669, batch accuracy: 86.72, data load time: 0.00032, step time: 0.02648
epoch: [18], step: [221/391], batch loss: 0.19936, batch accuracy: 93.75, data load time: 0.00031, step time: 0.02656
epoch: [18], step: [231/391], batch loss: 0.34040, batch accuracy: 88.28, data load time: 0.00031, step time: 0.02661
epoch: [18], step: [241/391], batch loss: 0.35401, batch accuracy: 87.50, data load time: 0.00031, step time: 0.02653
epoch: [18], step: [251/391], batch loss: 0.21960, batch accuracy: 92.19, data load time: 0.00032, step time: 0.02657
epoch: [18], step: [261/391], batch loss: 0.33129, batch accuracy: 87.50, data load time: 0.00031, step time: 0.02656
epoch: [18], step: [271/391], batch loss: 0.37344, batch accuracy: 89.06, data load time: 0.00032, step time: 0.02654
epoch: [18], step: [281/391], batch loss: 0.18699, batch accuracy: 92.19, data load time: 0.00031, step time: 0.02652
epoch: [18], step: [291/391], batch loss: 0.26826, batch accuracy: 91.41, data load time: 0.00031, step time: 0.02656
epoch: [18], step: [301/391], batch loss: 0.25388, batch accuracy: 89.84, data load time: 0.00031, step time: 0.02649
epoch: [18], step: [311/391], batch loss: 0.37077, batch accuracy: 85.16, data load time: 0.00032, step time: 0.02647
epoch: [18], step: [321/391], batch loss: 0.29337, batch accuracy: 89.06, data load time: 0.00031, step time: 0.02648
epoch: [18], step: [331/391], batch loss: 0.26604, batch accuracy: 87.50, data load time: 0.00031, step time: 0.02660
epoch: [18], step: [341/391], batch loss: 0.29411, batch accuracy: 91.41, data load time: 0.00027, step time: 0.00447
epoch: [18], step: [351/391], batch loss: 0.31524, batch accuracy: 90.62, data load time: 0.00027, step time: 0.00446
epoch: [18], step: [361/391], batch loss: 0.27556, batch accuracy: 92.19, data load time: 0.00027, step time: 0.00446
epoch: [18], step: [371/391], batch loss: 0.37690, batch accuracy: 85.16, data load time: 0.00027, step time: 0.00447
epoch: [18], step: [381/391], batch loss: 0.29065, batch accuracy: 89.84, data load time: 0.00027, step time: 0.00446
epoch: [19], step: [0/391], batch loss: 0.21043, batch accuracy: 92.19, data load time: 1.63255, step time: 0.59800
epoch: [19], step: [10/391], batch loss: 0.14125, batch accuracy: 95.31, data load time: 0.00031, step time: 0.02814
epoch: [19], step: [20/391], batch loss: 0.27116, batch accuracy: 92.19, data load time: 0.00031, step time: 0.02656
epoch: [19], step: [30/391], batch loss: 0.31419, batch accuracy: 86.72, data load time: 0.00030, step time: 0.02636
epoch: [19], step: [40/391], batch loss: 0.19499, batch accuracy: 93.75, data load time: 0.00031, step time: 0.02511
epoch: [19], step: [50/391], batch loss: 0.13684, batch accuracy: 96.88, data load time: 0.00030, step time: 0.02651
epoch: [19], step: [60/391], batch loss: 0.18691, batch accuracy: 95.31, data load time: 0.00030, step time: 0.02657
epoch: [19], step: [70/391], batch loss: 0.13702, batch accuracy: 94.53, data load time: 0.00030, step time: 0.02666
epoch: [19], step: [80/391], batch loss: 0.27983, batch accuracy: 90.62, data load time: 0.00030, step time: 0.02670
epoch: [19], step: [90/391], batch loss: 0.23176, batch accuracy: 92.19, data load time: 0.00030, step time: 0.02660
epoch: [19], step: [100/391], batch loss: 0.25700, batch accuracy: 89.06, data load time: 0.00031, step time: 0.02668
epoch: [19], step: [110/391], batch loss: 0.26662, batch accuracy: 91.41, data load time: 0.00032, step time: 0.02665
epoch: [19], step: [120/391], batch loss: 0.23595, batch accuracy: 89.06, data load time: 0.00031, step time: 0.02661
epoch: [19], step: [130/391], batch loss: 0.25675, batch accuracy: 91.41, data load time: 0.00031, step time: 0.02667
epoch: [19], step: [140/391], batch loss: 0.20247, batch accuracy: 95.31, data load time: 0.00031, step time: 0.02670
epoch: [19], step: [150/391], batch loss: 0.23148, batch accuracy: 92.19, data load time: 0.00031, step time: 0.02673
epoch: [19], step: [160/391], batch loss: 0.22584, batch accuracy: 92.97, data load time: 0.00031, step time: 0.02673
epoch: [19], step: [170/391], batch loss: 0.21722, batch accuracy: 92.97, data load time: 0.00031, step time: 0.02644
epoch: [19], step: [180/391], batch loss: 0.20090, batch accuracy: 89.84, data load time: 0.00033, step time: 0.02644
epoch: [19], step: [190/391], batch loss: 0.15684, batch accuracy: 93.75, data load time: 0.00032, step time: 0.02638
epoch: [19], step: [200/391], batch loss: 0.19463, batch accuracy: 93.75, data load time: 0.00033, step time: 0.02650
epoch: [19], step: [210/391], batch loss: 0.35963, batch accuracy: 88.28, data load time: 0.00031, step time: 0.02649
epoch: [19], step: [220/391], batch loss: 0.24207, batch accuracy: 88.28, data load time: 0.00031, step time: 0.02658
epoch: [19], step: [230/391], batch loss: 0.38137, batch accuracy: 88.28, data load time: 0.00032, step time: 0.02645
epoch: [19], step: [240/391], batch loss: 0.22895, batch accuracy: 93.75, data load time: 0.00031, step time: 0.02657
epoch: [19], step: [250/391], batch loss: 0.25892, batch accuracy: 89.06, data load time: 0.00031, step time: 0.02650
epoch: [19], step: [260/391], batch loss: 0.32652, batch accuracy: 88.28, data load time: 0.00031, step time: 0.02657
epoch: [19], step: [270/391], batch loss: 0.26194, batch accuracy: 91.41, data load time: 0.00032, step time: 0.02650
epoch: [19], step: [280/391], batch loss: 0.25142, batch accuracy: 90.62, data load time: 0.00031, step time: 0.02650
epoch: [19], step: [290/391], batch loss: 0.40691, batch accuracy: 86.72, data load time: 0.00033, step time: 0.02657
epoch: [19], step: [300/391], batch loss: 0.23460, batch accuracy: 89.84, data load time: 0.00032, step time: 0.02648
epoch: [19], step: [310/391], batch loss: 0.29952, batch accuracy: 87.50, data load time: 0.00031, step time: 0.02651
epoch: [19], step: [320/391], batch loss: 0.26006, batch accuracy: 93.75, data load time: 0.00031, step time: 0.02658
epoch: [19], step: [330/391], batch loss: 0.45885, batch accuracy: 89.06, data load time: 0.00031, step time: 0.02643
epoch: [19], step: [340/391], batch loss: 0.34674, batch accuracy: 89.84, data load time: 0.00027, step time: 0.00445
epoch: [19], step: [350/391], batch loss: 0.26569, batch accuracy: 89.06, data load time: 0.00027, step time: 0.00446
epoch: [19], step: [360/391], batch loss: 0.26240, batch accuracy: 89.06, data load time: 0.00027, step time: 0.00446
epoch: [19], step: [370/391], batch loss: 0.26071, batch accuracy: 89.84, data load time: 0.00027, step time: 0.00446
epoch: [19], step: [380/391], batch loss: 0.28335, batch accuracy: 89.06, data load time: 0.00027, step time: 0.00445
epoch: [19], step: [390/391], batch loss: 0.44346, batch accuracy: 85.00, data load time: 0.00021, step time: 0.00343
validation loss: 2.26532, accuracy: 60.44
