Files already downloaded and verified
Writing logs to logs/CNN_bs=256_lr=0.1_run_2
epoch: [0], step: [9/196], batch loss: 2.62258, batch accuracy: 30.47, data load time: 0.00046, step time: 0.05396
epoch: [0], step: [19/196], batch loss: 2.29163, batch accuracy: 35.16, data load time: 0.00047, step time: 0.05130
epoch: [0], step: [29/196], batch loss: 1.79734, batch accuracy: 42.97, data load time: 0.00045, step time: 0.05131
epoch: [0], step: [39/196], batch loss: 1.49137, batch accuracy: 48.44, data load time: 0.00045, step time: 0.04983
epoch: [0], step: [49/196], batch loss: 1.43868, batch accuracy: 52.34, data load time: 0.00045, step time: 0.04998
epoch: [0], step: [59/196], batch loss: 1.56355, batch accuracy: 49.22, data load time: 0.00046, step time: 0.05062
epoch: [0], step: [69/196], batch loss: 1.28034, batch accuracy: 57.03, data load time: 0.00046, step time: 0.04895
epoch: [0], step: [79/196], batch loss: 1.26818, batch accuracy: 54.69, data load time: 0.00046, step time: 0.04904
epoch: [0], step: [89/196], batch loss: 1.20543, batch accuracy: 58.59, data load time: 0.00046, step time: 0.04892
epoch: [0], step: [99/196], batch loss: 1.37643, batch accuracy: 54.30, data load time: 0.00046, step time: 0.04914
epoch: [0], step: [109/196], batch loss: 1.39195, batch accuracy: 51.17, data load time: 0.00046, step time: 0.04894
epoch: [0], step: [119/196], batch loss: 1.34670, batch accuracy: 53.12, data load time: 0.00046, step time: 0.04919
epoch: [0], step: [129/196], batch loss: 1.20536, batch accuracy: 60.16, data load time: 0.00048, step time: 0.04913
epoch: [0], step: [139/196], batch loss: 1.16533, batch accuracy: 58.59, data load time: 0.00361, step time: 0.01859
epoch: [0], step: [149/196], batch loss: 1.35659, batch accuracy: 49.22, data load time: 0.00040, step time: 0.00879
epoch: [0], step: [159/196], batch loss: 1.28871, batch accuracy: 53.91, data load time: 0.00040, step time: 0.00821
epoch: [0], step: [169/196], batch loss: 1.19653, batch accuracy: 56.64, data load time: 0.00040, step time: 0.00811
epoch: [0], step: [179/196], batch loss: 1.04543, batch accuracy: 64.06, data load time: 0.00040, step time: 0.00814
epoch: [0], step: [189/196], batch loss: 1.19182, batch accuracy: 60.94, data load time: 0.00041, step time: 0.00811
epoch: [1], step: [3/196], batch loss: 1.02945, batch accuracy: 64.84, data load time: 0.00046, step time: 0.05710
epoch: [1], step: [13/196], batch loss: 0.94042, batch accuracy: 65.62, data load time: 0.00047, step time: 0.04728
epoch: [1], step: [23/196], batch loss: 1.16786, batch accuracy: 62.89, data load time: 0.00047, step time: 0.05046
epoch: [1], step: [33/196], batch loss: 1.37715, batch accuracy: 53.12, data load time: 0.00045, step time: 0.05170
epoch: [1], step: [43/196], batch loss: 0.99800, batch accuracy: 67.58, data load time: 0.00045, step time: 0.05158
epoch: [1], step: [53/196], batch loss: 1.01191, batch accuracy: 62.89, data load time: 0.00046, step time: 0.05094
epoch: [1], step: [63/196], batch loss: 1.15745, batch accuracy: 59.38, data load time: 0.00045, step time: 0.04943
epoch: [1], step: [73/196], batch loss: 1.12058, batch accuracy: 58.98, data load time: 0.00045, step time: 0.04926
epoch: [1], step: [83/196], batch loss: 1.08015, batch accuracy: 60.16, data load time: 0.00051, step time: 0.04989
epoch: [1], step: [93/196], batch loss: 1.24456, batch accuracy: 59.38, data load time: 0.00046, step time: 0.04913
epoch: [1], step: [103/196], batch loss: 1.15436, batch accuracy: 59.77, data load time: 0.00046, step time: 0.04923
epoch: [1], step: [113/196], batch loss: 1.03939, batch accuracy: 61.33, data load time: 0.00048, step time: 0.04930
epoch: [1], step: [123/196], batch loss: 0.99473, batch accuracy: 66.41, data load time: 0.00048, step time: 0.04929
epoch: [1], step: [133/196], batch loss: 1.01256, batch accuracy: 61.72, data load time: 0.00046, step time: 0.04907
epoch: [1], step: [143/196], batch loss: 1.28432, batch accuracy: 52.73, data load time: 0.00041, step time: 0.00881
epoch: [1], step: [153/196], batch loss: 1.04797, batch accuracy: 62.89, data load time: 0.00041, step time: 0.00824
epoch: [1], step: [163/196], batch loss: 1.14209, batch accuracy: 58.20, data load time: 0.00040, step time: 0.00825
epoch: [1], step: [173/196], batch loss: 0.99053, batch accuracy: 63.28, data load time: 0.00042, step time: 0.00820
epoch: [1], step: [183/196], batch loss: 0.99137, batch accuracy: 69.53, data load time: 0.00040, step time: 0.00816
epoch: [1], step: [193/196], batch loss: 0.97866, batch accuracy: 68.75, data load time: 0.00040, step time: 0.00815
validation loss: 1.33563, accuracy: 54.31
epoch: [2], step: [7/196], batch loss: 0.89049, batch accuracy: 71.88, data load time: 0.00046, step time: 0.08254
epoch: [2], step: [17/196], batch loss: 0.89762, batch accuracy: 67.97, data load time: 0.00047, step time: 0.04994
epoch: [2], step: [27/196], batch loss: 0.97724, batch accuracy: 65.23, data load time: 0.01152, step time: 0.04703
epoch: [2], step: [37/196], batch loss: 0.94606, batch accuracy: 65.62, data load time: 0.00045, step time: 0.05113
epoch: [2], step: [47/196], batch loss: 0.99152, batch accuracy: 66.02, data load time: 0.00045, step time: 0.05136
epoch: [2], step: [57/196], batch loss: 0.86396, batch accuracy: 67.19, data load time: 0.00046, step time: 0.04914
epoch: [2], step: [67/196], batch loss: 1.01160, batch accuracy: 64.45, data load time: 0.00045, step time: 0.04911
epoch: [2], step: [77/196], batch loss: 0.83903, batch accuracy: 72.27, data load time: 0.00046, step time: 0.04928
epoch: [2], step: [87/196], batch loss: 1.01726, batch accuracy: 64.45, data load time: 0.00046, step time: 0.04913
epoch: [2], step: [97/196], batch loss: 0.89927, batch accuracy: 71.09, data load time: 0.00046, step time: 0.04909
epoch: [2], step: [107/196], batch loss: 0.88842, batch accuracy: 71.88, data load time: 0.00046, step time: 0.04926
epoch: [2], step: [117/196], batch loss: 0.88048, batch accuracy: 69.53, data load time: 0.00047, step time: 0.04926
epoch: [2], step: [127/196], batch loss: 0.94279, batch accuracy: 67.97, data load time: 0.00047, step time: 0.04921
epoch: [2], step: [137/196], batch loss: 0.89398, batch accuracy: 69.92, data load time: 0.00047, step time: 0.04922
epoch: [2], step: [147/196], batch loss: 0.90998, batch accuracy: 67.97, data load time: 0.00041, step time: 0.00815
epoch: [2], step: [157/196], batch loss: 0.96171, batch accuracy: 66.02, data load time: 0.00040, step time: 0.00811
epoch: [2], step: [167/196], batch loss: 0.82958, batch accuracy: 69.92, data load time: 0.00040, step time: 0.00813
epoch: [2], step: [177/196], batch loss: 0.87706, batch accuracy: 69.14, data load time: 0.00040, step time: 0.00809
epoch: [2], step: [187/196], batch loss: 0.94343, batch accuracy: 68.36, data load time: 0.00040, step time: 0.00812
epoch: [3], step: [1/196], batch loss: 0.94140, batch accuracy: 66.41, data load time: 0.00050, step time: 0.00820
epoch: [3], step: [11/196], batch loss: 0.80935, batch accuracy: 70.70, data load time: 0.00047, step time: 0.40789
epoch: [3], step: [21/196], batch loss: 0.90969, batch accuracy: 67.19, data load time: 0.00046, step time: 0.05045
epoch: [3], step: [31/196], batch loss: 0.79891, batch accuracy: 68.36, data load time: 0.00046, step time: 0.05107
epoch: [3], step: [41/196], batch loss: 0.86732, batch accuracy: 69.92, data load time: 0.00045, step time: 0.05161
epoch: [3], step: [51/196], batch loss: 0.70333, batch accuracy: 73.83, data load time: 0.00048, step time: 0.05072
epoch: [3], step: [61/196], batch loss: 0.85225, batch accuracy: 68.75, data load time: 0.00045, step time: 0.04921
epoch: [3], step: [71/196], batch loss: 0.83460, batch accuracy: 70.70, data load time: 0.00045, step time: 0.04924
epoch: [3], step: [81/196], batch loss: 0.83130, batch accuracy: 76.17, data load time: 0.00045, step time: 0.04909
epoch: [3], step: [91/196], batch loss: 0.82560, batch accuracy: 73.05, data load time: 0.00045, step time: 0.04902
epoch: [3], step: [101/196], batch loss: 0.94476, batch accuracy: 67.97, data load time: 0.00046, step time: 0.04929
epoch: [3], step: [111/196], batch loss: 0.82060, batch accuracy: 74.22, data load time: 0.00046, step time: 0.04900
epoch: [3], step: [121/196], batch loss: 0.87563, batch accuracy: 68.75, data load time: 0.00046, step time: 0.04925
epoch: [3], step: [131/196], batch loss: 0.86479, batch accuracy: 71.09, data load time: 0.00046, step time: 0.04922
epoch: [3], step: [141/196], batch loss: 0.88590, batch accuracy: 72.27, data load time: 0.00040, step time: 0.00813
epoch: [3], step: [151/196], batch loss: 0.82158, batch accuracy: 72.27, data load time: 0.00040, step time: 0.00809
epoch: [3], step: [161/196], batch loss: 0.78840, batch accuracy: 73.05, data load time: 0.00041, step time: 0.00816
epoch: [3], step: [171/196], batch loss: 0.89905, batch accuracy: 68.36, data load time: 0.00040, step time: 0.00809
epoch: [3], step: [181/196], batch loss: 0.94368, batch accuracy: 67.19, data load time: 0.00040, step time: 0.00815
epoch: [3], step: [191/196], batch loss: 0.77685, batch accuracy: 70.70, data load time: 0.00041, step time: 0.00817
validation loss: 1.79568, accuracy: 48.58
epoch: [4], step: [5/196], batch loss: 0.67442, batch accuracy: 77.73, data load time: 0.00046, step time: 0.05397
epoch: [4], step: [15/196], batch loss: 0.80752, batch accuracy: 72.66, data load time: 0.00046, step time: 0.05027
epoch: [4], step: [25/196], batch loss: 0.68257, batch accuracy: 73.44, data load time: 0.16848, step time: 0.04332
epoch: [4], step: [35/196], batch loss: 0.85363, batch accuracy: 66.41, data load time: 0.00045, step time: 0.04767
epoch: [4], step: [45/196], batch loss: 0.76680, batch accuracy: 73.44, data load time: 0.00045, step time: 0.05126
epoch: [4], step: [55/196], batch loss: 0.74971, batch accuracy: 73.05, data load time: 0.00047, step time: 0.04988
epoch: [4], step: [65/196], batch loss: 0.79789, batch accuracy: 74.61, data load time: 0.00045, step time: 0.04929
epoch: [4], step: [75/196], batch loss: 0.68630, batch accuracy: 76.56, data load time: 0.00045, step time: 0.04935
epoch: [4], step: [85/196], batch loss: 0.73344, batch accuracy: 71.88, data load time: 0.00045, step time: 0.04973
epoch: [4], step: [95/196], batch loss: 0.82620, batch accuracy: 71.09, data load time: 0.00046, step time: 0.04942
epoch: [4], step: [105/196], batch loss: 0.79443, batch accuracy: 72.66, data load time: 0.00046, step time: 0.04951
epoch: [4], step: [115/196], batch loss: 0.71038, batch accuracy: 72.27, data load time: 0.00048, step time: 0.04951
epoch: [4], step: [125/196], batch loss: 0.82006, batch accuracy: 72.27, data load time: 0.00048, step time: 0.04955
epoch: [4], step: [135/196], batch loss: 0.72256, batch accuracy: 75.78, data load time: 0.00047, step time: 0.04945
epoch: [4], step: [145/196], batch loss: 0.79186, batch accuracy: 75.00, data load time: 0.00040, step time: 0.00871
epoch: [4], step: [155/196], batch loss: 0.79281, batch accuracy: 71.48, data load time: 0.00041, step time: 0.00871
epoch: [4], step: [165/196], batch loss: 0.78147, batch accuracy: 71.88, data load time: 0.00040, step time: 0.00818
epoch: [4], step: [175/196], batch loss: 0.72858, batch accuracy: 75.00, data load time: 0.00040, step time: 0.00821
epoch: [4], step: [185/196], batch loss: 0.81246, batch accuracy: 70.70, data load time: 0.00040, step time: 0.00818
epoch: [4], step: [195/196], batch loss: 0.78168, batch accuracy: 70.00, data load time: 0.00021, step time: 0.00401
epoch: [5], step: [9/196], batch loss: 0.75435, batch accuracy: 74.61, data load time: 0.00046, step time: 0.00814
epoch: [5], step: [19/196], batch loss: 0.67349, batch accuracy: 74.22, data load time: 0.00046, step time: 0.05042
epoch: [5], step: [29/196], batch loss: 0.65282, batch accuracy: 78.52, data load time: 0.00045, step time: 0.05123
epoch: [5], step: [39/196], batch loss: 0.76946, batch accuracy: 75.00, data load time: 0.00045, step time: 0.05117
epoch: [5], step: [49/196], batch loss: 0.66810, batch accuracy: 75.00, data load time: 0.00045, step time: 0.05128
epoch: [5], step: [59/196], batch loss: 0.70297, batch accuracy: 74.61, data load time: 0.00045, step time: 0.04906
epoch: [5], step: [69/196], batch loss: 0.79800, batch accuracy: 71.88, data load time: 0.00045, step time: 0.04915
epoch: [5], step: [79/196], batch loss: 0.73807, batch accuracy: 75.00, data load time: 0.00045, step time: 0.04914
epoch: [5], step: [89/196], batch loss: 0.64966, batch accuracy: 75.00, data load time: 0.00045, step time: 0.04945
epoch: [5], step: [99/196], batch loss: 0.70533, batch accuracy: 74.61, data load time: 0.00046, step time: 0.04921
epoch: [5], step: [109/196], batch loss: 0.70709, batch accuracy: 75.78, data load time: 0.00048, step time: 0.04940
epoch: [5], step: [119/196], batch loss: 0.71197, batch accuracy: 76.56, data load time: 0.00048, step time: 0.04927
epoch: [5], step: [129/196], batch loss: 0.78828, batch accuracy: 69.92, data load time: 0.00046, step time: 0.04916
epoch: [5], step: [139/196], batch loss: 0.74967, batch accuracy: 72.27, data load time: 0.00291, step time: 0.01862
epoch: [5], step: [149/196], batch loss: 0.66170, batch accuracy: 76.95, data load time: 0.00041, step time: 0.00810
epoch: [5], step: [159/196], batch loss: 0.79854, batch accuracy: 75.00, data load time: 0.00040, step time: 0.00810
epoch: [5], step: [169/196], batch loss: 0.69739, batch accuracy: 74.22, data load time: 0.00041, step time: 0.00811
epoch: [5], step: [179/196], batch loss: 0.62375, batch accuracy: 76.95, data load time: 0.00040, step time: 0.00814
epoch: [5], step: [189/196], batch loss: 0.66562, batch accuracy: 77.73, data load time: 0.00040, step time: 0.00813
validation loss: 1.44340, accuracy: 58.23
epoch: [6], step: [3/196], batch loss: 0.66472, batch accuracy: 76.95, data load time: 0.00047, step time: 0.00861
epoch: [6], step: [13/196], batch loss: 0.59122, batch accuracy: 78.91, data load time: 0.00048, step time: 0.05688
epoch: [6], step: [23/196], batch loss: 0.59732, batch accuracy: 80.08, data load time: 0.00047, step time: 0.04392
epoch: [6], step: [33/196], batch loss: 0.67867, batch accuracy: 78.12, data load time: 0.00045, step time: 0.05139
epoch: [6], step: [43/196], batch loss: 0.62244, batch accuracy: 80.08, data load time: 0.00045, step time: 0.05140
epoch: [6], step: [53/196], batch loss: 0.54955, batch accuracy: 80.47, data load time: 0.00046, step time: 0.05097
epoch: [6], step: [63/196], batch loss: 0.66326, batch accuracy: 75.00, data load time: 0.00045, step time: 0.04939
epoch: [6], step: [73/196], batch loss: 0.66056, batch accuracy: 75.78, data load time: 0.00046, step time: 0.04923
epoch: [6], step: [83/196], batch loss: 0.66767, batch accuracy: 76.17, data load time: 0.00051, step time: 0.04921
epoch: [6], step: [93/196], batch loss: 0.57164, batch accuracy: 77.34, data load time: 0.00047, step time: 0.04922
epoch: [6], step: [103/196], batch loss: 0.74118, batch accuracy: 75.00, data load time: 0.00047, step time: 0.04918
epoch: [6], step: [113/196], batch loss: 0.69743, batch accuracy: 75.39, data load time: 0.00047, step time: 0.04924
epoch: [6], step: [123/196], batch loss: 0.67316, batch accuracy: 75.00, data load time: 0.00046, step time: 0.04919
epoch: [6], step: [133/196], batch loss: 0.76431, batch accuracy: 73.05, data load time: 0.00046, step time: 0.04919
epoch: [6], step: [143/196], batch loss: 0.60901, batch accuracy: 78.91, data load time: 0.00040, step time: 0.00812
epoch: [6], step: [153/196], batch loss: 0.73462, batch accuracy: 75.00, data load time: 0.00040, step time: 0.00813
epoch: [6], step: [163/196], batch loss: 0.70714, batch accuracy: 74.61, data load time: 0.00040, step time: 0.00814
epoch: [6], step: [173/196], batch loss: 0.57263, batch accuracy: 79.69, data load time: 0.00040, step time: 0.00809
epoch: [6], step: [183/196], batch loss: 0.79742, batch accuracy: 73.83, data load time: 0.00040, step time: 0.00810
epoch: [6], step: [193/196], batch loss: 0.74402, batch accuracy: 76.17, data load time: 0.00041, step time: 0.00809
epoch: [7], step: [7/196], batch loss: 0.60593, batch accuracy: 78.52, data load time: 0.00046, step time: 0.04125
epoch: [7], step: [17/196], batch loss: 0.50591, batch accuracy: 83.59, data load time: 0.00048, step time: 0.05055
epoch: [7], step: [27/196], batch loss: 0.53091, batch accuracy: 81.25, data load time: 0.01933, step time: 0.04710
epoch: [7], step: [37/196], batch loss: 0.49472, batch accuracy: 83.59, data load time: 0.00045, step time: 0.05101
epoch: [7], step: [47/196], batch loss: 0.58494, batch accuracy: 79.69, data load time: 0.00046, step time: 0.05124
epoch: [7], step: [57/196], batch loss: 0.70213, batch accuracy: 75.00, data load time: 0.00048, step time: 0.04922
epoch: [7], step: [67/196], batch loss: 0.63465, batch accuracy: 78.52, data load time: 0.00045, step time: 0.04921
epoch: [7], step: [77/196], batch loss: 0.61811, batch accuracy: 76.56, data load time: 0.00047, step time: 0.05133
epoch: [7], step: [87/196], batch loss: 0.52263, batch accuracy: 81.25, data load time: 0.00045, step time: 0.04959
epoch: [7], step: [97/196], batch loss: 0.58436, batch accuracy: 80.47, data load time: 0.00047, step time: 0.05000
epoch: [7], step: [107/196], batch loss: 0.55196, batch accuracy: 80.08, data load time: 0.00046, step time: 0.04947
epoch: [7], step: [117/196], batch loss: 0.65826, batch accuracy: 76.56, data load time: 0.00047, step time: 0.04964
epoch: [7], step: [127/196], batch loss: 0.49656, batch accuracy: 83.59, data load time: 0.00046, step time: 0.04937
epoch: [7], step: [137/196], batch loss: 0.60825, batch accuracy: 78.91, data load time: 0.00047, step time: 0.04943
epoch: [7], step: [147/196], batch loss: 0.63489, batch accuracy: 79.30, data load time: 0.00040, step time: 0.00817
epoch: [7], step: [157/196], batch loss: 0.66880, batch accuracy: 77.73, data load time: 0.00041, step time: 0.00811
epoch: [7], step: [167/196], batch loss: 0.70436, batch accuracy: 76.17, data load time: 0.00040, step time: 0.00811
epoch: [7], step: [177/196], batch loss: 0.50983, batch accuracy: 81.25, data load time: 0.00040, step time: 0.00809
epoch: [7], step: [187/196], batch loss: 0.74305, batch accuracy: 75.78, data load time: 0.00040, step time: 0.00813
validation loss: 1.27922, accuracy: 62.06
epoch: [8], step: [1/196], batch loss: 0.62643, batch accuracy: 78.52, data load time: 0.00050, step time: 0.00882
epoch: [8], step: [11/196], batch loss: 0.51625, batch accuracy: 83.20, data load time: 0.00046, step time: 0.00877
epoch: [8], step: [21/196], batch loss: 0.57621, batch accuracy: 80.47, data load time: 0.00046, step time: 0.05031
epoch: [8], step: [31/196], batch loss: 0.59509, batch accuracy: 80.08, data load time: 0.00045, step time: 0.05182
epoch: [8], step: [41/196], batch loss: 0.61326, batch accuracy: 79.69, data load time: 0.00045, step time: 0.05199
epoch: [8], step: [51/196], batch loss: 0.55494, batch accuracy: 81.25, data load time: 0.00045, step time: 0.04987
epoch: [8], step: [61/196], batch loss: 0.56134, batch accuracy: 83.20, data load time: 0.00046, step time: 0.04930
epoch: [8], step: [71/196], batch loss: 0.59160, batch accuracy: 78.52, data load time: 0.00045, step time: 0.04935
epoch: [8], step: [81/196], batch loss: 0.63793, batch accuracy: 77.34, data load time: 0.00045, step time: 0.04929
epoch: [8], step: [91/196], batch loss: 0.56956, batch accuracy: 82.81, data load time: 0.00045, step time: 0.04925
epoch: [8], step: [101/196], batch loss: 0.59089, batch accuracy: 81.25, data load time: 0.00046, step time: 0.04967
epoch: [8], step: [111/196], batch loss: 0.55444, batch accuracy: 81.25, data load time: 0.00046, step time: 0.04957
epoch: [8], step: [121/196], batch loss: 0.62573, batch accuracy: 79.30, data load time: 0.00047, step time: 0.04924
epoch: [8], step: [131/196], batch loss: 0.55126, batch accuracy: 80.08, data load time: 0.00047, step time: 0.04942
epoch: [8], step: [141/196], batch loss: 0.56427, batch accuracy: 78.52, data load time: 0.00040, step time: 0.00872
epoch: [8], step: [151/196], batch loss: 0.63112, batch accuracy: 77.73, data load time: 0.00040, step time: 0.00874
epoch: [8], step: [161/196], batch loss: 0.57001, batch accuracy: 77.73, data load time: 0.00040, step time: 0.00822
epoch: [8], step: [171/196], batch loss: 0.63495, batch accuracy: 79.69, data load time: 0.00040, step time: 0.00813
epoch: [8], step: [181/196], batch loss: 0.55133, batch accuracy: 81.25, data load time: 0.00040, step time: 0.00815
epoch: [8], step: [191/196], batch loss: 0.70475, batch accuracy: 76.17, data load time: 0.00040, step time: 0.00814
epoch: [9], step: [5/196], batch loss: 0.44416, batch accuracy: 83.20, data load time: 0.00046, step time: 0.06467
epoch: [9], step: [15/196], batch loss: 0.45647, batch accuracy: 83.98, data load time: 0.00047, step time: 0.03981
epoch: [9], step: [25/196], batch loss: 0.41255, batch accuracy: 86.33, data load time: 0.19115, step time: 0.04791
epoch: [9], step: [35/196], batch loss: 0.53459, batch accuracy: 82.81, data load time: 0.00046, step time: 0.05543
epoch: [9], step: [45/196], batch loss: 0.50260, batch accuracy: 80.86, data load time: 0.00046, step time: 0.05128
epoch: [9], step: [55/196], batch loss: 0.68042, batch accuracy: 78.52, data load time: 0.00048, step time: 0.04960
epoch: [9], step: [65/196], batch loss: 0.52225, batch accuracy: 80.86, data load time: 0.00045, step time: 0.04933
epoch: [9], step: [75/196], batch loss: 0.52686, batch accuracy: 82.42, data load time: 0.00046, step time: 0.04919
epoch: [9], step: [85/196], batch loss: 0.54570, batch accuracy: 81.25, data load time: 0.00045, step time: 0.04921
epoch: [9], step: [95/196], batch loss: 0.53644, batch accuracy: 79.30, data load time: 0.00047, step time: 0.04919
epoch: [9], step: [105/196], batch loss: 0.55595, batch accuracy: 81.64, data load time: 0.00046, step time: 0.04905
epoch: [9], step: [115/196], batch loss: 0.56219, batch accuracy: 81.25, data load time: 0.00055, step time: 0.04923
epoch: [9], step: [125/196], batch loss: 0.69117, batch accuracy: 75.39, data load time: 0.00046, step time: 0.04930
epoch: [9], step: [135/196], batch loss: 0.60336, batch accuracy: 81.25, data load time: 0.00046, step time: 0.04912
epoch: [9], step: [145/196], batch loss: 0.69890, batch accuracy: 76.56, data load time: 0.00040, step time: 0.00810
epoch: [9], step: [155/196], batch loss: 0.74040, batch accuracy: 76.95, data load time: 0.00041, step time: 0.00815
epoch: [9], step: [165/196], batch loss: 0.51486, batch accuracy: 82.81, data load time: 0.00040, step time: 0.00813
epoch: [9], step: [175/196], batch loss: 0.48258, batch accuracy: 80.47, data load time: 0.00040, step time: 0.00809
epoch: [9], step: [185/196], batch loss: 0.71892, batch accuracy: 74.61, data load time: 0.00041, step time: 0.00810
epoch: [9], step: [195/196], batch loss: 0.62469, batch accuracy: 73.75, data load time: 0.00022, step time: 0.00399
validation loss: 1.88503, accuracy: 51.92
epoch: [10], step: [9/196], batch loss: 0.39140, batch accuracy: 85.16, data load time: 0.00046, step time: 0.00884
epoch: [10], step: [19/196], batch loss: 0.42271, batch accuracy: 85.55, data load time: 0.00048, step time: 0.05024
epoch: [10], step: [29/196], batch loss: 0.40685, batch accuracy: 85.16, data load time: 0.00046, step time: 0.05132
epoch: [10], step: [39/196], batch loss: 0.45144, batch accuracy: 82.42, data load time: 0.00045, step time: 0.05123
epoch: [10], step: [49/196], batch loss: 0.47650, batch accuracy: 83.20, data load time: 0.00045, step time: 0.05148
epoch: [10], step: [59/196], batch loss: 0.49789, batch accuracy: 81.64, data load time: 0.00045, step time: 0.04926
epoch: [10], step: [69/196], batch loss: 0.42806, batch accuracy: 85.16, data load time: 0.00045, step time: 0.04944
epoch: [10], step: [79/196], batch loss: 0.44419, batch accuracy: 83.59, data load time: 0.00045, step time: 0.04908
epoch: [10], step: [89/196], batch loss: 0.47581, batch accuracy: 84.77, data load time: 0.00046, step time: 0.04907
epoch: [10], step: [99/196], batch loss: 0.51165, batch accuracy: 82.42, data load time: 0.00047, step time: 0.04920
epoch: [10], step: [109/196], batch loss: 0.46786, batch accuracy: 82.42, data load time: 0.00046, step time: 0.04936
epoch: [10], step: [119/196], batch loss: 0.63477, batch accuracy: 77.73, data load time: 0.00046, step time: 0.04935
epoch: [10], step: [129/196], batch loss: 0.49725, batch accuracy: 82.42, data load time: 0.00047, step time: 0.04907
epoch: [10], step: [139/196], batch loss: 0.49394, batch accuracy: 82.81, data load time: 0.00294, step time: 0.01868
epoch: [10], step: [149/196], batch loss: 0.38594, batch accuracy: 86.72, data load time: 0.00042, step time: 0.00809
epoch: [10], step: [159/196], batch loss: 0.47748, batch accuracy: 81.25, data load time: 0.00040, step time: 0.00810
epoch: [10], step: [169/196], batch loss: 0.59384, batch accuracy: 79.30, data load time: 0.00040, step time: 0.00818
epoch: [10], step: [179/196], batch loss: 0.56230, batch accuracy: 80.08, data load time: 0.00040, step time: 0.00813
epoch: [10], step: [189/196], batch loss: 0.56838, batch accuracy: 81.64, data load time: 0.00040, step time: 0.00812
epoch: [11], step: [3/196], batch loss: 0.38847, batch accuracy: 85.94, data load time: 0.00047, step time: 0.00812
epoch: [11], step: [13/196], batch loss: 0.52895, batch accuracy: 80.08, data load time: 0.00047, step time: 0.05032
epoch: [11], step: [23/196], batch loss: 0.43008, batch accuracy: 89.45, data load time: 0.00047, step time: 0.06806
epoch: [11], step: [33/196], batch loss: 0.41945, batch accuracy: 84.77, data load time: 0.00046, step time: 0.05127
epoch: [11], step: [43/196], batch loss: 0.34913, batch accuracy: 87.11, data load time: 0.00045, step time: 0.05131
epoch: [11], step: [53/196], batch loss: 0.36902, batch accuracy: 85.94, data load time: 0.00045, step time: 0.05135
epoch: [11], step: [63/196], batch loss: 0.36109, batch accuracy: 87.50, data load time: 0.00045, step time: 0.04908
epoch: [11], step: [73/196], batch loss: 0.51349, batch accuracy: 81.25, data load time: 0.00045, step time: 0.04941
epoch: [11], step: [83/196], batch loss: 0.39804, batch accuracy: 86.72, data load time: 0.00047, step time: 0.04936
epoch: [11], step: [93/196], batch loss: 0.41625, batch accuracy: 83.59, data load time: 0.00046, step time: 0.04901
epoch: [11], step: [103/196], batch loss: 0.47662, batch accuracy: 83.98, data load time: 0.00046, step time: 0.04928
epoch: [11], step: [113/196], batch loss: 0.41990, batch accuracy: 87.50, data load time: 0.00046, step time: 0.04899
epoch: [11], step: [123/196], batch loss: 0.48152, batch accuracy: 81.64, data load time: 0.00047, step time: 0.04930
epoch: [11], step: [133/196], batch loss: 0.62390, batch accuracy: 78.91, data load time: 0.00047, step time: 0.04935
epoch: [11], step: [143/196], batch loss: 0.59517, batch accuracy: 79.30, data load time: 0.00041, step time: 0.00875
epoch: [11], step: [153/196], batch loss: 0.49280, batch accuracy: 82.03, data load time: 0.00040, step time: 0.00874
epoch: [11], step: [163/196], batch loss: 0.53304, batch accuracy: 82.03, data load time: 0.00041, step time: 0.00821
epoch: [11], step: [173/196], batch loss: 0.51674, batch accuracy: 82.03, data load time: 0.00040, step time: 0.00820
epoch: [11], step: [183/196], batch loss: 0.57207, batch accuracy: 78.12, data load time: 0.00040, step time: 0.00814
epoch: [11], step: [193/196], batch loss: 0.55000, batch accuracy: 82.03, data load time: 0.00040, step time: 0.00819
validation loss: 2.74480, accuracy: 45.82
epoch: [12], step: [7/196], batch loss: 0.42141, batch accuracy: 81.25, data load time: 0.00046, step time: 0.02978
epoch: [12], step: [17/196], batch loss: 0.35806, batch accuracy: 88.28, data load time: 0.00046, step time: 0.08407
epoch: [12], step: [27/196], batch loss: 0.38554, batch accuracy: 86.33, data load time: 0.01015, step time: 0.04727
epoch: [12], step: [37/196], batch loss: 0.35611, batch accuracy: 86.33, data load time: 0.00045, step time: 0.05125
epoch: [12], step: [47/196], batch loss: 0.39333, batch accuracy: 86.33, data load time: 0.00045, step time: 0.05128
epoch: [12], step: [57/196], batch loss: 0.39161, batch accuracy: 85.94, data load time: 0.00045, step time: 0.04946
epoch: [12], step: [67/196], batch loss: 0.43294, batch accuracy: 80.47, data load time: 0.00045, step time: 0.04986
epoch: [12], step: [77/196], batch loss: 0.39083, batch accuracy: 85.55, data load time: 0.00046, step time: 0.04941
epoch: [12], step: [87/196], batch loss: 0.42859, batch accuracy: 87.50, data load time: 0.00045, step time: 0.04944
epoch: [12], step: [97/196], batch loss: 0.36329, batch accuracy: 88.67, data load time: 0.00047, step time: 0.04919
epoch: [12], step: [107/196], batch loss: 0.55115, batch accuracy: 82.42, data load time: 0.00046, step time: 0.04905
epoch: [12], step: [117/196], batch loss: 0.50945, batch accuracy: 82.03, data load time: 0.00046, step time: 0.04944
epoch: [12], step: [127/196], batch loss: 0.45531, batch accuracy: 82.42, data load time: 0.00046, step time: 0.04936
epoch: [12], step: [137/196], batch loss: 0.48024, batch accuracy: 82.81, data load time: 0.00049, step time: 0.05057
epoch: [12], step: [147/196], batch loss: 0.43197, batch accuracy: 85.16, data load time: 0.00041, step time: 0.00813
epoch: [12], step: [157/196], batch loss: 0.41422, batch accuracy: 82.81, data load time: 0.00040, step time: 0.00811
epoch: [12], step: [167/196], batch loss: 0.48327, batch accuracy: 82.81, data load time: 0.00041, step time: 0.00811
epoch: [12], step: [177/196], batch loss: 0.58201, batch accuracy: 80.08, data load time: 0.00040, step time: 0.00810
epoch: [12], step: [187/196], batch loss: 0.41242, batch accuracy: 81.64, data load time: 0.00040, step time: 0.00812
epoch: [13], step: [1/196], batch loss: 0.35378, batch accuracy: 86.33, data load time: 0.00049, step time: 0.00817
epoch: [13], step: [11/196], batch loss: 0.33649, batch accuracy: 89.45, data load time: 0.00051, step time: 0.00816
epoch: [13], step: [21/196], batch loss: 0.40410, batch accuracy: 86.33, data load time: 0.00052, step time: 0.05098
epoch: [13], step: [31/196], batch loss: 0.35723, batch accuracy: 85.55, data load time: 0.00045, step time: 0.07257
epoch: [13], step: [41/196], batch loss: 0.35159, batch accuracy: 87.11, data load time: 0.00045, step time: 0.05149
epoch: [13], step: [51/196], batch loss: 0.33884, batch accuracy: 89.84, data load time: 0.00048, step time: 0.05183
epoch: [13], step: [61/196], batch loss: 0.36611, batch accuracy: 86.72, data load time: 0.00045, step time: 0.04970
epoch: [13], step: [71/196], batch loss: 0.41538, batch accuracy: 85.16, data load time: 0.00045, step time: 0.04935
epoch: [13], step: [81/196], batch loss: 0.38917, batch accuracy: 85.94, data load time: 0.00045, step time: 0.04942
epoch: [13], step: [91/196], batch loss: 0.45101, batch accuracy: 84.38, data load time: 0.00045, step time: 0.04960
epoch: [13], step: [101/196], batch loss: 0.48674, batch accuracy: 82.03, data load time: 0.00047, step time: 0.04980
epoch: [13], step: [111/196], batch loss: 0.32509, batch accuracy: 86.33, data load time: 0.00047, step time: 0.04933
epoch: [13], step: [121/196], batch loss: 0.44916, batch accuracy: 84.38, data load time: 0.00046, step time: 0.04935
epoch: [13], step: [131/196], batch loss: 0.39102, batch accuracy: 87.89, data load time: 0.00046, step time: 0.04926
epoch: [13], step: [141/196], batch loss: 0.36752, batch accuracy: 84.77, data load time: 0.00041, step time: 0.00809
epoch: [13], step: [151/196], batch loss: 0.46413, batch accuracy: 83.98, data load time: 0.00041, step time: 0.00814
epoch: [13], step: [161/196], batch loss: 0.51229, batch accuracy: 79.69, data load time: 0.00040, step time: 0.00809
epoch: [13], step: [171/196], batch loss: 0.45870, batch accuracy: 84.77, data load time: 0.00041, step time: 0.00810
epoch: [13], step: [181/196], batch loss: 0.44253, batch accuracy: 83.20, data load time: 0.00040, step time: 0.00809
epoch: [13], step: [191/196], batch loss: 0.50917, batch accuracy: 81.64, data load time: 0.00040, step time: 0.00810
validation loss: 2.08961, accuracy: 55.28
epoch: [14], step: [5/196], batch loss: 0.41200, batch accuracy: 85.94, data load time: 0.00047, step time: 0.02861
epoch: [14], step: [15/196], batch loss: 0.36900, batch accuracy: 85.16, data load time: 0.00048, step time: 0.04990
epoch: [14], step: [25/196], batch loss: 0.36325, batch accuracy: 88.67, data load time: 0.00659, step time: 0.04754
epoch: [14], step: [35/196], batch loss: 0.38155, batch accuracy: 86.33, data load time: 0.00045, step time: 0.05127
epoch: [14], step: [45/196], batch loss: 0.34906, batch accuracy: 87.89, data load time: 0.00046, step time: 0.04758
epoch: [14], step: [55/196], batch loss: 0.36222, batch accuracy: 87.50, data load time: 0.00047, step time: 0.04969
epoch: [14], step: [65/196], batch loss: 0.54170, batch accuracy: 79.69, data load time: 0.00046, step time: 0.04924
epoch: [14], step: [75/196], batch loss: 0.42128, batch accuracy: 85.16, data load time: 0.00045, step time: 0.04923
epoch: [14], step: [85/196], batch loss: 0.37542, batch accuracy: 87.11, data load time: 0.00045, step time: 0.04928
epoch: [14], step: [95/196], batch loss: 0.32807, batch accuracy: 87.50, data load time: 0.00046, step time: 0.04964
epoch: [14], step: [105/196], batch loss: 0.37997, batch accuracy: 86.33, data load time: 0.00046, step time: 0.04896
epoch: [14], step: [115/196], batch loss: 0.28448, batch accuracy: 90.23, data load time: 0.00046, step time: 0.04934
epoch: [14], step: [125/196], batch loss: 0.42779, batch accuracy: 85.94, data load time: 0.00046, step time: 0.04937
epoch: [14], step: [135/196], batch loss: 0.49883, batch accuracy: 82.81, data load time: 0.00046, step time: 0.04931
epoch: [14], step: [145/196], batch loss: 0.34496, batch accuracy: 87.89, data load time: 0.00040, step time: 0.00877
epoch: [14], step: [155/196], batch loss: 0.38311, batch accuracy: 87.50, data load time: 0.00040, step time: 0.00823
epoch: [14], step: [165/196], batch loss: 0.36320, batch accuracy: 86.33, data load time: 0.00040, step time: 0.00819
epoch: [14], step: [175/196], batch loss: 0.38369, batch accuracy: 86.72, data load time: 0.00040, step time: 0.00816
epoch: [14], step: [185/196], batch loss: 0.44254, batch accuracy: 83.59, data load time: 0.00041, step time: 0.00816
epoch: [14], step: [195/196], batch loss: 0.26653, batch accuracy: 87.50, data load time: 0.00021, step time: 0.00398
epoch: [15], step: [9/196], batch loss: 0.40519, batch accuracy: 85.55, data load time: 0.00048, step time: 0.11477
epoch: [15], step: [19/196], batch loss: 0.28235, batch accuracy: 89.84, data load time: 0.00046, step time: 0.04211
epoch: [15], step: [29/196], batch loss: 0.30329, batch accuracy: 89.45, data load time: 0.00045, step time: 0.05118
epoch: [15], step: [39/196], batch loss: 0.34109, batch accuracy: 87.89, data load time: 0.00045, step time: 0.04745
epoch: [15], step: [49/196], batch loss: 0.32027, batch accuracy: 90.23, data load time: 0.00045, step time: 0.04768
epoch: [15], step: [59/196], batch loss: 0.31821, batch accuracy: 86.72, data load time: 0.00045, step time: 0.04926
epoch: [15], step: [69/196], batch loss: 0.39293, batch accuracy: 86.72, data load time: 0.00045, step time: 0.05058
epoch: [15], step: [79/196], batch loss: 0.42396, batch accuracy: 87.11, data load time: 0.00045, step time: 0.04936
epoch: [15], step: [89/196], batch loss: 0.34110, batch accuracy: 85.94, data load time: 0.00046, step time: 0.04938
epoch: [15], step: [99/196], batch loss: 0.46747, batch accuracy: 84.77, data load time: 0.00046, step time: 0.04928
epoch: [15], step: [109/196], batch loss: 0.39774, batch accuracy: 85.55, data load time: 0.00048, step time: 0.04932
epoch: [15], step: [119/196], batch loss: 0.39368, batch accuracy: 84.77, data load time: 0.00048, step time: 0.04904
epoch: [15], step: [129/196], batch loss: 0.30667, batch accuracy: 91.02, data load time: 0.00046, step time: 0.04919
epoch: [15], step: [139/196], batch loss: 0.43385, batch accuracy: 83.20, data load time: 0.00296, step time: 0.01872
epoch: [15], step: [149/196], batch loss: 0.38056, batch accuracy: 86.72, data load time: 0.00040, step time: 0.00809
epoch: [15], step: [159/196], batch loss: 0.51487, batch accuracy: 82.81, data load time: 0.00040, step time: 0.00814
epoch: [15], step: [169/196], batch loss: 0.49319, batch accuracy: 83.98, data load time: 0.00040, step time: 0.00809
epoch: [15], step: [179/196], batch loss: 0.47637, batch accuracy: 85.55, data load time: 0.00041, step time: 0.00815
epoch: [15], step: [189/196], batch loss: 0.31889, batch accuracy: 88.28, data load time: 0.00040, step time: 0.00812
validation loss: 1.97378, accuracy: 55.14
epoch: [16], step: [3/196], batch loss: 0.36613, batch accuracy: 85.55, data load time: 0.00047, step time: 0.00811
epoch: [16], step: [13/196], batch loss: 0.25186, batch accuracy: 92.58, data load time: 0.00051, step time: 0.11368
epoch: [16], step: [23/196], batch loss: 0.27987, batch accuracy: 89.06, data load time: 0.00047, step time: 0.05006
epoch: [16], step: [33/196], batch loss: 0.32641, batch accuracy: 89.45, data load time: 0.00046, step time: 0.05118
epoch: [16], step: [43/196], batch loss: 0.37825, batch accuracy: 86.33, data load time: 0.00045, step time: 0.05141
epoch: [16], step: [53/196], batch loss: 0.32620, batch accuracy: 89.45, data load time: 0.00045, step time: 0.05108
epoch: [16], step: [63/196], batch loss: 0.27675, batch accuracy: 89.84, data load time: 0.00045, step time: 0.04925
epoch: [16], step: [73/196], batch loss: 0.37889, batch accuracy: 85.16, data load time: 0.00046, step time: 0.04918
epoch: [16], step: [83/196], batch loss: 0.32274, batch accuracy: 89.06, data load time: 0.00051, step time: 0.04947
epoch: [16], step: [93/196], batch loss: 0.29641, batch accuracy: 88.28, data load time: 0.00047, step time: 0.04917
epoch: [16], step: [103/196], batch loss: 0.40185, batch accuracy: 85.16, data load time: 0.00046, step time: 0.04957
epoch: [16], step: [113/196], batch loss: 0.31948, batch accuracy: 87.11, data load time: 0.00048, step time: 0.04919
epoch: [16], step: [123/196], batch loss: 0.41968, batch accuracy: 86.33, data load time: 0.00047, step time: 0.04925
epoch: [16], step: [133/196], batch loss: 0.36085, batch accuracy: 86.72, data load time: 0.00046, step time: 0.04948
epoch: [16], step: [143/196], batch loss: 0.37405, batch accuracy: 87.50, data load time: 0.00040, step time: 0.00810
epoch: [16], step: [153/196], batch loss: 0.33844, batch accuracy: 87.50, data load time: 0.00040, step time: 0.00813
epoch: [16], step: [163/196], batch loss: 0.33633, batch accuracy: 85.94, data load time: 0.00040, step time: 0.00809
epoch: [16], step: [173/196], batch loss: 0.39452, batch accuracy: 87.89, data load time: 0.00041, step time: 0.00811
epoch: [16], step: [183/196], batch loss: 0.50622, batch accuracy: 83.20, data load time: 0.00040, step time: 0.00812
epoch: [16], step: [193/196], batch loss: 0.42324, batch accuracy: 85.16, data load time: 0.00040, step time: 0.00817
epoch: [17], step: [7/196], batch loss: 0.35961, batch accuracy: 89.06, data load time: 0.00047, step time: 0.00814
epoch: [17], step: [17/196], batch loss: 0.23845, batch accuracy: 92.19, data load time: 0.00046, step time: 0.08265
epoch: [17], step: [27/196], batch loss: 0.35331, batch accuracy: 85.94, data load time: 0.01016, step time: 0.04659
epoch: [17], step: [37/196], batch loss: 0.32087, batch accuracy: 87.89, data load time: 0.00045, step time: 0.05131
epoch: [17], step: [47/196], batch loss: 0.25005, batch accuracy: 90.62, data load time: 0.00045, step time: 0.04771
epoch: [17], step: [57/196], batch loss: 0.37831, batch accuracy: 89.45, data load time: 0.00045, step time: 0.04929
epoch: [17], step: [67/196], batch loss: 0.43019, batch accuracy: 85.55, data load time: 0.00045, step time: 0.04916
epoch: [17], step: [77/196], batch loss: 0.37571, batch accuracy: 86.33, data load time: 0.00045, step time: 0.04919
epoch: [17], step: [87/196], batch loss: 0.29877, batch accuracy: 89.06, data load time: 0.00045, step time: 0.04911
epoch: [17], step: [97/196], batch loss: 0.29610, batch accuracy: 89.06, data load time: 0.00047, step time: 0.04918
epoch: [17], step: [107/196], batch loss: 0.37934, batch accuracy: 86.72, data load time: 0.00046, step time: 0.04934
epoch: [17], step: [117/196], batch loss: 0.27305, batch accuracy: 88.28, data load time: 0.00046, step time: 0.04951
epoch: [17], step: [127/196], batch loss: 0.29469, batch accuracy: 87.50, data load time: 0.00046, step time: 0.04956
epoch: [17], step: [137/196], batch loss: 0.31647, batch accuracy: 89.45, data load time: 0.00046, step time: 0.04917
epoch: [17], step: [147/196], batch loss: 0.38644, batch accuracy: 85.16, data load time: 0.00041, step time: 0.00813
epoch: [17], step: [157/196], batch loss: 0.29916, batch accuracy: 87.50, data load time: 0.00040, step time: 0.00814
epoch: [17], step: [167/196], batch loss: 0.34271, batch accuracy: 90.23, data load time: 0.00040, step time: 0.00814
epoch: [17], step: [177/196], batch loss: 0.36102, batch accuracy: 89.06, data load time: 0.00040, step time: 0.00812
epoch: [17], step: [187/196], batch loss: 0.35847, batch accuracy: 83.98, data load time: 0.00041, step time: 0.00815
validation loss: 3.10568, accuracy: 48.00
epoch: [18], step: [1/196], batch loss: 0.26825, batch accuracy: 90.23, data load time: 0.00050, step time: 0.04342
epoch: [18], step: [11/196], batch loss: 0.18620, batch accuracy: 94.14, data load time: 0.00046, step time: 0.06282
epoch: [18], step: [21/196], batch loss: 0.23752, batch accuracy: 91.02, data load time: 0.00047, step time: 0.05032
epoch: [18], step: [31/196], batch loss: 0.23893, batch accuracy: 91.41, data load time: 0.00046, step time: 0.05209
epoch: [18], step: [41/196], batch loss: 0.26288, batch accuracy: 88.67, data load time: 0.00045, step time: 0.05174
epoch: [18], step: [51/196], batch loss: 0.32826, batch accuracy: 89.84, data load time: 0.00046, step time: 0.05002
epoch: [18], step: [61/196], batch loss: 0.23271, batch accuracy: 91.80, data load time: 0.00047, step time: 0.04924
epoch: [18], step: [71/196], batch loss: 0.25244, batch accuracy: 89.84, data load time: 0.00045, step time: 0.04943
epoch: [18], step: [81/196], batch loss: 0.28572, batch accuracy: 89.45, data load time: 0.00045, step time: 0.04942
epoch: [18], step: [91/196], batch loss: 0.27895, batch accuracy: 92.19, data load time: 0.00047, step time: 0.04956
epoch: [18], step: [101/196], batch loss: 0.27361, batch accuracy: 89.06, data load time: 0.00047, step time: 0.04937
epoch: [18], step: [111/196], batch loss: 0.26998, batch accuracy: 88.67, data load time: 0.00046, step time: 0.04936
epoch: [18], step: [121/196], batch loss: 0.32113, batch accuracy: 88.67, data load time: 0.00049, step time: 0.04922
epoch: [18], step: [131/196], batch loss: 0.34767, batch accuracy: 85.16, data load time: 0.00047, step time: 0.04949
epoch: [18], step: [141/196], batch loss: 0.25379, batch accuracy: 91.80, data load time: 0.00040, step time: 0.00873
epoch: [18], step: [151/196], batch loss: 0.39950, batch accuracy: 85.94, data load time: 0.00040, step time: 0.00878
epoch: [18], step: [161/196], batch loss: 0.34159, batch accuracy: 88.28, data load time: 0.00040, step time: 0.00823
epoch: [18], step: [171/196], batch loss: 0.33585, batch accuracy: 87.89, data load time: 0.00040, step time: 0.00816
epoch: [18], step: [181/196], batch loss: 0.35442, batch accuracy: 87.11, data load time: 0.00040, step time: 0.00820
epoch: [18], step: [191/196], batch loss: 0.35767, batch accuracy: 88.28, data load time: 0.00040, step time: 0.00808
epoch: [19], step: [5/196], batch loss: 0.27571, batch accuracy: 90.62, data load time: 0.00046, step time: 0.05359
epoch: [19], step: [15/196], batch loss: 0.21974, batch accuracy: 91.80, data load time: 0.00047, step time: 0.05024
epoch: [19], step: [25/196], batch loss: 0.18230, batch accuracy: 95.31, data load time: 0.18669, step time: 0.04794
epoch: [19], step: [35/196], batch loss: 0.26754, batch accuracy: 88.67, data load time: 0.00045, step time: 0.04796
epoch: [19], step: [45/196], batch loss: 0.25852, batch accuracy: 91.02, data load time: 0.00045, step time: 0.05133
epoch: [19], step: [55/196], batch loss: 0.22638, batch accuracy: 91.02, data load time: 0.00047, step time: 0.04982
epoch: [19], step: [65/196], batch loss: 0.29640, batch accuracy: 91.41, data load time: 0.00045, step time: 0.04914
epoch: [19], step: [75/196], batch loss: 0.29145, batch accuracy: 90.62, data load time: 0.00045, step time: 0.04928
epoch: [19], step: [85/196], batch loss: 0.26448, batch accuracy: 89.06, data load time: 0.00045, step time: 0.04941
epoch: [19], step: [95/196], batch loss: 0.29571, batch accuracy: 88.28, data load time: 0.00046, step time: 0.04954
epoch: [19], step: [105/196], batch loss: 0.24512, batch accuracy: 92.19, data load time: 0.00046, step time: 0.04941
epoch: [19], step: [115/196], batch loss: 0.23321, batch accuracy: 92.58, data load time: 0.00046, step time: 0.04962
epoch: [19], step: [125/196], batch loss: 0.35092, batch accuracy: 87.50, data load time: 0.00046, step time: 0.04915
epoch: [19], step: [135/196], batch loss: 0.23750, batch accuracy: 91.80, data load time: 0.00046, step time: 0.04942
epoch: [19], step: [145/196], batch loss: 0.26855, batch accuracy: 89.45, data load time: 0.00040, step time: 0.00810
epoch: [19], step: [155/196], batch loss: 0.29194, batch accuracy: 90.23, data load time: 0.00040, step time: 0.00812
epoch: [19], step: [165/196], batch loss: 0.31647, batch accuracy: 90.23, data load time: 0.00040, step time: 0.00810
epoch: [19], step: [175/196], batch loss: 0.24772, batch accuracy: 91.80, data load time: 0.00040, step time: 0.00808
epoch: [19], step: [185/196], batch loss: 0.27564, batch accuracy: 89.06, data load time: 0.00041, step time: 0.00814
epoch: [19], step: [195/196], batch loss: 0.28410, batch accuracy: 92.50, data load time: 0.00021, step time: 0.00397
validation loss: 2.35734, accuracy: 55.83
