Files already downloaded and verified
Writing logs to logs/CNN_bs=128_lr=0.1_run_1
epoch: [0], step: [9/391], batch loss: 2.28123, batch accuracy: 16.41, data load time: 0.00031, step time: 0.02743
epoch: [0], step: [19/391], batch loss: 2.25309, batch accuracy: 14.06, data load time: 0.00031, step time: 0.02574
epoch: [0], step: [29/391], batch loss: 2.14279, batch accuracy: 26.56, data load time: 0.00030, step time: 0.02573
epoch: [0], step: [39/391], batch loss: 2.17825, batch accuracy: 25.00, data load time: 0.00030, step time: 0.02571
epoch: [0], step: [49/391], batch loss: 2.15377, batch accuracy: 18.75, data load time: 0.00030, step time: 0.02580
epoch: [0], step: [59/391], batch loss: 2.76209, batch accuracy: 14.84, data load time: 0.00031, step time: 0.02577
epoch: [0], step: [69/391], batch loss: 1.97306, batch accuracy: 30.47, data load time: 0.00031, step time: 0.02560
epoch: [0], step: [79/391], batch loss: 2.11586, batch accuracy: 15.62, data load time: 0.00030, step time: 0.02565
epoch: [0], step: [89/391], batch loss: 1.99782, batch accuracy: 36.72, data load time: 0.00031, step time: 0.02568
epoch: [0], step: [99/391], batch loss: 1.76024, batch accuracy: 41.41, data load time: 0.00031, step time: 0.02576
epoch: [0], step: [109/391], batch loss: 1.85874, batch accuracy: 37.50, data load time: 0.00031, step time: 0.02575
epoch: [0], step: [119/391], batch loss: 1.96305, batch accuracy: 32.81, data load time: 0.00032, step time: 0.02568
epoch: [0], step: [129/391], batch loss: 1.78980, batch accuracy: 36.72, data load time: 0.00031, step time: 0.02577
epoch: [0], step: [139/391], batch loss: 1.68521, batch accuracy: 44.53, data load time: 0.00032, step time: 0.02571
epoch: [0], step: [149/391], batch loss: 1.74978, batch accuracy: 42.19, data load time: 0.00031, step time: 0.02572
epoch: [0], step: [159/391], batch loss: 1.65453, batch accuracy: 45.31, data load time: 0.00031, step time: 0.02576
epoch: [0], step: [169/391], batch loss: 1.92026, batch accuracy: 22.66, data load time: 0.00031, step time: 0.02551
epoch: [0], step: [179/391], batch loss: 1.82551, batch accuracy: 39.06, data load time: 0.00031, step time: 0.02549
epoch: [0], step: [189/391], batch loss: 1.75578, batch accuracy: 42.97, data load time: 0.00031, step time: 0.02547
epoch: [0], step: [199/391], batch loss: 1.84853, batch accuracy: 38.28, data load time: 0.00031, step time: 0.02556
epoch: [0], step: [209/391], batch loss: 1.90131, batch accuracy: 30.47, data load time: 0.00031, step time: 0.02544
epoch: [0], step: [219/391], batch loss: 1.74008, batch accuracy: 39.06, data load time: 0.00031, step time: 0.02549
epoch: [0], step: [229/391], batch loss: 1.60497, batch accuracy: 41.41, data load time: 0.00031, step time: 0.02544
epoch: [0], step: [239/391], batch loss: 1.62874, batch accuracy: 43.75, data load time: 0.00031, step time: 0.02557
epoch: [0], step: [249/391], batch loss: 1.58447, batch accuracy: 42.19, data load time: 0.00031, step time: 0.02556
epoch: [0], step: [259/391], batch loss: 1.66676, batch accuracy: 39.84, data load time: 0.00031, step time: 0.02554
epoch: [0], step: [269/391], batch loss: 1.60315, batch accuracy: 36.72, data load time: 0.00032, step time: 0.02551
epoch: [0], step: [279/391], batch loss: 1.60663, batch accuracy: 40.62, data load time: 0.00031, step time: 0.02548
epoch: [0], step: [289/391], batch loss: 1.63912, batch accuracy: 42.97, data load time: 0.00031, step time: 0.02561
epoch: [0], step: [299/391], batch loss: 1.43283, batch accuracy: 49.22, data load time: 0.00031, step time: 0.02551
epoch: [0], step: [309/391], batch loss: 1.34690, batch accuracy: 52.34, data load time: 0.00031, step time: 0.02553
epoch: [0], step: [319/391], batch loss: 1.65787, batch accuracy: 42.97, data load time: 0.00032, step time: 0.02554
epoch: [0], step: [329/391], batch loss: 1.70099, batch accuracy: 40.62, data load time: 0.00031, step time: 0.02554
epoch: [0], step: [339/391], batch loss: 1.57556, batch accuracy: 46.09, data load time: 0.00027, step time: 0.00412
epoch: [0], step: [349/391], batch loss: 1.54271, batch accuracy: 46.09, data load time: 0.00027, step time: 0.00411
epoch: [0], step: [359/391], batch loss: 1.53208, batch accuracy: 46.88, data load time: 0.00027, step time: 0.00385
epoch: [0], step: [369/391], batch loss: 1.46145, batch accuracy: 52.34, data load time: 0.00027, step time: 0.00385
epoch: [0], step: [379/391], batch loss: 1.47638, batch accuracy: 51.56, data load time: 0.00028, step time: 0.00384
epoch: [0], step: [389/391], batch loss: 1.37194, batch accuracy: 55.47, data load time: 0.00027, step time: 0.00382
epoch: [1], step: [8/391], batch loss: 1.36275, batch accuracy: 50.78, data load time: 0.00032, step time: 0.03081
epoch: [1], step: [18/391], batch loss: 1.50530, batch accuracy: 48.44, data load time: 0.00031, step time: 0.02615
epoch: [1], step: [28/391], batch loss: 1.38408, batch accuracy: 49.22, data load time: 0.00030, step time: 0.02574
epoch: [1], step: [38/391], batch loss: 1.50496, batch accuracy: 51.56, data load time: 0.00031, step time: 0.02599
epoch: [1], step: [48/391], batch loss: 1.37447, batch accuracy: 53.12, data load time: 0.00030, step time: 0.02886
epoch: [1], step: [58/391], batch loss: 1.54719, batch accuracy: 46.88, data load time: 0.00030, step time: 0.02590
epoch: [1], step: [68/391], batch loss: 1.30144, batch accuracy: 55.47, data load time: 0.00030, step time: 0.02599
epoch: [1], step: [78/391], batch loss: 1.55858, batch accuracy: 40.62, data load time: 0.00030, step time: 0.02592
epoch: [1], step: [88/391], batch loss: 1.27121, batch accuracy: 57.81, data load time: 0.00032, step time: 0.02597
epoch: [1], step: [98/391], batch loss: 1.43118, batch accuracy: 49.22, data load time: 0.00031, step time: 0.02592
epoch: [1], step: [108/391], batch loss: 1.37903, batch accuracy: 48.44, data load time: 0.00031, step time: 0.02589
epoch: [1], step: [118/391], batch loss: 1.40869, batch accuracy: 48.44, data load time: 0.00033, step time: 0.02591
epoch: [1], step: [128/391], batch loss: 1.27544, batch accuracy: 53.91, data load time: 0.00032, step time: 0.02592
epoch: [1], step: [138/391], batch loss: 1.18854, batch accuracy: 57.81, data load time: 0.00031, step time: 0.02608
epoch: [1], step: [148/391], batch loss: 1.36915, batch accuracy: 50.00, data load time: 0.00031, step time: 0.02598
epoch: [1], step: [158/391], batch loss: 1.16150, batch accuracy: 56.25, data load time: 0.00032, step time: 0.02588
epoch: [1], step: [168/391], batch loss: 1.29556, batch accuracy: 63.28, data load time: 0.00032, step time: 0.02572
epoch: [1], step: [178/391], batch loss: 1.40190, batch accuracy: 47.66, data load time: 0.00031, step time: 0.02571
epoch: [1], step: [188/391], batch loss: 1.31794, batch accuracy: 55.47, data load time: 0.00032, step time: 0.02566
epoch: [1], step: [198/391], batch loss: 1.56593, batch accuracy: 46.09, data load time: 0.00032, step time: 0.02568
epoch: [1], step: [208/391], batch loss: 1.29845, batch accuracy: 53.12, data load time: 0.00032, step time: 0.02561
epoch: [1], step: [218/391], batch loss: 1.45879, batch accuracy: 49.22, data load time: 0.00031, step time: 0.02560
epoch: [1], step: [228/391], batch loss: 1.41000, batch accuracy: 53.12, data load time: 0.00032, step time: 0.02571
epoch: [1], step: [238/391], batch loss: 1.25841, batch accuracy: 51.56, data load time: 0.00032, step time: 0.02568
epoch: [1], step: [248/391], batch loss: 1.37757, batch accuracy: 56.25, data load time: 0.00031, step time: 0.02564
epoch: [1], step: [258/391], batch loss: 1.40821, batch accuracy: 50.00, data load time: 0.00031, step time: 0.02576
epoch: [1], step: [268/391], batch loss: 1.49990, batch accuracy: 46.88, data load time: 0.00031, step time: 0.02571
epoch: [1], step: [278/391], batch loss: 1.39429, batch accuracy: 55.47, data load time: 0.00031, step time: 0.02567
epoch: [1], step: [288/391], batch loss: 1.27091, batch accuracy: 50.78, data load time: 0.00032, step time: 0.02574
epoch: [1], step: [298/391], batch loss: 1.24324, batch accuracy: 53.91, data load time: 0.00031, step time: 0.02563
epoch: [1], step: [308/391], batch loss: 1.48452, batch accuracy: 49.22, data load time: 0.00031, step time: 0.02579
epoch: [1], step: [318/391], batch loss: 1.43777, batch accuracy: 48.44, data load time: 0.00032, step time: 0.02566
epoch: [1], step: [328/391], batch loss: 1.45036, batch accuracy: 46.09, data load time: 0.00032, step time: 0.02577
epoch: [1], step: [338/391], batch loss: 1.31452, batch accuracy: 53.91, data load time: 0.00027, step time: 0.00412
epoch: [1], step: [348/391], batch loss: 0.99684, batch accuracy: 60.94, data load time: 0.00027, step time: 0.00413
epoch: [1], step: [358/391], batch loss: 1.33036, batch accuracy: 53.91, data load time: 0.00027, step time: 0.00384
epoch: [1], step: [368/391], batch loss: 1.21843, batch accuracy: 54.69, data load time: 0.00028, step time: 0.00384
epoch: [1], step: [378/391], batch loss: 1.15023, batch accuracy: 56.25, data load time: 0.00027, step time: 0.00381
epoch: [1], step: [388/391], batch loss: 1.13769, batch accuracy: 61.72, data load time: 0.00028, step time: 0.00381
validation loss: 1.31435, accuracy: 53.28
epoch: [2], step: [7/391], batch loss: 1.13098, batch accuracy: 61.72, data load time: 0.00031, step time: 0.14733
epoch: [2], step: [17/391], batch loss: 1.06945, batch accuracy: 57.81, data load time: 0.00031, step time: 0.02617
epoch: [2], step: [27/391], batch loss: 1.21649, batch accuracy: 59.38, data load time: 0.00708, step time: 0.02269
epoch: [2], step: [37/391], batch loss: 1.42617, batch accuracy: 41.41, data load time: 0.00030, step time: 0.02567
epoch: [2], step: [47/391], batch loss: 1.52048, batch accuracy: 45.31, data load time: 0.00030, step time: 0.02570
epoch: [2], step: [57/391], batch loss: 1.31008, batch accuracy: 52.34, data load time: 0.00031, step time: 0.02556
epoch: [2], step: [67/391], batch loss: 1.05932, batch accuracy: 64.06, data load time: 0.00030, step time: 0.02565
epoch: [2], step: [77/391], batch loss: 1.08945, batch accuracy: 64.06, data load time: 0.00031, step time: 0.02593
epoch: [2], step: [87/391], batch loss: 1.06150, batch accuracy: 59.38, data load time: 0.00031, step time: 0.02575
epoch: [2], step: [97/391], batch loss: 1.12077, batch accuracy: 63.28, data load time: 0.00030, step time: 0.02588
epoch: [2], step: [107/391], batch loss: 1.18874, batch accuracy: 60.16, data load time: 0.00030, step time: 0.02697
epoch: [2], step: [117/391], batch loss: 1.17805, batch accuracy: 57.81, data load time: 0.00031, step time: 0.02589
epoch: [2], step: [127/391], batch loss: 1.21542, batch accuracy: 64.84, data load time: 0.00031, step time: 0.02586
epoch: [2], step: [137/391], batch loss: 1.10016, batch accuracy: 64.84, data load time: 0.00031, step time: 0.02589
epoch: [2], step: [147/391], batch loss: 1.35982, batch accuracy: 50.00, data load time: 0.00031, step time: 0.02589
epoch: [2], step: [157/391], batch loss: 1.15473, batch accuracy: 58.59, data load time: 0.00031, step time: 0.02596
epoch: [2], step: [167/391], batch loss: 1.02384, batch accuracy: 64.06, data load time: 0.00031, step time: 0.02576
epoch: [2], step: [177/391], batch loss: 1.23181, batch accuracy: 54.69, data load time: 0.00031, step time: 0.02576
epoch: [2], step: [187/391], batch loss: 1.18154, batch accuracy: 59.38, data load time: 0.00032, step time: 0.02568
epoch: [2], step: [197/391], batch loss: 1.09459, batch accuracy: 65.62, data load time: 0.00031, step time: 0.02563
epoch: [2], step: [207/391], batch loss: 1.18607, batch accuracy: 53.91, data load time: 0.00031, step time: 0.02560
epoch: [2], step: [217/391], batch loss: 1.08119, batch accuracy: 63.28, data load time: 0.00031, step time: 0.02575
epoch: [2], step: [227/391], batch loss: 1.18863, batch accuracy: 57.03, data load time: 0.00032, step time: 0.02563
epoch: [2], step: [237/391], batch loss: 1.21783, batch accuracy: 58.59, data load time: 0.00031, step time: 0.02565
epoch: [2], step: [247/391], batch loss: 1.09101, batch accuracy: 62.50, data load time: 0.00031, step time: 0.02562
epoch: [2], step: [257/391], batch loss: 1.19433, batch accuracy: 58.59, data load time: 0.00031, step time: 0.02568
epoch: [2], step: [267/391], batch loss: 1.12529, batch accuracy: 59.38, data load time: 0.00031, step time: 0.02567
epoch: [2], step: [277/391], batch loss: 1.00818, batch accuracy: 69.53, data load time: 0.00032, step time: 0.02573
epoch: [2], step: [287/391], batch loss: 1.18957, batch accuracy: 60.16, data load time: 0.00031, step time: 0.02573
epoch: [2], step: [297/391], batch loss: 1.68492, batch accuracy: 46.09, data load time: 0.00031, step time: 0.02573
epoch: [2], step: [307/391], batch loss: 1.28570, batch accuracy: 58.59, data load time: 0.00031, step time: 0.02569
epoch: [2], step: [317/391], batch loss: 1.00128, batch accuracy: 66.41, data load time: 0.00031, step time: 0.02569
epoch: [2], step: [327/391], batch loss: 1.26315, batch accuracy: 52.34, data load time: 0.00031, step time: 0.02568
epoch: [2], step: [337/391], batch loss: 1.29606, batch accuracy: 57.81, data load time: 0.00027, step time: 0.00380
epoch: [2], step: [347/391], batch loss: 1.14557, batch accuracy: 61.72, data load time: 0.00027, step time: 0.00382
epoch: [2], step: [357/391], batch loss: 1.32732, batch accuracy: 46.88, data load time: 0.00028, step time: 0.00380
epoch: [2], step: [367/391], batch loss: 1.11697, batch accuracy: 64.84, data load time: 0.00027, step time: 0.00381
epoch: [2], step: [377/391], batch loss: 0.83819, batch accuracy: 74.22, data load time: 0.00027, step time: 0.00381
epoch: [2], step: [387/391], batch loss: 1.00099, batch accuracy: 64.84, data load time: 0.00027, step time: 0.00382
epoch: [3], step: [6/391], batch loss: 1.05494, batch accuracy: 65.62, data load time: 0.00031, step time: 0.00405
epoch: [3], step: [16/391], batch loss: 0.96113, batch accuracy: 66.41, data load time: 0.00031, step time: 0.02607
epoch: [3], step: [26/391], batch loss: 1.09995, batch accuracy: 61.72, data load time: 0.02935, step time: 0.02358
epoch: [3], step: [36/391], batch loss: 0.99603, batch accuracy: 70.31, data load time: 0.00030, step time: 0.02579
epoch: [3], step: [46/391], batch loss: 1.07186, batch accuracy: 63.28, data load time: 0.00030, step time: 0.02577
epoch: [3], step: [56/391], batch loss: 1.18883, batch accuracy: 57.81, data load time: 0.00030, step time: 0.02544
epoch: [3], step: [66/391], batch loss: 0.97986, batch accuracy: 62.50, data load time: 0.00030, step time: 0.02572
epoch: [3], step: [76/391], batch loss: 1.14208, batch accuracy: 61.72, data load time: 0.00030, step time: 0.02589
epoch: [3], step: [86/391], batch loss: 0.94148, batch accuracy: 70.31, data load time: 0.00030, step time: 0.02596
epoch: [3], step: [96/391], batch loss: 0.98871, batch accuracy: 62.50, data load time: 0.00030, step time: 0.02591
epoch: [3], step: [106/391], batch loss: 1.07429, batch accuracy: 62.50, data load time: 0.00031, step time: 0.02596
epoch: [3], step: [116/391], batch loss: 1.14009, batch accuracy: 64.84, data load time: 0.00032, step time: 0.02589
epoch: [3], step: [126/391], batch loss: 0.96503, batch accuracy: 69.53, data load time: 0.00031, step time: 0.02591
epoch: [3], step: [136/391], batch loss: 1.13946, batch accuracy: 60.94, data load time: 0.00032, step time: 0.02596
epoch: [3], step: [146/391], batch loss: 0.83577, batch accuracy: 74.22, data load time: 0.00031, step time: 0.02604
epoch: [3], step: [156/391], batch loss: 1.28607, batch accuracy: 51.56, data load time: 0.00031, step time: 0.02592
epoch: [3], step: [166/391], batch loss: 1.29132, batch accuracy: 51.56, data load time: 0.00031, step time: 0.02597
epoch: [3], step: [176/391], batch loss: 1.05406, batch accuracy: 62.50, data load time: 0.00032, step time: 0.02603
epoch: [3], step: [186/391], batch loss: 1.15186, batch accuracy: 60.16, data load time: 0.00031, step time: 0.02577
epoch: [3], step: [196/391], batch loss: 1.00238, batch accuracy: 67.97, data load time: 0.00031, step time: 0.02569
epoch: [3], step: [206/391], batch loss: 0.96992, batch accuracy: 62.50, data load time: 0.00032, step time: 0.02583
epoch: [3], step: [216/391], batch loss: 0.88890, batch accuracy: 68.75, data load time: 0.00031, step time: 0.02572
epoch: [3], step: [226/391], batch loss: 1.09793, batch accuracy: 61.72, data load time: 0.00031, step time: 0.02576
epoch: [3], step: [236/391], batch loss: 1.31905, batch accuracy: 57.03, data load time: 0.00031, step time: 0.02573
epoch: [3], step: [246/391], batch loss: 1.03786, batch accuracy: 60.16, data load time: 0.00031, step time: 0.02577
epoch: [3], step: [256/391], batch loss: 1.05916, batch accuracy: 60.16, data load time: 0.00031, step time: 0.02574
epoch: [3], step: [266/391], batch loss: 1.08151, batch accuracy: 62.50, data load time: 0.00031, step time: 0.02566
epoch: [3], step: [276/391], batch loss: 1.00114, batch accuracy: 67.19, data load time: 0.00031, step time: 0.02567
epoch: [3], step: [286/391], batch loss: 0.97868, batch accuracy: 64.84, data load time: 0.00031, step time: 0.02571
epoch: [3], step: [296/391], batch loss: 1.08363, batch accuracy: 56.25, data load time: 0.00032, step time: 0.02573
epoch: [3], step: [306/391], batch loss: 1.26990, batch accuracy: 58.59, data load time: 0.00031, step time: 0.02574
epoch: [3], step: [316/391], batch loss: 1.20832, batch accuracy: 59.38, data load time: 0.00032, step time: 0.02573
epoch: [3], step: [326/391], batch loss: 1.04715, batch accuracy: 64.06, data load time: 0.00031, step time: 0.02576
epoch: [3], step: [336/391], batch loss: 0.97863, batch accuracy: 68.75, data load time: 0.00027, step time: 0.00383
epoch: [3], step: [346/391], batch loss: 0.87641, batch accuracy: 70.31, data load time: 0.00027, step time: 0.00381
epoch: [3], step: [356/391], batch loss: 1.20622, batch accuracy: 60.16, data load time: 0.00027, step time: 0.00382
epoch: [3], step: [366/391], batch loss: 0.95768, batch accuracy: 65.62, data load time: 0.00027, step time: 0.00380
epoch: [3], step: [376/391], batch loss: 0.94443, batch accuracy: 63.28, data load time: 0.00027, step time: 0.00381
epoch: [3], step: [386/391], batch loss: 1.15013, batch accuracy: 60.16, data load time: 0.00027, step time: 0.00382
validation loss: 1.10268, accuracy: 61.17
epoch: [4], step: [5/391], batch loss: 1.15604, batch accuracy: 62.50, data load time: 0.00031, step time: 0.00402
epoch: [4], step: [15/391], batch loss: 0.99910, batch accuracy: 62.50, data load time: 0.00031, step time: 0.02609
epoch: [4], step: [25/391], batch loss: 0.95402, batch accuracy: 67.97, data load time: 0.10060, step time: 0.02577
epoch: [4], step: [35/391], batch loss: 1.11833, batch accuracy: 60.16, data load time: 0.00030, step time: 0.02581
epoch: [4], step: [45/391], batch loss: 0.93660, batch accuracy: 64.06, data load time: 0.00030, step time: 0.02589
epoch: [4], step: [55/391], batch loss: 1.03493, batch accuracy: 64.06, data load time: 0.03212, step time: 0.02572
epoch: [4], step: [65/391], batch loss: 0.94275, batch accuracy: 67.97, data load time: 0.00030, step time: 0.02575
epoch: [4], step: [75/391], batch loss: 0.90461, batch accuracy: 64.06, data load time: 0.00030, step time: 0.02595
epoch: [4], step: [85/391], batch loss: 0.93018, batch accuracy: 66.41, data load time: 0.00030, step time: 0.02596
epoch: [4], step: [95/391], batch loss: 1.03328, batch accuracy: 64.06, data load time: 0.00030, step time: 0.02600
epoch: [4], step: [105/391], batch loss: 0.85969, batch accuracy: 67.97, data load time: 0.00031, step time: 0.02592
epoch: [4], step: [115/391], batch loss: 0.96906, batch accuracy: 65.62, data load time: 0.00031, step time: 0.02733
epoch: [4], step: [125/391], batch loss: 0.95050, batch accuracy: 71.09, data load time: 0.00031, step time: 0.02733
epoch: [4], step: [135/391], batch loss: 0.90673, batch accuracy: 64.84, data load time: 0.00031, step time: 0.02715
epoch: [4], step: [145/391], batch loss: 0.87047, batch accuracy: 68.75, data load time: 0.00031, step time: 0.02603
epoch: [4], step: [155/391], batch loss: 0.99365, batch accuracy: 66.41, data load time: 0.00031, step time: 0.02600
epoch: [4], step: [165/391], batch loss: 1.06138, batch accuracy: 60.94, data load time: 0.00031, step time: 0.02597
epoch: [4], step: [175/391], batch loss: 1.02467, batch accuracy: 64.06, data load time: 0.00031, step time: 0.02578
epoch: [4], step: [185/391], batch loss: 0.86913, batch accuracy: 69.53, data load time: 0.00031, step time: 0.02593
epoch: [4], step: [195/391], batch loss: 1.13396, batch accuracy: 60.94, data load time: 0.00032, step time: 0.02575
epoch: [4], step: [205/391], batch loss: 1.14848, batch accuracy: 66.41, data load time: 0.00032, step time: 0.02576
epoch: [4], step: [215/391], batch loss: 1.01485, batch accuracy: 57.81, data load time: 0.00031, step time: 0.02583
epoch: [4], step: [225/391], batch loss: 0.97170, batch accuracy: 64.84, data load time: 0.00031, step time: 0.02571
epoch: [4], step: [235/391], batch loss: 0.98422, batch accuracy: 68.75, data load time: 0.00031, step time: 0.02582
epoch: [4], step: [245/391], batch loss: 0.93053, batch accuracy: 63.28, data load time: 0.00031, step time: 0.02578
epoch: [4], step: [255/391], batch loss: 0.93482, batch accuracy: 66.41, data load time: 0.00031, step time: 0.02580
epoch: [4], step: [265/391], batch loss: 1.12872, batch accuracy: 63.28, data load time: 0.00031, step time: 0.02576
epoch: [4], step: [275/391], batch loss: 1.03378, batch accuracy: 64.84, data load time: 0.00031, step time: 0.02577
epoch: [4], step: [285/391], batch loss: 0.82189, batch accuracy: 69.53, data load time: 0.00032, step time: 0.02573
epoch: [4], step: [295/391], batch loss: 0.81494, batch accuracy: 69.53, data load time: 0.00031, step time: 0.02579
epoch: [4], step: [305/391], batch loss: 0.83458, batch accuracy: 71.88, data load time: 0.00031, step time: 0.02579
epoch: [4], step: [315/391], batch loss: 0.96390, batch accuracy: 68.75, data load time: 0.00031, step time: 0.02593
epoch: [4], step: [325/391], batch loss: 1.07314, batch accuracy: 61.72, data load time: 0.00032, step time: 0.02583
epoch: [4], step: [335/391], batch loss: 1.26823, batch accuracy: 58.59, data load time: 0.00027, step time: 0.00411
epoch: [4], step: [345/391], batch loss: 0.88428, batch accuracy: 67.19, data load time: 0.00027, step time: 0.00411
epoch: [4], step: [355/391], batch loss: 0.91818, batch accuracy: 68.75, data load time: 0.00027, step time: 0.00412
epoch: [4], step: [365/391], batch loss: 1.14081, batch accuracy: 70.31, data load time: 0.00027, step time: 0.00386
epoch: [4], step: [375/391], batch loss: 1.13253, batch accuracy: 57.81, data load time: 0.00027, step time: 0.00387
epoch: [4], step: [385/391], batch loss: 1.18909, batch accuracy: 61.72, data load time: 0.00027, step time: 0.00382
epoch: [5], step: [4/391], batch loss: 1.12399, batch accuracy: 55.47, data load time: 0.00031, step time: 0.00406
epoch: [5], step: [14/391], batch loss: 1.13889, batch accuracy: 60.16, data load time: 0.00032, step time: 0.02610
epoch: [5], step: [24/391], batch loss: 0.92434, batch accuracy: 69.53, data load time: 0.00042, step time: 0.02927
epoch: [5], step: [34/391], batch loss: 1.26324, batch accuracy: 57.81, data load time: 0.00030, step time: 0.02577
epoch: [5], step: [44/391], batch loss: 0.80929, batch accuracy: 69.53, data load time: 0.00030, step time: 0.02570
epoch: [5], step: [54/391], batch loss: 0.96439, batch accuracy: 67.19, data load time: 0.02256, step time: 0.00382
epoch: [5], step: [64/391], batch loss: 1.20226, batch accuracy: 58.59, data load time: 0.00031, step time: 0.02577
epoch: [5], step: [74/391], batch loss: 1.03902, batch accuracy: 63.28, data load time: 0.00030, step time: 0.02590
epoch: [5], step: [84/391], batch loss: 0.84541, batch accuracy: 71.09, data load time: 0.00030, step time: 0.02604
epoch: [5], step: [94/391], batch loss: 0.99992, batch accuracy: 64.84, data load time: 0.00030, step time: 0.02598
epoch: [5], step: [104/391], batch loss: 1.04026, batch accuracy: 60.16, data load time: 0.00031, step time: 0.02591
epoch: [5], step: [114/391], batch loss: 0.82038, batch accuracy: 67.97, data load time: 0.00032, step time: 0.02594
epoch: [5], step: [124/391], batch loss: 0.82047, batch accuracy: 72.66, data load time: 0.00031, step time: 0.02591
epoch: [5], step: [134/391], batch loss: 1.05355, batch accuracy: 64.84, data load time: 0.00032, step time: 0.02597
epoch: [5], step: [144/391], batch loss: 0.73923, batch accuracy: 74.22, data load time: 0.00032, step time: 0.02602
epoch: [5], step: [154/391], batch loss: 0.91964, batch accuracy: 64.84, data load time: 0.00032, step time: 0.02595
epoch: [5], step: [164/391], batch loss: 1.04777, batch accuracy: 64.06, data load time: 0.00032, step time: 0.02618
epoch: [5], step: [174/391], batch loss: 0.79899, batch accuracy: 75.78, data load time: 0.00032, step time: 0.02577
epoch: [5], step: [184/391], batch loss: 0.89492, batch accuracy: 67.97, data load time: 0.00032, step time: 0.02586
epoch: [5], step: [194/391], batch loss: 1.16774, batch accuracy: 64.06, data load time: 0.00032, step time: 0.02584
epoch: [5], step: [204/391], batch loss: 1.00114, batch accuracy: 61.72, data load time: 0.00032, step time: 0.02573
epoch: [5], step: [214/391], batch loss: 1.03935, batch accuracy: 67.19, data load time: 0.00032, step time: 0.02569
epoch: [5], step: [224/391], batch loss: 1.09010, batch accuracy: 61.72, data load time: 0.00032, step time: 0.02576
epoch: [5], step: [234/391], batch loss: 0.94128, batch accuracy: 64.84, data load time: 0.00031, step time: 0.02573
epoch: [5], step: [244/391], batch loss: 0.84841, batch accuracy: 67.19, data load time: 0.00032, step time: 0.02575
epoch: [5], step: [254/391], batch loss: 1.05328, batch accuracy: 64.06, data load time: 0.00032, step time: 0.02574
epoch: [5], step: [264/391], batch loss: 1.08366, batch accuracy: 64.06, data load time: 0.00032, step time: 0.02576
epoch: [5], step: [274/391], batch loss: 0.79138, batch accuracy: 71.88, data load time: 0.00032, step time: 0.02576
epoch: [5], step: [284/391], batch loss: 0.89535, batch accuracy: 70.31, data load time: 0.00032, step time: 0.02577
epoch: [5], step: [294/391], batch loss: 1.01487, batch accuracy: 67.97, data load time: 0.00032, step time: 0.02573
epoch: [5], step: [304/391], batch loss: 0.88240, batch accuracy: 67.97, data load time: 0.00032, step time: 0.02583
epoch: [5], step: [314/391], batch loss: 0.73416, batch accuracy: 78.12, data load time: 0.00032, step time: 0.02569
epoch: [5], step: [324/391], batch loss: 1.03535, batch accuracy: 61.72, data load time: 0.00032, step time: 0.02573
epoch: [5], step: [334/391], batch loss: 1.00593, batch accuracy: 64.84, data load time: 0.00300, step time: 0.01754
epoch: [5], step: [344/391], batch loss: 0.75485, batch accuracy: 69.53, data load time: 0.00027, step time: 0.00382
epoch: [5], step: [354/391], batch loss: 1.02601, batch accuracy: 63.28, data load time: 0.00027, step time: 0.00381
epoch: [5], step: [364/391], batch loss: 0.91187, batch accuracy: 66.41, data load time: 0.00028, step time: 0.00380
epoch: [5], step: [374/391], batch loss: 0.82048, batch accuracy: 71.09, data load time: 0.00027, step time: 0.00381
epoch: [5], step: [384/391], batch loss: 0.76241, batch accuracy: 80.47, data load time: 0.00027, step time: 0.00382
validation loss: 1.08648, accuracy: 62.65
epoch: [6], step: [3/391], batch loss: 0.71027, batch accuracy: 79.69, data load time: 0.00033, step time: 0.01562
epoch: [6], step: [13/391], batch loss: 0.80861, batch accuracy: 71.88, data load time: 0.00032, step time: 0.02609
epoch: [6], step: [23/391], batch loss: 0.74393, batch accuracy: 72.66, data load time: 0.00032, step time: 0.02599
epoch: [6], step: [33/391], batch loss: 0.91690, batch accuracy: 71.09, data load time: 0.00030, step time: 0.02575
epoch: [6], step: [43/391], batch loss: 0.89404, batch accuracy: 65.62, data load time: 0.00030, step time: 0.02600
epoch: [6], step: [53/391], batch loss: 0.85288, batch accuracy: 74.22, data load time: 0.00030, step time: 0.02580
epoch: [6], step: [63/391], batch loss: 0.81431, batch accuracy: 70.31, data load time: 0.00030, step time: 0.02566
epoch: [6], step: [73/391], batch loss: 0.60480, batch accuracy: 79.69, data load time: 0.00031, step time: 0.02590
epoch: [6], step: [83/391], batch loss: 0.72962, batch accuracy: 75.00, data load time: 0.00040, step time: 0.02587
epoch: [6], step: [93/391], batch loss: 0.85917, batch accuracy: 74.22, data load time: 0.00030, step time: 0.02598
epoch: [6], step: [103/391], batch loss: 0.86151, batch accuracy: 75.00, data load time: 0.00031, step time: 0.02579
epoch: [6], step: [113/391], batch loss: 0.77809, batch accuracy: 67.97, data load time: 0.00031, step time: 0.02706
epoch: [6], step: [123/391], batch loss: 0.80890, batch accuracy: 72.66, data load time: 0.00031, step time: 0.02589
epoch: [6], step: [133/391], batch loss: 0.80075, batch accuracy: 73.44, data load time: 0.00031, step time: 0.02583
epoch: [6], step: [143/391], batch loss: 0.86487, batch accuracy: 71.09, data load time: 0.00031, step time: 0.02599
epoch: [6], step: [153/391], batch loss: 0.89161, batch accuracy: 67.97, data load time: 0.00031, step time: 0.02597
epoch: [6], step: [163/391], batch loss: 0.78151, batch accuracy: 72.66, data load time: 0.00031, step time: 0.02592
epoch: [6], step: [173/391], batch loss: 0.81265, batch accuracy: 72.66, data load time: 0.00031, step time: 0.02570
epoch: [6], step: [183/391], batch loss: 0.87467, batch accuracy: 67.19, data load time: 0.00031, step time: 0.02575
epoch: [6], step: [193/391], batch loss: 0.90700, batch accuracy: 67.19, data load time: 0.00032, step time: 0.02566
epoch: [6], step: [203/391], batch loss: 0.91328, batch accuracy: 70.31, data load time: 0.00031, step time: 0.02565
epoch: [6], step: [213/391], batch loss: 0.62832, batch accuracy: 78.91, data load time: 0.00031, step time: 0.02564
epoch: [6], step: [223/391], batch loss: 0.86654, batch accuracy: 71.09, data load time: 0.00031, step time: 0.02567
epoch: [6], step: [233/391], batch loss: 0.79891, batch accuracy: 74.22, data load time: 0.00031, step time: 0.02564
epoch: [6], step: [243/391], batch loss: 0.80804, batch accuracy: 76.56, data load time: 0.00031, step time: 0.02576
epoch: [6], step: [253/391], batch loss: 0.79185, batch accuracy: 74.22, data load time: 0.00031, step time: 0.02569
epoch: [6], step: [263/391], batch loss: 0.84032, batch accuracy: 67.97, data load time: 0.00032, step time: 0.02565
epoch: [6], step: [273/391], batch loss: 0.97991, batch accuracy: 65.62, data load time: 0.00032, step time: 0.02575
epoch: [6], step: [283/391], batch loss: 0.86744, batch accuracy: 67.97, data load time: 0.00031, step time: 0.02588
epoch: [6], step: [293/391], batch loss: 1.16596, batch accuracy: 61.72, data load time: 0.00031, step time: 0.02574
epoch: [6], step: [303/391], batch loss: 0.96586, batch accuracy: 64.06, data load time: 0.00031, step time: 0.02570
epoch: [6], step: [313/391], batch loss: 0.96445, batch accuracy: 66.41, data load time: 0.00031, step time: 0.02563
epoch: [6], step: [323/391], batch loss: 0.89104, batch accuracy: 70.31, data load time: 0.00031, step time: 0.02573
epoch: [6], step: [333/391], batch loss: 0.95468, batch accuracy: 63.28, data load time: 0.00031, step time: 0.02574
epoch: [6], step: [343/391], batch loss: 0.86235, batch accuracy: 67.97, data load time: 0.00027, step time: 0.00381
epoch: [6], step: [353/391], batch loss: 1.01720, batch accuracy: 64.84, data load time: 0.00027, step time: 0.00382
epoch: [6], step: [363/391], batch loss: 0.81606, batch accuracy: 71.88, data load time: 0.00027, step time: 0.00381
epoch: [6], step: [373/391], batch loss: 0.96866, batch accuracy: 65.62, data load time: 0.00027, step time: 0.00381
epoch: [6], step: [383/391], batch loss: 0.80993, batch accuracy: 69.53, data load time: 0.00027, step time: 0.00381
epoch: [7], step: [2/391], batch loss: 0.61213, batch accuracy: 75.00, data load time: 0.00032, step time: 0.00404
epoch: [7], step: [12/391], batch loss: 0.76793, batch accuracy: 71.88, data load time: 0.00032, step time: 0.02640
epoch: [7], step: [22/391], batch loss: 0.71801, batch accuracy: 78.91, data load time: 0.00032, step time: 0.02618
epoch: [7], step: [32/391], batch loss: 0.97015, batch accuracy: 68.75, data load time: 0.00030, step time: 0.02078
epoch: [7], step: [42/391], batch loss: 0.81931, batch accuracy: 75.78, data load time: 0.00030, step time: 0.02568
epoch: [7], step: [52/391], batch loss: 0.80951, batch accuracy: 70.31, data load time: 0.00030, step time: 0.02580
epoch: [7], step: [62/391], batch loss: 0.74251, batch accuracy: 71.88, data load time: 0.00030, step time: 0.02572
epoch: [7], step: [72/391], batch loss: 0.83723, batch accuracy: 64.84, data load time: 0.00030, step time: 0.02601
epoch: [7], step: [82/391], batch loss: 0.74770, batch accuracy: 75.00, data load time: 0.00030, step time: 0.02600
epoch: [7], step: [92/391], batch loss: 0.86966, batch accuracy: 69.53, data load time: 0.00030, step time: 0.02629
epoch: [7], step: [102/391], batch loss: 0.81178, batch accuracy: 68.75, data load time: 0.00031, step time: 0.02604
epoch: [7], step: [112/391], batch loss: 0.76607, batch accuracy: 76.56, data load time: 0.00032, step time: 0.02589
epoch: [7], step: [122/391], batch loss: 0.84439, batch accuracy: 75.78, data load time: 0.00031, step time: 0.02598
epoch: [7], step: [132/391], batch loss: 1.04524, batch accuracy: 66.41, data load time: 0.00032, step time: 0.02604
epoch: [7], step: [142/391], batch loss: 0.82912, batch accuracy: 70.31, data load time: 0.00031, step time: 0.02606
epoch: [7], step: [152/391], batch loss: 0.77340, batch accuracy: 74.22, data load time: 0.00031, step time: 0.02595
epoch: [7], step: [162/391], batch loss: 0.95500, batch accuracy: 71.88, data load time: 0.00031, step time: 0.02598
epoch: [7], step: [172/391], batch loss: 0.69633, batch accuracy: 77.34, data load time: 0.00031, step time: 0.02583
epoch: [7], step: [182/391], batch loss: 0.79674, batch accuracy: 74.22, data load time: 0.00031, step time: 0.02574
epoch: [7], step: [192/391], batch loss: 0.73676, batch accuracy: 74.22, data load time: 0.00031, step time: 0.02578
epoch: [7], step: [202/391], batch loss: 0.79172, batch accuracy: 71.88, data load time: 0.00031, step time: 0.02579
epoch: [7], step: [212/391], batch loss: 1.00547, batch accuracy: 67.97, data load time: 0.00031, step time: 0.02571
epoch: [7], step: [222/391], batch loss: 0.86163, batch accuracy: 68.75, data load time: 0.00031, step time: 0.02583
epoch: [7], step: [232/391], batch loss: 0.92161, batch accuracy: 67.19, data load time: 0.00031, step time: 0.02572
epoch: [7], step: [242/391], batch loss: 0.99834, batch accuracy: 67.19, data load time: 0.00031, step time: 0.02584
epoch: [7], step: [252/391], batch loss: 0.87365, batch accuracy: 66.41, data load time: 0.00032, step time: 0.02572
epoch: [7], step: [262/391], batch loss: 0.67437, batch accuracy: 76.56, data load time: 0.00032, step time: 0.02575
epoch: [7], step: [272/391], batch loss: 0.75710, batch accuracy: 74.22, data load time: 0.00031, step time: 0.02576
epoch: [7], step: [282/391], batch loss: 0.95274, batch accuracy: 64.84, data load time: 0.00031, step time: 0.02589
epoch: [7], step: [292/391], batch loss: 0.90796, batch accuracy: 64.84, data load time: 0.00032, step time: 0.02578
epoch: [7], step: [302/391], batch loss: 1.03829, batch accuracy: 60.16, data load time: 0.00032, step time: 0.02579
epoch: [7], step: [312/391], batch loss: 0.93865, batch accuracy: 67.97, data load time: 0.00032, step time: 0.02587
epoch: [7], step: [322/391], batch loss: 0.85596, batch accuracy: 71.88, data load time: 0.00031, step time: 0.02579
epoch: [7], step: [332/391], batch loss: 0.96212, batch accuracy: 73.44, data load time: 0.00031, step time: 0.02577
epoch: [7], step: [342/391], batch loss: 0.84452, batch accuracy: 68.75, data load time: 0.00027, step time: 0.00412
epoch: [7], step: [352/391], batch loss: 0.87692, batch accuracy: 69.53, data load time: 0.00027, step time: 0.00412
epoch: [7], step: [362/391], batch loss: 0.89799, batch accuracy: 67.19, data load time: 0.00027, step time: 0.00412
epoch: [7], step: [372/391], batch loss: 0.86760, batch accuracy: 75.00, data load time: 0.00027, step time: 0.00385
epoch: [7], step: [382/391], batch loss: 0.80298, batch accuracy: 73.44, data load time: 0.00027, step time: 0.00386
validation loss: 1.07022, accuracy: 63.19
epoch: [8], step: [1/391], batch loss: 0.74768, batch accuracy: 71.88, data load time: 0.00037, step time: 0.02259
epoch: [8], step: [11/391], batch loss: 0.97766, batch accuracy: 66.41, data load time: 0.00032, step time: 0.21775
epoch: [8], step: [21/391], batch loss: 0.71754, batch accuracy: 71.09, data load time: 0.00031, step time: 0.02604
epoch: [8], step: [31/391], batch loss: 0.72161, batch accuracy: 76.56, data load time: 0.00031, step time: 0.02570
epoch: [8], step: [41/391], batch loss: 0.70428, batch accuracy: 72.66, data load time: 0.00030, step time: 0.02485
epoch: [8], step: [51/391], batch loss: 0.65095, batch accuracy: 75.00, data load time: 0.00030, step time: 0.02583
epoch: [8], step: [61/391], batch loss: 0.64040, batch accuracy: 74.22, data load time: 0.00030, step time: 0.02577
epoch: [8], step: [71/391], batch loss: 0.80925, batch accuracy: 72.66, data load time: 0.00030, step time: 0.02599
epoch: [8], step: [81/391], batch loss: 0.98948, batch accuracy: 64.06, data load time: 0.00030, step time: 0.02589
epoch: [8], step: [91/391], batch loss: 0.67361, batch accuracy: 76.56, data load time: 0.00030, step time: 0.02581
epoch: [8], step: [101/391], batch loss: 0.74874, batch accuracy: 73.44, data load time: 0.00031, step time: 0.02695
epoch: [8], step: [111/391], batch loss: 0.63850, batch accuracy: 77.34, data load time: 0.00031, step time: 0.02598
epoch: [8], step: [121/391], batch loss: 0.71165, batch accuracy: 75.00, data load time: 0.00031, step time: 0.02594
epoch: [8], step: [131/391], batch loss: 0.73132, batch accuracy: 75.00, data load time: 0.00031, step time: 0.02593
epoch: [8], step: [141/391], batch loss: 0.68048, batch accuracy: 75.78, data load time: 0.00031, step time: 0.02586
epoch: [8], step: [151/391], batch loss: 0.81400, batch accuracy: 70.31, data load time: 0.00031, step time: 0.02599
epoch: [8], step: [161/391], batch loss: 0.85029, batch accuracy: 70.31, data load time: 0.00031, step time: 0.02604
epoch: [8], step: [171/391], batch loss: 0.75969, batch accuracy: 72.66, data load time: 0.00031, step time: 0.02573
epoch: [8], step: [181/391], batch loss: 0.69560, batch accuracy: 75.78, data load time: 0.00031, step time: 0.02583
epoch: [8], step: [191/391], batch loss: 0.74079, batch accuracy: 70.31, data load time: 0.00032, step time: 0.02572
epoch: [8], step: [201/391], batch loss: 0.78167, batch accuracy: 74.22, data load time: 0.00031, step time: 0.02570
epoch: [8], step: [211/391], batch loss: 0.88790, batch accuracy: 67.97, data load time: 0.00031, step time: 0.02575
epoch: [8], step: [221/391], batch loss: 0.71721, batch accuracy: 75.78, data load time: 0.00032, step time: 0.02587
epoch: [8], step: [231/391], batch loss: 0.88582, batch accuracy: 68.75, data load time: 0.00031, step time: 0.02562
epoch: [8], step: [241/391], batch loss: 0.89002, batch accuracy: 72.66, data load time: 0.00031, step time: 0.02577
epoch: [8], step: [251/391], batch loss: 0.85585, batch accuracy: 70.31, data load time: 0.00031, step time: 0.02580
epoch: [8], step: [261/391], batch loss: 0.69187, batch accuracy: 77.34, data load time: 0.00031, step time: 0.02578
epoch: [8], step: [271/391], batch loss: 0.88383, batch accuracy: 72.66, data load time: 0.00031, step time: 0.02578
epoch: [8], step: [281/391], batch loss: 0.91727, batch accuracy: 67.97, data load time: 0.00032, step time: 0.02701
epoch: [8], step: [291/391], batch loss: 0.77527, batch accuracy: 72.66, data load time: 0.00031, step time: 0.02702
epoch: [8], step: [301/391], batch loss: 0.81144, batch accuracy: 71.88, data load time: 0.00031, step time: 0.02715
epoch: [8], step: [311/391], batch loss: 1.04512, batch accuracy: 64.06, data load time: 0.00032, step time: 0.02570
epoch: [8], step: [321/391], batch loss: 0.84389, batch accuracy: 67.19, data load time: 0.00031, step time: 0.02580
epoch: [8], step: [331/391], batch loss: 0.83473, batch accuracy: 71.88, data load time: 0.00031, step time: 0.02586
epoch: [8], step: [341/391], batch loss: 0.66042, batch accuracy: 75.00, data load time: 0.00028, step time: 0.00382
epoch: [8], step: [351/391], batch loss: 0.89396, batch accuracy: 71.09, data load time: 0.00027, step time: 0.00381
epoch: [8], step: [361/391], batch loss: 0.71769, batch accuracy: 74.22, data load time: 0.00027, step time: 0.00382
epoch: [8], step: [371/391], batch loss: 0.92245, batch accuracy: 70.31, data load time: 0.00027, step time: 0.00381
epoch: [8], step: [381/391], batch loss: 0.92513, batch accuracy: 66.41, data load time: 0.00027, step time: 0.00381
epoch: [9], step: [0/391], batch loss: 0.69685, batch accuracy: 75.00, data load time: 1.65813, step time: 0.59054
epoch: [9], step: [10/391], batch loss: 0.68712, batch accuracy: 75.78, data load time: 0.00032, step time: 0.09511
epoch: [9], step: [20/391], batch loss: 0.70068, batch accuracy: 75.00, data load time: 0.00031, step time: 0.02619
epoch: [9], step: [30/391], batch loss: 0.64695, batch accuracy: 75.78, data load time: 0.00030, step time: 0.02581
epoch: [9], step: [40/391], batch loss: 0.70754, batch accuracy: 72.66, data load time: 0.00030, step time: 0.02589
epoch: [9], step: [50/391], batch loss: 0.73619, batch accuracy: 74.22, data load time: 0.00030, step time: 0.02581
epoch: [9], step: [60/391], batch loss: 0.73110, batch accuracy: 73.44, data load time: 0.00030, step time: 0.02576
epoch: [9], step: [70/391], batch loss: 1.18429, batch accuracy: 56.25, data load time: 0.00033, step time: 0.02660
epoch: [9], step: [80/391], batch loss: 0.71114, batch accuracy: 78.91, data load time: 0.00030, step time: 0.02597
epoch: [9], step: [90/391], batch loss: 0.83137, batch accuracy: 71.09, data load time: 0.00030, step time: 0.02712
epoch: [9], step: [100/391], batch loss: 0.73202, batch accuracy: 75.78, data load time: 0.00031, step time: 0.02727
epoch: [9], step: [110/391], batch loss: 0.97529, batch accuracy: 65.62, data load time: 0.00031, step time: 0.02726
epoch: [9], step: [120/391], batch loss: 0.79824, batch accuracy: 78.91, data load time: 0.00031, step time: 0.02589
epoch: [9], step: [130/391], batch loss: 0.81615, batch accuracy: 71.88, data load time: 0.00031, step time: 0.02593
epoch: [9], step: [140/391], batch loss: 0.80661, batch accuracy: 71.88, data load time: 0.00031, step time: 0.02591
epoch: [9], step: [150/391], batch loss: 0.80580, batch accuracy: 71.09, data load time: 0.00031, step time: 0.02601
epoch: [9], step: [160/391], batch loss: 0.83270, batch accuracy: 68.75, data load time: 0.00031, step time: 0.02603
epoch: [9], step: [170/391], batch loss: 0.88890, batch accuracy: 71.09, data load time: 0.00032, step time: 0.02583
epoch: [9], step: [180/391], batch loss: 0.74616, batch accuracy: 73.44, data load time: 0.00031, step time: 0.02596
epoch: [9], step: [190/391], batch loss: 0.93654, batch accuracy: 70.31, data load time: 0.00031, step time: 0.02574
epoch: [9], step: [200/391], batch loss: 0.82042, batch accuracy: 75.00, data load time: 0.00032, step time: 0.02568
epoch: [9], step: [210/391], batch loss: 0.90372, batch accuracy: 64.06, data load time: 0.00032, step time: 0.02579
epoch: [9], step: [220/391], batch loss: 0.74457, batch accuracy: 75.00, data load time: 0.00032, step time: 0.02573
epoch: [9], step: [230/391], batch loss: 0.69916, batch accuracy: 75.78, data load time: 0.00031, step time: 0.02568
epoch: [9], step: [240/391], batch loss: 0.85776, batch accuracy: 66.41, data load time: 0.00031, step time: 0.02578
epoch: [9], step: [250/391], batch loss: 0.98199, batch accuracy: 65.62, data load time: 0.00031, step time: 0.02576
epoch: [9], step: [260/391], batch loss: 0.72760, batch accuracy: 74.22, data load time: 0.00031, step time: 0.02582
epoch: [9], step: [270/391], batch loss: 0.80411, batch accuracy: 73.44, data load time: 0.00031, step time: 0.02572
epoch: [9], step: [280/391], batch loss: 0.88127, batch accuracy: 71.09, data load time: 0.00031, step time: 0.02567
epoch: [9], step: [290/391], batch loss: 0.89138, batch accuracy: 67.97, data load time: 0.00031, step time: 0.02574
epoch: [9], step: [300/391], batch loss: 0.87425, batch accuracy: 67.97, data load time: 0.00032, step time: 0.02583
epoch: [9], step: [310/391], batch loss: 0.87365, batch accuracy: 67.19, data load time: 0.00032, step time: 0.02588
epoch: [9], step: [320/391], batch loss: 0.75304, batch accuracy: 72.66, data load time: 0.00032, step time: 0.02588
epoch: [9], step: [330/391], batch loss: 0.60184, batch accuracy: 78.12, data load time: 0.00033, step time: 0.02574
epoch: [9], step: [340/391], batch loss: 0.69534, batch accuracy: 71.88, data load time: 0.00028, step time: 0.00381
epoch: [9], step: [350/391], batch loss: 0.73101, batch accuracy: 71.88, data load time: 0.00027, step time: 0.00382
epoch: [9], step: [360/391], batch loss: 0.67850, batch accuracy: 75.00, data load time: 0.00027, step time: 0.00381
epoch: [9], step: [370/391], batch loss: 0.57432, batch accuracy: 78.12, data load time: 0.00028, step time: 0.00381
epoch: [9], step: [380/391], batch loss: 0.72184, batch accuracy: 75.78, data load time: 0.00027, step time: 0.00381
epoch: [9], step: [390/391], batch loss: 0.68037, batch accuracy: 76.25, data load time: 0.00022, step time: 0.00281
validation loss: 1.07216, accuracy: 64.04
epoch: [10], step: [9/391], batch loss: 0.69754, batch accuracy: 76.56, data load time: 0.00031, step time: 0.00412
epoch: [10], step: [19/391], batch loss: 0.66007, batch accuracy: 82.03, data load time: 0.00031, step time: 0.02604
epoch: [10], step: [29/391], batch loss: 0.55685, batch accuracy: 78.91, data load time: 0.00030, step time: 0.02559
epoch: [10], step: [39/391], batch loss: 0.61393, batch accuracy: 78.12, data load time: 0.00030, step time: 0.02580
epoch: [10], step: [49/391], batch loss: 0.64660, batch accuracy: 80.47, data load time: 0.00030, step time: 0.02588
epoch: [10], step: [59/391], batch loss: 0.85885, batch accuracy: 72.66, data load time: 0.00031, step time: 0.02571
epoch: [10], step: [69/391], batch loss: 0.64835, batch accuracy: 75.78, data load time: 0.00030, step time: 0.08248
epoch: [10], step: [79/391], batch loss: 0.70599, batch accuracy: 74.22, data load time: 0.00030, step time: 0.02599
epoch: [10], step: [89/391], batch loss: 1.03511, batch accuracy: 66.41, data load time: 0.00030, step time: 0.02597
epoch: [10], step: [99/391], batch loss: 0.80516, batch accuracy: 74.22, data load time: 0.00031, step time: 0.02590
epoch: [10], step: [109/391], batch loss: 0.67203, batch accuracy: 73.44, data load time: 0.00031, step time: 0.02594
epoch: [10], step: [119/391], batch loss: 0.84542, batch accuracy: 69.53, data load time: 0.00031, step time: 0.02718
epoch: [10], step: [129/391], batch loss: 0.73947, batch accuracy: 74.22, data load time: 0.00031, step time: 0.02596
epoch: [10], step: [139/391], batch loss: 0.85783, batch accuracy: 75.78, data load time: 0.00031, step time: 0.02597
epoch: [10], step: [149/391], batch loss: 0.66190, batch accuracy: 75.00, data load time: 0.00031, step time: 0.02589
epoch: [10], step: [159/391], batch loss: 0.74696, batch accuracy: 73.44, data load time: 0.00032, step time: 0.02589
epoch: [10], step: [169/391], batch loss: 0.97709, batch accuracy: 68.75, data load time: 0.00031, step time: 0.02571
epoch: [10], step: [179/391], batch loss: 0.72229, batch accuracy: 75.00, data load time: 0.00031, step time: 0.02577
epoch: [10], step: [189/391], batch loss: 0.73665, batch accuracy: 70.31, data load time: 0.00031, step time: 0.02583
epoch: [10], step: [199/391], batch loss: 0.60427, batch accuracy: 80.47, data load time: 0.00032, step time: 0.02567
epoch: [10], step: [209/391], batch loss: 0.75064, batch accuracy: 74.22, data load time: 0.00031, step time: 0.02577
epoch: [10], step: [219/391], batch loss: 0.73578, batch accuracy: 72.66, data load time: 0.00031, step time: 0.02585
epoch: [10], step: [229/391], batch loss: 0.71739, batch accuracy: 77.34, data load time: 0.00031, step time: 0.02578
epoch: [10], step: [239/391], batch loss: 0.86809, batch accuracy: 68.75, data load time: 0.00031, step time: 0.02580
epoch: [10], step: [249/391], batch loss: 0.74317, batch accuracy: 75.78, data load time: 0.00033, step time: 0.02575
epoch: [10], step: [259/391], batch loss: 0.66694, batch accuracy: 81.25, data load time: 0.00033, step time: 0.02575
epoch: [10], step: [269/391], batch loss: 0.65348, batch accuracy: 76.56, data load time: 0.00031, step time: 0.02589
epoch: [10], step: [279/391], batch loss: 0.74275, batch accuracy: 76.56, data load time: 0.00031, step time: 0.02578
epoch: [10], step: [289/391], batch loss: 0.64757, batch accuracy: 80.47, data load time: 0.00031, step time: 0.02574
epoch: [10], step: [299/391], batch loss: 0.68593, batch accuracy: 76.56, data load time: 0.00032, step time: 0.02572
epoch: [10], step: [309/391], batch loss: 0.79154, batch accuracy: 71.09, data load time: 0.00031, step time: 0.02575
epoch: [10], step: [319/391], batch loss: 0.78560, batch accuracy: 72.66, data load time: 0.00031, step time: 0.02567
epoch: [10], step: [329/391], batch loss: 0.81609, batch accuracy: 71.09, data load time: 0.00031, step time: 0.02576
epoch: [10], step: [339/391], batch loss: 0.62450, batch accuracy: 75.78, data load time: 0.00027, step time: 0.00381
epoch: [10], step: [349/391], batch loss: 0.84133, batch accuracy: 67.19, data load time: 0.00027, step time: 0.00381
epoch: [10], step: [359/391], batch loss: 0.71598, batch accuracy: 74.22, data load time: 0.00027, step time: 0.00381
epoch: [10], step: [369/391], batch loss: 0.83084, batch accuracy: 75.00, data load time: 0.00027, step time: 0.00380
epoch: [10], step: [379/391], batch loss: 0.78398, batch accuracy: 70.31, data load time: 0.00027, step time: 0.00381
epoch: [10], step: [389/391], batch loss: 0.73257, batch accuracy: 69.53, data load time: 0.00027, step time: 0.00381
epoch: [11], step: [8/391], batch loss: 0.57753, batch accuracy: 79.69, data load time: 0.00031, step time: 0.00416
epoch: [11], step: [18/391], batch loss: 0.62702, batch accuracy: 76.56, data load time: 0.00032, step time: 0.03589
epoch: [11], step: [28/391], batch loss: 0.66693, batch accuracy: 76.56, data load time: 0.00030, step time: 0.02038
epoch: [11], step: [38/391], batch loss: 0.68266, batch accuracy: 78.91, data load time: 0.00030, step time: 0.02604
epoch: [11], step: [48/391], batch loss: 0.85147, batch accuracy: 64.84, data load time: 0.00030, step time: 0.02600
epoch: [11], step: [58/391], batch loss: 0.72439, batch accuracy: 78.12, data load time: 0.00030, step time: 0.02588
epoch: [11], step: [68/391], batch loss: 0.73745, batch accuracy: 72.66, data load time: 0.00033, step time: 0.02655
epoch: [11], step: [78/391], batch loss: 0.67750, batch accuracy: 71.88, data load time: 0.00030, step time: 0.02598
epoch: [11], step: [88/391], batch loss: 0.65830, batch accuracy: 78.91, data load time: 0.00030, step time: 0.02596
epoch: [11], step: [98/391], batch loss: 0.61222, batch accuracy: 73.44, data load time: 0.00032, step time: 0.02599
epoch: [11], step: [108/391], batch loss: 0.76336, batch accuracy: 72.66, data load time: 0.00031, step time: 0.02592
epoch: [11], step: [118/391], batch loss: 0.85848, batch accuracy: 70.31, data load time: 0.00031, step time: 0.02590
epoch: [11], step: [128/391], batch loss: 0.52349, batch accuracy: 80.47, data load time: 0.00031, step time: 0.02593
epoch: [11], step: [138/391], batch loss: 0.77577, batch accuracy: 70.31, data load time: 0.00031, step time: 0.02592
epoch: [11], step: [148/391], batch loss: 0.69386, batch accuracy: 78.12, data load time: 0.00031, step time: 0.02598
epoch: [11], step: [158/391], batch loss: 0.77244, batch accuracy: 71.88, data load time: 0.00031, step time: 0.02597
epoch: [11], step: [168/391], batch loss: 0.75318, batch accuracy: 72.66, data load time: 0.00032, step time: 0.02588
epoch: [11], step: [178/391], batch loss: 0.82057, batch accuracy: 73.44, data load time: 0.00031, step time: 0.02582
epoch: [11], step: [188/391], batch loss: 0.70242, batch accuracy: 75.00, data load time: 0.00031, step time: 0.02575
epoch: [11], step: [198/391], batch loss: 0.79242, batch accuracy: 75.78, data load time: 0.00031, step time: 0.02569
epoch: [11], step: [208/391], batch loss: 0.65880, batch accuracy: 75.00, data load time: 0.00031, step time: 0.02566
epoch: [11], step: [218/391], batch loss: 0.67928, batch accuracy: 78.12, data load time: 0.00031, step time: 0.02582
epoch: [11], step: [228/391], batch loss: 0.77478, batch accuracy: 69.53, data load time: 0.00031, step time: 0.02580
epoch: [11], step: [238/391], batch loss: 0.52612, batch accuracy: 81.25, data load time: 0.00031, step time: 0.02575
epoch: [11], step: [248/391], batch loss: 0.65004, batch accuracy: 77.34, data load time: 0.00031, step time: 0.02574
epoch: [11], step: [258/391], batch loss: 0.75528, batch accuracy: 74.22, data load time: 0.00032, step time: 0.02580
epoch: [11], step: [268/391], batch loss: 0.54804, batch accuracy: 79.69, data load time: 0.00032, step time: 0.02571
epoch: [11], step: [278/391], batch loss: 0.63307, batch accuracy: 79.69, data load time: 0.00031, step time: 0.02571
epoch: [11], step: [288/391], batch loss: 0.76906, batch accuracy: 71.09, data load time: 0.00031, step time: 0.02582
epoch: [11], step: [298/391], batch loss: 0.75184, batch accuracy: 75.78, data load time: 0.00031, step time: 0.02571
epoch: [11], step: [308/391], batch loss: 0.81318, batch accuracy: 73.44, data load time: 0.00032, step time: 0.02575
epoch: [11], step: [318/391], batch loss: 0.58381, batch accuracy: 80.47, data load time: 0.00031, step time: 0.02594
epoch: [11], step: [328/391], batch loss: 0.71659, batch accuracy: 71.09, data load time: 0.00031, step time: 0.02577
epoch: [11], step: [338/391], batch loss: 0.70099, batch accuracy: 76.56, data load time: 0.00027, step time: 0.00412
epoch: [11], step: [348/391], batch loss: 0.59343, batch accuracy: 78.91, data load time: 0.00027, step time: 0.00411
epoch: [11], step: [358/391], batch loss: 0.70279, batch accuracy: 75.78, data load time: 0.00027, step time: 0.00412
epoch: [11], step: [368/391], batch loss: 0.84460, batch accuracy: 70.31, data load time: 0.00027, step time: 0.00411
epoch: [11], step: [378/391], batch loss: 0.79164, batch accuracy: 77.34, data load time: 0.00028, step time: 0.00392
epoch: [11], step: [388/391], batch loss: 0.72731, batch accuracy: 72.66, data load time: 0.00027, step time: 0.00386
validation loss: 1.10498, accuracy: 64.59
epoch: [12], step: [7/391], batch loss: 0.77648, batch accuracy: 70.31, data load time: 0.00031, step time: 0.00414
epoch: [12], step: [17/391], batch loss: 0.70755, batch accuracy: 72.66, data load time: 0.00031, step time: 0.00404
epoch: [12], step: [27/391], batch loss: 0.44263, batch accuracy: 85.16, data load time: 0.00731, step time: 0.02364
epoch: [12], step: [37/391], batch loss: 0.70809, batch accuracy: 75.78, data load time: 0.00030, step time: 0.02590
epoch: [12], step: [47/391], batch loss: 0.46947, batch accuracy: 82.81, data load time: 0.00030, step time: 0.02595
epoch: [12], step: [57/391], batch loss: 0.60970, batch accuracy: 75.00, data load time: 0.00030, step time: 0.02573
epoch: [12], step: [67/391], batch loss: 0.66260, batch accuracy: 76.56, data load time: 0.00031, step time: 0.02590
epoch: [12], step: [77/391], batch loss: 0.58542, batch accuracy: 82.81, data load time: 0.00031, step time: 0.02607
epoch: [12], step: [87/391], batch loss: 0.51670, batch accuracy: 82.03, data load time: 0.00030, step time: 0.02602
epoch: [12], step: [97/391], batch loss: 0.92212, batch accuracy: 67.97, data load time: 0.00031, step time: 0.02605
epoch: [12], step: [107/391], batch loss: 0.65137, batch accuracy: 74.22, data load time: 0.00031, step time: 0.02602
epoch: [12], step: [117/391], batch loss: 0.62500, batch accuracy: 78.12, data load time: 0.00031, step time: 0.02597
epoch: [12], step: [127/391], batch loss: 0.63496, batch accuracy: 78.12, data load time: 0.00031, step time: 0.02612
epoch: [12], step: [137/391], batch loss: 0.52451, batch accuracy: 77.34, data load time: 0.00031, step time: 0.02609
epoch: [12], step: [147/391], batch loss: 0.59236, batch accuracy: 78.91, data load time: 0.00032, step time: 0.06051
epoch: [12], step: [157/391], batch loss: 0.64409, batch accuracy: 71.09, data load time: 0.00031, step time: 0.02614
epoch: [12], step: [167/391], batch loss: 0.65462, batch accuracy: 78.91, data load time: 0.00031, step time: 0.02604
epoch: [12], step: [177/391], batch loss: 0.52505, batch accuracy: 84.38, data load time: 0.00031, step time: 0.02582
epoch: [12], step: [187/391], batch loss: 0.47260, batch accuracy: 85.16, data load time: 0.00031, step time: 0.02589
epoch: [12], step: [197/391], batch loss: 0.64337, batch accuracy: 77.34, data load time: 0.00031, step time: 0.02577
epoch: [12], step: [207/391], batch loss: 0.57860, batch accuracy: 80.47, data load time: 0.00031, step time: 0.02588
epoch: [12], step: [217/391], batch loss: 0.77517, batch accuracy: 70.31, data load time: 0.00031, step time: 0.02587
epoch: [12], step: [227/391], batch loss: 0.72556, batch accuracy: 75.78, data load time: 0.00031, step time: 0.02583
epoch: [12], step: [237/391], batch loss: 0.65858, batch accuracy: 77.34, data load time: 0.00031, step time: 0.02589
epoch: [12], step: [247/391], batch loss: 0.67877, batch accuracy: 75.78, data load time: 0.00031, step time: 0.02586
epoch: [12], step: [257/391], batch loss: 0.76942, batch accuracy: 69.53, data load time: 0.00031, step time: 0.02576
epoch: [12], step: [267/391], batch loss: 0.75657, batch accuracy: 77.34, data load time: 0.00031, step time: 0.02589
epoch: [12], step: [277/391], batch loss: 0.85050, batch accuracy: 64.84, data load time: 0.00031, step time: 0.02582
epoch: [12], step: [287/391], batch loss: 0.60099, batch accuracy: 80.47, data load time: 0.00031, step time: 0.02584
epoch: [12], step: [297/391], batch loss: 0.91364, batch accuracy: 66.41, data load time: 0.00031, step time: 0.02586
epoch: [12], step: [307/391], batch loss: 0.62249, batch accuracy: 81.25, data load time: 0.00031, step time: 0.02585
epoch: [12], step: [317/391], batch loss: 0.58138, batch accuracy: 77.34, data load time: 0.00032, step time: 0.02594
epoch: [12], step: [327/391], batch loss: 0.62942, batch accuracy: 78.12, data load time: 0.00031, step time: 0.02590
epoch: [12], step: [337/391], batch loss: 0.61879, batch accuracy: 78.91, data load time: 0.00027, step time: 0.00381
epoch: [12], step: [347/391], batch loss: 0.80359, batch accuracy: 69.53, data load time: 0.00027, step time: 0.00382
epoch: [12], step: [357/391], batch loss: 0.53339, batch accuracy: 81.25, data load time: 0.00028, step time: 0.00380
epoch: [12], step: [367/391], batch loss: 0.64025, batch accuracy: 82.03, data load time: 0.00027, step time: 0.00384
epoch: [12], step: [377/391], batch loss: 0.70706, batch accuracy: 74.22, data load time: 0.00028, step time: 0.00385
epoch: [12], step: [387/391], batch loss: 0.67503, batch accuracy: 82.03, data load time: 0.00027, step time: 0.00384
epoch: [13], step: [6/391], batch loss: 0.63952, batch accuracy: 77.34, data load time: 0.00031, step time: 0.00457
epoch: [13], step: [16/391], batch loss: 0.52595, batch accuracy: 85.16, data load time: 0.00031, step time: 0.02475
epoch: [13], step: [26/391], batch loss: 0.64882, batch accuracy: 77.34, data load time: 0.02980, step time: 0.02359
epoch: [13], step: [36/391], batch loss: 0.56476, batch accuracy: 82.81, data load time: 0.00030, step time: 0.02574
epoch: [13], step: [46/391], batch loss: 0.75404, batch accuracy: 71.88, data load time: 0.00030, step time: 0.02573
epoch: [13], step: [56/391], batch loss: 0.64849, batch accuracy: 74.22, data load time: 0.00030, step time: 0.02570
epoch: [13], step: [66/391], batch loss: 0.65519, batch accuracy: 77.34, data load time: 0.00030, step time: 0.02571
epoch: [13], step: [76/391], batch loss: 0.54773, batch accuracy: 79.69, data load time: 0.00030, step time: 0.02587
epoch: [13], step: [86/391], batch loss: 0.55521, batch accuracy: 81.25, data load time: 0.00031, step time: 0.02596
epoch: [13], step: [96/391], batch loss: 0.67487, batch accuracy: 76.56, data load time: 0.00030, step time: 0.02590
epoch: [13], step: [106/391], batch loss: 0.72090, batch accuracy: 71.09, data load time: 0.00031, step time: 0.02590
epoch: [13], step: [116/391], batch loss: 0.62764, batch accuracy: 78.91, data load time: 0.00032, step time: 0.02587
epoch: [13], step: [126/391], batch loss: 0.60084, batch accuracy: 75.00, data load time: 0.00031, step time: 0.02601
epoch: [13], step: [136/391], batch loss: 0.70590, batch accuracy: 75.00, data load time: 0.00032, step time: 0.02584
epoch: [13], step: [146/391], batch loss: 0.55979, batch accuracy: 77.34, data load time: 0.00031, step time: 0.02589
epoch: [13], step: [156/391], batch loss: 0.73912, batch accuracy: 73.44, data load time: 0.00031, step time: 0.02598
epoch: [13], step: [166/391], batch loss: 0.88885, batch accuracy: 64.84, data load time: 0.00031, step time: 0.02607
epoch: [13], step: [176/391], batch loss: 0.51237, batch accuracy: 85.94, data load time: 0.00032, step time: 0.02580
epoch: [13], step: [186/391], batch loss: 0.61024, batch accuracy: 75.78, data load time: 0.00033, step time: 0.02594
epoch: [13], step: [196/391], batch loss: 0.90563, batch accuracy: 67.19, data load time: 0.00032, step time: 0.02572
epoch: [13], step: [206/391], batch loss: 0.68640, batch accuracy: 75.78, data load time: 0.00031, step time: 0.02574
epoch: [13], step: [216/391], batch loss: 0.70735, batch accuracy: 75.00, data load time: 0.00031, step time: 0.02565
epoch: [13], step: [226/391], batch loss: 0.82905, batch accuracy: 72.66, data load time: 0.00031, step time: 0.02574
epoch: [13], step: [236/391], batch loss: 0.78632, batch accuracy: 69.53, data load time: 0.00031, step time: 0.02567
epoch: [13], step: [246/391], batch loss: 0.70820, batch accuracy: 75.78, data load time: 0.00031, step time: 0.02600
epoch: [13], step: [256/391], batch loss: 0.55248, batch accuracy: 79.69, data load time: 0.00031, step time: 0.02701
epoch: [13], step: [266/391], batch loss: 0.54829, batch accuracy: 82.03, data load time: 0.00032, step time: 0.02708
epoch: [13], step: [276/391], batch loss: 0.69788, batch accuracy: 74.22, data load time: 0.00031, step time: 0.02698
epoch: [13], step: [286/391], batch loss: 0.65804, batch accuracy: 78.12, data load time: 0.00032, step time: 0.02572
epoch: [13], step: [296/391], batch loss: 0.73434, batch accuracy: 70.31, data load time: 0.00031, step time: 0.02575
epoch: [13], step: [306/391], batch loss: 0.73098, batch accuracy: 78.12, data load time: 0.00031, step time: 0.02576
epoch: [13], step: [316/391], batch loss: 0.45680, batch accuracy: 79.69, data load time: 0.00031, step time: 0.02577
epoch: [13], step: [326/391], batch loss: 0.65007, batch accuracy: 78.91, data load time: 0.00032, step time: 0.02570
epoch: [13], step: [336/391], batch loss: 0.79739, batch accuracy: 78.12, data load time: 0.00028, step time: 0.00381
epoch: [13], step: [346/391], batch loss: 0.63419, batch accuracy: 75.00, data load time: 0.00027, step time: 0.00381
epoch: [13], step: [356/391], batch loss: 0.66464, batch accuracy: 75.78, data load time: 0.00028, step time: 0.00381
epoch: [13], step: [366/391], batch loss: 0.77805, batch accuracy: 72.66, data load time: 0.00027, step time: 0.00381
epoch: [13], step: [376/391], batch loss: 0.69243, batch accuracy: 76.56, data load time: 0.00027, step time: 0.00380
epoch: [13], step: [386/391], batch loss: 0.91488, batch accuracy: 68.75, data load time: 0.00027, step time: 0.00381
validation loss: 1.10718, accuracy: 64.04
epoch: [14], step: [5/391], batch loss: 0.51624, batch accuracy: 84.38, data load time: 0.00032, step time: 0.00408
epoch: [14], step: [15/391], batch loss: 0.63496, batch accuracy: 78.12, data load time: 0.00032, step time: 0.02611
epoch: [14], step: [25/391], batch loss: 0.64823, batch accuracy: 77.34, data load time: 0.00030, step time: 0.02621
epoch: [14], step: [35/391], batch loss: 0.57068, batch accuracy: 78.12, data load time: 0.00030, step time: 0.02576
epoch: [14], step: [45/391], batch loss: 0.52370, batch accuracy: 80.47, data load time: 0.00030, step time: 0.02581
epoch: [14], step: [55/391], batch loss: 0.53164, batch accuracy: 83.59, data load time: 0.01823, step time: 0.02583
epoch: [14], step: [65/391], batch loss: 0.62121, batch accuracy: 79.69, data load time: 0.00030, step time: 0.02573
epoch: [14], step: [75/391], batch loss: 0.69807, batch accuracy: 71.88, data load time: 0.00031, step time: 0.02601
epoch: [14], step: [85/391], batch loss: 0.62490, batch accuracy: 78.91, data load time: 0.00030, step time: 0.02591
epoch: [14], step: [95/391], batch loss: 0.53667, batch accuracy: 81.25, data load time: 0.00031, step time: 0.02610
epoch: [14], step: [105/391], batch loss: 0.59128, batch accuracy: 82.81, data load time: 0.00032, step time: 0.02591
epoch: [14], step: [115/391], batch loss: 0.72052, batch accuracy: 70.31, data load time: 0.00031, step time: 0.02595
epoch: [14], step: [125/391], batch loss: 0.54268, batch accuracy: 79.69, data load time: 0.00032, step time: 0.02719
epoch: [14], step: [135/391], batch loss: 0.69686, batch accuracy: 78.12, data load time: 0.00031, step time: 0.02595
epoch: [14], step: [145/391], batch loss: 0.78598, batch accuracy: 70.31, data load time: 0.00031, step time: 0.02587
epoch: [14], step: [155/391], batch loss: 0.50280, batch accuracy: 80.47, data load time: 0.00031, step time: 0.02597
epoch: [14], step: [165/391], batch loss: 0.51687, batch accuracy: 86.72, data load time: 0.00031, step time: 0.02589
epoch: [14], step: [175/391], batch loss: 0.58680, batch accuracy: 77.34, data load time: 0.00031, step time: 0.02574
epoch: [14], step: [185/391], batch loss: 0.62047, batch accuracy: 75.00, data load time: 0.00031, step time: 0.02573
epoch: [14], step: [195/391], batch loss: 0.77456, batch accuracy: 71.88, data load time: 0.00031, step time: 0.02585
epoch: [14], step: [205/391], batch loss: 0.51647, batch accuracy: 80.47, data load time: 0.00032, step time: 0.02579
epoch: [14], step: [215/391], batch loss: 0.70953, batch accuracy: 75.78, data load time: 0.00032, step time: 0.02579
epoch: [14], step: [225/391], batch loss: 0.60353, batch accuracy: 79.69, data load time: 0.00032, step time: 0.02569
epoch: [14], step: [235/391], batch loss: 0.55187, batch accuracy: 81.25, data load time: 0.00031, step time: 0.02588
epoch: [14], step: [245/391], batch loss: 0.52054, batch accuracy: 78.91, data load time: 0.00031, step time: 0.02575
epoch: [14], step: [255/391], batch loss: 0.58823, batch accuracy: 77.34, data load time: 0.00031, step time: 0.02576
epoch: [14], step: [265/391], batch loss: 0.61530, batch accuracy: 79.69, data load time: 0.00031, step time: 0.02585
epoch: [14], step: [275/391], batch loss: 0.75488, batch accuracy: 72.66, data load time: 0.00031, step time: 0.02578
epoch: [14], step: [285/391], batch loss: 0.53277, batch accuracy: 78.12, data load time: 0.00031, step time: 0.02574
epoch: [14], step: [295/391], batch loss: 0.58772, batch accuracy: 81.25, data load time: 0.00032, step time: 0.02585
epoch: [14], step: [305/391], batch loss: 0.65764, batch accuracy: 80.47, data load time: 0.00031, step time: 0.02574
epoch: [14], step: [315/391], batch loss: 0.57217, batch accuracy: 76.56, data load time: 0.00031, step time: 0.02574
epoch: [14], step: [325/391], batch loss: 0.51157, batch accuracy: 80.47, data load time: 0.00031, step time: 0.02577
epoch: [14], step: [335/391], batch loss: 0.48139, batch accuracy: 78.91, data load time: 0.00028, step time: 0.00413
epoch: [14], step: [345/391], batch loss: 0.66993, batch accuracy: 73.44, data load time: 0.00027, step time: 0.00412
epoch: [14], step: [355/391], batch loss: 0.68996, batch accuracy: 75.00, data load time: 0.00027, step time: 0.00411
epoch: [14], step: [365/391], batch loss: 0.49821, batch accuracy: 80.47, data load time: 0.00027, step time: 0.00411
epoch: [14], step: [375/391], batch loss: 0.60880, batch accuracy: 80.47, data load time: 0.00027, step time: 0.00412
epoch: [14], step: [385/391], batch loss: 0.66110, batch accuracy: 74.22, data load time: 0.00027, step time: 0.00386
epoch: [15], step: [4/391], batch loss: 0.60223, batch accuracy: 75.78, data load time: 0.00031, step time: 0.00391
epoch: [15], step: [14/391], batch loss: 0.56555, batch accuracy: 80.47, data load time: 0.00031, step time: 0.02607
epoch: [15], step: [24/391], batch loss: 0.41256, batch accuracy: 82.81, data load time: 0.09592, step time: 0.02580
epoch: [15], step: [34/391], batch loss: 0.54482, batch accuracy: 80.47, data load time: 0.00031, step time: 0.02591
epoch: [15], step: [44/391], batch loss: 0.64054, batch accuracy: 80.47, data load time: 0.00030, step time: 0.02576
epoch: [15], step: [54/391], batch loss: 0.46577, batch accuracy: 80.47, data load time: 0.00030, step time: 0.02581
epoch: [15], step: [64/391], batch loss: 0.53346, batch accuracy: 80.47, data load time: 0.00031, step time: 0.02582
epoch: [15], step: [74/391], batch loss: 0.70298, batch accuracy: 74.22, data load time: 0.00030, step time: 0.02600
epoch: [15], step: [84/391], batch loss: 0.58526, batch accuracy: 76.56, data load time: 0.00030, step time: 0.02595
epoch: [15], step: [94/391], batch loss: 0.55908, batch accuracy: 81.25, data load time: 0.00030, step time: 0.02610
epoch: [15], step: [104/391], batch loss: 0.68880, batch accuracy: 74.22, data load time: 0.00031, step time: 0.02600
epoch: [15], step: [114/391], batch loss: 0.74700, batch accuracy: 75.78, data load time: 0.00031, step time: 0.02599
epoch: [15], step: [124/391], batch loss: 0.64951, batch accuracy: 82.03, data load time: 0.00032, step time: 0.02597
epoch: [15], step: [134/391], batch loss: 0.62075, batch accuracy: 79.69, data load time: 0.00032, step time: 0.02605
epoch: [15], step: [144/391], batch loss: 0.76439, batch accuracy: 77.34, data load time: 0.00032, step time: 0.02596
epoch: [15], step: [154/391], batch loss: 0.50960, batch accuracy: 83.59, data load time: 0.00031, step time: 0.02599
epoch: [15], step: [164/391], batch loss: 0.80033, batch accuracy: 71.88, data load time: 0.00032, step time: 0.02600
epoch: [15], step: [174/391], batch loss: 0.67376, batch accuracy: 77.34, data load time: 0.00031, step time: 0.02584
epoch: [15], step: [184/391], batch loss: 0.42115, batch accuracy: 85.94, data load time: 0.00031, step time: 0.02579
epoch: [15], step: [194/391], batch loss: 0.51415, batch accuracy: 81.25, data load time: 0.00031, step time: 0.02583
epoch: [15], step: [204/391], batch loss: 0.61414, batch accuracy: 81.25, data load time: 0.00031, step time: 0.02580
epoch: [15], step: [214/391], batch loss: 0.62938, batch accuracy: 76.56, data load time: 0.00031, step time: 0.02577
epoch: [15], step: [224/391], batch loss: 0.67060, batch accuracy: 71.88, data load time: 0.00032, step time: 0.02571
epoch: [15], step: [234/391], batch loss: 0.85682, batch accuracy: 70.31, data load time: 0.00031, step time: 0.02577
epoch: [15], step: [244/391], batch loss: 0.55971, batch accuracy: 78.12, data load time: 0.00031, step time: 0.02583
epoch: [15], step: [254/391], batch loss: 0.53005, batch accuracy: 78.91, data load time: 0.00032, step time: 0.02575
epoch: [15], step: [264/391], batch loss: 0.73089, batch accuracy: 73.44, data load time: 0.00032, step time: 0.02575
epoch: [15], step: [274/391], batch loss: 0.67033, batch accuracy: 75.78, data load time: 0.00031, step time: 0.02585
epoch: [15], step: [284/391], batch loss: 0.75108, batch accuracy: 77.34, data load time: 0.00031, step time: 0.02583
epoch: [15], step: [294/391], batch loss: 0.54817, batch accuracy: 79.69, data load time: 0.00031, step time: 0.02571
epoch: [15], step: [304/391], batch loss: 0.74197, batch accuracy: 73.44, data load time: 0.00032, step time: 0.02573
epoch: [15], step: [314/391], batch loss: 0.70668, batch accuracy: 76.56, data load time: 0.00031, step time: 0.02584
epoch: [15], step: [324/391], batch loss: 0.74137, batch accuracy: 74.22, data load time: 0.00031, step time: 0.02573
epoch: [15], step: [334/391], batch loss: 0.61864, batch accuracy: 81.25, data load time: 0.00292, step time: 0.01761
epoch: [15], step: [344/391], batch loss: 0.64095, batch accuracy: 73.44, data load time: 0.00028, step time: 0.00381
epoch: [15], step: [354/391], batch loss: 0.65990, batch accuracy: 76.56, data load time: 0.00027, step time: 0.00381
epoch: [15], step: [364/391], batch loss: 0.71703, batch accuracy: 72.66, data load time: 0.00027, step time: 0.00380
epoch: [15], step: [374/391], batch loss: 0.78378, batch accuracy: 71.09, data load time: 0.00027, step time: 0.00381
epoch: [15], step: [384/391], batch loss: 0.56317, batch accuracy: 77.34, data load time: 0.00028, step time: 0.00381
validation loss: 1.18125, accuracy: 63.90
epoch: [16], step: [3/391], batch loss: 0.62721, batch accuracy: 78.12, data load time: 0.00032, step time: 0.00404
epoch: [16], step: [13/391], batch loss: 0.61590, batch accuracy: 76.56, data load time: 0.00031, step time: 0.02603
epoch: [16], step: [23/391], batch loss: 0.58377, batch accuracy: 81.25, data load time: 0.00031, step time: 0.02617
epoch: [16], step: [33/391], batch loss: 0.44690, batch accuracy: 82.81, data load time: 0.00030, step time: 0.03054
epoch: [16], step: [43/391], batch loss: 0.67637, batch accuracy: 78.12, data load time: 0.00030, step time: 0.02573
epoch: [16], step: [53/391], batch loss: 0.55623, batch accuracy: 81.25, data load time: 0.00031, step time: 0.02582
epoch: [16], step: [63/391], batch loss: 0.60363, batch accuracy: 78.91, data load time: 0.00030, step time: 0.02585
epoch: [16], step: [73/391], batch loss: 0.56112, batch accuracy: 80.47, data load time: 0.00030, step time: 0.02615
epoch: [16], step: [83/391], batch loss: 0.64797, batch accuracy: 73.44, data load time: 0.00039, step time: 0.02595
epoch: [16], step: [93/391], batch loss: 0.71525, batch accuracy: 77.34, data load time: 0.00030, step time: 0.02601
epoch: [16], step: [103/391], batch loss: 0.72208, batch accuracy: 79.69, data load time: 0.00032, step time: 0.02597
epoch: [16], step: [113/391], batch loss: 0.57666, batch accuracy: 83.59, data load time: 0.00031, step time: 0.02591
epoch: [16], step: [123/391], batch loss: 0.62772, batch accuracy: 78.91, data load time: 0.00031, step time: 0.02595
epoch: [16], step: [133/391], batch loss: 0.47875, batch accuracy: 81.25, data load time: 0.00031, step time: 0.02596
epoch: [16], step: [143/391], batch loss: 0.65402, batch accuracy: 75.78, data load time: 0.00032, step time: 0.02586
epoch: [16], step: [153/391], batch loss: 0.48176, batch accuracy: 79.69, data load time: 0.00031, step time: 0.02593
epoch: [16], step: [163/391], batch loss: 0.60737, batch accuracy: 78.12, data load time: 0.00031, step time: 0.02596
epoch: [16], step: [173/391], batch loss: 0.69358, batch accuracy: 75.78, data load time: 0.00031, step time: 0.02574
epoch: [16], step: [183/391], batch loss: 0.55134, batch accuracy: 80.47, data load time: 0.00031, step time: 0.02583
epoch: [16], step: [193/391], batch loss: 0.67243, batch accuracy: 77.34, data load time: 0.00031, step time: 0.02583
epoch: [16], step: [203/391], batch loss: 0.52697, batch accuracy: 81.25, data load time: 0.00031, step time: 0.02583
epoch: [16], step: [213/391], batch loss: 0.54834, batch accuracy: 80.47, data load time: 0.00031, step time: 0.02578
epoch: [16], step: [223/391], batch loss: 0.55498, batch accuracy: 82.03, data load time: 0.00031, step time: 0.02570
epoch: [16], step: [233/391], batch loss: 0.70433, batch accuracy: 73.44, data load time: 0.00032, step time: 0.02576
epoch: [16], step: [243/391], batch loss: 0.55970, batch accuracy: 80.47, data load time: 0.00031, step time: 0.02568
epoch: [16], step: [253/391], batch loss: 0.62522, batch accuracy: 79.69, data load time: 0.00032, step time: 0.02576
epoch: [16], step: [263/391], batch loss: 0.67808, batch accuracy: 75.00, data load time: 0.00031, step time: 0.02591
epoch: [16], step: [273/391], batch loss: 0.53773, batch accuracy: 81.25, data load time: 0.00031, step time: 0.02577
epoch: [16], step: [283/391], batch loss: 0.52741, batch accuracy: 84.38, data load time: 0.00032, step time: 0.02564
epoch: [16], step: [293/391], batch loss: 0.67490, batch accuracy: 75.00, data load time: 0.00032, step time: 0.02566
epoch: [16], step: [303/391], batch loss: 0.54052, batch accuracy: 80.47, data load time: 0.00031, step time: 0.02574
epoch: [16], step: [313/391], batch loss: 0.71586, batch accuracy: 73.44, data load time: 0.00032, step time: 0.02571
epoch: [16], step: [323/391], batch loss: 0.63561, batch accuracy: 83.59, data load time: 0.00031, step time: 0.02582
epoch: [16], step: [333/391], batch loss: 0.67946, batch accuracy: 78.91, data load time: 0.00031, step time: 0.02575
epoch: [16], step: [343/391], batch loss: 0.60026, batch accuracy: 79.69, data load time: 0.00027, step time: 0.00381
epoch: [16], step: [353/391], batch loss: 0.59042, batch accuracy: 79.69, data load time: 0.00028, step time: 0.00380
epoch: [16], step: [363/391], batch loss: 0.73839, batch accuracy: 72.66, data load time: 0.00027, step time: 0.00381
epoch: [16], step: [373/391], batch loss: 0.61757, batch accuracy: 78.12, data load time: 0.00028, step time: 0.00381
epoch: [16], step: [383/391], batch loss: 0.73843, batch accuracy: 75.00, data load time: 0.00028, step time: 0.00381
epoch: [17], step: [2/391], batch loss: 0.37091, batch accuracy: 87.50, data load time: 0.00032, step time: 0.00405
epoch: [17], step: [12/391], batch loss: 0.38371, batch accuracy: 85.16, data load time: 0.00034, step time: 0.02844
epoch: [17], step: [22/391], batch loss: 0.53290, batch accuracy: 82.03, data load time: 0.00031, step time: 0.02437
epoch: [17], step: [32/391], batch loss: 0.42635, batch accuracy: 83.59, data load time: 0.00030, step time: 0.02438
epoch: [17], step: [42/391], batch loss: 0.55589, batch accuracy: 76.56, data load time: 0.00030, step time: 0.02588
epoch: [17], step: [52/391], batch loss: 0.88897, batch accuracy: 71.09, data load time: 0.00030, step time: 0.02576
epoch: [17], step: [62/391], batch loss: 0.62928, batch accuracy: 79.69, data load time: 0.00030, step time: 0.02576
epoch: [17], step: [72/391], batch loss: 0.56869, batch accuracy: 74.22, data load time: 0.00030, step time: 0.02598
epoch: [17], step: [82/391], batch loss: 0.63182, batch accuracy: 81.25, data load time: 0.00030, step time: 0.02604
epoch: [17], step: [92/391], batch loss: 0.54572, batch accuracy: 82.03, data load time: 0.00031, step time: 0.02596
epoch: [17], step: [102/391], batch loss: 0.44918, batch accuracy: 84.38, data load time: 0.00031, step time: 0.02593
epoch: [17], step: [112/391], batch loss: 0.56524, batch accuracy: 80.47, data load time: 0.00032, step time: 0.02598
epoch: [17], step: [122/391], batch loss: 0.48503, batch accuracy: 85.16, data load time: 0.00031, step time: 0.02586
epoch: [17], step: [132/391], batch loss: 0.49451, batch accuracy: 79.69, data load time: 0.00031, step time: 0.02593
epoch: [17], step: [142/391], batch loss: 0.58603, batch accuracy: 77.34, data load time: 0.00032, step time: 0.02596
epoch: [17], step: [152/391], batch loss: 0.56028, batch accuracy: 80.47, data load time: 0.00032, step time: 0.02586
epoch: [17], step: [162/391], batch loss: 0.61241, batch accuracy: 77.34, data load time: 0.00031, step time: 0.02595
epoch: [17], step: [172/391], batch loss: 0.40014, batch accuracy: 81.25, data load time: 0.00032, step time: 0.02577
epoch: [17], step: [182/391], batch loss: 0.60091, batch accuracy: 75.78, data load time: 0.00031, step time: 0.02569
epoch: [17], step: [192/391], batch loss: 0.67092, batch accuracy: 75.78, data load time: 0.00031, step time: 0.02574
epoch: [17], step: [202/391], batch loss: 0.63834, batch accuracy: 77.34, data load time: 0.00031, step time: 0.02579
epoch: [17], step: [212/391], batch loss: 0.77967, batch accuracy: 74.22, data load time: 0.00031, step time: 0.02569
epoch: [17], step: [222/391], batch loss: 0.45131, batch accuracy: 83.59, data load time: 0.00031, step time: 0.02573
epoch: [17], step: [232/391], batch loss: 0.62860, batch accuracy: 75.00, data load time: 0.00031, step time: 0.02574
epoch: [17], step: [242/391], batch loss: 0.69858, batch accuracy: 75.78, data load time: 0.00032, step time: 0.02569
epoch: [17], step: [252/391], batch loss: 0.42810, batch accuracy: 87.50, data load time: 0.00031, step time: 0.02577
epoch: [17], step: [262/391], batch loss: 0.55998, batch accuracy: 82.03, data load time: 0.00031, step time: 0.02565
epoch: [17], step: [272/391], batch loss: 0.53754, batch accuracy: 80.47, data load time: 0.00031, step time: 0.02565
epoch: [17], step: [282/391], batch loss: 0.68568, batch accuracy: 78.12, data load time: 0.00031, step time: 0.02579
epoch: [17], step: [292/391], batch loss: 0.61778, batch accuracy: 76.56, data load time: 0.00031, step time: 0.02589
epoch: [17], step: [302/391], batch loss: 0.68971, batch accuracy: 79.69, data load time: 0.00033, step time: 0.02567
epoch: [17], step: [312/391], batch loss: 0.62788, batch accuracy: 76.56, data load time: 0.00032, step time: 0.02570
epoch: [17], step: [322/391], batch loss: 0.59183, batch accuracy: 79.69, data load time: 0.00031, step time: 0.02571
epoch: [17], step: [332/391], batch loss: 0.79299, batch accuracy: 75.78, data load time: 0.00031, step time: 0.02569
epoch: [17], step: [342/391], batch loss: 0.61494, batch accuracy: 78.91, data load time: 0.00027, step time: 0.00411
epoch: [17], step: [352/391], batch loss: 0.68639, batch accuracy: 76.56, data load time: 0.00027, step time: 0.00392
epoch: [17], step: [362/391], batch loss: 0.69103, batch accuracy: 71.88, data load time: 0.00027, step time: 0.00391
epoch: [17], step: [372/391], batch loss: 0.59378, batch accuracy: 79.69, data load time: 0.00027, step time: 0.00392
epoch: [17], step: [382/391], batch loss: 0.65356, batch accuracy: 77.34, data load time: 0.00027, step time: 0.00388
validation loss: 1.19657, accuracy: 64.02
epoch: [18], step: [1/391], batch loss: 0.49588, batch accuracy: 81.25, data load time: 0.00036, step time: 0.00685
epoch: [18], step: [11/391], batch loss: 0.38909, batch accuracy: 85.94, data load time: 0.00032, step time: 0.02634
epoch: [18], step: [21/391], batch loss: 0.59839, batch accuracy: 78.12, data load time: 0.00032, step time: 0.02611
epoch: [18], step: [31/391], batch loss: 0.50514, batch accuracy: 82.81, data load time: 0.00030, step time: 0.02574
epoch: [18], step: [41/391], batch loss: 0.53303, batch accuracy: 81.25, data load time: 0.00030, step time: 0.02579
epoch: [18], step: [51/391], batch loss: 0.76694, batch accuracy: 74.22, data load time: 0.00030, step time: 0.02583
epoch: [18], step: [61/391], batch loss: 0.53371, batch accuracy: 81.25, data load time: 0.00030, step time: 0.02573
epoch: [18], step: [71/391], batch loss: 0.49951, batch accuracy: 84.38, data load time: 0.00030, step time: 0.02602
epoch: [18], step: [81/391], batch loss: 0.42281, batch accuracy: 81.25, data load time: 0.00031, step time: 0.02599
epoch: [18], step: [91/391], batch loss: 0.39200, batch accuracy: 85.94, data load time: 0.00030, step time: 0.02593
epoch: [18], step: [101/391], batch loss: 0.48101, batch accuracy: 82.81, data load time: 0.00032, step time: 0.02598
epoch: [18], step: [111/391], batch loss: 0.49242, batch accuracy: 78.12, data load time: 0.00031, step time: 0.02596
epoch: [18], step: [121/391], batch loss: 0.55997, batch accuracy: 80.47, data load time: 0.00032, step time: 0.02593
epoch: [18], step: [131/391], batch loss: 0.59425, batch accuracy: 78.91, data load time: 0.00032, step time: 0.02712
epoch: [18], step: [141/391], batch loss: 0.53180, batch accuracy: 78.12, data load time: 0.00031, step time: 0.02591
epoch: [18], step: [151/391], batch loss: 0.59313, batch accuracy: 75.00, data load time: 0.00031, step time: 0.02604
epoch: [18], step: [161/391], batch loss: 0.62517, batch accuracy: 78.12, data load time: 0.00031, step time: 0.02601
epoch: [18], step: [171/391], batch loss: 0.50188, batch accuracy: 82.03, data load time: 0.00031, step time: 0.02575
epoch: [18], step: [181/391], batch loss: 0.50262, batch accuracy: 81.25, data load time: 0.00031, step time: 0.02579
epoch: [18], step: [191/391], batch loss: 0.62370, batch accuracy: 82.81, data load time: 0.00032, step time: 0.02578
epoch: [18], step: [201/391], batch loss: 0.74925, batch accuracy: 74.22, data load time: 0.00031, step time: 0.02571
epoch: [18], step: [211/391], batch loss: 0.60981, batch accuracy: 78.12, data load time: 0.00032, step time: 0.02577
epoch: [18], step: [221/391], batch loss: 0.52418, batch accuracy: 77.34, data load time: 0.00033, step time: 0.02574
epoch: [18], step: [231/391], batch loss: 0.68711, batch accuracy: 74.22, data load time: 0.00031, step time: 0.02575
epoch: [18], step: [241/391], batch loss: 0.54933, batch accuracy: 80.47, data load time: 0.00032, step time: 0.02576
epoch: [18], step: [251/391], batch loss: 0.53092, batch accuracy: 76.56, data load time: 0.00031, step time: 0.02581
epoch: [18], step: [261/391], batch loss: 0.71120, batch accuracy: 75.00, data load time: 0.00031, step time: 0.02577
epoch: [18], step: [271/391], batch loss: 0.56422, batch accuracy: 85.94, data load time: 0.00031, step time: 0.02574
epoch: [18], step: [281/391], batch loss: 0.78851, batch accuracy: 71.88, data load time: 0.00031, step time: 0.02569
epoch: [18], step: [291/391], batch loss: 0.61221, batch accuracy: 75.00, data load time: 0.00031, step time: 0.02577
epoch: [18], step: [301/391], batch loss: 0.40515, batch accuracy: 84.38, data load time: 0.00032, step time: 0.02570
epoch: [18], step: [311/391], batch loss: 0.49433, batch accuracy: 80.47, data load time: 0.00031, step time: 0.02575
epoch: [18], step: [321/391], batch loss: 0.55817, batch accuracy: 80.47, data load time: 0.00032, step time: 0.02576
epoch: [18], step: [331/391], batch loss: 0.67038, batch accuracy: 75.00, data load time: 0.02407, step time: 0.00382
epoch: [18], step: [341/391], batch loss: 0.53584, batch accuracy: 79.69, data load time: 0.00028, step time: 0.00381
epoch: [18], step: [351/391], batch loss: 0.54914, batch accuracy: 78.12, data load time: 0.00027, step time: 0.00380
epoch: [18], step: [361/391], batch loss: 0.67384, batch accuracy: 75.78, data load time: 0.00027, step time: 0.00381
epoch: [18], step: [371/391], batch loss: 0.57892, batch accuracy: 76.56, data load time: 0.00027, step time: 0.00381
epoch: [18], step: [381/391], batch loss: 0.44462, batch accuracy: 82.81, data load time: 0.00027, step time: 0.00382
epoch: [19], step: [0/391], batch loss: 0.63037, batch accuracy: 82.03, data load time: 1.64736, step time: 0.56531
epoch: [19], step: [10/391], batch loss: 0.44116, batch accuracy: 81.25, data load time: 0.00030, step time: 0.11499
epoch: [19], step: [20/391], batch loss: 0.46496, batch accuracy: 85.94, data load time: 0.00032, step time: 0.02613
epoch: [19], step: [30/391], batch loss: 0.47123, batch accuracy: 80.47, data load time: 0.00030, step time: 0.02568
epoch: [19], step: [40/391], batch loss: 0.41477, batch accuracy: 84.38, data load time: 0.00030, step time: 0.02579
epoch: [19], step: [50/391], batch loss: 0.57128, batch accuracy: 81.25, data load time: 0.00030, step time: 0.02572
epoch: [19], step: [60/391], batch loss: 0.55196, batch accuracy: 78.12, data load time: 0.00031, step time: 0.02569
epoch: [19], step: [70/391], batch loss: 0.42437, batch accuracy: 85.94, data load time: 0.00033, step time: 0.02645
epoch: [19], step: [80/391], batch loss: 0.50495, batch accuracy: 79.69, data load time: 0.00030, step time: 0.02599
epoch: [19], step: [90/391], batch loss: 0.57062, batch accuracy: 83.59, data load time: 0.00031, step time: 0.02592
epoch: [19], step: [100/391], batch loss: 0.67456, batch accuracy: 78.91, data load time: 0.00031, step time: 0.02601
epoch: [19], step: [110/391], batch loss: 0.54633, batch accuracy: 83.59, data load time: 0.00031, step time: 0.02592
epoch: [19], step: [120/391], batch loss: 0.33223, batch accuracy: 89.84, data load time: 0.00032, step time: 0.02593
epoch: [19], step: [130/391], batch loss: 0.43984, batch accuracy: 83.59, data load time: 0.00032, step time: 0.02592
epoch: [19], step: [140/391], batch loss: 0.63747, batch accuracy: 77.34, data load time: 0.00031, step time: 0.02597
epoch: [19], step: [150/391], batch loss: 0.47801, batch accuracy: 79.69, data load time: 0.00031, step time: 0.02594
epoch: [19], step: [160/391], batch loss: 0.37567, batch accuracy: 88.28, data load time: 0.00031, step time: 0.02600
epoch: [19], step: [170/391], batch loss: 0.44506, batch accuracy: 84.38, data load time: 0.00032, step time: 0.02569
epoch: [19], step: [180/391], batch loss: 0.71621, batch accuracy: 77.34, data load time: 0.00032, step time: 0.02630
epoch: [19], step: [190/391], batch loss: 0.57476, batch accuracy: 80.47, data load time: 0.00031, step time: 0.02574
epoch: [19], step: [200/391], batch loss: 0.58716, batch accuracy: 79.69, data load time: 0.00031, step time: 0.02586
epoch: [19], step: [210/391], batch loss: 0.75107, batch accuracy: 75.00, data load time: 0.00031, step time: 0.02568
epoch: [19], step: [220/391], batch loss: 0.52065, batch accuracy: 81.25, data load time: 0.00031, step time: 0.02589
epoch: [19], step: [230/391], batch loss: 0.42912, batch accuracy: 83.59, data load time: 0.00031, step time: 0.02570
epoch: [19], step: [240/391], batch loss: 0.56568, batch accuracy: 80.47, data load time: 0.00031, step time: 0.02581
epoch: [19], step: [250/391], batch loss: 0.60849, batch accuracy: 72.66, data load time: 0.00031, step time: 0.02566
epoch: [19], step: [260/391], batch loss: 0.51772, batch accuracy: 85.16, data load time: 0.00031, step time: 0.02575
epoch: [19], step: [270/391], batch loss: 0.64721, batch accuracy: 73.44, data load time: 0.00031, step time: 0.02576
epoch: [19], step: [280/391], batch loss: 0.73739, batch accuracy: 71.09, data load time: 0.00031, step time: 0.02585
epoch: [19], step: [290/391], batch loss: 0.50590, batch accuracy: 82.81, data load time: 0.00032, step time: 0.02576
epoch: [19], step: [300/391], batch loss: 0.40822, batch accuracy: 81.25, data load time: 0.00031, step time: 0.02574
epoch: [19], step: [310/391], batch loss: 0.69178, batch accuracy: 75.78, data load time: 0.00031, step time: 0.02574
epoch: [19], step: [320/391], batch loss: 0.63264, batch accuracy: 80.47, data load time: 0.00033, step time: 0.02585
epoch: [19], step: [330/391], batch loss: 0.54622, batch accuracy: 83.59, data load time: 0.00031, step time: 0.02568
epoch: [19], step: [340/391], batch loss: 0.71330, batch accuracy: 82.81, data load time: 0.00027, step time: 0.00381
epoch: [19], step: [350/391], batch loss: 0.45238, batch accuracy: 85.94, data load time: 0.00027, step time: 0.00382
epoch: [19], step: [360/391], batch loss: 0.53333, batch accuracy: 78.91, data load time: 0.00028, step time: 0.00381
epoch: [19], step: [370/391], batch loss: 0.76531, batch accuracy: 75.78, data load time: 0.00027, step time: 0.00381
epoch: [19], step: [380/391], batch loss: 0.52983, batch accuracy: 82.81, data load time: 0.00027, step time: 0.00381
epoch: [19], step: [390/391], batch loss: 0.62172, batch accuracy: 78.75, data load time: 0.00021, step time: 0.00283
validation loss: 1.21353, accuracy: 64.84
